[0.954s] Invoking command in '/home/sangjun/gcamp_ros2_ws/build/py_first_pkg': PYTHONPATH=/home/sangjun/gcamp_ros2_ws/build/py_first_pkg/prefix_override:/home/sangjun/gcamp_ros2_ws/install/py_first_pkg/lib/python3.8/site-packages:${PYTHONPATH} /usr/bin/python3 setup.py develop --editable --build-directory /home/sangjun/gcamp_ros2_ws/build/py_first_pkg/build --no-deps install_data
[1.163s] running develop
[1.326s] running egg_info
[1.326s] creating py_first_pkg.egg-info
[1.327s] writing py_first_pkg.egg-info/PKG-INFO
[1.327s] writing dependency_links to py_first_pkg.egg-info/dependency_links.txt
[1.327s] writing entry points to py_first_pkg.egg-info/entry_points.txt
[1.327s] writing requirements to py_first_pkg.egg-info/requires.txt
[1.327s] writing top-level names to py_first_pkg.egg-info/top_level.txt
[1.328s] writing manifest file 'py_first_pkg.egg-info/SOURCES.txt'
[1.366s] reading manifest file 'py_first_pkg.egg-info/SOURCES.txt'
[1.367s] writing manifest file 'py_first_pkg.egg-info/SOURCES.txt'
[1.405s] running build_ext
[1.405s] Creating /home/sangjun/gcamp_ros2_ws/install/py_first_pkg/lib/python3.8/site-packages/site.py
[1.407s] Creating /home/sangjun/gcamp_ros2_ws/install/py_first_pkg/lib/python3.8/site-packages/py-first-pkg.egg-link (link to .)
[1.412s] Installing hello_ros_node script to /home/sangjun/gcamp_ros2_ws/install/py_first_pkg/lib/py_first_pkg
[1.412s] 
[1.412s] Installed /home/sangjun/gcamp_ros2_ws/build/py_first_pkg
[1.412s] running install_data
[1.413s] creating /home/sangjun/gcamp_ros2_ws/install/py_first_pkg/share/ament_index
[1.413s] creating /home/sangjun/gcamp_ros2_ws/install/py_first_pkg/share/ament_index/resource_index
[1.413s] creating /home/sangjun/gcamp_ros2_ws/install/py_first_pkg/share/ament_index/resource_index/packages
[1.413s] copying resource/py_first_pkg -> /home/sangjun/gcamp_ros2_ws/install/py_first_pkg/share/ament_index/resource_index/packages
[1.413s] copying package.xml -> /home/sangjun/gcamp_ros2_ws/install/py_first_pkg/share/py_first_pkg
[1.413s] creating /home/sangjun/gcamp_ros2_ws/install/py_first_pkg/share/py_first_pkg/launch
[1.413s] copying launch/hello_ros.launch.py -> /home/sangjun/gcamp_ros2_ws/install/py_first_pkg/share/py_first_pkg/launch
[1.510s] Invoked command in '/home/sangjun/gcamp_ros2_ws/build/py_first_pkg' returned '0': PYTHONPATH=/home/sangjun/gcamp_ros2_ws/build/py_first_pkg/prefix_override:/home/sangjun/gcamp_ros2_ws/install/py_first_pkg/lib/python3.8/site-packages:${PYTHONPATH} /usr/bin/python3 setup.py develop --editable --build-directory /home/sangjun/gcamp_ros2_ws/build/py_first_pkg/build --no-deps install_data
