[0.092s] Invoking command in '/home/sangjun/gcamp_ros2_ws/build/openslam_gmapping': CMAKE_PREFIX_PATH=${CMAKE_PREFIX_PATH}:/home/sangjun/gcamp_ros2_ws/install/py_topic_pkg:/home/sangjun/gcamp_ros2_ws/install/py_service_pkg:/home/sangjun/gcamp_ros2_ws/install/py_first_pkg:/home/sangjun/gcamp_ros2_ws/install/py_action_pkg:/opt/ros/foxy /usr/local/bin/cmake --build /home/sangjun/gcamp_ros2_ws/build/openslam_gmapping -- -j8 -l8
[0.211s] [ 13%] Built target sensor_base
[0.213s] [ 27%] Built target utils
[0.264s] [ 40%] Built target sensor_odometry
[0.277s] [ 54%] Built target sensor_range
[0.319s] [ 77%] Built target scanmatcher
[0.398s] [100%] Built target gridfastslam
[0.594s] Invoked command in '/home/sangjun/gcamp_ros2_ws/build/openslam_gmapping' returned '0': CMAKE_PREFIX_PATH=${CMAKE_PREFIX_PATH}:/home/sangjun/gcamp_ros2_ws/install/py_topic_pkg:/home/sangjun/gcamp_ros2_ws/install/py_service_pkg:/home/sangjun/gcamp_ros2_ws/install/py_first_pkg:/home/sangjun/gcamp_ros2_ws/install/py_action_pkg:/opt/ros/foxy /usr/local/bin/cmake --build /home/sangjun/gcamp_ros2_ws/build/openslam_gmapping -- -j8 -l8
[0.901s] Invoking command in '/home/sangjun/gcamp_ros2_ws/build/openslam_gmapping': CMAKE_PREFIX_PATH=${CMAKE_PREFIX_PATH}:/home/sangjun/gcamp_ros2_ws/install/py_topic_pkg:/home/sangjun/gcamp_ros2_ws/install/py_service_pkg:/home/sangjun/gcamp_ros2_ws/install/py_first_pkg:/home/sangjun/gcamp_ros2_ws/install/py_action_pkg:/opt/ros/foxy /usr/local/bin/cmake --install /home/sangjun/gcamp_ros2_ws/build/openslam_gmapping
[1.307s] -- Install configuration: ""
[1.307s] -- Execute custom install script
[1.307s] -- Up-to-date symlink: /home/sangjun/gcamp_ros2_ws/install/openslam_gmapping/lib/libgridfastslam.a
[1.308s] -- Up-to-date symlink: /home/sangjun/gcamp_ros2_ws/install/openslam_gmapping/lib/libscanmatcher.a
[1.308s] -- Up-to-date symlink: /home/sangjun/gcamp_ros2_ws/install/openslam_gmapping/lib/libsensor_base.a
[1.308s] -- Up-to-date symlink: /home/sangjun/gcamp_ros2_ws/install/openslam_gmapping/share/openslam_gmapping/environment/library_path.sh
[1.308s] -- Up-to-date symlink: /home/sangjun/gcamp_ros2_ws/install/openslam_gmapping/share/openslam_gmapping/environment/library_path.dsv
[1.308s] -- Up-to-date symlink: /home/sangjun/gcamp_ros2_ws/install/openslam_gmapping/share/openslam_gmapping/environment/library_path.sh
[1.308s] -- Up-to-date symlink: /home/sangjun/gcamp_ros2_ws/install/openslam_gmapping/share/openslam_gmapping/environment/library_path.dsv
[1.308s] -- Up-to-date symlink: /home/sangjun/gcamp_ros2_ws/install/openslam_gmapping/lib/libsensor_odometry.a
[1.308s] -- Up-to-date symlink: /home/sangjun/gcamp_ros2_ws/install/openslam_gmapping/lib/libsensor_range.a
[1.308s] -- Up-to-date symlink: /home/sangjun/gcamp_ros2_ws/install/openslam_gmapping/lib/libutils.a
[1.308s] -- Up-to-date symlink: /home/sangjun/gcamp_ros2_ws/install/openslam_gmapping/share/openslam_gmapping/environment/library_path.sh
[1.308s] -- Up-to-date symlink: /home/sangjun/gcamp_ros2_ws/install/openslam_gmapping/share/openslam_gmapping/environment/library_path.dsv
[1.308s] -- Up-to-date symlink: /home/sangjun/gcamp_ros2_ws/install/openslam_gmapping/share/openslam_gmapping/environment/library_path.sh
[1.308s] -- Up-to-date symlink: /home/sangjun/gcamp_ros2_ws/install/openslam_gmapping/share/openslam_gmapping/environment/library_path.dsv
[1.308s] -- Up-to-date symlink: /home/sangjun/gcamp_ros2_ws/install/openslam_gmapping/include//gmapping/grid/accessstate.h
[1.308s] -- Up-to-date symlink: /home/sangjun/gcamp_ros2_ws/install/openslam_gmapping/include//gmapping/grid/array2d.h
[1.308s] -- Up-to-date symlink: /home/sangjun/gcamp_ros2_ws/install/openslam_gmapping/include//gmapping/grid/harray2d.h
[1.308s] -- Up-to-date symlink: /home/sangjun/gcamp_ros2_ws/install/openslam_gmapping/include//gmapping/grid/map.h
[1.308s] -- Up-to-date symlink: /home/sangjun/gcamp_ros2_ws/install/openslam_gmapping/include//gmapping/gridfastslam/gridslamprocessor.h
[1.309s] -- Up-to-date symlink: /home/sangjun/gcamp_ros2_ws/install/openslam_gmapping/include//gmapping/gridfastslam/gridslamprocessor.hxx
[1.309s] -- Up-to-date symlink: /home/sangjun/gcamp_ros2_ws/install/openslam_gmapping/include//gmapping/gridfastslam/motionmodel.h
[1.309s] -- Up-to-date symlink: /home/sangjun/gcamp_ros2_ws/install/openslam_gmapping/include//gmapping/log/configuration.h
[1.309s] -- Up-to-date symlink: /home/sangjun/gcamp_ros2_ws/install/openslam_gmapping/include//gmapping/log/sensorlog.h
[1.309s] -- Up-to-date symlink: /home/sangjun/gcamp_ros2_ws/install/openslam_gmapping/include//gmapping/particlefilter/particlefilter.h
[1.309s] -- Up-to-date symlink: /home/sangjun/gcamp_ros2_ws/install/openslam_gmapping/include//gmapping/scanmatcher/icp.h
[1.309s] -- Up-to-date symlink: /home/sangjun/gcamp_ros2_ws/install/openslam_gmapping/include//gmapping/scanmatcher/scanmatcher.h
[1.309s] -- Up-to-date symlink: /home/sangjun/gcamp_ros2_ws/install/openslam_gmapping/include//gmapping/scanmatcher/smmap.h
[1.309s] -- Up-to-date symlink: /home/sangjun/gcamp_ros2_ws/install/openslam_gmapping/include//gmapping/sensor/sensor_base/sensor.h
[1.309s] -- Up-to-date symlink: /home/sangjun/gcamp_ros2_ws/install/openslam_gmapping/include//gmapping/sensor/sensor_base/sensorreading.h
[1.309s] -- Up-to-date symlink: /home/sangjun/gcamp_ros2_ws/install/openslam_gmapping/include//gmapping/sensor/sensor_odometry/odometryreading.h
[1.309s] -- Up-to-date symlink: /home/sangjun/gcamp_ros2_ws/install/openslam_gmapping/include//gmapping/sensor/sensor_odometry/odometrysensor.h
[1.309s] -- Up-to-date symlink: /home/sangjun/gcamp_ros2_ws/install/openslam_gmapping/include//gmapping/sensor/sensor_range/rangereading.h
[1.309s] -- Up-to-date symlink: /home/sangjun/gcamp_ros2_ws/install/openslam_gmapping/include//gmapping/sensor/sensor_range/rangesensor.h
[1.309s] -- Up-to-date symlink: /home/sangjun/gcamp_ros2_ws/install/openslam_gmapping/include//gmapping/utils/autoptr.h
[1.310s] -- Up-to-date symlink: /home/sangjun/gcamp_ros2_ws/install/openslam_gmapping/include//gmapping/utils/commandline.h
[1.310s] -- Up-to-date symlink: /home/sangjun/gcamp_ros2_ws/install/openslam_gmapping/include//gmapping/utils/gvalues.h
[1.310s] -- Up-to-date symlink: /home/sangjun/gcamp_ros2_ws/install/openslam_gmapping/include//gmapping/utils/macro_params.h
[1.310s] -- Up-to-date symlink: /home/sangjun/gcamp_ros2_ws/install/openslam_gmapping/include//gmapping/utils/point.h
[1.310s] -- Up-to-date symlink: /home/sangjun/gcamp_ros2_ws/install/openslam_gmapping/include//gmapping/utils/stat.h
[1.310s] -- Up-to-date symlink: /home/sangjun/gcamp_ros2_ws/install/openslam_gmapping/share/ament_index/resource_index/package_run_dependencies/openslam_gmapping
[1.310s] -- Up-to-date symlink: /home/sangjun/gcamp_ros2_ws/install/openslam_gmapping/share/ament_index/resource_index/parent_prefix_path/openslam_gmapping
[1.310s] -- Up-to-date symlink: /home/sangjun/gcamp_ros2_ws/install/openslam_gmapping/share/openslam_gmapping/environment/ament_prefix_path.sh
[1.310s] -- Up-to-date symlink: /home/sangjun/gcamp_ros2_ws/install/openslam_gmapping/share/openslam_gmapping/environment/ament_prefix_path.dsv
[1.310s] -- Up-to-date symlink: /home/sangjun/gcamp_ros2_ws/install/openslam_gmapping/share/openslam_gmapping/environment/path.sh
[1.310s] -- Up-to-date symlink: /home/sangjun/gcamp_ros2_ws/install/openslam_gmapping/share/openslam_gmapping/environment/path.dsv
[1.310s] -- Up-to-date symlink: /home/sangjun/gcamp_ros2_ws/install/openslam_gmapping/share/openslam_gmapping/local_setup.bash
[1.310s] -- Up-to-date symlink: /home/sangjun/gcamp_ros2_ws/install/openslam_gmapping/share/openslam_gmapping/local_setup.sh
[1.310s] -- Up-to-date symlink: /home/sangjun/gcamp_ros2_ws/install/openslam_gmapping/share/openslam_gmapping/local_setup.zsh
[1.311s] -- Up-to-date symlink: /home/sangjun/gcamp_ros2_ws/install/openslam_gmapping/share/openslam_gmapping/local_setup.dsv
[1.311s] -- Symlinking: /home/sangjun/gcamp_ros2_ws/install/openslam_gmapping/share/openslam_gmapping/package.dsv
[1.311s] -- Up-to-date symlink: /home/sangjun/gcamp_ros2_ws/install/openslam_gmapping/share/ament_index/resource_index/packages/openslam_gmapping
[1.311s] -- Up-to-date symlink: /home/sangjun/gcamp_ros2_ws/install/openslam_gmapping/share/openslam_gmapping/cmake/ament_cmake_export_libraries-extras.cmake
[1.311s] -- Up-to-date symlink: /home/sangjun/gcamp_ros2_ws/install/openslam_gmapping/share/openslam_gmapping/cmake/ament_cmake_export_include_directories-extras.cmake
[1.311s] -- Up-to-date symlink: /home/sangjun/gcamp_ros2_ws/install/openslam_gmapping/share/openslam_gmapping/cmake/openslam_gmappingConfig.cmake
[1.311s] -- Up-to-date symlink: /home/sangjun/gcamp_ros2_ws/install/openslam_gmapping/share/openslam_gmapping/cmake/openslam_gmappingConfig-version.cmake
[1.311s] -- Up-to-date symlink: /home/sangjun/gcamp_ros2_ws/install/openslam_gmapping/share/openslam_gmapping/package.xml
[1.383s] Invoked command in '/home/sangjun/gcamp_ros2_ws/build/openslam_gmapping' returned '0': CMAKE_PREFIX_PATH=${CMAKE_PREFIX_PATH}:/home/sangjun/gcamp_ros2_ws/install/py_topic_pkg:/home/sangjun/gcamp_ros2_ws/install/py_service_pkg:/home/sangjun/gcamp_ros2_ws/install/py_first_pkg:/home/sangjun/gcamp_ros2_ws/install/py_action_pkg:/opt/ros/foxy /usr/local/bin/cmake --install /home/sangjun/gcamp_ros2_ws/build/openslam_gmapping
