[0.083s] Invoking command in '/home/sangjun/gcamp_ros2_ws/build/cpp_topic_pkg': CMAKE_PREFIX_PATH=${CMAKE_PREFIX_PATH}:/home/sangjun/gcamp_ros2_ws/install/py_topic_pkg:/home/sangjun/gcamp_ros2_ws/install/py_service_pkg:/home/sangjun/gcamp_ros2_ws/install/py_first_pkg:/home/sangjun/gcamp_ros2_ws/install/py_action_pkg:/opt/ros/foxy /usr/local/bin/cmake --build /home/sangjun/gcamp_ros2_ws/build/cpp_topic_pkg -- -j8 -l8
[0.397s] [ 12%] Built target cmd_vel_pub_node
[0.398s] [ 18%] [32mBuilding CXX object CMakeFiles/parking_node.dir/src/parking.cpp.o[0m
[0.398s] [ 43%] Built target topic_pub_node
[0.398s] [ 56%] Built target parkingz_node
[0.398s] [ 43%] Built target laser_sub_node
[0.398s] [ 68%] Built target topic_pub_oop_node
[0.398s] [ 81%] Built target topic_sub_node
[0.398s] [ 93%] Built target topic_sub_oop_node
[1.783s] [01m[K/home/sangjun/gcamp_ros2_ws/src/gcamp_ros2_basic/cpp_topic_pkg/src/parking.cpp:[m[K In member function ‘[01m[Kvoid ParkingNode::move_robot_left(const int&)[m[K’:
[1.783s] [01m[K/home/sangjun/gcamp_ros2_ws/src/gcamp_ros2_basic/cpp_topic_pkg/src/parking.cpp:329:37:[m[K [01;35m[Kwarning: [m[Kunused parameter ‘[01m[KRightsiteRisk[m[K’ [[01;35m[K-Wunused-parameter[m[K]
[1.783s]   329 |     void move_robot_left([01;35m[Kconst int &RightsiteRisk[m[K) {
[1.784s]       |                          [01;35m[K~~~~~~~~~~~^~~~~~~~~~~~~[m[K
[1.784s] [01m[K/home/sangjun/gcamp_ros2_ws/src/gcamp_ros2_basic/cpp_topic_pkg/src/parking.cpp:[m[K In member function ‘[01m[Kvoid ParkingNode::move_robot_Right(const int&)[m[K’:
[1.784s] [01m[K/home/sangjun/gcamp_ros2_ws/src/gcamp_ros2_basic/cpp_topic_pkg/src/parking.cpp:335:38:[m[K [01;35m[Kwarning: [m[Kunused parameter ‘[01m[KLeftsiteRisk[m[K’ [[01;35m[K-Wunused-parameter[m[K]
[1.784s]   335 |     void move_robot_Right([01;35m[Kconst int &LeftsiteRisk[m[K) {
[1.784s]       |                           [01;35m[K~~~~~~~~~~~^~~~~~~~~~~~[m[K
[6.001s] [100%] [32m[1mLinking CXX executable parking_node[0m
[6.214s] [100%] Built target parking_node
[6.219s] Invoked command in '/home/sangjun/gcamp_ros2_ws/build/cpp_topic_pkg' returned '0': CMAKE_PREFIX_PATH=${CMAKE_PREFIX_PATH}:/home/sangjun/gcamp_ros2_ws/install/py_topic_pkg:/home/sangjun/gcamp_ros2_ws/install/py_service_pkg:/home/sangjun/gcamp_ros2_ws/install/py_first_pkg:/home/sangjun/gcamp_ros2_ws/install/py_action_pkg:/opt/ros/foxy /usr/local/bin/cmake --build /home/sangjun/gcamp_ros2_ws/build/cpp_topic_pkg -- -j8 -l8
[6.249s] Invoking command in '/home/sangjun/gcamp_ros2_ws/build/cpp_topic_pkg': CMAKE_PREFIX_PATH=${CMAKE_PREFIX_PATH}:/home/sangjun/gcamp_ros2_ws/install/py_topic_pkg:/home/sangjun/gcamp_ros2_ws/install/py_service_pkg:/home/sangjun/gcamp_ros2_ws/install/py_first_pkg:/home/sangjun/gcamp_ros2_ws/install/py_action_pkg:/opt/ros/foxy /usr/local/bin/cmake --install /home/sangjun/gcamp_ros2_ws/build/cpp_topic_pkg
[6.254s] -- Install configuration: ""
[6.255s] -- Execute custom install script
[6.255s] -- Up-to-date symlink: /home/sangjun/gcamp_ros2_ws/install/cpp_topic_pkg/lib/cpp_topic_pkg/cmd_vel_pub_node
[6.256s] -- Up-to-date symlink: /home/sangjun/gcamp_ros2_ws/install/cpp_topic_pkg/lib/cpp_topic_pkg/laser_sub_node
[6.256s] -- Up-to-date symlink: /home/sangjun/gcamp_ros2_ws/install/cpp_topic_pkg/lib/cpp_topic_pkg/parking_node
[6.257s] -- Up-to-date symlink: /home/sangjun/gcamp_ros2_ws/install/cpp_topic_pkg/lib/cpp_topic_pkg/parkingz_node
[6.257s] -- Up-to-date symlink: /home/sangjun/gcamp_ros2_ws/install/cpp_topic_pkg/lib/cpp_topic_pkg/topic_pub_node
[6.257s] -- Up-to-date symlink: /home/sangjun/gcamp_ros2_ws/install/cpp_topic_pkg/lib/cpp_topic_pkg/topic_pub_oop_node
[6.258s] -- Up-to-date symlink: /home/sangjun/gcamp_ros2_ws/install/cpp_topic_pkg/lib/cpp_topic_pkg/topic_sub_node
[6.258s] -- Up-to-date symlink: /home/sangjun/gcamp_ros2_ws/install/cpp_topic_pkg/lib/cpp_topic_pkg/topic_sub_oop_node
[6.259s] -- Up-to-date symlink: /home/sangjun/gcamp_ros2_ws/install/cpp_topic_pkg/share/ament_index/resource_index/package_run_dependencies/cpp_topic_pkg
[6.259s] -- Up-to-date symlink: /home/sangjun/gcamp_ros2_ws/install/cpp_topic_pkg/share/ament_index/resource_index/parent_prefix_path/cpp_topic_pkg
[6.259s] -- Up-to-date symlink: /home/sangjun/gcamp_ros2_ws/install/cpp_topic_pkg/share/cpp_topic_pkg/environment/ament_prefix_path.sh
[6.259s] -- Up-to-date symlink: /home/sangjun/gcamp_ros2_ws/install/cpp_topic_pkg/share/cpp_topic_pkg/environment/ament_prefix_path.dsv
[6.260s] -- Up-to-date symlink: /home/sangjun/gcamp_ros2_ws/install/cpp_topic_pkg/share/cpp_topic_pkg/environment/path.sh
[6.260s] -- Up-to-date symlink: /home/sangjun/gcamp_ros2_ws/install/cpp_topic_pkg/share/cpp_topic_pkg/environment/path.dsv
[6.260s] -- Up-to-date symlink: /home/sangjun/gcamp_ros2_ws/install/cpp_topic_pkg/share/cpp_topic_pkg/local_setup.bash
[6.260s] -- Up-to-date symlink: /home/sangjun/gcamp_ros2_ws/install/cpp_topic_pkg/share/cpp_topic_pkg/local_setup.sh
[6.260s] -- Up-to-date symlink: /home/sangjun/gcamp_ros2_ws/install/cpp_topic_pkg/share/cpp_topic_pkg/local_setup.zsh
[6.261s] -- Up-to-date symlink: /home/sangjun/gcamp_ros2_ws/install/cpp_topic_pkg/share/cpp_topic_pkg/local_setup.dsv
[6.261s] -- Symlinking: /home/sangjun/gcamp_ros2_ws/install/cpp_topic_pkg/share/cpp_topic_pkg/package.dsv
[6.264s] -- Up-to-date symlink: /home/sangjun/gcamp_ros2_ws/install/cpp_topic_pkg/share/ament_index/resource_index/packages/cpp_topic_pkg
[6.264s] -- Up-to-date symlink: /home/sangjun/gcamp_ros2_ws/install/cpp_topic_pkg/share/cpp_topic_pkg/cmake/cpp_topic_pkgConfig.cmake
[6.264s] -- Up-to-date symlink: /home/sangjun/gcamp_ros2_ws/install/cpp_topic_pkg/share/cpp_topic_pkg/cmake/cpp_topic_pkgConfig-version.cmake
[6.264s] -- Up-to-date symlink: /home/sangjun/gcamp_ros2_ws/install/cpp_topic_pkg/share/cpp_topic_pkg/package.xml
[6.267s] Invoked command in '/home/sangjun/gcamp_ros2_ws/build/cpp_topic_pkg' returned '0': CMAKE_PREFIX_PATH=${CMAKE_PREFIX_PATH}:/home/sangjun/gcamp_ros2_ws/install/py_topic_pkg:/home/sangjun/gcamp_ros2_ws/install/py_service_pkg:/home/sangjun/gcamp_ros2_ws/install/py_first_pkg:/home/sangjun/gcamp_ros2_ws/install/py_action_pkg:/opt/ros/foxy /usr/local/bin/cmake --install /home/sangjun/gcamp_ros2_ws/build/cpp_topic_pkg
