[ 12%] Built target laser_sub_node
[ 25%] Built target cmd_vel_pub_node
[ 31%] [32mBuilding CXX object CMakeFiles/parking_node.dir/src/parking.cpp.o[0m
[ 43%] Built target topic_pub_node
[ 56%] Built target parkingz_node
[ 68%] Built target topic_pub_oop_node
[ 81%] Built target topic_sub_node
[ 93%] Built target topic_sub_oop_node
[01m[K/home/sangjun/gcamp_ros2_ws/src/gcamp_ros2_basic/cpp_topic_pkg/src/parking.cpp:[m[K In member function ‘[01m[Kvoid ParkingNode::sub_callback(sensor_msgs::msg::LaserScan_<std::allocator<void> >::SharedPtr)[m[K’:
[01m[K/home/sangjun/gcamp_ros2_ws/src/gcamp_ros2_basic/cpp_topic_pkg/src/parking.cpp:277:21:[m[K [01;31m[Kerror: [m[Kcannot convert ‘[01m[Kstd::vector<std::vector<int> >[m[K’ to ‘[01m[Kvoid*[m[K’
  277 |         std::memset([01;31m[KMapmatrix[m[K,0,sizeof(Mapmatrix));
      |                     [01;31m[K^~~~~~~~~[m[K
      |                     [01;31m[K|[m[K
      |                     [01;31m[Kstd::vector<std::vector<int> >[m[K
In file included from [01m[K/usr/include/c++/9/cstring:42[m[K,
                 from [01m[K/usr/include/x86_64-linux-gnu/c++/9/bits/stdc++.h:48[m[K,
                 from [01m[K/home/sangjun/gcamp_ros2_ws/src/gcamp_ros2_basic/cpp_topic_pkg/src/parking.cpp:1[m[K:
[01m[K/usr/include/string.h:61:28:[m[K [01;36m[Knote: [m[K  initializing argument 1 of ‘[01m[Kvoid* memset(void*, int, size_t)[m[K’
   61 | extern void *memset ([01;36m[Kvoid *__s[m[K, int __c, size_t __n) __THROW __nonnull ((1));
      |                      [01;36m[K~~~~~~^~~[m[K
make[2]: *** [CMakeFiles/parking_node.dir/build.make:76: CMakeFiles/parking_node.dir/src/parking.cpp.o] Error 1
make[1]: *** [CMakeFiles/Makefile2:203: CMakeFiles/parking_node.dir/all] Error 2
make: *** [Makefile:146: all] Error 2
