[0.069s] Invoking command in '/home/sangjun/gcamp_ros2_ws/build/cpp_topic_pkg': CMAKE_PREFIX_PATH=${CMAKE_PREFIX_PATH}:/home/sangjun/gcamp_ros2_ws/install/py_topic_pkg:/home/sangjun/gcamp_ros2_ws/install/py_service_pkg:/home/sangjun/gcamp_ros2_ws/install/py_first_pkg:/home/sangjun/gcamp_ros2_ws/install/py_action_pkg:/opt/ros/foxy /usr/local/bin/cmake --build /home/sangjun/gcamp_ros2_ws/build/cpp_topic_pkg -- -j8 -l8
[0.145s] [ 12%] Built target laser_sub_node
[0.146s] [ 25%] Built target cmd_vel_pub_node
[0.151s] [ 31%] [32mBuilding CXX object CMakeFiles/parking_node.dir/src/parking.cpp.o[0m
[0.171s] [ 43%] Built target topic_pub_node
[0.173s] [ 56%] Built target parkingz_node
[0.186s] [ 68%] Built target topic_pub_oop_node
[0.189s] [ 81%] Built target topic_sub_node
[0.194s] [ 93%] Built target topic_sub_oop_node
[2.047s] [01m[K/home/sangjun/gcamp_ros2_ws/src/gcamp_ros2_basic/cpp_topic_pkg/src/parking.cpp:[m[K In member function ‘[01m[Kvoid ParkingNode::sub_callback(sensor_msgs::msg::LaserScan_<std::allocator<void> >::SharedPtr)[m[K’:
[2.047s] [01m[K/home/sangjun/gcamp_ros2_ws/src/gcamp_ros2_basic/cpp_topic_pkg/src/parking.cpp:277:21:[m[K [01;31m[Kerror: [m[Kcannot convert ‘[01m[Kstd::vector<std::vector<int> >[m[K’ to ‘[01m[Kvoid*[m[K’
[2.047s]   277 |         std::memset([01;31m[KMapmatrix[m[K,0,sizeof(Mapmatrix));
[2.048s]       |                     [01;31m[K^~~~~~~~~[m[K
[2.048s]       |                     [01;31m[K|[m[K
[2.048s]       |                     [01;31m[Kstd::vector<std::vector<int> >[m[K
[2.048s] In file included from [01m[K/usr/include/c++/9/cstring:42[m[K,
[2.048s]                  from [01m[K/usr/include/x86_64-linux-gnu/c++/9/bits/stdc++.h:48[m[K,
[2.050s]                  from [01m[K/home/sangjun/gcamp_ros2_ws/src/gcamp_ros2_basic/cpp_topic_pkg/src/parking.cpp:1[m[K:
[2.050s] [01m[K/usr/include/string.h:61:28:[m[K [01;36m[Knote: [m[K  initializing argument 1 of ‘[01m[Kvoid* memset(void*, int, size_t)[m[K’
[2.050s]    61 | extern void *memset ([01;36m[Kvoid *__s[m[K, int __c, size_t __n) __THROW __nonnull ((1));
[2.050s]       |                      [01;36m[K~~~~~~^~~[m[K
[3.833s] make[2]: *** [CMakeFiles/parking_node.dir/build.make:76: CMakeFiles/parking_node.dir/src/parking.cpp.o] Error 1
[3.833s] make[1]: *** [CMakeFiles/Makefile2:203: CMakeFiles/parking_node.dir/all] Error 2
[3.833s] make: *** [Makefile:146: all] Error 2
[3.835s] Invoked command in '/home/sangjun/gcamp_ros2_ws/build/cpp_topic_pkg' returned '2': CMAKE_PREFIX_PATH=${CMAKE_PREFIX_PATH}:/home/sangjun/gcamp_ros2_ws/install/py_topic_pkg:/home/sangjun/gcamp_ros2_ws/install/py_service_pkg:/home/sangjun/gcamp_ros2_ws/install/py_first_pkg:/home/sangjun/gcamp_ros2_ws/install/py_action_pkg:/opt/ros/foxy /usr/local/bin/cmake --build /home/sangjun/gcamp_ros2_ws/build/cpp_topic_pkg -- -j8 -l8
