[0.037s] Invoking command in '/home/sangjun/gcamp_ros2_ws/build/gcamp_gazebo': /usr/local/bin/cmake --build /home/sangjun/gcamp_ros2_ws/build/gcamp_gazebo -- -j8 -l8
[0.199s] Invoked command in '/home/sangjun/gcamp_ros2_ws/build/gcamp_gazebo' returned '0': /usr/local/bin/cmake --build /home/sangjun/gcamp_ros2_ws/build/gcamp_gazebo -- -j8 -l8
[0.225s] Invoking command in '/home/sangjun/gcamp_ros2_ws/build/gcamp_gazebo': /usr/local/bin/cmake --install /home/sangjun/gcamp_ros2_ws/build/gcamp_gazebo
[0.245s] -- Install configuration: ""
[0.246s] -- Execute custom install script
[0.246s] -- Up-to-date symlink: /home/sangjun/gcamp_ros2_ws/install/gcamp_gazebo/share/gcamp_gazebo/launch/diffbot_description.launch.py
[0.247s] -- Up-to-date symlink: /home/sangjun/gcamp_ros2_ws/install/gcamp_gazebo/share/gcamp_gazebo/launch/empty_world.launch.py
[0.247s] -- Up-to-date symlink: /home/sangjun/gcamp_ros2_ws/install/gcamp_gazebo/share/gcamp_gazebo/launch/first_launch.launch.py
[0.247s] -- Up-to-date symlink: /home/sangjun/gcamp_ros2_ws/install/gcamp_gazebo/share/gcamp_gazebo/launch/gcamp_world.launch.py
[0.248s] -- Up-to-date symlink: /home/sangjun/gcamp_ros2_ws/install/gcamp_gazebo/share/gcamp_gazebo/launch/gcamp_world_windows.launch.py
[0.248s] -- Up-to-date symlink: /home/sangjun/gcamp_ros2_ws/install/gcamp_gazebo/share/gcamp_gazebo/launch/maze_world.launch.py
[0.248s] -- Up-to-date symlink: /home/sangjun/gcamp_ros2_ws/install/gcamp_gazebo/share/gcamp_gazebo/launch/second_launch.launch.py
[0.248s] -- Up-to-date symlink: /home/sangjun/gcamp_ros2_ws/install/gcamp_gazebo/share/gcamp_gazebo/launch/skid_robot_world.launch.py
[0.249s] -- Up-to-date symlink: /home/sangjun/gcamp_ros2_ws/install/gcamp_gazebo/share/gcamp_gazebo/launch/skidbot_description.launch.py
[0.249s] -- Up-to-date symlink: /home/sangjun/gcamp_ros2_ws/install/gcamp_gazebo/share/gcamp_gazebo/launch/spawn_entity.launch.py
[0.250s] -- Up-to-date symlink: /home/sangjun/gcamp_ros2_ws/install/gcamp_gazebo/share/gcamp_gazebo/launch/tinybot_description.launch.py
[0.250s] -- Up-to-date symlink: /home/sangjun/gcamp_ros2_ws/install/gcamp_gazebo/share/gcamp_gazebo/worlds/bocbot_office.world
[0.250s] -- Up-to-date symlink: /home/sangjun/gcamp_ros2_ws/install/gcamp_gazebo/share/gcamp_gazebo/worlds/gcamp_world.world
[0.250s] -- Up-to-date symlink: /home/sangjun/gcamp_ros2_ws/install/gcamp_gazebo/share/gcamp_gazebo/worlds/maze_world.world
[0.251s] -- Up-to-date symlink: /home/sangjun/gcamp_ros2_ws/install/gcamp_gazebo/share/gcamp_gazebo/worlds/maze_worldew.world
[0.252s] -- Up-to-date symlink: /home/sangjun/gcamp_ros2_ws/install/gcamp_gazebo/share/gcamp_gazebo/urdf/diffbot.gazebo
[0.252s] -- Up-to-date symlink: /home/sangjun/gcamp_ros2_ws/install/gcamp_gazebo/share/gcamp_gazebo/urdf/diffbot.urdf
[0.252s] -- Up-to-date symlink: /home/sangjun/gcamp_ros2_ws/install/gcamp_gazebo/share/gcamp_gazebo/urdf/diffbot.urdf.xacro
[0.252s] -- Up-to-date symlink: /home/sangjun/gcamp_ros2_ws/install/gcamp_gazebo/share/gcamp_gazebo/urdf/sambot.urdf
[0.252s] -- Up-to-date symlink: /home/sangjun/gcamp_ros2_ws/install/gcamp_gazebo/share/gcamp_gazebo/urdf/skidbot.gazebo
[0.253s] -- Up-to-date symlink: /home/sangjun/gcamp_ros2_ws/install/gcamp_gazebo/share/gcamp_gazebo/urdf/skidbot.urdf
[0.253s] -- Up-to-date symlink: /home/sangjun/gcamp_ros2_ws/install/gcamp_gazebo/share/gcamp_gazebo/urdf/skidbot.urdf.xacro
[0.253s] -- Up-to-date symlink: /home/sangjun/gcamp_ros2_ws/install/gcamp_gazebo/share/gcamp_gazebo/urdf/skidbot2.gazebo
[0.253s] -- Up-to-date symlink: /home/sangjun/gcamp_ros2_ws/install/gcamp_gazebo/share/gcamp_gazebo/urdf/skidbot2.urdf
[0.253s] -- Up-to-date symlink: /home/sangjun/gcamp_ros2_ws/install/gcamp_gazebo/share/gcamp_gazebo/urdf/skidbot2.urdf.xacro
[0.253s] -- Up-to-date symlink: /home/sangjun/gcamp_ros2_ws/install/gcamp_gazebo/share/gcamp_gazebo/urdf/tinybot_diff.gazebo
[0.253s] -- Up-to-date symlink: /home/sangjun/gcamp_ros2_ws/install/gcamp_gazebo/share/gcamp_gazebo/urdf/tinybot_diff.urdf
[0.253s] -- Up-to-date symlink: /home/sangjun/gcamp_ros2_ws/install/gcamp_gazebo/share/gcamp_gazebo/urdf/tinybot_diff.urdf.xacro
[0.253s] -- Up-to-date symlink: /home/sangjun/gcamp_ros2_ws/install/gcamp_gazebo/share/gcamp_gazebo/urdf/turtlebot.sdf
[0.253s] -- Up-to-date symlink: /home/sangjun/gcamp_ros2_ws/install/gcamp_gazebo/share/gcamp_gazebo/rviz/description.rviz
[0.253s] -- Up-to-date symlink: /home/sangjun/gcamp_ros2_ws/install/gcamp_gazebo/share/gcamp_gazebo/rviz/diffbot.rviz
[0.253s] -- Up-to-date symlink: /home/sangjun/gcamp_ros2_ws/install/gcamp_gazebo/share/gcamp_gazebo/rviz/skidbot.rviz
[0.254s] -- Up-to-date symlink: /home/sangjun/gcamp_ros2_ws/install/gcamp_gazebo/share/gcamp_gazebo/rviz/tinybot.rviz
[0.254s] -- Up-to-date symlink: /home/sangjun/gcamp_ros2_ws/install/gcamp_gazebo/share/ament_index/resource_index/package_run_dependencies/gcamp_gazebo
[0.254s] -- Up-to-date symlink: /home/sangjun/gcamp_ros2_ws/install/gcamp_gazebo/share/ament_index/resource_index/parent_prefix_path/gcamp_gazebo
[0.254s] -- Up-to-date symlink: /home/sangjun/gcamp_ros2_ws/install/gcamp_gazebo/share/gcamp_gazebo/environment/ament_prefix_path.sh
[0.255s] -- Up-to-date symlink: /home/sangjun/gcamp_ros2_ws/install/gcamp_gazebo/share/gcamp_gazebo/environment/ament_prefix_path.dsv
[0.255s] -- Up-to-date symlink: /home/sangjun/gcamp_ros2_ws/install/gcamp_gazebo/share/gcamp_gazebo/environment/path.sh
[0.255s] -- Up-to-date symlink: /home/sangjun/gcamp_ros2_ws/install/gcamp_gazebo/share/gcamp_gazebo/environment/path.dsv
[0.255s] -- Up-to-date symlink: /home/sangjun/gcamp_ros2_ws/install/gcamp_gazebo/share/gcamp_gazebo/local_setup.bash
[0.256s] -- Up-to-date symlink: /home/sangjun/gcamp_ros2_ws/install/gcamp_gazebo/share/gcamp_gazebo/local_setup.sh
[0.256s] -- Up-to-date symlink: /home/sangjun/gcamp_ros2_ws/install/gcamp_gazebo/share/gcamp_gazebo/local_setup.zsh
[0.258s] -- Up-to-date symlink: /home/sangjun/gcamp_ros2_ws/install/gcamp_gazebo/share/gcamp_gazebo/local_setup.dsv
[0.259s] -- Symlinking: /home/sangjun/gcamp_ros2_ws/install/gcamp_gazebo/share/gcamp_gazebo/package.dsv
[0.266s] -- Up-to-date symlink: /home/sangjun/gcamp_ros2_ws/install/gcamp_gazebo/share/ament_index/resource_index/packages/gcamp_gazebo
[0.266s] -- Up-to-date symlink: /home/sangjun/gcamp_ros2_ws/install/gcamp_gazebo/share/gcamp_gazebo/cmake/gcamp_gazeboConfig.cmake
[0.266s] -- Up-to-date symlink: /home/sangjun/gcamp_ros2_ws/install/gcamp_gazebo/share/gcamp_gazebo/cmake/gcamp_gazeboConfig-version.cmake
[0.267s] -- Up-to-date symlink: /home/sangjun/gcamp_ros2_ws/install/gcamp_gazebo/share/gcamp_gazebo/package.xml
[0.309s] Invoked command in '/home/sangjun/gcamp_ros2_ws/build/gcamp_gazebo' returned '0': /usr/local/bin/cmake --install /home/sangjun/gcamp_ros2_ws/build/gcamp_gazebo
