[0.046s] Invoking command in '/home/sangjun/gcamp_ros2_ws/build/cpp_topic_pkg': CMAKE_PREFIX_PATH=${CMAKE_PREFIX_PATH}:/home/sangjun/gcamp_ros2_ws/install/py_topic_pkg:/home/sangjun/gcamp_ros2_ws/install/py_service_pkg:/home/sangjun/gcamp_ros2_ws/install/py_first_pkg:/home/sangjun/gcamp_ros2_ws/install/py_action_pkg:/opt/ros/foxy /usr/local/bin/cmake --build /home/sangjun/gcamp_ros2_ws/build/cpp_topic_pkg -- -j8 -l8
[0.095s] [ 12%] Built target cmd_vel_pub_node
[0.096s] [ 18%] [32mBuilding CXX object CMakeFiles/parking_node.dir/src/parking.cpp.o[0m
[0.098s] [ 31%] Built target laser_sub_node
[0.098s] [ 43%] Built target parkingz_node
[0.101s] [ 56%] Built target topic_pub_oop_node
[0.101s] [ 68%] Built target topic_sub_node
[0.101s] [ 93%] Built target topic_pub_node
[0.101s] [ 93%] Built target topic_sub_oop_node
[1.249s] [01m[K/home/sangjun/gcamp_ros2_ws/src/gcamp_ros2_basic/cpp_topic_pkg/src/parking.cpp:[m[K In constructor ‘[01m[KParkingNode::ParkingNode()[m[K’:
[1.249s] [01m[K/home/sangjun/gcamp_ros2_ws/src/gcamp_ros2_basic/cpp_topic_pkg/src/parking.cpp:39:63:[m[K [01;31m[Kerror: [m[Kno match for ‘[01m[Koperator=[m[K’ (operand types are ‘[01m[Krclcpp::Subscription<nav_msgs::msg::Odometry_<std::allocator<void> > >::SharedPtr[m[K’ {aka ‘[01m[Kstd::shared_ptr<rclcpp::Subscription<nav_msgs::msg::Odometry_<std::allocator<void> > > >[m[K’} and ‘[01m[Kstd::shared_ptr<rclcpp::Publisher<nav_msgs::msg::Odometry_<std::allocator<void> >, std::allocator<void> > >[m[K’)
[1.249s]    39 |     m_odom_pub = create_publisher<Odometry>("diffbot/odom", 10[01;31m[K)[m[K;
[1.249s]       |                                                               [01;31m[K^[m[K
[1.249s] In file included from [01m[K/usr/include/c++/9/memory:81[m[K,
[1.249s]                  from [01m[K/home/sangjun/gcamp_ros2_ws/src/gcamp_ros2_basic/cpp_topic_pkg/src/parking.cpp:15[m[K:
[1.249s] [01m[K/usr/include/c++/9/bits/shared_ptr.h:309:19:[m[K [01;36m[Knote: [m[Kcandidate: ‘[01m[Kstd::shared_ptr<_Tp>& std::shared_ptr<_Tp>::operator=(const std::shared_ptr<_Tp>&) [with _Tp = rclcpp::Subscription<nav_msgs::msg::Odometry_<std::allocator<void> > >][m[K’
[1.249s]   309 |       shared_ptr& [01;36m[Koperator[m[K=(const shared_ptr&) noexcept = default;
[1.249s]       |                   [01;36m[K^~~~~~~~[m[K
[1.249s] [01m[K/usr/include/c++/9/bits/shared_ptr.h:309:29:[m[K [01;36m[Knote: [m[K  no known conversion for argument 1 from ‘[01m[Kstd::shared_ptr<rclcpp::Publisher<nav_msgs::msg::Odometry_<std::allocator<void> >, std::allocator<void> > >[m[K’ to ‘[01m[Kconst std::shared_ptr<rclcpp::Subscription<nav_msgs::msg::Odometry_<std::allocator<void> > > >&[m[K’
[1.250s]   309 |       shared_ptr& operator=([01;36m[Kconst shared_ptr&[m[K) noexcept = default;
[1.250s]       |                             [01;36m[K^~~~~~~~~~~~~~~~~[m[K
[1.250s] [01m[K/usr/include/c++/9/bits/shared_ptr.h:313:2:[m[K [01;36m[Knote: [m[Kcandidate: ‘[01m[Ktemplate<class _Yp> std::shared_ptr<_Tp>::_Assignable<const std::shared_ptr<_Yp>&> std::shared_ptr<_Tp>::operator=(const std::shared_ptr<_Yp>&) [with _Yp = _Yp; _Tp = rclcpp::Subscription<nav_msgs::msg::Odometry_<std::allocator<void> > >][m[K’
[1.250s]   313 |  [01;36m[Koperator[m[K=(const shared_ptr<_Yp>& __r) noexcept
[1.250s]       |  [01;36m[K^~~~~~~~[m[K
[1.250s] [01m[K/usr/include/c++/9/bits/shared_ptr.h:313:2:[m[K [01;36m[Knote: [m[K  template argument deduction/substitution failed:
[1.250s] /usr/include/c++/9/bits/shared_ptr.h: In substitution of ‘[01m[Ktemplate<class _Tp> template<class _Arg> using _Assignable = typename std::enable_if<std::is_assignable<std::__shared_ptr<_Tp>&, _Arg>::value, std::shared_ptr<_Tp>&>::type [with _Arg = const std::shared_ptr<rclcpp::Publisher<nav_msgs::msg::Odometry_<std::allocator<void> >, std::allocator<void> > >&; _Tp = rclcpp::Subscription<nav_msgs::msg::Odometry_<std::allocator<void> > >][m[K’:
[1.250s] [01m[K/usr/include/c++/9/bits/shared_ptr.h:313:2:[m[K   required by substitution of ‘[01m[Ktemplate<class _Yp> std::shared_ptr<rclcpp::Subscription<nav_msgs::msg::Odometry_<std::allocator<void> > > >::_Assignable<const std::shared_ptr<_Tp>&> std::shared_ptr<rclcpp::Subscription<nav_msgs::msg::Odometry_<std::allocator<void> > > >::operator=<_Yp>(const std::shared_ptr<_Tp>&) [with _Yp = rclcpp::Publisher<nav_msgs::msg::Odometry_<std::allocator<void> >, std::allocator<void> >][m[K’
[1.250s] [01m[K/home/sangjun/gcamp_ros2_ws/src/gcamp_ros2_basic/cpp_topic_pkg/src/parking.cpp:39:63:[m[K   required from here
[1.250s] [01m[K/usr/include/c++/9/bits/shared_ptr.h:111:8:[m[K [01;31m[Kerror: [m[Kno type named ‘[01m[Ktype[m[K’ in ‘[01m[Kstruct std::enable_if<false, std::shared_ptr<rclcpp::Subscription<nav_msgs::msg::Odometry_<std::allocator<void> > > >&>[m[K’
[1.250s]   111 |  using [01;31m[K_Assignable[m[K = typename enable_if<
[1.250s]       |        [01;31m[K^~~~~~~~~~~[m[K
[1.251s] [01m[K/usr/include/c++/9/bits/shared_ptr.h:324:2:[m[K [01;36m[Knote: [m[Kcandidate: ‘[01m[Ktemplate<class _Yp> std::shared_ptr<_Tp>::_Assignable<std::auto_ptr<_Up> > std::shared_ptr<_Tp>::operator=(std::auto_ptr<_Up>&&) [with _Yp = _Yp; _Tp = rclcpp::Subscription<nav_msgs::msg::Odometry_<std::allocator<void> > >][m[K’
[1.251s]   324 |  [01;36m[Koperator[m[K=(auto_ptr<_Yp>&& __r)
[1.251s]       |  [01;36m[K^~~~~~~~[m[K
[1.251s] [01m[K/usr/include/c++/9/bits/shared_ptr.h:324:2:[m[K [01;36m[Knote: [m[K  template argument deduction/substitution failed:
[1.251s] [01m[K/home/sangjun/gcamp_ros2_ws/src/gcamp_ros2_basic/cpp_topic_pkg/src/parking.cpp:39:63:[m[K [01;36m[Knote: [m[K  ‘[01m[Kstd::shared_ptr<rclcpp::Publisher<nav_msgs::msg::Odometry_<std::allocator<void> >, std::allocator<void> > >[m[K’ is not derived from ‘[01m[Kstd::auto_ptr<_Up>[m[K’
[1.251s]    39 |     m_odom_pub = create_publisher<Odometry>("diffbot/odom", 10[01;36m[K)[m[K;
[1.251s]       |                                                               [01;36m[K^[m[K
[1.251s] In file included from [01m[K/usr/include/c++/9/memory:81[m[K,
[1.251s]                  from [01m[K/home/sangjun/gcamp_ros2_ws/src/gcamp_ros2_basic/cpp_topic_pkg/src/parking.cpp:15[m[K:
[1.251s] [01m[K/usr/include/c++/9/bits/shared_ptr.h:333:7:[m[K [01;36m[Knote: [m[Kcandidate: ‘[01m[Kstd::shared_ptr<_Tp>& std::shared_ptr<_Tp>::operator=(std::shared_ptr<_Tp>&&) [with _Tp = rclcpp::Subscription<nav_msgs::msg::Odometry_<std::allocator<void> > >][m[K’
[1.251s]   333 |       [01;36m[Koperator[m[K=(shared_ptr&& __r) noexcept
[1.251s]       |       [01;36m[K^~~~~~~~[m[K
[1.252s] [01m[K/usr/include/c++/9/bits/shared_ptr.h:333:30:[m[K [01;36m[Knote: [m[K  no known conversion for argument 1 from ‘[01m[Kstd::shared_ptr<rclcpp::Publisher<nav_msgs::msg::Odometry_<std::allocator<void> >, std::allocator<void> > >[m[K’ to ‘[01m[Kstd::shared_ptr<rclcpp::Subscription<nav_msgs::msg::Odometry_<std::allocator<void> > > >&&[m[K’
[1.252s]   333 |       operator=([01;36m[Kshared_ptr&& __r[m[K) noexcept
[1.252s]       |                 [01;36m[K~~~~~~~~~~~~~^~~[m[K
[1.252s] [01m[K/usr/include/c++/9/bits/shared_ptr.h:341:2:[m[K [01;36m[Knote: [m[Kcandidate: ‘[01m[Ktemplate<class _Yp> std::shared_ptr<_Tp>::_Assignable<std::shared_ptr<_Yp> > std::shared_ptr<_Tp>::operator=(std::shared_ptr<_Yp>&&) [with _Yp = _Yp; _Tp = rclcpp::Subscription<nav_msgs::msg::Odometry_<std::allocator<void> > >][m[K’
[1.252s]   341 |  [01;36m[Koperator[m[K=(shared_ptr<_Yp>&& __r) noexcept
[1.252s]       |  [01;36m[K^~~~~~~~[m[K
[1.252s] [01m[K/usr/include/c++/9/bits/shared_ptr.h:341:2:[m[K [01;36m[Knote: [m[K  template argument deduction/substitution failed:
[1.252s] /usr/include/c++/9/bits/shared_ptr.h: In substitution of ‘[01m[Ktemplate<class _Tp> template<class _Arg> using _Assignable = typename std::enable_if<std::is_assignable<std::__shared_ptr<_Tp>&, _Arg>::value, std::shared_ptr<_Tp>&>::type [with _Arg = std::shared_ptr<rclcpp::Publisher<nav_msgs::msg::Odometry_<std::allocator<void> >, std::allocator<void> > >; _Tp = rclcpp::Subscription<nav_msgs::msg::Odometry_<std::allocator<void> > >][m[K’:
[1.252s] [01m[K/usr/include/c++/9/bits/shared_ptr.h:341:2:[m[K   required by substitution of ‘[01m[Ktemplate<class _Yp> std::shared_ptr<rclcpp::Subscription<nav_msgs::msg::Odometry_<std::allocator<void> > > >::_Assignable<std::shared_ptr<_Tp> > std::shared_ptr<rclcpp::Subscription<nav_msgs::msg::Odometry_<std::allocator<void> > > >::operator=<_Yp>(std::shared_ptr<_Tp>&&) [with _Yp = rclcpp::Publisher<nav_msgs::msg::Odometry_<std::allocator<void> >, std::allocator<void> >][m[K’
[1.252s] [01m[K/home/sangjun/gcamp_ros2_ws/src/gcamp_ros2_basic/cpp_topic_pkg/src/parking.cpp:39:63:[m[K   required from here
[1.252s] [01m[K/usr/include/c++/9/bits/shared_ptr.h:111:8:[m[K [01;31m[Kerror: [m[Kno type named ‘[01m[Ktype[m[K’ in ‘[01m[Kstruct std::enable_if<false, std::shared_ptr<rclcpp::Subscription<nav_msgs::msg::Odometry_<std::allocator<void> > > >&>[m[K’
[1.252s]   111 |  using [01;31m[K_Assignable[m[K = typename enable_if<
[1.253s]       |        [01;31m[K^~~~~~~~~~~[m[K
[1.253s] [01m[K/usr/include/c++/9/bits/shared_ptr.h:349:2:[m[K [01;36m[Knote: [m[Kcandidate: ‘[01m[Ktemplate<class _Yp, class _Del> std::shared_ptr<_Tp>::_Assignable<std::unique_ptr<_Up, _Ep> > std::shared_ptr<_Tp>::operator=(std::unique_ptr<_Up, _Ep>&&) [with _Yp = _Yp; _Del = _Del; _Tp = rclcpp::Subscription<nav_msgs::msg::Odometry_<std::allocator<void> > >][m[K’
[1.253s]   349 |  [01;36m[Koperator[m[K=(unique_ptr<_Yp, _Del>&& __r)
[1.253s]       |  [01;36m[K^~~~~~~~[m[K
[1.253s] [01m[K/usr/include/c++/9/bits/shared_ptr.h:349:2:[m[K [01;36m[Knote: [m[K  template argument deduction/substitution failed:
[1.253s] [01m[K/home/sangjun/gcamp_ros2_ws/src/gcamp_ros2_basic/cpp_topic_pkg/src/parking.cpp:39:63:[m[K [01;36m[Knote: [m[K  ‘[01m[Kstd::shared_ptr<rclcpp::Publisher<nav_msgs::msg::Odometry_<std::allocator<void> >, std::allocator<void> > >[m[K’ is not derived from ‘[01m[Kstd::unique_ptr<_Tp, _Dp>[m[K’
[1.253s]    39 |     m_odom_pub = create_publisher<Odometry>("diffbot/odom", 10[01;36m[K)[m[K;
[1.253s]       |                                                               [01;36m[K^[m[K
[1.259s] [01m[K/home/sangjun/gcamp_ros2_ws/src/gcamp_ros2_basic/cpp_topic_pkg/src/parking.cpp:[m[K In member function ‘[01m[Kvoid ParkingNode::odom_yaw()[m[K’:
[1.259s] [01m[K/home/sangjun/gcamp_ros2_ws/src/gcamp_ros2_basic/cpp_topic_pkg/src/parking.cpp:74:34:[m[K [01;31m[Kerror: [m[K‘[01m[Kusing _pose_type = struct geometry_msgs::msg::PoseWithCovariance_<std::allocator<void> >[m[K’ {aka ‘[01m[Kstruct geometry_msgs::msg::PoseWithCovariance_<std::allocator<void> >[m[K’} has no member named ‘[01m[Kprientation[m[K’
[1.259s]    74 |       double x = m_odom_msg.pose.[01;31m[Kprientation[m[K.x;
[1.259s]       |                                  [01;31m[K^~~~~~~~~~~[m[K
[1.259s] [01m[K/home/sangjun/gcamp_ros2_ws/src/gcamp_ros2_basic/cpp_topic_pkg/src/parking.cpp:75:34:[m[K [01;31m[Kerror: [m[K‘[01m[Kusing _pose_type = struct geometry_msgs::msg::PoseWithCovariance_<std::allocator<void> >[m[K’ {aka ‘[01m[Kstruct geometry_msgs::msg::PoseWithCovariance_<std::allocator<void> >[m[K’} has no member named ‘[01m[Korientation[m[K’
[1.259s]    75 |       double y = m_odom_msg.pose.[01;31m[Korientation[m[K.y;
[1.259s]       |                                  [01;31m[K^~~~~~~~~~~[m[K
[1.259s] [01m[K/home/sangjun/gcamp_ros2_ws/src/gcamp_ros2_basic/cpp_topic_pkg/src/parking.cpp:76:34:[m[K [01;31m[Kerror: [m[K‘[01m[Kusing _pose_type = struct geometry_msgs::msg::PoseWithCovariance_<std::allocator<void> >[m[K’ {aka ‘[01m[Kstruct geometry_msgs::msg::PoseWithCovariance_<std::allocator<void> >[m[K’} has no member named ‘[01m[Korientation[m[K’
[1.259s]    76 |       double z = m_odom_msg.pose.[01;31m[Korientation[m[K.z;
[1.259s]       |                                  [01;31m[K^~~~~~~~~~~[m[K
[1.259s] [01m[K/home/sangjun/gcamp_ros2_ws/src/gcamp_ros2_basic/cpp_topic_pkg/src/parking.cpp:77:34:[m[K [01;31m[Kerror: [m[K‘[01m[Kusing _pose_type = struct geometry_msgs::msg::PoseWithCovariance_<std::allocator<void> >[m[K’ {aka ‘[01m[Kstruct geometry_msgs::msg::PoseWithCovariance_<std::allocator<void> >[m[K’} has no member named ‘[01m[Korientation[m[K’
[1.259s]    77 |       double w = m_odom_msg.pose.[01;31m[Korientation[m[K.w;
[1.259s]       |                                  [01;31m[K^~~~~~~~~~~[m[K
[2.508s] make[2]: *** [CMakeFiles/parking_node.dir/build.make:76: CMakeFiles/parking_node.dir/src/parking.cpp.o] Error 1
[2.508s] make[1]: *** [CMakeFiles/Makefile2:203: CMakeFiles/parking_node.dir/all] Error 2
[2.509s] make: *** [Makefile:146: all] Error 2
[2.510s] Invoked command in '/home/sangjun/gcamp_ros2_ws/build/cpp_topic_pkg' returned '2': CMAKE_PREFIX_PATH=${CMAKE_PREFIX_PATH}:/home/sangjun/gcamp_ros2_ws/install/py_topic_pkg:/home/sangjun/gcamp_ros2_ws/install/py_service_pkg:/home/sangjun/gcamp_ros2_ws/install/py_first_pkg:/home/sangjun/gcamp_ros2_ws/install/py_action_pkg:/opt/ros/foxy /usr/local/bin/cmake --build /home/sangjun/gcamp_ros2_ws/build/cpp_topic_pkg -- -j8 -l8
