[0.082s] Invoking command in '/home/sangjun/gcamp_ros2_ws/build/cpp_param_pkg': /usr/local/bin/cmake --build /home/sangjun/gcamp_ros2_ws/build/cpp_param_pkg -- -j8 -l8
[1.202s] [100%] Built target param_tutorial
[1.349s] Invoked command in '/home/sangjun/gcamp_ros2_ws/build/cpp_param_pkg' returned '0': /usr/local/bin/cmake --build /home/sangjun/gcamp_ros2_ws/build/cpp_param_pkg -- -j8 -l8
[1.389s] Invoking command in '/home/sangjun/gcamp_ros2_ws/build/cpp_param_pkg': /usr/local/bin/cmake --install /home/sangjun/gcamp_ros2_ws/build/cpp_param_pkg
[1.402s] -- Install configuration: ""
[1.402s] -- Execute custom install script
[1.402s] -- Up-to-date symlink: /home/sangjun/gcamp_ros2_ws/install/cpp_param_pkg/lib/cpp_param_pkg/param_tutorial
[1.402s] -- Up-to-date symlink: /home/sangjun/gcamp_ros2_ws/install/cpp_param_pkg/share/ament_index/resource_index/package_run_dependencies/cpp_param_pkg
[1.402s] -- Up-to-date symlink: /home/sangjun/gcamp_ros2_ws/install/cpp_param_pkg/share/ament_index/resource_index/parent_prefix_path/cpp_param_pkg
[1.403s] -- Up-to-date symlink: /home/sangjun/gcamp_ros2_ws/install/cpp_param_pkg/share/cpp_param_pkg/environment/ament_prefix_path.sh
[1.403s] -- Up-to-date symlink: /home/sangjun/gcamp_ros2_ws/install/cpp_param_pkg/share/cpp_param_pkg/environment/ament_prefix_path.dsv
[1.403s] -- Up-to-date symlink: /home/sangjun/gcamp_ros2_ws/install/cpp_param_pkg/share/cpp_param_pkg/environment/path.sh
[1.403s] -- Up-to-date symlink: /home/sangjun/gcamp_ros2_ws/install/cpp_param_pkg/share/cpp_param_pkg/environment/path.dsv
[1.403s] -- Up-to-date symlink: /home/sangjun/gcamp_ros2_ws/install/cpp_param_pkg/share/cpp_param_pkg/local_setup.bash
[1.403s] -- Up-to-date symlink: /home/sangjun/gcamp_ros2_ws/install/cpp_param_pkg/share/cpp_param_pkg/local_setup.sh
[1.403s] -- Up-to-date symlink: /home/sangjun/gcamp_ros2_ws/install/cpp_param_pkg/share/cpp_param_pkg/local_setup.zsh
[1.403s] -- Up-to-date symlink: /home/sangjun/gcamp_ros2_ws/install/cpp_param_pkg/share/cpp_param_pkg/local_setup.dsv
[1.403s] -- Symlinking: /home/sangjun/gcamp_ros2_ws/install/cpp_param_pkg/share/cpp_param_pkg/package.dsv
[1.403s] -- Up-to-date symlink: /home/sangjun/gcamp_ros2_ws/install/cpp_param_pkg/share/ament_index/resource_index/packages/cpp_param_pkg
[1.403s] -- Up-to-date symlink: /home/sangjun/gcamp_ros2_ws/install/cpp_param_pkg/share/cpp_param_pkg/cmake/cpp_param_pkgConfig.cmake
[1.403s] -- Up-to-date symlink: /home/sangjun/gcamp_ros2_ws/install/cpp_param_pkg/share/cpp_param_pkg/cmake/cpp_param_pkgConfig-version.cmake
[1.403s] -- Up-to-date symlink: /home/sangjun/gcamp_ros2_ws/install/cpp_param_pkg/share/cpp_param_pkg/package.xml
[1.573s] Invoked command in '/home/sangjun/gcamp_ros2_ws/build/cpp_param_pkg' returned '0': /usr/local/bin/cmake --install /home/sangjun/gcamp_ros2_ws/build/cpp_param_pkg
