[0.053s] Invoking command in '/home/sangjun/gcamp_ros2_ws/build/cpp_topic_pkg': CMAKE_PREFIX_PATH=${CMAKE_PREFIX_PATH}:/home/sangjun/gcamp_ros2_ws/install/py_topic_pkg:/home/sangjun/gcamp_ros2_ws/install/py_service_pkg:/home/sangjun/gcamp_ros2_ws/install/py_first_pkg:/home/sangjun/gcamp_ros2_ws/install/py_action_pkg:/opt/ros/foxy /usr/local/bin/cmake --build /home/sangjun/gcamp_ros2_ws/build/cpp_topic_pkg -- -j8 -l8
[0.108s] [ 12%] Built target cmd_vel_pub_node
[0.109s] [ 25%] Built target parkingz_node
[0.113s] [ 43%] Built target laser_sub_node
[0.113s] [ 56%] Built target topic_pub_node
[0.113s] [ 43%] [32mBuilding CXX object CMakeFiles/parking_node.dir/src/parking.cpp.o[0m
[0.119s] [ 68%] Built target topic_pub_oop_node
[0.126s] [ 81%] Built target topic_sub_node
[0.128s] [ 93%] Built target topic_sub_oop_node
[5.929s] [100%] [32m[1mLinking CXX executable parking_node[0m
[6.146s] [100%] Built target parking_node
[6.150s] Invoked command in '/home/sangjun/gcamp_ros2_ws/build/cpp_topic_pkg' returned '0': CMAKE_PREFIX_PATH=${CMAKE_PREFIX_PATH}:/home/sangjun/gcamp_ros2_ws/install/py_topic_pkg:/home/sangjun/gcamp_ros2_ws/install/py_service_pkg:/home/sangjun/gcamp_ros2_ws/install/py_first_pkg:/home/sangjun/gcamp_ros2_ws/install/py_action_pkg:/opt/ros/foxy /usr/local/bin/cmake --build /home/sangjun/gcamp_ros2_ws/build/cpp_topic_pkg -- -j8 -l8
[6.181s] Invoking command in '/home/sangjun/gcamp_ros2_ws/build/cpp_topic_pkg': CMAKE_PREFIX_PATH=${CMAKE_PREFIX_PATH}:/home/sangjun/gcamp_ros2_ws/install/py_topic_pkg:/home/sangjun/gcamp_ros2_ws/install/py_service_pkg:/home/sangjun/gcamp_ros2_ws/install/py_first_pkg:/home/sangjun/gcamp_ros2_ws/install/py_action_pkg:/opt/ros/foxy /usr/local/bin/cmake --install /home/sangjun/gcamp_ros2_ws/build/cpp_topic_pkg
[6.183s] -- Install configuration: ""
[6.183s] -- Execute custom install script
[6.183s] -- Up-to-date symlink: /home/sangjun/gcamp_ros2_ws/install/cpp_topic_pkg/lib/cpp_topic_pkg/cmd_vel_pub_node
[6.184s] -- Up-to-date symlink: /home/sangjun/gcamp_ros2_ws/install/cpp_topic_pkg/lib/cpp_topic_pkg/laser_sub_node
[6.184s] -- Up-to-date symlink: /home/sangjun/gcamp_ros2_ws/install/cpp_topic_pkg/lib/cpp_topic_pkg/parking_node
[6.184s] -- Up-to-date symlink: /home/sangjun/gcamp_ros2_ws/install/cpp_topic_pkg/lib/cpp_topic_pkg/parkingz_node
[6.185s] -- Up-to-date symlink: /home/sangjun/gcamp_ros2_ws/install/cpp_topic_pkg/lib/cpp_topic_pkg/topic_pub_node
[6.185s] -- Up-to-date symlink: /home/sangjun/gcamp_ros2_ws/install/cpp_topic_pkg/lib/cpp_topic_pkg/topic_pub_oop_node
[6.185s] -- Up-to-date symlink: /home/sangjun/gcamp_ros2_ws/install/cpp_topic_pkg/lib/cpp_topic_pkg/topic_sub_node
[6.185s] -- Up-to-date symlink: /home/sangjun/gcamp_ros2_ws/install/cpp_topic_pkg/lib/cpp_topic_pkg/topic_sub_oop_node
[6.185s] -- Up-to-date symlink: /home/sangjun/gcamp_ros2_ws/install/cpp_topic_pkg/share/ament_index/resource_index/package_run_dependencies/cpp_topic_pkg
[6.186s] -- Up-to-date symlink: /home/sangjun/gcamp_ros2_ws/install/cpp_topic_pkg/share/ament_index/resource_index/parent_prefix_path/cpp_topic_pkg
[6.186s] -- Up-to-date symlink: /home/sangjun/gcamp_ros2_ws/install/cpp_topic_pkg/share/cpp_topic_pkg/environment/ament_prefix_path.sh
[6.186s] -- Up-to-date symlink: /home/sangjun/gcamp_ros2_ws/install/cpp_topic_pkg/share/cpp_topic_pkg/environment/ament_prefix_path.dsv
[6.186s] -- Up-to-date symlink: /home/sangjun/gcamp_ros2_ws/install/cpp_topic_pkg/share/cpp_topic_pkg/environment/path.sh
[6.186s] -- Up-to-date symlink: /home/sangjun/gcamp_ros2_ws/install/cpp_topic_pkg/share/cpp_topic_pkg/environment/path.dsv
[6.187s] -- Up-to-date symlink: /home/sangjun/gcamp_ros2_ws/install/cpp_topic_pkg/share/cpp_topic_pkg/local_setup.bash
[6.187s] -- Up-to-date symlink: /home/sangjun/gcamp_ros2_ws/install/cpp_topic_pkg/share/cpp_topic_pkg/local_setup.sh
[6.187s] -- Up-to-date symlink: /home/sangjun/gcamp_ros2_ws/install/cpp_topic_pkg/share/cpp_topic_pkg/local_setup.zsh
[6.187s] -- Up-to-date symlink: /home/sangjun/gcamp_ros2_ws/install/cpp_topic_pkg/share/cpp_topic_pkg/local_setup.dsv
[6.187s] -- Symlinking: /home/sangjun/gcamp_ros2_ws/install/cpp_topic_pkg/share/cpp_topic_pkg/package.dsv
[6.191s] -- Up-to-date symlink: /home/sangjun/gcamp_ros2_ws/install/cpp_topic_pkg/share/ament_index/resource_index/packages/cpp_topic_pkg
[6.191s] -- Up-to-date symlink: /home/sangjun/gcamp_ros2_ws/install/cpp_topic_pkg/share/cpp_topic_pkg/cmake/cpp_topic_pkgConfig.cmake
[6.191s] -- Up-to-date symlink: /home/sangjun/gcamp_ros2_ws/install/cpp_topic_pkg/share/cpp_topic_pkg/cmake/cpp_topic_pkgConfig-version.cmake
[6.191s] -- Up-to-date symlink: /home/sangjun/gcamp_ros2_ws/install/cpp_topic_pkg/share/cpp_topic_pkg/package.xml
[6.195s] Invoked command in '/home/sangjun/gcamp_ros2_ws/build/cpp_topic_pkg' returned '0': CMAKE_PREFIX_PATH=${CMAKE_PREFIX_PATH}:/home/sangjun/gcamp_ros2_ws/install/py_topic_pkg:/home/sangjun/gcamp_ros2_ws/install/py_service_pkg:/home/sangjun/gcamp_ros2_ws/install/py_first_pkg:/home/sangjun/gcamp_ros2_ws/install/py_action_pkg:/opt/ros/foxy /usr/local/bin/cmake --install /home/sangjun/gcamp_ros2_ws/build/cpp_topic_pkg
