[0.072s] Invoking command in '/home/sangjun/gcamp_ros2_ws/build/cpp_first_pkg': CMAKE_PREFIX_PATH=${CMAKE_PREFIX_PATH}:/home/sangjun/gcamp_ros2_ws/install/py_topic_pkg:/home/sangjun/gcamp_ros2_ws/install/py_service_pkg:/home/sangjun/gcamp_ros2_ws/install/py_first_pkg:/home/sangjun/gcamp_ros2_ws/install/py_action_pkg:/opt/ros/foxy /usr/local/bin/cmake --build /home/sangjun/gcamp_ros2_ws/build/cpp_first_pkg -- -j8 -l8
[0.179s] [ 20%] Built target lifecycle_node
[0.183s] [ 40%] Built target simple_loop_node
[0.184s] [ 60%] Built target simple_oop_node
[0.202s] [ 80%] Built target simple_node
[0.205s] [100%] Built target simple_without_oop_node
[0.491s] Invoked command in '/home/sangjun/gcamp_ros2_ws/build/cpp_first_pkg' returned '0': CMAKE_PREFIX_PATH=${CMAKE_PREFIX_PATH}:/home/sangjun/gcamp_ros2_ws/install/py_topic_pkg:/home/sangjun/gcamp_ros2_ws/install/py_service_pkg:/home/sangjun/gcamp_ros2_ws/install/py_first_pkg:/home/sangjun/gcamp_ros2_ws/install/py_action_pkg:/opt/ros/foxy /usr/local/bin/cmake --build /home/sangjun/gcamp_ros2_ws/build/cpp_first_pkg -- -j8 -l8
[0.635s] Invoking command in '/home/sangjun/gcamp_ros2_ws/build/cpp_first_pkg': CMAKE_PREFIX_PATH=${CMAKE_PREFIX_PATH}:/home/sangjun/gcamp_ros2_ws/install/py_topic_pkg:/home/sangjun/gcamp_ros2_ws/install/py_service_pkg:/home/sangjun/gcamp_ros2_ws/install/py_first_pkg:/home/sangjun/gcamp_ros2_ws/install/py_action_pkg:/opt/ros/foxy /usr/local/bin/cmake --install /home/sangjun/gcamp_ros2_ws/build/cpp_first_pkg
[0.670s] -- Install configuration: ""
[0.670s] -- Execute custom install script
[0.670s] -- Up-to-date symlink: /home/sangjun/gcamp_ros2_ws/install/cpp_first_pkg/lib/cpp_first_pkg/lifecycle_node
[0.670s] -- Up-to-date symlink: /home/sangjun/gcamp_ros2_ws/install/cpp_first_pkg/lib/cpp_first_pkg/simple_loop_node
[0.670s] -- Up-to-date symlink: /home/sangjun/gcamp_ros2_ws/install/cpp_first_pkg/lib/cpp_first_pkg/simple_oop_node
[0.670s] -- Up-to-date symlink: /home/sangjun/gcamp_ros2_ws/install/cpp_first_pkg/lib/cpp_first_pkg/simple_without_oop_node
[0.671s] -- Up-to-date symlink: /home/sangjun/gcamp_ros2_ws/install/cpp_first_pkg/lib/cpp_first_pkg/simple_node
[0.671s] -- Up-to-date symlink: /home/sangjun/gcamp_ros2_ws/install/cpp_first_pkg/share/ament_index/resource_index/package_run_dependencies/cpp_first_pkg
[0.671s] -- Up-to-date symlink: /home/sangjun/gcamp_ros2_ws/install/cpp_first_pkg/share/ament_index/resource_index/parent_prefix_path/cpp_first_pkg
[0.671s] -- Up-to-date symlink: /home/sangjun/gcamp_ros2_ws/install/cpp_first_pkg/share/cpp_first_pkg/environment/ament_prefix_path.sh
[0.671s] -- Up-to-date symlink: /home/sangjun/gcamp_ros2_ws/install/cpp_first_pkg/share/cpp_first_pkg/environment/ament_prefix_path.dsv
[0.671s] -- Up-to-date symlink: /home/sangjun/gcamp_ros2_ws/install/cpp_first_pkg/share/cpp_first_pkg/environment/path.sh
[0.671s] -- Up-to-date symlink: /home/sangjun/gcamp_ros2_ws/install/cpp_first_pkg/share/cpp_first_pkg/environment/path.dsv
[0.671s] -- Up-to-date symlink: /home/sangjun/gcamp_ros2_ws/install/cpp_first_pkg/share/cpp_first_pkg/local_setup.bash
[0.671s] -- Up-to-date symlink: /home/sangjun/gcamp_ros2_ws/install/cpp_first_pkg/share/cpp_first_pkg/local_setup.sh
[0.671s] -- Up-to-date symlink: /home/sangjun/gcamp_ros2_ws/install/cpp_first_pkg/share/cpp_first_pkg/local_setup.zsh
[0.671s] -- Up-to-date symlink: /home/sangjun/gcamp_ros2_ws/install/cpp_first_pkg/share/cpp_first_pkg/local_setup.dsv
[0.671s] -- Symlinking: /home/sangjun/gcamp_ros2_ws/install/cpp_first_pkg/share/cpp_first_pkg/package.dsv
[0.671s] -- Up-to-date symlink: /home/sangjun/gcamp_ros2_ws/install/cpp_first_pkg/share/ament_index/resource_index/packages/cpp_first_pkg
[0.671s] -- Up-to-date symlink: /home/sangjun/gcamp_ros2_ws/install/cpp_first_pkg/share/cpp_first_pkg/cmake/cpp_first_pkgConfig.cmake
[0.671s] -- Up-to-date symlink: /home/sangjun/gcamp_ros2_ws/install/cpp_first_pkg/share/cpp_first_pkg/cmake/cpp_first_pkgConfig-version.cmake
[0.671s] -- Up-to-date symlink: /home/sangjun/gcamp_ros2_ws/install/cpp_first_pkg/share/cpp_first_pkg/package.xml
[0.672s] -- Up-to-date symlink: /home/sangjun/gcamp_ros2_ws/install/cpp_first_pkg/share/cpp_first_pkg//launch/simple_node.launch.py
[0.785s] Invoked command in '/home/sangjun/gcamp_ros2_ws/build/cpp_first_pkg' returned '0': CMAKE_PREFIX_PATH=${CMAKE_PREFIX_PATH}:/home/sangjun/gcamp_ros2_ws/install/py_topic_pkg:/home/sangjun/gcamp_ros2_ws/install/py_service_pkg:/home/sangjun/gcamp_ros2_ws/install/py_first_pkg:/home/sangjun/gcamp_ros2_ws/install/py_action_pkg:/opt/ros/foxy /usr/local/bin/cmake --install /home/sangjun/gcamp_ros2_ws/build/cpp_first_pkg
