[0.023s] Invoking command in '/home/sangjun/gcamp_ros2_ws/build/cpp_service_pkg': AMENT_PREFIX_PATH=/home/sangjun/gcamp_ros2_ws/install/custom_interfaces CMAKE_PREFIX_PATH=/home/sangjun/gcamp_ros2_ws/install/custom_interfaces LD_LIBRARY_PATH=/home/sangjun/gcamp_ros2_ws/install/custom_interfaces/lib${LD_LIBRARY_PATH} PYTHONPATH=/home/sangjun/gcamp_ros2_ws/install/custom_interfaces/lib/python3.8/site-packages${PYTHONPATH} /usr/local/bin/cmake --build /home/sangjun/gcamp_ros2_ws/build/cpp_service_pkg -- -j8 -l8
[0.165s] [ 25%] Built target robot_turning_server_node
[0.166s] [ 50%] Built target basic_client_node
[0.166s] [ 75%] Built target robot_turning_client_node
[0.166s] [100%] Built target basic_server_node
[0.169s] Invoked command in '/home/sangjun/gcamp_ros2_ws/build/cpp_service_pkg' returned '0': AMENT_PREFIX_PATH=/home/sangjun/gcamp_ros2_ws/install/custom_interfaces CMAKE_PREFIX_PATH=/home/sangjun/gcamp_ros2_ws/install/custom_interfaces LD_LIBRARY_PATH=/home/sangjun/gcamp_ros2_ws/install/custom_interfaces/lib${LD_LIBRARY_PATH} PYTHONPATH=/home/sangjun/gcamp_ros2_ws/install/custom_interfaces/lib/python3.8/site-packages${PYTHONPATH} /usr/local/bin/cmake --build /home/sangjun/gcamp_ros2_ws/build/cpp_service_pkg -- -j8 -l8
[0.327s] Invoking command in '/home/sangjun/gcamp_ros2_ws/build/cpp_service_pkg': AMENT_PREFIX_PATH=/home/sangjun/gcamp_ros2_ws/install/custom_interfaces CMAKE_PREFIX_PATH=/home/sangjun/gcamp_ros2_ws/install/custom_interfaces LD_LIBRARY_PATH=/home/sangjun/gcamp_ros2_ws/install/custom_interfaces/lib${LD_LIBRARY_PATH} PYTHONPATH=/home/sangjun/gcamp_ros2_ws/install/custom_interfaces/lib/python3.8/site-packages${PYTHONPATH} /usr/local/bin/cmake --install /home/sangjun/gcamp_ros2_ws/build/cpp_service_pkg
[0.338s] -- Install configuration: ""
[0.338s] -- Execute custom install script
[0.338s] -- Up-to-date symlink: /home/sangjun/gcamp_ros2_ws/install/cpp_service_pkg/lib/cpp_service_pkg/basic_server_node
[0.340s] -- Up-to-date symlink: /home/sangjun/gcamp_ros2_ws/install/cpp_service_pkg/lib/cpp_service_pkg/basic_client_node
[0.340s] -- Up-to-date symlink: /home/sangjun/gcamp_ros2_ws/install/cpp_service_pkg/lib/cpp_service_pkg/robot_turning_server_node
[0.340s] -- Up-to-date symlink: /home/sangjun/gcamp_ros2_ws/install/cpp_service_pkg/lib/cpp_service_pkg/robot_turning_client_node
[0.340s] -- Up-to-date symlink: /home/sangjun/gcamp_ros2_ws/install/cpp_service_pkg/share/ament_index/resource_index/package_run_dependencies/cpp_service_pkg
[0.340s] -- Up-to-date symlink: /home/sangjun/gcamp_ros2_ws/install/cpp_service_pkg/share/ament_index/resource_index/parent_prefix_path/cpp_service_pkg
[0.340s] -- Up-to-date symlink: /home/sangjun/gcamp_ros2_ws/install/cpp_service_pkg/share/cpp_service_pkg/environment/ament_prefix_path.sh
[0.340s] -- Up-to-date symlink: /home/sangjun/gcamp_ros2_ws/install/cpp_service_pkg/share/cpp_service_pkg/environment/ament_prefix_path.dsv
[0.340s] -- Up-to-date symlink: /home/sangjun/gcamp_ros2_ws/install/cpp_service_pkg/share/cpp_service_pkg/environment/path.sh
[0.340s] -- Up-to-date symlink: /home/sangjun/gcamp_ros2_ws/install/cpp_service_pkg/share/cpp_service_pkg/environment/path.dsv
[0.340s] -- Up-to-date symlink: /home/sangjun/gcamp_ros2_ws/install/cpp_service_pkg/share/cpp_service_pkg/local_setup.bash
[0.340s] -- Up-to-date symlink: /home/sangjun/gcamp_ros2_ws/install/cpp_service_pkg/share/cpp_service_pkg/local_setup.sh
[0.340s] -- Up-to-date symlink: /home/sangjun/gcamp_ros2_ws/install/cpp_service_pkg/share/cpp_service_pkg/local_setup.zsh
[0.340s] -- Up-to-date symlink: /home/sangjun/gcamp_ros2_ws/install/cpp_service_pkg/share/cpp_service_pkg/local_setup.dsv
[0.340s] -- Symlinking: /home/sangjun/gcamp_ros2_ws/install/cpp_service_pkg/share/cpp_service_pkg/package.dsv
[0.342s] -- Up-to-date symlink: /home/sangjun/gcamp_ros2_ws/install/cpp_service_pkg/share/ament_index/resource_index/packages/cpp_service_pkg
[0.342s] -- Up-to-date symlink: /home/sangjun/gcamp_ros2_ws/install/cpp_service_pkg/share/cpp_service_pkg/cmake/cpp_service_pkgConfig.cmake
[0.342s] -- Up-to-date symlink: /home/sangjun/gcamp_ros2_ws/install/cpp_service_pkg/share/cpp_service_pkg/cmake/cpp_service_pkgConfig-version.cmake
[0.342s] -- Up-to-date symlink: /home/sangjun/gcamp_ros2_ws/install/cpp_service_pkg/share/cpp_service_pkg/package.xml
[0.352s] Invoked command in '/home/sangjun/gcamp_ros2_ws/build/cpp_service_pkg' returned '0': AMENT_PREFIX_PATH=/home/sangjun/gcamp_ros2_ws/install/custom_interfaces CMAKE_PREFIX_PATH=/home/sangjun/gcamp_ros2_ws/install/custom_interfaces LD_LIBRARY_PATH=/home/sangjun/gcamp_ros2_ws/install/custom_interfaces/lib${LD_LIBRARY_PATH} PYTHONPATH=/home/sangjun/gcamp_ros2_ws/install/custom_interfaces/lib/python3.8/site-packages${PYTHONPATH} /usr/local/bin/cmake --install /home/sangjun/gcamp_ros2_ws/build/cpp_service_pkg
