[0.922s] Invoking command in '/home/sangjun/gcamp_ros2_ws/build/py_topic_pkg': PYTHONPATH=/home/sangjun/gcamp_ros2_ws/build/py_topic_pkg/prefix_override:/home/sangjun/gcamp_ros2_ws/install/py_topic_pkg/lib/python3.8/site-packages:${PYTHONPATH} /usr/bin/python3 setup.py develop --editable --build-directory /home/sangjun/gcamp_ros2_ws/build/py_topic_pkg/build --no-deps install_data
[1.197s] running develop
[1.348s] running egg_info
[1.348s] writing py_topic_pkg.egg-info/PKG-INFO
[1.348s] writing dependency_links to py_topic_pkg.egg-info/dependency_links.txt
[1.349s] writing entry points to py_topic_pkg.egg-info/entry_points.txt
[1.349s] writing requirements to py_topic_pkg.egg-info/requires.txt
[1.349s] writing top-level names to py_topic_pkg.egg-info/top_level.txt
[1.387s] reading manifest file 'py_topic_pkg.egg-info/SOURCES.txt'
[1.388s] writing manifest file 'py_topic_pkg.egg-info/SOURCES.txt'
[1.420s] running build_ext
[1.420s] Creating /home/sangjun/gcamp_ros2_ws/install/py_topic_pkg/lib/python3.8/site-packages/py-topic-pkg.egg-link (link to .)
[1.420s] Installing autobot_node script to /home/sangjun/gcamp_ros2_ws/install/py_topic_pkg/lib/py_topic_pkg
[1.421s] Installing cmd_vel_pub_node script to /home/sangjun/gcamp_ros2_ws/install/py_topic_pkg/lib/py_topic_pkg
[1.421s] Installing endless_cmd_vel_pub_node script to /home/sangjun/gcamp_ros2_ws/install/py_topic_pkg/lib/py_topic_pkg
[1.421s] Installing laser_raw_node script to /home/sangjun/gcamp_ros2_ws/install/py_topic_pkg/lib/py_topic_pkg
[1.421s] Installing laser_sub_node script to /home/sangjun/gcamp_ros2_ws/install/py_topic_pkg/lib/py_topic_pkg
[1.421s] Installing parking_node script to /home/sangjun/gcamp_ros2_ws/install/py_topic_pkg/lib/py_topic_pkg
[1.421s] 
[1.421s] Installed /home/sangjun/gcamp_ros2_ws/build/py_topic_pkg
[1.421s] running install_data
[1.454s] Invoked command in '/home/sangjun/gcamp_ros2_ws/build/py_topic_pkg' returned '0': PYTHONPATH=/home/sangjun/gcamp_ros2_ws/build/py_topic_pkg/prefix_override:/home/sangjun/gcamp_ros2_ws/install/py_topic_pkg/lib/python3.8/site-packages:${PYTHONPATH} /usr/bin/python3 setup.py develop --editable --build-directory /home/sangjun/gcamp_ros2_ws/build/py_topic_pkg/build --no-deps install_data
