[0.040s] Invoking command in '/home/sangjun/gcamp_ros2_ws/build/cpp_param_pkg': /usr/local/bin/cmake --build /home/sangjun/gcamp_ros2_ws/build/cpp_param_pkg -- -j8 -l8
[0.209s] [100%] Built target param_tutorial
[0.214s] Invoked command in '/home/sangjun/gcamp_ros2_ws/build/cpp_param_pkg' returned '0': /usr/local/bin/cmake --build /home/sangjun/gcamp_ros2_ws/build/cpp_param_pkg -- -j8 -l8
[0.240s] Invoking command in '/home/sangjun/gcamp_ros2_ws/build/cpp_param_pkg': /usr/local/bin/cmake --install /home/sangjun/gcamp_ros2_ws/build/cpp_param_pkg
[0.246s] -- Install configuration: ""
[0.247s] -- Execute custom install script
[0.247s] -- Up-to-date symlink: /home/sangjun/gcamp_ros2_ws/install/cpp_param_pkg/lib/cpp_param_pkg/param_tutorial
[0.250s] -- Up-to-date symlink: /home/sangjun/gcamp_ros2_ws/install/cpp_param_pkg/share/ament_index/resource_index/package_run_dependencies/cpp_param_pkg
[0.252s] -- Up-to-date symlink: /home/sangjun/gcamp_ros2_ws/install/cpp_param_pkg/share/ament_index/resource_index/parent_prefix_path/cpp_param_pkg
[0.253s] -- Up-to-date symlink: /home/sangjun/gcamp_ros2_ws/install/cpp_param_pkg/share/cpp_param_pkg/environment/ament_prefix_path.sh
[0.253s] -- Up-to-date symlink: /home/sangjun/gcamp_ros2_ws/install/cpp_param_pkg/share/cpp_param_pkg/environment/ament_prefix_path.dsv
[0.254s] -- Up-to-date symlink: /home/sangjun/gcamp_ros2_ws/install/cpp_param_pkg/share/cpp_param_pkg/environment/path.sh
[0.255s] -- Up-to-date symlink: /home/sangjun/gcamp_ros2_ws/install/cpp_param_pkg/share/cpp_param_pkg/environment/path.dsv
[0.255s] -- Up-to-date symlink: /home/sangjun/gcamp_ros2_ws/install/cpp_param_pkg/share/cpp_param_pkg/local_setup.bash
[0.256s] -- Up-to-date symlink: /home/sangjun/gcamp_ros2_ws/install/cpp_param_pkg/share/cpp_param_pkg/local_setup.sh
[0.257s] -- Up-to-date symlink: /home/sangjun/gcamp_ros2_ws/install/cpp_param_pkg/share/cpp_param_pkg/local_setup.zsh
[0.257s] -- Up-to-date symlink: /home/sangjun/gcamp_ros2_ws/install/cpp_param_pkg/share/cpp_param_pkg/local_setup.dsv
[0.267s] -- Symlinking: /home/sangjun/gcamp_ros2_ws/install/cpp_param_pkg/share/cpp_param_pkg/package.dsv
[0.274s] -- Up-to-date symlink: /home/sangjun/gcamp_ros2_ws/install/cpp_param_pkg/share/ament_index/resource_index/packages/cpp_param_pkg
[0.274s] -- Up-to-date symlink: /home/sangjun/gcamp_ros2_ws/install/cpp_param_pkg/share/cpp_param_pkg/cmake/cpp_param_pkgConfig.cmake
[0.274s] -- Up-to-date symlink: /home/sangjun/gcamp_ros2_ws/install/cpp_param_pkg/share/cpp_param_pkg/cmake/cpp_param_pkgConfig-version.cmake
[0.275s] -- Up-to-date symlink: /home/sangjun/gcamp_ros2_ws/install/cpp_param_pkg/share/cpp_param_pkg/package.xml
[0.307s] Invoked command in '/home/sangjun/gcamp_ros2_ws/build/cpp_param_pkg' returned '0': /usr/local/bin/cmake --install /home/sangjun/gcamp_ros2_ws/build/cpp_param_pkg
