Performing C SOURCE FILE Test CMAKE_HAVE_LIBC_PTHREAD failed with the following output:
Change Dir: /home/sangjun/gcamp_ros2_ws/build/cpp_action_pkg/CMakeFiles/CMakeScratch/TryCompile-3X8eAr

Run Build Command(s):/usr/bin/make -f Makefile cmTC_d0624/fast && /usr/bin/make  -f CMakeFiles/cmTC_d0624.dir/build.make CMakeFiles/cmTC_d0624.dir/build
make[1]: Entering directory '/home/sangjun/gcamp_ros2_ws/build/cpp_action_pkg/CMakeFiles/CMakeScratch/TryCompile-3X8eAr'
Building C object CMakeFiles/cmTC_d0624.dir/src.c.o
/usr/bin/cc -DCMAKE_HAVE_LIBC_PTHREAD   -o CMakeFiles/cmTC_d0624.dir/src.c.o -c /home/sangjun/gcamp_ros2_ws/build/cpp_action_pkg/CMakeFiles/CMakeScratch/TryCompile-3X8eAr/src.c
Linking C executable cmTC_d0624
/usr/local/bin/cmake -E cmake_link_script CMakeFiles/cmTC_d0624.dir/link.txt --verbose=1
/usr/bin/cc CMakeFiles/cmTC_d0624.dir/src.c.o -o cmTC_d0624 
/usr/bin/ld: CMakeFiles/cmTC_d0624.dir/src.c.o: in function `main':
src.c:(.text+0x46): undefined reference to `pthread_create'
/usr/bin/ld: src.c:(.text+0x52): undefined reference to `pthread_detach'
/usr/bin/ld: src.c:(.text+0x5e): undefined reference to `pthread_cancel'
/usr/bin/ld: src.c:(.text+0x6f): undefined reference to `pthread_join'
collect2: error: ld returned 1 exit status
make[1]: *** [CMakeFiles/cmTC_d0624.dir/build.make:99: cmTC_d0624] Error 1
make[1]: Leaving directory '/home/sangjun/gcamp_ros2_ws/build/cpp_action_pkg/CMakeFiles/CMakeScratch/TryCompile-3X8eAr'
make: *** [Makefile:127: cmTC_d0624/fast] Error 2


Source file was:
#include <pthread.h>

static void* test_func(void* data)
{
  return data;
}

int main(void)
{
  pthread_t thread;
  pthread_create(&thread, NULL, test_func, NULL);
  pthread_detach(thread);
  pthread_cancel(thread);
  pthread_join(thread, NULL);
  pthread_atfork(NULL, NULL, NULL);
  pthread_exit(NULL);

  return 0;
}


Determining if the function pthread_create exists in the pthreads failed with the following output:
Change Dir: /home/sangjun/gcamp_ros2_ws/build/cpp_action_pkg/CMakeFiles/CMakeScratch/TryCompile-fChBOo

Run Build Command(s):/usr/bin/make -f Makefile cmTC_6e584/fast && /usr/bin/make  -f CMakeFiles/cmTC_6e584.dir/build.make CMakeFiles/cmTC_6e584.dir/build
make[1]: Entering directory '/home/sangjun/gcamp_ros2_ws/build/cpp_action_pkg/CMakeFiles/CMakeScratch/TryCompile-fChBOo'
Building C object CMakeFiles/cmTC_6e584.dir/CheckFunctionExists.c.o
/usr/bin/cc   -DCHECK_FUNCTION_EXISTS=pthread_create -o CMakeFiles/cmTC_6e584.dir/CheckFunctionExists.c.o -c /home/sangjun/gcamp_ros2_ws/build/cpp_action_pkg/CMakeFiles/CMakeScratch/TryCompile-fChBOo/CheckFunctionExists.c
Linking C executable cmTC_6e584
/usr/local/bin/cmake -E cmake_link_script CMakeFiles/cmTC_6e584.dir/link.txt --verbose=1
/usr/bin/cc  -DCHECK_FUNCTION_EXISTS=pthread_create CMakeFiles/cmTC_6e584.dir/CheckFunctionExists.c.o -o cmTC_6e584  -lpthreads 
/usr/bin/ld: cannot find -lpthreads
collect2: error: ld returned 1 exit status
make[1]: *** [CMakeFiles/cmTC_6e584.dir/build.make:99: cmTC_6e584] Error 1
make[1]: Leaving directory '/home/sangjun/gcamp_ros2_ws/build/cpp_action_pkg/CMakeFiles/CMakeScratch/TryCompile-fChBOo'
make: *** [Makefile:127: cmTC_6e584/fast] Error 2



