[0.041s] Invoking command in '/home/sangjun/gcamp_ros2_ws/build/cpp_topic_pkg': CMAKE_PREFIX_PATH=${CMAKE_PREFIX_PATH}:/home/sangjun/gcamp_ros2_ws/install/py_topic_pkg:/home/sangjun/gcamp_ros2_ws/install/py_service_pkg:/home/sangjun/gcamp_ros2_ws/install/py_first_pkg:/home/sangjun/gcamp_ros2_ws/install/py_action_pkg:/opt/ros/foxy /usr/local/bin/cmake --build /home/sangjun/gcamp_ros2_ws/build/cpp_topic_pkg -- -j8 -l8
[0.263s] [ 12%] Built target laser_sub_node
[0.263s] [ 25%] Built target cmd_vel_pub_node
[0.263s] [ 31%] [32mBuilding CXX object CMakeFiles/parking_node.dir/src/parking.cpp.o[0m
[0.263s] [ 43%] Built target parkingz_node
[0.263s] [ 68%] Built target topic_pub_oop_node
[0.264s] [ 68%] Built target topic_sub_node
[0.264s] [ 81%] Built target topic_pub_node
[0.264s] [ 93%] Built target topic_sub_oop_node
[1.242s] [01m[K/home/sangjun/gcamp_ros2_ws/src/gcamp_ros2_basic/cpp_topic_pkg/src/parking.cpp:[m[K In member function ‘[01m[Kvoid ParkingNode::heading_scan_position(std::vector<float>&)[m[K’:
[1.242s] [01m[K/home/sangjun/gcamp_ros2_ws/src/gcamp_ros2_basic/cpp_topic_pkg/src/parking.cpp:153:80:[m[K [01;31m[Kerror: [m[Kno match for ‘[01m[Koperator=[m[K’ (operand types are ‘[01m[Kstd::vector<int>[m[K’ and ‘[01m[Kint[m[K’)
[1.242s]   153 |             x[i] = int((scanarray[i]*cos((heading+(RR*(i-359)))) + xpos)*10+100[01;31m[K)[m[K;
[1.242s]       |                                                                                [01;31m[K^[m[K
[1.242s] In file included from [01m[K/usr/include/c++/9/vector:72[m[K,
[1.242s]                  from [01m[K/opt/ros/foxy/include/rosidl_runtime_cpp/bounded_vector.hpp:22[m[K,
[1.242s]                  from [01m[K/opt/ros/foxy/include/geometry_msgs/msg/detail/twist__struct.hpp:8[m[K,
[1.242s]                  from [01m[K/opt/ros/foxy/include/geometry_msgs/msg/twist.hpp:7[m[K,
[1.242s]                  from [01m[K/home/sangjun/gcamp_ros2_ws/src/gcamp_ros2_basic/cpp_topic_pkg/src/parking.cpp:16[m[K:
[1.242s] [01m[K/usr/include/c++/9/bits/vector.tcc:198:5:[m[K [01;36m[Knote: [m[Kcandidate: ‘[01m[Kstd::vector<_Tp, _Alloc>& std::vector<_Tp, _Alloc>::operator=(const std::vector<_Tp, _Alloc>&) [with _Tp = int; _Alloc = std::allocator<int>][m[K’
[1.243s]   198 |     [01;36m[Kvector<_Tp, _Alloc>[m[K::
[1.243s]       |     [01;36m[K^~~~~~~~~~~~~~~~~~~[m[K
[1.243s] [01m[K/usr/include/c++/9/bits/vector.tcc:199:42:[m[K [01;36m[Knote: [m[K  no known conversion for argument 1 from ‘[01m[Kint[m[K’ to ‘[01m[Kconst std::vector<int>&[m[K’
[1.243s]   199 |     operator=([01;36m[Kconst vector<_Tp, _Alloc>& __x[m[K)
[1.243s]       |               [01;36m[K~~~~~~~~~~~~~~~~~~~~~~~~~~~^~~[m[K
[1.243s] In file included from [01m[K/usr/include/c++/9/vector:67[m[K,
[1.243s]                  from [01m[K/opt/ros/foxy/include/rosidl_runtime_cpp/bounded_vector.hpp:22[m[K,
[1.243s]                  from [01m[K/opt/ros/foxy/include/geometry_msgs/msg/detail/twist__struct.hpp:8[m[K,
[1.243s]                  from [01m[K/opt/ros/foxy/include/geometry_msgs/msg/twist.hpp:7[m[K,
[1.243s]                  from [01m[K/home/sangjun/gcamp_ros2_ws/src/gcamp_ros2_basic/cpp_topic_pkg/src/parking.cpp:16[m[K:
[1.243s] [01m[K/usr/include/c++/9/bits/stl_vector.h:706:7:[m[K [01;36m[Knote: [m[Kcandidate: ‘[01m[Kstd::vector<_Tp, _Alloc>& std::vector<_Tp, _Alloc>::operator=(std::vector<_Tp, _Alloc>&&) [with _Tp = int; _Alloc = std::allocator<int>][m[K’
[1.243s]   706 |       [01;36m[Koperator[m[K=(vector&& __x) noexcept(_Alloc_traits::_S_nothrow_move())
[1.243s]       |       [01;36m[K^~~~~~~~[m[K
[1.243s] [01m[K/usr/include/c++/9/bits/stl_vector.h:706:26:[m[K [01;36m[Knote: [m[K  no known conversion for argument 1 from ‘[01m[Kint[m[K’ to ‘[01m[Kstd::vector<int>&&[m[K’
[1.244s]   706 |       operator=([01;36m[Kvector&& __x[m[K) noexcept(_Alloc_traits::_S_nothrow_move())
[1.244s]       |                 [01;36m[K~~~~~~~~~^~~[m[K
[1.244s] [01m[K/usr/include/c++/9/bits/stl_vector.h:727:7:[m[K [01;36m[Knote: [m[Kcandidate: ‘[01m[Kstd::vector<_Tp, _Alloc>& std::vector<_Tp, _Alloc>::operator=(std::initializer_list<_Tp>) [with _Tp = int; _Alloc = std::allocator<int>][m[K’
[1.244s]   727 |       [01;36m[Koperator[m[K=(initializer_list<value_type> __l)
[1.244s]       |       [01;36m[K^~~~~~~~[m[K
[1.244s] [01m[K/usr/include/c++/9/bits/stl_vector.h:727:46:[m[K [01;36m[Knote: [m[K  no known conversion for argument 1 from ‘[01m[Kint[m[K’ to ‘[01m[Kstd::initializer_list<int>[m[K’
[1.244s]   727 |       operator=([01;36m[Kinitializer_list<value_type> __l[m[K)
[1.244s]       |                 [01;36m[K~~~~~~~~~~~~~~~~~~~~~~~~~~~~~^~~[m[K
[1.244s] [01m[K/home/sangjun/gcamp_ros2_ws/src/gcamp_ros2_basic/cpp_topic_pkg/src/parking.cpp:154:80:[m[K [01;31m[Kerror: [m[Kno match for ‘[01m[Koperator=[m[K’ (operand types are ‘[01m[Kstd::vector<int>[m[K’ and ‘[01m[Kint[m[K’)
[1.244s]   154 |             y[i] = int((scanarray[i]*sin((heading+(RR*(i-359)))) + ypos)*10+100[01;31m[K)[m[K;
[1.244s]       |                                                                                [01;31m[K^[m[K
[1.244s] In file included from [01m[K/usr/include/c++/9/vector:72[m[K,
[1.244s]                  from [01m[K/opt/ros/foxy/include/rosidl_runtime_cpp/bounded_vector.hpp:22[m[K,
[1.245s]                  from [01m[K/opt/ros/foxy/include/geometry_msgs/msg/detail/twist__struct.hpp:8[m[K,
[1.245s]                  from [01m[K/opt/ros/foxy/include/geometry_msgs/msg/twist.hpp:7[m[K,
[1.245s]                  from [01m[K/home/sangjun/gcamp_ros2_ws/src/gcamp_ros2_basic/cpp_topic_pkg/src/parking.cpp:16[m[K:
[1.245s] [01m[K/usr/include/c++/9/bits/vector.tcc:198:5:[m[K [01;36m[Knote: [m[Kcandidate: ‘[01m[Kstd::vector<_Tp, _Alloc>& std::vector<_Tp, _Alloc>::operator=(const std::vector<_Tp, _Alloc>&) [with _Tp = int; _Alloc = std::allocator<int>][m[K’
[1.245s]   198 |     [01;36m[Kvector<_Tp, _Alloc>[m[K::
[1.245s]       |     [01;36m[K^~~~~~~~~~~~~~~~~~~[m[K
[1.245s] [01m[K/usr/include/c++/9/bits/vector.tcc:199:42:[m[K [01;36m[Knote: [m[K  no known conversion for argument 1 from ‘[01m[Kint[m[K’ to ‘[01m[Kconst std::vector<int>&[m[K’
[1.245s]   199 |     operator=([01;36m[Kconst vector<_Tp, _Alloc>& __x[m[K)
[1.245s]       |               [01;36m[K~~~~~~~~~~~~~~~~~~~~~~~~~~~^~~[m[K
[1.245s] In file included from [01m[K/usr/include/c++/9/vector:67[m[K,
[1.245s]                  from [01m[K/opt/ros/foxy/include/rosidl_runtime_cpp/bounded_vector.hpp:22[m[K,
[1.245s]                  from [01m[K/opt/ros/foxy/include/geometry_msgs/msg/detail/twist__struct.hpp:8[m[K,
[1.245s]                  from [01m[K/opt/ros/foxy/include/geometry_msgs/msg/twist.hpp:7[m[K,
[1.246s]                  from [01m[K/home/sangjun/gcamp_ros2_ws/src/gcamp_ros2_basic/cpp_topic_pkg/src/parking.cpp:16[m[K:
[1.246s] [01m[K/usr/include/c++/9/bits/stl_vector.h:706:7:[m[K [01;36m[Knote: [m[Kcandidate: ‘[01m[Kstd::vector<_Tp, _Alloc>& std::vector<_Tp, _Alloc>::operator=(std::vector<_Tp, _Alloc>&&) [with _Tp = int; _Alloc = std::allocator<int>][m[K’
[1.246s]   706 |       [01;36m[Koperator[m[K=(vector&& __x) noexcept(_Alloc_traits::_S_nothrow_move())
[1.246s]       |       [01;36m[K^~~~~~~~[m[K
[1.246s] [01m[K/usr/include/c++/9/bits/stl_vector.h:706:26:[m[K [01;36m[Knote: [m[K  no known conversion for argument 1 from ‘[01m[Kint[m[K’ to ‘[01m[Kstd::vector<int>&&[m[K’
[1.246s]   706 |       operator=([01;36m[Kvector&& __x[m[K) noexcept(_Alloc_traits::_S_nothrow_move())
[1.246s]       |                 [01;36m[K~~~~~~~~~^~~[m[K
[1.246s] [01m[K/usr/include/c++/9/bits/stl_vector.h:727:7:[m[K [01;36m[Knote: [m[Kcandidate: ‘[01m[Kstd::vector<_Tp, _Alloc>& std::vector<_Tp, _Alloc>::operator=(std::initializer_list<_Tp>) [with _Tp = int; _Alloc = std::allocator<int>][m[K’
[1.246s]   727 |       [01;36m[Koperator[m[K=(initializer_list<value_type> __l)
[1.246s]       |       [01;36m[K^~~~~~~~[m[K
[1.246s] [01m[K/usr/include/c++/9/bits/stl_vector.h:727:46:[m[K [01;36m[Knote: [m[K  no known conversion for argument 1 from ‘[01m[Kint[m[K’ to ‘[01m[Kstd::initializer_list<int>[m[K’
[1.246s]   727 |       operator=([01;36m[Kinitializer_list<value_type> __l[m[K)
[1.246s]       |                 [01;36m[K~~~~~~~~~~~~~~~~~~~~~~~~~~~~~^~~[m[K
[1.247s] [01m[K/home/sangjun/gcamp_ros2_ws/src/gcamp_ros2_basic/cpp_topic_pkg/src/parking.cpp:162:22:[m[K [01;31m[Kerror: [m[Kno match for ‘[01m[Koperator[][m[K’ (operand types are ‘[01m[Kstd::vector<std::vector<bool, std::allocator<bool> > >[m[K’ and ‘[01m[Kstd::vector<int>[m[K’)
[1.247s]   162 |             Mapmatrix[01;31m[K[[m[Kx[i]][y[i]] = true;
[1.247s]       |                      [01;31m[K^[m[K
[1.247s] In file included from [01m[K/usr/include/c++/9/vector:67[m[K,
[1.247s]                  from [01m[K/opt/ros/foxy/include/rosidl_runtime_cpp/bounded_vector.hpp:22[m[K,
[1.247s]                  from [01m[K/opt/ros/foxy/include/geometry_msgs/msg/detail/twist__struct.hpp:8[m[K,
[1.247s]                  from [01m[K/opt/ros/foxy/include/geometry_msgs/msg/twist.hpp:7[m[K,
[1.247s]                  from [01m[K/home/sangjun/gcamp_ros2_ws/src/gcamp_ros2_basic/cpp_topic_pkg/src/parking.cpp:16[m[K:
[1.247s] [01m[K/usr/include/c++/9/bits/stl_vector.h:1040:7:[m[K [01;36m[Knote: [m[Kcandidate: ‘[01m[Kstd::vector<_Tp, _Alloc>::reference std::vector<_Tp, _Alloc>::operator[](std::vector<_Tp, _Alloc>::size_type) [with _Tp = std::vector<bool, std::allocator<bool> >; _Alloc = std::allocator<std::vector<bool, std::allocator<bool> > >; std::vector<_Tp, _Alloc>::reference = std::vector<bool, std::allocator<bool> >&; std::vector<_Tp, _Alloc>::size_type = long unsigned int][m[K’
[1.247s]  1040 |       [01;36m[Koperator[m[K[](size_type __n) _GLIBCXX_NOEXCEPT
[1.247s]       |       [01;36m[K^~~~~~~~[m[K
[1.247s] [01m[K/usr/include/c++/9/bits/stl_vector.h:1040:28:[m[K [01;36m[Knote: [m[K  no known conversion for argument 1 from ‘[01m[Kstd::vector<int>[m[K’ to ‘[01m[Kstd::vector<std::vector<bool, std::allocator<bool> > >::size_type[m[K’ {aka ‘[01m[Klong unsigned int[m[K’}
[1.247s]  1040 |       operator[]([01;36m[Ksize_type __n[m[K) _GLIBCXX_NOEXCEPT
[1.248s]       |                  [01;36m[K~~~~~~~~~~^~~[m[K
[1.248s] [01m[K/usr/include/c++/9/bits/stl_vector.h:1058:7:[m[K [01;36m[Knote: [m[Kcandidate: ‘[01m[Kstd::vector<_Tp, _Alloc>::const_reference std::vector<_Tp, _Alloc>::operator[](std::vector<_Tp, _Alloc>::size_type) const [with _Tp = std::vector<bool, std::allocator<bool> >; _Alloc = std::allocator<std::vector<bool, std::allocator<bool> > >; std::vector<_Tp, _Alloc>::const_reference = const std::vector<bool, std::allocator<bool> >&; std::vector<_Tp, _Alloc>::size_type = long unsigned int][m[K’
[1.248s]  1058 |       [01;36m[Koperator[m[K[](size_type __n) const _GLIBCXX_NOEXCEPT
[1.248s]       |       [01;36m[K^~~~~~~~[m[K
[1.248s] [01m[K/usr/include/c++/9/bits/stl_vector.h:1058:28:[m[K [01;36m[Knote: [m[K  no known conversion for argument 1 from ‘[01m[Kstd::vector<int>[m[K’ to ‘[01m[Kstd::vector<std::vector<bool, std::allocator<bool> > >::size_type[m[K’ {aka ‘[01m[Klong unsigned int[m[K’}
[1.248s]  1058 |       operator[]([01;36m[Ksize_type __n[m[K) const _GLIBCXX_NOEXCEPT
[1.248s]       |                  [01;36m[K~~~~~~~~~~^~~[m[K
[2.750s] make[2]: *** [CMakeFiles/parking_node.dir/build.make:76: CMakeFiles/parking_node.dir/src/parking.cpp.o] Error 1
[2.750s] make[1]: *** [CMakeFiles/Makefile2:203: CMakeFiles/parking_node.dir/all] Error 2
[2.750s] make: *** [Makefile:146: all] Error 2
[2.751s] Invoked command in '/home/sangjun/gcamp_ros2_ws/build/cpp_topic_pkg' returned '2': CMAKE_PREFIX_PATH=${CMAKE_PREFIX_PATH}:/home/sangjun/gcamp_ros2_ws/install/py_topic_pkg:/home/sangjun/gcamp_ros2_ws/install/py_service_pkg:/home/sangjun/gcamp_ros2_ws/install/py_first_pkg:/home/sangjun/gcamp_ros2_ws/install/py_action_pkg:/opt/ros/foxy /usr/local/bin/cmake --build /home/sangjun/gcamp_ros2_ws/build/cpp_topic_pkg -- -j8 -l8
