[ 12%] Built target cmd_vel_pub_node
[ 50%] Built target topic_pub_node
[ 50%] Built target topic_sub_node
[ 62%] Built target topic_sub_oop_node
[ 50%] Built target topic_pub_oop_node
[ 75%] Built target laser_sub_node
[ 81%] [32mBuilding CXX object CMakeFiles/parkingz_node.dir/src/parkingz.cpp.o[0m
[ 87%] [32mBuilding CXX object CMakeFiles/parking_node.dir/src/parking.cpp.o[0m
[01m[K/home/sangjun/gcamp_ros2_ws/src/gcamp_ros2_basic/cpp_topic_pkg/src/parking.cpp:[m[K In member function ‘[01m[Kvoid ParkingNode::sub_callback(sensor_msgs::msg::LaserScan_<std::allocator<void> >::SharedPtr)[m[K’:
[01m[K/home/sangjun/gcamp_ros2_ws/src/gcamp_ros2_basic/cpp_topic_pkg/src/parking.cpp:277:9:[m[K [01;31m[Kerror: [m[K‘[01m[Kfill[m[K’ was not declared in this scope; did you mean ‘[01m[Kstd::fill[m[K’?
  277 |         [01;31m[Kfill[m[K(&zmap[0][0], &zmap[99][100], '0');
      |         [01;31m[K^~~~[m[K
      |         [32m[Kstd::fill[m[K
In file included from [01m[K/usr/include/c++/9/vector:68[m[K,
                 from [01m[K/usr/include/c++/9/queue:61[m[K,
                 from [01m[K/usr/include/x86_64-linux-gnu/c++/9/bits/stdc++.h:86[m[K,
                 from [01m[K/home/sangjun/gcamp_ros2_ws/src/gcamp_ros2_basic/cpp_topic_pkg/src/parking.cpp:1[m[K:
[01m[K/usr/include/c++/9/bits/stl_bvector.h:411:3:[m[K [01;36m[Knote: [m[K‘[01m[Kstd::fill[m[K’ declared here
  411 |   [01;36m[Kfill[m[K(_Bit_iterator __first, _Bit_iterator __last, const bool& __x)
      |   [01;36m[K^~~~[m[K
make[2]: *** [CMakeFiles/parking_node.dir/build.make:76: CMakeFiles/parking_node.dir/src/parking.cpp.o] Error 1
make[1]: *** [CMakeFiles/Makefile2:203: CMakeFiles/parking_node.dir/all] Error 2
make[1]: *** Waiting for unfinished jobs....
[ 93%] [32m[1mLinking CXX executable parkingz_node[0m
[ 93%] Built target parkingz_node
make: *** [Makefile:146: all] Error 2
