[0.739s] Invoking command in '/home/sangjun/gcamp_ros2_ws/build/py_service_pkg': AMENT_PREFIX_PATH=/home/sangjun/gcamp_ros2_ws/install/custom_interfaces:${AMENT_PREFIX_PATH} CMAKE_PREFIX_PATH=/home/sangjun/gcamp_ros2_ws/install/custom_interfaces:${CMAKE_PREFIX_PATH} LD_LIBRARY_PATH=/home/sangjun/gcamp_ros2_ws/install/custom_interfaces/lib:/usr/lib/x86_64-linux-gnu/gazebo-11/plugins:/opt/ros/foxy/opt/yaml_cpp_vendor/lib:/opt/ros/foxy/opt/rviz_ogre_vendor/lib:/opt/ros/foxy/lib/x86_64-linux-gnu:/opt/ros/foxy/lib:/raisim/linux/lib PYTHONPATH=/home/sangjun/gcamp_ros2_ws/build/py_service_pkg/prefix_override:/home/sangjun/gcamp_ros2_ws/install/py_service_pkg/lib/python3.8/site-packages:/home/sangjun/gcamp_ros2_ws/install/custom_interfaces/lib/python3.8/site-packages:/opt/ros/foxy/lib/python3.8/site-packages:/raisim/linux/lib /usr/bin/python3 setup.py develop --editable --build-directory /home/sangjun/gcamp_ros2_ws/build/py_service_pkg/build --no-deps install_data
[0.898s] running develop
[0.989s] running egg_info
[0.989s] creating py_service_pkg.egg-info
[0.989s] writing py_service_pkg.egg-info/PKG-INFO
[0.990s] writing dependency_links to py_service_pkg.egg-info/dependency_links.txt
[0.990s] writing entry points to py_service_pkg.egg-info/entry_points.txt
[0.990s] writing requirements to py_service_pkg.egg-info/requires.txt
[0.990s] writing top-level names to py_service_pkg.egg-info/top_level.txt
[0.990s] writing manifest file 'py_service_pkg.egg-info/SOURCES.txt'
[1.014s] reading manifest file 'py_service_pkg.egg-info/SOURCES.txt'
[1.015s] writing manifest file 'py_service_pkg.egg-info/SOURCES.txt'
[1.039s] running build_ext
[1.039s] Creating /home/sangjun/gcamp_ros2_ws/install/py_service_pkg/lib/python3.8/site-packages/site.py
[1.040s] Creating /home/sangjun/gcamp_ros2_ws/install/py_service_pkg/lib/python3.8/site-packages/py-service-pkg.egg-link (link to .)
[1.041s] Installing basic_client script to /home/sangjun/gcamp_ros2_ws/install/py_service_pkg/lib/py_service_pkg
[1.041s] Installing basic_server script to /home/sangjun/gcamp_ros2_ws/install/py_service_pkg/lib/py_service_pkg
[1.041s] Installing custom_srv_client script to /home/sangjun/gcamp_ros2_ws/install/py_service_pkg/lib/py_service_pkg
[1.041s] Installing custom_srv_server script to /home/sangjun/gcamp_ros2_ws/install/py_service_pkg/lib/py_service_pkg
[1.041s] Installing gazebo_model_spawner script to /home/sangjun/gcamp_ros2_ws/install/py_service_pkg/lib/py_service_pkg
[1.041s] Installing robot_turning_client script to /home/sangjun/gcamp_ros2_ws/install/py_service_pkg/lib/py_service_pkg
[1.041s] Installing robot_turning_server script to /home/sangjun/gcamp_ros2_ws/install/py_service_pkg/lib/py_service_pkg
[1.042s] Installing spawn_skidbot script to /home/sangjun/gcamp_ros2_ws/install/py_service_pkg/lib/py_service_pkg
[1.042s] 
[1.042s] Installed /home/sangjun/gcamp_ros2_ws/build/py_service_pkg
[1.042s] running install_data
[1.042s] creating /home/sangjun/gcamp_ros2_ws/install/py_service_pkg/share/ament_index
[1.042s] creating /home/sangjun/gcamp_ros2_ws/install/py_service_pkg/share/ament_index/resource_index
[1.042s] creating /home/sangjun/gcamp_ros2_ws/install/py_service_pkg/share/ament_index/resource_index/packages
[1.042s] copying resource/py_service_pkg -> /home/sangjun/gcamp_ros2_ws/install/py_service_pkg/share/ament_index/resource_index/packages
[1.042s] copying package.xml -> /home/sangjun/gcamp_ros2_ws/install/py_service_pkg/share/py_service_pkg
[1.062s] Invoked command in '/home/sangjun/gcamp_ros2_ws/build/py_service_pkg' returned '0': AMENT_PREFIX_PATH=/home/sangjun/gcamp_ros2_ws/install/custom_interfaces:${AMENT_PREFIX_PATH} CMAKE_PREFIX_PATH=/home/sangjun/gcamp_ros2_ws/install/custom_interfaces:${CMAKE_PREFIX_PATH} LD_LIBRARY_PATH=/home/sangjun/gcamp_ros2_ws/install/custom_interfaces/lib:/usr/lib/x86_64-linux-gnu/gazebo-11/plugins:/opt/ros/foxy/opt/yaml_cpp_vendor/lib:/opt/ros/foxy/opt/rviz_ogre_vendor/lib:/opt/ros/foxy/lib/x86_64-linux-gnu:/opt/ros/foxy/lib:/raisim/linux/lib PYTHONPATH=/home/sangjun/gcamp_ros2_ws/build/py_service_pkg/prefix_override:/home/sangjun/gcamp_ros2_ws/install/py_service_pkg/lib/python3.8/site-packages:/home/sangjun/gcamp_ros2_ws/install/custom_interfaces/lib/python3.8/site-packages:/opt/ros/foxy/lib/python3.8/site-packages:/raisim/linux/lib /usr/bin/python3 setup.py develop --editable --build-directory /home/sangjun/gcamp_ros2_ws/build/py_service_pkg/build --no-deps install_data
