Performing C SOURCE FILE Test CMAKE_HAVE_LIBC_PTHREAD failed with the following output:
Change Dir: /home/sangjun/gcamp_ros2_ws/build/slam_gmapping/CMakeFiles/CMakeScratch/TryCompile-ZqGeog

Run Build Command(s):/usr/bin/make -f Makefile cmTC_b011f/fast && /usr/bin/make  -f CMakeFiles/cmTC_b011f.dir/build.make CMakeFiles/cmTC_b011f.dir/build
make[1]: Entering directory '/home/sangjun/gcamp_ros2_ws/build/slam_gmapping/CMakeFiles/CMakeScratch/TryCompile-ZqGeog'
Building C object CMakeFiles/cmTC_b011f.dir/src.c.o
/usr/bin/cc -DCMAKE_HAVE_LIBC_PTHREAD   -o CMakeFiles/cmTC_b011f.dir/src.c.o -c /home/sangjun/gcamp_ros2_ws/build/slam_gmapping/CMakeFiles/CMakeScratch/TryCompile-ZqGeog/src.c
Linking C executable cmTC_b011f
/usr/local/bin/cmake -E cmake_link_script CMakeFiles/cmTC_b011f.dir/link.txt --verbose=1
/usr/bin/cc CMakeFiles/cmTC_b011f.dir/src.c.o -o cmTC_b011f 
/usr/bin/ld: CMakeFiles/cmTC_b011f.dir/src.c.o: in function `main':
src.c:(.text+0x46): undefined reference to `pthread_create'
/usr/bin/ld: src.c:(.text+0x52): undefined reference to `pthread_detach'
/usr/bin/ld: src.c:(.text+0x5e): undefined reference to `pthread_cancel'
/usr/bin/ld: src.c:(.text+0x6f): undefined reference to `pthread_join'
collect2: error: ld returned 1 exit status
make[1]: *** [CMakeFiles/cmTC_b011f.dir/build.make:99: cmTC_b011f] Error 1
make[1]: Leaving directory '/home/sangjun/gcamp_ros2_ws/build/slam_gmapping/CMakeFiles/CMakeScratch/TryCompile-ZqGeog'
make: *** [Makefile:127: cmTC_b011f/fast] Error 2


Source file was:
#include <pthread.h>

static void* test_func(void* data)
{
  return data;
}

int main(void)
{
  pthread_t thread;
  pthread_create(&thread, NULL, test_func, NULL);
  pthread_detach(thread);
  pthread_cancel(thread);
  pthread_join(thread, NULL);
  pthread_atfork(NULL, NULL, NULL);
  pthread_exit(NULL);

  return 0;
}


Determining if the function pthread_create exists in the pthreads failed with the following output:
Change Dir: /home/sangjun/gcamp_ros2_ws/build/slam_gmapping/CMakeFiles/CMakeScratch/TryCompile-J7tGof

Run Build Command(s):/usr/bin/make -f Makefile cmTC_e3d40/fast && /usr/bin/make  -f CMakeFiles/cmTC_e3d40.dir/build.make CMakeFiles/cmTC_e3d40.dir/build
make[1]: Entering directory '/home/sangjun/gcamp_ros2_ws/build/slam_gmapping/CMakeFiles/CMakeScratch/TryCompile-J7tGof'
Building C object CMakeFiles/cmTC_e3d40.dir/CheckFunctionExists.c.o
/usr/bin/cc   -DCHECK_FUNCTION_EXISTS=pthread_create -o CMakeFiles/cmTC_e3d40.dir/CheckFunctionExists.c.o -c /home/sangjun/gcamp_ros2_ws/build/slam_gmapping/CMakeFiles/CMakeScratch/TryCompile-J7tGof/CheckFunctionExists.c
Linking C executable cmTC_e3d40
/usr/local/bin/cmake -E cmake_link_script CMakeFiles/cmTC_e3d40.dir/link.txt --verbose=1
/usr/bin/cc  -DCHECK_FUNCTION_EXISTS=pthread_create CMakeFiles/cmTC_e3d40.dir/CheckFunctionExists.c.o -o cmTC_e3d40  -lpthreads 
/usr/bin/ld: cannot find -lpthreads
collect2: error: ld returned 1 exit status
make[1]: *** [CMakeFiles/cmTC_e3d40.dir/build.make:99: cmTC_e3d40] Error 1
make[1]: Leaving directory '/home/sangjun/gcamp_ros2_ws/build/slam_gmapping/CMakeFiles/CMakeScratch/TryCompile-J7tGof'
make: *** [Makefile:127: cmTC_e3d40/fast] Error 2



