[1.522s] Invoking command in '/home/sangjun/gcamp_ros2_ws/build/py_topic_pkg': PYTHONPATH=/home/sangjun/gcamp_ros2_ws/build/py_topic_pkg/prefix_override:/home/sangjun/gcamp_ros2_ws/install/py_topic_pkg/lib/python3.8/site-packages:${PYTHONPATH} /usr/bin/python3 setup.py develop --editable --build-directory /home/sangjun/gcamp_ros2_ws/build/py_topic_pkg/build --no-deps install_data
[1.851s] running develop
[2.008s] running egg_info
[2.008s] writing py_topic_pkg.egg-info/PKG-INFO
[2.008s] writing dependency_links to py_topic_pkg.egg-info/dependency_links.txt
[2.009s] writing entry points to py_topic_pkg.egg-info/entry_points.txt
[2.009s] writing requirements to py_topic_pkg.egg-info/requires.txt
[2.009s] writing top-level names to py_topic_pkg.egg-info/top_level.txt
[2.047s] reading manifest file 'py_topic_pkg.egg-info/SOURCES.txt'
[2.048s] writing manifest file 'py_topic_pkg.egg-info/SOURCES.txt'
[2.088s] running build_ext
[2.089s] Creating /home/sangjun/gcamp_ros2_ws/install/py_topic_pkg/lib/python3.8/site-packages/py-topic-pkg.egg-link (link to .)
[2.090s] Installing autobot_node script to /home/sangjun/gcamp_ros2_ws/install/py_topic_pkg/lib/py_topic_pkg
[2.090s] Installing cmd_vel_pub_node script to /home/sangjun/gcamp_ros2_ws/install/py_topic_pkg/lib/py_topic_pkg
[2.090s] Installing endless_cmd_vel_pub_node script to /home/sangjun/gcamp_ros2_ws/install/py_topic_pkg/lib/py_topic_pkg
[2.090s] Installing laser_raw_node script to /home/sangjun/gcamp_ros2_ws/install/py_topic_pkg/lib/py_topic_pkg
[2.091s] Installing laser_sub_node script to /home/sangjun/gcamp_ros2_ws/install/py_topic_pkg/lib/py_topic_pkg
[2.091s] Installing parking_node script to /home/sangjun/gcamp_ros2_ws/install/py_topic_pkg/lib/py_topic_pkg
[2.091s] 
[2.091s] Installed /home/sangjun/gcamp_ros2_ws/build/py_topic_pkg
[2.091s] running install_data
[2.152s] Invoked command in '/home/sangjun/gcamp_ros2_ws/build/py_topic_pkg' returned '0': PYTHONPATH=/home/sangjun/gcamp_ros2_ws/build/py_topic_pkg/prefix_override:/home/sangjun/gcamp_ros2_ws/install/py_topic_pkg/lib/python3.8/site-packages:${PYTHONPATH} /usr/bin/python3 setup.py develop --editable --build-directory /home/sangjun/gcamp_ros2_ws/build/py_topic_pkg/build --no-deps install_data
