[0.030s] Invoking command in '/home/sangjun/gcamp_ros2_ws/build/cpp_action_pkg': AMENT_PREFIX_PATH=/home/sangjun/gcamp_ros2_ws/install/custom_interfaces:${AMENT_PREFIX_PATH} CMAKE_PREFIX_PATH=/home/sangjun/gcamp_ros2_ws/install/custom_interfaces:/home/sangjun/gcamp_ros2_ws/install/gcamp_gazebo:/opt/ros/foxy LD_LIBRARY_PATH=/home/sangjun/gcamp_ros2_ws/install/custom_interfaces/lib:/usr/lib/x86_64-linux-gnu/gazebo-11/plugins:/opt/ros/foxy/opt/yaml_cpp_vendor/lib:/opt/ros/foxy/opt/rviz_ogre_vendor/lib:/opt/ros/foxy/lib/x86_64-linux-gnu:/opt/ros/foxy/lib:/raisim/linux/lib PYTHONPATH=/home/sangjun/gcamp_ros2_ws/install/custom_interfaces/lib/python3.8/site-packages:/opt/ros/foxy/lib/python3.8/site-packages:/raisim/linux/lib /usr/local/bin/cmake /home/sangjun/gcamp_ros2_ws/src/gcamp_ros2_basic/cpp_action_pkg -DAMENT_CMAKE_SYMLINK_INSTALL=1 -DCMAKE_INSTALL_PREFIX=/home/sangjun/gcamp_ros2_ws/install/cpp_action_pkg
[0.201s] -- The C compiler identification is GNU 9.4.0
[0.201s] -- The CXX compiler identification is GNU 9.4.0
[0.202s] -- Detecting C compiler ABI info
[0.203s] -- Detecting C compiler ABI info - done
[0.203s] -- Check for working C compiler: /usr/bin/cc - skipped
[0.203s] -- Detecting C compile features
[0.203s] -- Detecting C compile features - done
[0.207s] -- Detecting CXX compiler ABI info
[0.260s] -- Detecting CXX compiler ABI info - done
[0.267s] -- Check for working CXX compiler: /usr/bin/c++ - skipped
[0.267s] -- Detecting CXX compile features
[0.268s] -- Detecting CXX compile features - done
[0.270s] -- Found ament_cmake: 0.9.11 (/opt/ros/foxy/share/ament_cmake/cmake)
[0.290s] -- Found PythonInterp: /usr/bin/python3 (found suitable version "3.8.10", minimum required is "3") 
[0.290s] -- Using PYTHON_EXECUTABLE: /usr/bin/python3
[0.412s] -- Override CMake install command with custom implementation using symlinks instead of copying resources
[0.438s] -- Found rclcpp: 2.4.2 (/opt/ros/foxy/share/rclcpp/cmake)
[0.487s] -- Using all available rosidl_typesupport_c: rosidl_typesupport_fastrtps_c;rosidl_typesupport_introspection_c
[0.495s] -- Found rosidl_adapter: 1.3.0 (/opt/ros/foxy/share/rosidl_adapter/cmake)
[0.559s] -- Found OpenSSL: /usr/lib/x86_64-linux-gnu/libcrypto.so (found version "1.1.1f")  
[0.591s] -- Found FastRTPS: /opt/ros/foxy/include  
[0.650s] -- Using all available rosidl_typesupport_cpp: rosidl_typesupport_fastrtps_cpp;rosidl_typesupport_introspection_cpp
[0.689s] -- Found rmw_implementation_cmake: 1.0.3 (/opt/ros/foxy/share/rmw_implementation_cmake/cmake)
[0.690s] -- Using RMW implementation 'rmw_fastrtps_cpp' as default
[0.691s] -- Performing Test CMAKE_HAVE_LIBC_PTHREAD
[0.742s] -- Performing Test CMAKE_HAVE_LIBC_PTHREAD - Failed
[0.742s] -- Looking for pthread_create in pthreads
[0.781s] -- Looking for pthread_create in pthreads - not found
[0.781s] -- Looking for pthread_create in pthread
[0.825s] -- Looking for pthread_create in pthread - found
[0.826s] -- Found Threads: TRUE  
[0.938s] -- Found rclcpp_action: 2.4.2 (/opt/ros/foxy/share/rclcpp_action/cmake)
[0.994s] -- Found rclcpp_components: 2.4.2 (/opt/ros/foxy/share/rclcpp_components/cmake)
[1.037s] -- Found custom_interfaces: 0.0.0 (/home/sangjun/gcamp_ros2_ws/install/custom_interfaces/share/custom_interfaces/cmake)
[1.074s] -- Found ament_lint_auto: 0.9.7 (/opt/ros/foxy/share/ament_lint_auto/cmake)
[1.131s] -- Added test 'copyright' to check source files copyright and LICENSE
[1.132s] -- Added test 'cppcheck' to perform static code analysis on C / C++ code
[1.132s] -- Configured cppcheck include dirs: 
[1.132s] -- Configured cppcheck exclude dirs and/or files: 
[1.132s] -- Added test 'cpplint' to check C / C++ code against the Google style
[1.133s] -- Configured cpplint exclude dirs and/or files: 
[1.133s] -- Added test 'lint_cmake' to check CMake code style
[1.133s] -- Added test 'uncrustify' to check C / C++ code style
[1.133s] -- Configured uncrustify additional arguments: 
[1.134s] -- Added test 'xmllint' to check XML markup files
[1.135s] -- Configuring done
[1.150s] -- Generating done
[1.153s] -- Build files have been written to: /home/sangjun/gcamp_ros2_ws/build/cpp_action_pkg
[1.160s] Invoked command in '/home/sangjun/gcamp_ros2_ws/build/cpp_action_pkg' returned '0': AMENT_PREFIX_PATH=/home/sangjun/gcamp_ros2_ws/install/custom_interfaces:${AMENT_PREFIX_PATH} CMAKE_PREFIX_PATH=/home/sangjun/gcamp_ros2_ws/install/custom_interfaces:/home/sangjun/gcamp_ros2_ws/install/gcamp_gazebo:/opt/ros/foxy LD_LIBRARY_PATH=/home/sangjun/gcamp_ros2_ws/install/custom_interfaces/lib:/usr/lib/x86_64-linux-gnu/gazebo-11/plugins:/opt/ros/foxy/opt/yaml_cpp_vendor/lib:/opt/ros/foxy/opt/rviz_ogre_vendor/lib:/opt/ros/foxy/lib/x86_64-linux-gnu:/opt/ros/foxy/lib:/raisim/linux/lib PYTHONPATH=/home/sangjun/gcamp_ros2_ws/install/custom_interfaces/lib/python3.8/site-packages:/opt/ros/foxy/lib/python3.8/site-packages:/raisim/linux/lib /usr/local/bin/cmake /home/sangjun/gcamp_ros2_ws/src/gcamp_ros2_basic/cpp_action_pkg -DAMENT_CMAKE_SYMLINK_INSTALL=1 -DCMAKE_INSTALL_PREFIX=/home/sangjun/gcamp_ros2_ws/install/cpp_action_pkg
[1.163s] Invoking command in '/home/sangjun/gcamp_ros2_ws/build/cpp_action_pkg': AMENT_PREFIX_PATH=/home/sangjun/gcamp_ros2_ws/install/custom_interfaces:${AMENT_PREFIX_PATH} CMAKE_PREFIX_PATH=/home/sangjun/gcamp_ros2_ws/install/custom_interfaces:/home/sangjun/gcamp_ros2_ws/install/gcamp_gazebo:/opt/ros/foxy LD_LIBRARY_PATH=/home/sangjun/gcamp_ros2_ws/install/custom_interfaces/lib:/usr/lib/x86_64-linux-gnu/gazebo-11/plugins:/opt/ros/foxy/opt/yaml_cpp_vendor/lib:/opt/ros/foxy/opt/rviz_ogre_vendor/lib:/opt/ros/foxy/lib/x86_64-linux-gnu:/opt/ros/foxy/lib:/raisim/linux/lib PYTHONPATH=/home/sangjun/gcamp_ros2_ws/install/custom_interfaces/lib/python3.8/site-packages:/opt/ros/foxy/lib/python3.8/site-packages:/raisim/linux/lib /usr/local/bin/cmake --build /home/sangjun/gcamp_ros2_ws/build/cpp_action_pkg -- -j8 -l8
[1.182s] [ 12%] [32mBuilding CXX object CMakeFiles/fibonacci_action_client_node.dir/src/fibonacci_action_client.cpp.o[0m
[1.183s] [ 25%] [32mBuilding CXX object CMakeFiles/fibonacci_action_server_node.dir/src/fibonacci_action_server.cpp.o[0m
[1.183s] [ 37%] [32mBuilding CXX object CMakeFiles/fibonacci_action_client_oop_node.dir/src/fibonacci_action_client_oop.cpp.o[0m
[1.185s] [ 50%] [32mBuilding CXX object CMakeFiles/fibonacci_action_server_oop_node.dir/src/fibonacci_action_server_oop.cpp.o[0m
[4.266s] [ 62%] [32m[1mLinking CXX executable fibonacci_action_server_node[0m
[4.403s] [ 62%] Built target fibonacci_action_server_node
[4.581s] [ 75%] [32m[1mLinking CXX executable fibonacci_action_server_oop_node[0m
[4.696s] [ 75%] Built target fibonacci_action_server_oop_node
[4.816s] [ 87%] [32m[1mLinking CXX executable fibonacci_action_client_node[0m
[4.943s] [ 87%] Built target fibonacci_action_client_node
[5.022s] [100%] [32m[1mLinking CXX executable fibonacci_action_client_oop_node[0m
[5.154s] [100%] Built target fibonacci_action_client_oop_node
[5.159s] Invoked command in '/home/sangjun/gcamp_ros2_ws/build/cpp_action_pkg' returned '0': AMENT_PREFIX_PATH=/home/sangjun/gcamp_ros2_ws/install/custom_interfaces:${AMENT_PREFIX_PATH} CMAKE_PREFIX_PATH=/home/sangjun/gcamp_ros2_ws/install/custom_interfaces:/home/sangjun/gcamp_ros2_ws/install/gcamp_gazebo:/opt/ros/foxy LD_LIBRARY_PATH=/home/sangjun/gcamp_ros2_ws/install/custom_interfaces/lib:/usr/lib/x86_64-linux-gnu/gazebo-11/plugins:/opt/ros/foxy/opt/yaml_cpp_vendor/lib:/opt/ros/foxy/opt/rviz_ogre_vendor/lib:/opt/ros/foxy/lib/x86_64-linux-gnu:/opt/ros/foxy/lib:/raisim/linux/lib PYTHONPATH=/home/sangjun/gcamp_ros2_ws/install/custom_interfaces/lib/python3.8/site-packages:/opt/ros/foxy/lib/python3.8/site-packages:/raisim/linux/lib /usr/local/bin/cmake --build /home/sangjun/gcamp_ros2_ws/build/cpp_action_pkg -- -j8 -l8
[5.182s] Invoking command in '/home/sangjun/gcamp_ros2_ws/build/cpp_action_pkg': AMENT_PREFIX_PATH=/home/sangjun/gcamp_ros2_ws/install/custom_interfaces:${AMENT_PREFIX_PATH} CMAKE_PREFIX_PATH=/home/sangjun/gcamp_ros2_ws/install/custom_interfaces:/home/sangjun/gcamp_ros2_ws/install/gcamp_gazebo:/opt/ros/foxy LD_LIBRARY_PATH=/home/sangjun/gcamp_ros2_ws/install/custom_interfaces/lib:/usr/lib/x86_64-linux-gnu/gazebo-11/plugins:/opt/ros/foxy/opt/yaml_cpp_vendor/lib:/opt/ros/foxy/opt/rviz_ogre_vendor/lib:/opt/ros/foxy/lib/x86_64-linux-gnu:/opt/ros/foxy/lib:/raisim/linux/lib PYTHONPATH=/home/sangjun/gcamp_ros2_ws/install/custom_interfaces/lib/python3.8/site-packages:/opt/ros/foxy/lib/python3.8/site-packages:/raisim/linux/lib /usr/local/bin/cmake --install /home/sangjun/gcamp_ros2_ws/build/cpp_action_pkg
[5.186s] -- Install configuration: ""
[5.187s] -- Execute custom install script
[5.187s] -- Symlinking: /home/sangjun/gcamp_ros2_ws/install/cpp_action_pkg/lib/cpp_action_pkg/fibonacci_action_client_node
[5.190s] -- Symlinking: /home/sangjun/gcamp_ros2_ws/install/cpp_action_pkg/lib/cpp_action_pkg/fibonacci_action_client_oop_node
[5.194s] -- Symlinking: /home/sangjun/gcamp_ros2_ws/install/cpp_action_pkg/lib/cpp_action_pkg/fibonacci_action_server_node
[5.197s] -- Symlinking: /home/sangjun/gcamp_ros2_ws/install/cpp_action_pkg/lib/cpp_action_pkg/fibonacci_action_server_oop_node
[5.199s] -- Symlinking: /home/sangjun/gcamp_ros2_ws/install/cpp_action_pkg/share/ament_index/resource_index/package_run_dependencies/cpp_action_pkg
[5.201s] -- Symlinking: /home/sangjun/gcamp_ros2_ws/install/cpp_action_pkg/share/ament_index/resource_index/parent_prefix_path/cpp_action_pkg
[5.203s] -- Symlinking: /home/sangjun/gcamp_ros2_ws/install/cpp_action_pkg/share/cpp_action_pkg/environment/ament_prefix_path.sh
[5.206s] -- Symlinking: /home/sangjun/gcamp_ros2_ws/install/cpp_action_pkg/share/cpp_action_pkg/environment/ament_prefix_path.dsv
[5.208s] -- Symlinking: /home/sangjun/gcamp_ros2_ws/install/cpp_action_pkg/share/cpp_action_pkg/environment/path.sh
[5.210s] -- Symlinking: /home/sangjun/gcamp_ros2_ws/install/cpp_action_pkg/share/cpp_action_pkg/environment/path.dsv
[5.212s] -- Symlinking: /home/sangjun/gcamp_ros2_ws/install/cpp_action_pkg/share/cpp_action_pkg/local_setup.bash
[5.214s] -- Symlinking: /home/sangjun/gcamp_ros2_ws/install/cpp_action_pkg/share/cpp_action_pkg/local_setup.sh
[5.216s] -- Symlinking: /home/sangjun/gcamp_ros2_ws/install/cpp_action_pkg/share/cpp_action_pkg/local_setup.zsh
[5.218s] -- Symlinking: /home/sangjun/gcamp_ros2_ws/install/cpp_action_pkg/share/cpp_action_pkg/local_setup.dsv
[5.219s] -- Symlinking: /home/sangjun/gcamp_ros2_ws/install/cpp_action_pkg/share/cpp_action_pkg/package.dsv
[5.221s] -- Symlinking: /home/sangjun/gcamp_ros2_ws/install/cpp_action_pkg/share/ament_index/resource_index/packages/cpp_action_pkg
[5.225s] -- Symlinking: /home/sangjun/gcamp_ros2_ws/install/cpp_action_pkg/share/cpp_action_pkg/cmake/cpp_action_pkgConfig.cmake
[5.228s] -- Symlinking: /home/sangjun/gcamp_ros2_ws/install/cpp_action_pkg/share/cpp_action_pkg/cmake/cpp_action_pkgConfig-version.cmake
[5.230s] -- Symlinking: /home/sangjun/gcamp_ros2_ws/install/cpp_action_pkg/share/cpp_action_pkg/package.xml
[5.236s] Invoked command in '/home/sangjun/gcamp_ros2_ws/build/cpp_action_pkg' returned '0': AMENT_PREFIX_PATH=/home/sangjun/gcamp_ros2_ws/install/custom_interfaces:${AMENT_PREFIX_PATH} CMAKE_PREFIX_PATH=/home/sangjun/gcamp_ros2_ws/install/custom_interfaces:/home/sangjun/gcamp_ros2_ws/install/gcamp_gazebo:/opt/ros/foxy LD_LIBRARY_PATH=/home/sangjun/gcamp_ros2_ws/install/custom_interfaces/lib:/usr/lib/x86_64-linux-gnu/gazebo-11/plugins:/opt/ros/foxy/opt/yaml_cpp_vendor/lib:/opt/ros/foxy/opt/rviz_ogre_vendor/lib:/opt/ros/foxy/lib/x86_64-linux-gnu:/opt/ros/foxy/lib:/raisim/linux/lib PYTHONPATH=/home/sangjun/gcamp_ros2_ws/install/custom_interfaces/lib/python3.8/site-packages:/opt/ros/foxy/lib/python3.8/site-packages:/raisim/linux/lib /usr/local/bin/cmake --install /home/sangjun/gcamp_ros2_ws/build/cpp_action_pkg
