Performing C SOURCE FILE Test CMAKE_HAVE_LIBC_PTHREAD failed with the following output:
Change Dir: /home/sangjun/gcamp_ros2_ws/build/cpp_param_pkg/CMakeFiles/CMakeScratch/TryCompile-CjzRSV

Run Build Command(s):/usr/bin/make -f Makefile cmTC_cd76b/fast && /usr/bin/make  -f CMakeFiles/cmTC_cd76b.dir/build.make CMakeFiles/cmTC_cd76b.dir/build
make[1]: Entering directory '/home/sangjun/gcamp_ros2_ws/build/cpp_param_pkg/CMakeFiles/CMakeScratch/TryCompile-CjzRSV'
Building C object CMakeFiles/cmTC_cd76b.dir/src.c.o
/usr/bin/cc -DCMAKE_HAVE_LIBC_PTHREAD   -o CMakeFiles/cmTC_cd76b.dir/src.c.o -c /home/sangjun/gcamp_ros2_ws/build/cpp_param_pkg/CMakeFiles/CMakeScratch/TryCompile-CjzRSV/src.c
Linking C executable cmTC_cd76b
/usr/local/bin/cmake -E cmake_link_script CMakeFiles/cmTC_cd76b.dir/link.txt --verbose=1
/usr/bin/cc CMakeFiles/cmTC_cd76b.dir/src.c.o -o cmTC_cd76b 
/usr/bin/ld: CMakeFiles/cmTC_cd76b.dir/src.c.o: in function `main':
src.c:(.text+0x46): undefined reference to `pthread_create'
/usr/bin/ld: src.c:(.text+0x52): undefined reference to `pthread_detach'
/usr/bin/ld: src.c:(.text+0x5e): undefined reference to `pthread_cancel'
/usr/bin/ld: src.c:(.text+0x6f): undefined reference to `pthread_join'
collect2: error: ld returned 1 exit status
make[1]: *** [CMakeFiles/cmTC_cd76b.dir/build.make:99: cmTC_cd76b] Error 1
make[1]: Leaving directory '/home/sangjun/gcamp_ros2_ws/build/cpp_param_pkg/CMakeFiles/CMakeScratch/TryCompile-CjzRSV'
make: *** [Makefile:127: cmTC_cd76b/fast] Error 2


Source file was:
#include <pthread.h>

static void* test_func(void* data)
{
  return data;
}

int main(void)
{
  pthread_t thread;
  pthread_create(&thread, NULL, test_func, NULL);
  pthread_detach(thread);
  pthread_cancel(thread);
  pthread_join(thread, NULL);
  pthread_atfork(NULL, NULL, NULL);
  pthread_exit(NULL);

  return 0;
}


Determining if the function pthread_create exists in the pthreads failed with the following output:
Change Dir: /home/sangjun/gcamp_ros2_ws/build/cpp_param_pkg/CMakeFiles/CMakeScratch/TryCompile-4XDcST

Run Build Command(s):/usr/bin/make -f Makefile cmTC_d2fef/fast && /usr/bin/make  -f CMakeFiles/cmTC_d2fef.dir/build.make CMakeFiles/cmTC_d2fef.dir/build
make[1]: Entering directory '/home/sangjun/gcamp_ros2_ws/build/cpp_param_pkg/CMakeFiles/CMakeScratch/TryCompile-4XDcST'
Building C object CMakeFiles/cmTC_d2fef.dir/CheckFunctionExists.c.o
/usr/bin/cc   -DCHECK_FUNCTION_EXISTS=pthread_create -o CMakeFiles/cmTC_d2fef.dir/CheckFunctionExists.c.o -c /home/sangjun/gcamp_ros2_ws/build/cpp_param_pkg/CMakeFiles/CMakeScratch/TryCompile-4XDcST/CheckFunctionExists.c
Linking C executable cmTC_d2fef
/usr/local/bin/cmake -E cmake_link_script CMakeFiles/cmTC_d2fef.dir/link.txt --verbose=1
/usr/bin/cc  -DCHECK_FUNCTION_EXISTS=pthread_create CMakeFiles/cmTC_d2fef.dir/CheckFunctionExists.c.o -o cmTC_d2fef  -lpthreads 
/usr/bin/ld: cannot find -lpthreads
collect2: error: ld returned 1 exit status
make[1]: *** [CMakeFiles/cmTC_d2fef.dir/build.make:99: cmTC_d2fef] Error 1
make[1]: Leaving directory '/home/sangjun/gcamp_ros2_ws/build/cpp_param_pkg/CMakeFiles/CMakeScratch/TryCompile-4XDcST'
make: *** [Makefile:127: cmTC_d2fef/fast] Error 2



