[0.668s] Invoking command in '/home/sangjun/gcamp_ros2_ws/build/py_topic_pkg': PYTHONPATH=/home/sangjun/gcamp_ros2_ws/build/py_topic_pkg/prefix_override:/home/sangjun/gcamp_ros2_ws/install/py_topic_pkg/lib/python3.8/site-packages:${PYTHONPATH} /usr/bin/python3 setup.py develop --editable --build-directory /home/sangjun/gcamp_ros2_ws/build/py_topic_pkg/build --no-deps install_data
[0.853s] running develop
[0.944s] running egg_info
[0.944s] writing py_topic_pkg.egg-info/PKG-INFO
[0.944s] writing dependency_links to py_topic_pkg.egg-info/dependency_links.txt
[0.944s] writing entry points to py_topic_pkg.egg-info/entry_points.txt
[0.944s] writing requirements to py_topic_pkg.egg-info/requires.txt
[0.945s] writing top-level names to py_topic_pkg.egg-info/top_level.txt
[0.973s] reading manifest file 'py_topic_pkg.egg-info/SOURCES.txt'
[0.973s] writing manifest file 'py_topic_pkg.egg-info/SOURCES.txt'
[1.004s] running build_ext
[1.004s] Creating /home/sangjun/gcamp_ros2_ws/install/py_topic_pkg/lib/python3.8/site-packages/py-topic-pkg.egg-link (link to .)
[1.005s] Installing cmd_vel_pub_node script to /home/sangjun/gcamp_ros2_ws/install/py_topic_pkg/lib/py_topic_pkg
[1.005s] Installing endless_cmd_vel_pub_node script to /home/sangjun/gcamp_ros2_ws/install/py_topic_pkg/lib/py_topic_pkg
[1.005s] Installing laser_raw_node script to /home/sangjun/gcamp_ros2_ws/install/py_topic_pkg/lib/py_topic_pkg
[1.005s] Installing laser_sub_node script to /home/sangjun/gcamp_ros2_ws/install/py_topic_pkg/lib/py_topic_pkg
[1.006s] Installing parking_node script to /home/sangjun/gcamp_ros2_ws/install/py_topic_pkg/lib/py_topic_pkg
[1.006s] 
[1.006s] Installed /home/sangjun/gcamp_ros2_ws/build/py_topic_pkg
[1.006s] running install_data
[1.039s] Invoked command in '/home/sangjun/gcamp_ros2_ws/build/py_topic_pkg' returned '0': PYTHONPATH=/home/sangjun/gcamp_ros2_ws/build/py_topic_pkg/prefix_override:/home/sangjun/gcamp_ros2_ws/install/py_topic_pkg/lib/python3.8/site-packages:${PYTHONPATH} /usr/bin/python3 setup.py develop --editable --build-directory /home/sangjun/gcamp_ros2_ws/build/py_topic_pkg/build --no-deps install_data
