[0.045s] Invoking command in '/home/sangjun/gcamp_ros2_ws/build/cpp_topic_pkg': CMAKE_PREFIX_PATH=${CMAKE_PREFIX_PATH}:/home/sangjun/gcamp_ros2_ws/install/py_topic_pkg:/home/sangjun/gcamp_ros2_ws/install/py_service_pkg:/home/sangjun/gcamp_ros2_ws/install/py_first_pkg:/home/sangjun/gcamp_ros2_ws/install/py_action_pkg:/opt/ros/foxy /usr/local/bin/cmake --build /home/sangjun/gcamp_ros2_ws/build/cpp_topic_pkg -- -j8 -l8
[0.085s] [ 14%] Built target laser_sub_node
[0.090s] [ 21%] [32mBuilding CXX object CMakeFiles/parking_node.dir/src/parking.cpp.o[0m
[0.094s] [ 35%] Built target cmd_vel_pub_node
[0.098s] [ 50%] Built target topic_pub_node
[0.099s] [ 64%] Built target topic_sub_node
[0.101s] [ 78%] Built target topic_sub_oop_node
[0.102s] [ 92%] Built target topic_pub_oop_node
[3.920s] [100%] [32m[1mLinking CXX executable parking_node[0m
[4.075s] [100%] Built target parking_node
[4.080s] Invoked command in '/home/sangjun/gcamp_ros2_ws/build/cpp_topic_pkg' returned '0': CMAKE_PREFIX_PATH=${CMAKE_PREFIX_PATH}:/home/sangjun/gcamp_ros2_ws/install/py_topic_pkg:/home/sangjun/gcamp_ros2_ws/install/py_service_pkg:/home/sangjun/gcamp_ros2_ws/install/py_first_pkg:/home/sangjun/gcamp_ros2_ws/install/py_action_pkg:/opt/ros/foxy /usr/local/bin/cmake --build /home/sangjun/gcamp_ros2_ws/build/cpp_topic_pkg -- -j8 -l8
[4.113s] Invoking command in '/home/sangjun/gcamp_ros2_ws/build/cpp_topic_pkg': CMAKE_PREFIX_PATH=${CMAKE_PREFIX_PATH}:/home/sangjun/gcamp_ros2_ws/install/py_topic_pkg:/home/sangjun/gcamp_ros2_ws/install/py_service_pkg:/home/sangjun/gcamp_ros2_ws/install/py_first_pkg:/home/sangjun/gcamp_ros2_ws/install/py_action_pkg:/opt/ros/foxy /usr/local/bin/cmake --install /home/sangjun/gcamp_ros2_ws/build/cpp_topic_pkg
[4.117s] -- Install configuration: ""
[4.117s] -- Execute custom install script
[4.117s] -- Up-to-date symlink: /home/sangjun/gcamp_ros2_ws/install/cpp_topic_pkg/lib/cpp_topic_pkg/cmd_vel_pub_node
[4.118s] -- Up-to-date symlink: /home/sangjun/gcamp_ros2_ws/install/cpp_topic_pkg/lib/cpp_topic_pkg/laser_sub_node
[4.118s] -- Up-to-date symlink: /home/sangjun/gcamp_ros2_ws/install/cpp_topic_pkg/lib/cpp_topic_pkg/parking_node
[4.118s] -- Up-to-date symlink: /home/sangjun/gcamp_ros2_ws/install/cpp_topic_pkg/lib/cpp_topic_pkg/topic_pub_node
[4.118s] -- Up-to-date symlink: /home/sangjun/gcamp_ros2_ws/install/cpp_topic_pkg/lib/cpp_topic_pkg/topic_pub_oop_node
[4.119s] -- Up-to-date symlink: /home/sangjun/gcamp_ros2_ws/install/cpp_topic_pkg/lib/cpp_topic_pkg/topic_sub_node
[4.119s] -- Up-to-date symlink: /home/sangjun/gcamp_ros2_ws/install/cpp_topic_pkg/lib/cpp_topic_pkg/topic_sub_oop_node
[4.119s] -- Up-to-date symlink: /home/sangjun/gcamp_ros2_ws/install/cpp_topic_pkg/share/ament_index/resource_index/package_run_dependencies/cpp_topic_pkg
[4.119s] -- Up-to-date symlink: /home/sangjun/gcamp_ros2_ws/install/cpp_topic_pkg/share/ament_index/resource_index/parent_prefix_path/cpp_topic_pkg
[4.120s] -- Up-to-date symlink: /home/sangjun/gcamp_ros2_ws/install/cpp_topic_pkg/share/cpp_topic_pkg/environment/ament_prefix_path.sh
[4.120s] -- Up-to-date symlink: /home/sangjun/gcamp_ros2_ws/install/cpp_topic_pkg/share/cpp_topic_pkg/environment/ament_prefix_path.dsv
[4.120s] -- Up-to-date symlink: /home/sangjun/gcamp_ros2_ws/install/cpp_topic_pkg/share/cpp_topic_pkg/environment/path.sh
[4.120s] -- Up-to-date symlink: /home/sangjun/gcamp_ros2_ws/install/cpp_topic_pkg/share/cpp_topic_pkg/environment/path.dsv
[4.120s] -- Up-to-date symlink: /home/sangjun/gcamp_ros2_ws/install/cpp_topic_pkg/share/cpp_topic_pkg/local_setup.bash
[4.120s] -- Up-to-date symlink: /home/sangjun/gcamp_ros2_ws/install/cpp_topic_pkg/share/cpp_topic_pkg/local_setup.sh
[4.121s] -- Up-to-date symlink: /home/sangjun/gcamp_ros2_ws/install/cpp_topic_pkg/share/cpp_topic_pkg/local_setup.zsh
[4.121s] -- Up-to-date symlink: /home/sangjun/gcamp_ros2_ws/install/cpp_topic_pkg/share/cpp_topic_pkg/local_setup.dsv
[4.121s] -- Symlinking: /home/sangjun/gcamp_ros2_ws/install/cpp_topic_pkg/share/cpp_topic_pkg/package.dsv
[4.124s] -- Up-to-date symlink: /home/sangjun/gcamp_ros2_ws/install/cpp_topic_pkg/share/ament_index/resource_index/packages/cpp_topic_pkg
[4.124s] -- Up-to-date symlink: /home/sangjun/gcamp_ros2_ws/install/cpp_topic_pkg/share/cpp_topic_pkg/cmake/cpp_topic_pkgConfig.cmake
[4.124s] -- Up-to-date symlink: /home/sangjun/gcamp_ros2_ws/install/cpp_topic_pkg/share/cpp_topic_pkg/cmake/cpp_topic_pkgConfig-version.cmake
[4.124s] -- Up-to-date symlink: /home/sangjun/gcamp_ros2_ws/install/cpp_topic_pkg/share/cpp_topic_pkg/package.xml
[4.128s] Invoked command in '/home/sangjun/gcamp_ros2_ws/build/cpp_topic_pkg' returned '0': CMAKE_PREFIX_PATH=${CMAKE_PREFIX_PATH}:/home/sangjun/gcamp_ros2_ws/install/py_topic_pkg:/home/sangjun/gcamp_ros2_ws/install/py_service_pkg:/home/sangjun/gcamp_ros2_ws/install/py_first_pkg:/home/sangjun/gcamp_ros2_ws/install/py_action_pkg:/opt/ros/foxy /usr/local/bin/cmake --install /home/sangjun/gcamp_ros2_ws/build/cpp_topic_pkg
