[0.138s] DEBUG:colcon:Command line arguments: ['/usr/bin/colcon', 'build', '--symlink-install']
[0.138s] DEBUG:colcon:Parsed command line arguments: Namespace(allow_overriding=[], ament_cmake_args=None, base_paths=['.'], build_base='build', catkin_cmake_args=None, catkin_skip_building_tests=False, cmake_args=None, cmake_clean_cache=False, cmake_clean_first=False, cmake_force_configure=False, cmake_target=None, cmake_target_skip_unavailable=False, continue_on_error=False, event_handlers=None, executor='parallel', ignore_user_meta=False, install_base='install', log_base=None, log_level=None, main=<bound method BuildVerb.main of <colcon_core.verb.build.BuildVerb object at 0x7fc1e79b2760>>, merge_install=False, metas=['./colcon.meta'], packages_above=None, packages_above_and_dependencies=None, packages_above_depth=None, packages_end=None, packages_ignore=None, packages_ignore_regex=None, packages_select=None, packages_select_build_failed=False, packages_select_by_dep=None, packages_select_regex=None, packages_select_test_failures=False, packages_skip=None, packages_skip_build_finished=False, packages_skip_by_dep=None, packages_skip_regex=None, packages_skip_test_passed=False, packages_skip_up_to=None, packages_start=None, packages_up_to=None, packages_up_to_regex=None, parallel_workers=8, paths=None, symlink_install=True, test_result_base=None, verb_extension=<colcon_core.verb.build.BuildVerb object at 0x7fc1e79b2760>, verb_name='build', verb_parser=<colcon_defaults.argument_parser.defaults.DefaultArgumentsDecorator object at 0x7fc1e79b2cd0>)
[0.160s] Level 1:colcon.colcon_core.package_discovery:discover_packages(colcon_meta) check parameters
[0.160s] Level 1:colcon.colcon_core.package_discovery:discover_packages(recursive) check parameters
[0.160s] Level 1:colcon.colcon_core.package_discovery:discover_packages(ignore) check parameters
[0.160s] Level 1:colcon.colcon_core.package_discovery:discover_packages(path) check parameters
[0.160s] Level 1:colcon.colcon_core.package_discovery:discover_packages(colcon_meta) discover
[0.160s] Level 1:colcon.colcon_core.package_discovery:discover_packages(recursive) discover
[0.160s] INFO:colcon.colcon_core.package_discovery:Crawling recursively for packages in '/home/sangjun/gcamp_ros2_ws'
[0.160s] Level 1:colcon.colcon_core.package_identification:_identify(.) by extensions ['ignore', 'ignore_ament_install']
[0.160s] Level 1:colcon.colcon_core.package_identification:_identify(.) by extension 'ignore'
[0.160s] Level 1:colcon.colcon_core.package_identification:_identify(.) by extension 'ignore_ament_install'
[0.160s] Level 1:colcon.colcon_core.package_identification:_identify(.) by extensions ['colcon_pkg']
[0.160s] Level 1:colcon.colcon_core.package_identification:_identify(.) by extension 'colcon_pkg'
[0.160s] Level 1:colcon.colcon_core.package_identification:_identify(.) by extensions ['colcon_meta']
[0.160s] Level 1:colcon.colcon_core.package_identification:_identify(.) by extension 'colcon_meta'
[0.160s] Level 1:colcon.colcon_core.package_identification:_identify(.) by extensions ['ros']
[0.160s] Level 1:colcon.colcon_core.package_identification:_identify(.) by extension 'ros'
[0.170s] Level 1:colcon.colcon_core.package_identification:_identify(.) by extensions ['cmake', 'python']
[0.170s] Level 1:colcon.colcon_core.package_identification:_identify(.) by extension 'cmake'
[0.170s] Level 1:colcon.colcon_core.package_identification:_identify(.) by extension 'python'
[0.170s] Level 1:colcon.colcon_core.package_identification:_identify(.) by extensions ['python_setup_py']
[0.170s] Level 1:colcon.colcon_core.package_identification:_identify(.) by extension 'python_setup_py'
[0.170s] Level 1:colcon.colcon_core.package_identification:_identify(build) by extensions ['ignore', 'ignore_ament_install']
[0.170s] Level 1:colcon.colcon_core.package_identification:_identify(build) by extension 'ignore'
[0.170s] Level 1:colcon.colcon_core.package_identification:_identify(build) ignored
[0.170s] Level 1:colcon.colcon_core.package_identification:_identify(install) by extensions ['ignore', 'ignore_ament_install']
[0.171s] Level 1:colcon.colcon_core.package_identification:_identify(install) by extension 'ignore'
[0.171s] Level 1:colcon.colcon_core.package_identification:_identify(install) ignored
[0.171s] Level 1:colcon.colcon_core.package_identification:_identify(log) by extensions ['ignore', 'ignore_ament_install']
[0.171s] Level 1:colcon.colcon_core.package_identification:_identify(log) by extension 'ignore'
[0.171s] Level 1:colcon.colcon_core.package_identification:_identify(log) ignored
[0.171s] Level 1:colcon.colcon_core.package_identification:_identify(src) by extensions ['ignore', 'ignore_ament_install']
[0.171s] Level 1:colcon.colcon_core.package_identification:_identify(src) by extension 'ignore'
[0.171s] Level 1:colcon.colcon_core.package_identification:_identify(src) by extension 'ignore_ament_install'
[0.171s] Level 1:colcon.colcon_core.package_identification:_identify(src) by extensions ['colcon_pkg']
[0.171s] Level 1:colcon.colcon_core.package_identification:_identify(src) by extension 'colcon_pkg'
[0.171s] Level 1:colcon.colcon_core.package_identification:_identify(src) by extensions ['colcon_meta']
[0.171s] Level 1:colcon.colcon_core.package_identification:_identify(src) by extension 'colcon_meta'
[0.171s] Level 1:colcon.colcon_core.package_identification:_identify(src) by extensions ['ros']
[0.171s] Level 1:colcon.colcon_core.package_identification:_identify(src) by extension 'ros'
[0.172s] Level 1:colcon.colcon_core.package_identification:_identify(src) by extensions ['cmake', 'python']
[0.172s] Level 1:colcon.colcon_core.package_identification:_identify(src) by extension 'cmake'
[0.172s] Level 1:colcon.colcon_core.package_identification:_identify(src) by extension 'python'
[0.172s] Level 1:colcon.colcon_core.package_identification:_identify(src) by extensions ['python_setup_py']
[0.172s] Level 1:colcon.colcon_core.package_identification:_identify(src) by extension 'python_setup_py'
[0.172s] Level 1:colcon.colcon_core.package_identification:_identify(src/gcamp_ros2_basic) by extensions ['ignore', 'ignore_ament_install']
[0.172s] Level 1:colcon.colcon_core.package_identification:_identify(src/gcamp_ros2_basic) by extension 'ignore'
[0.172s] Level 1:colcon.colcon_core.package_identification:_identify(src/gcamp_ros2_basic) by extension 'ignore_ament_install'
[0.172s] Level 1:colcon.colcon_core.package_identification:_identify(src/gcamp_ros2_basic) by extensions ['colcon_pkg']
[0.172s] Level 1:colcon.colcon_core.package_identification:_identify(src/gcamp_ros2_basic) by extension 'colcon_pkg'
[0.172s] Level 1:colcon.colcon_core.package_identification:_identify(src/gcamp_ros2_basic) by extensions ['colcon_meta']
[0.172s] Level 1:colcon.colcon_core.package_identification:_identify(src/gcamp_ros2_basic) by extension 'colcon_meta'
[0.172s] Level 1:colcon.colcon_core.package_identification:_identify(src/gcamp_ros2_basic) by extensions ['ros']
[0.172s] Level 1:colcon.colcon_core.package_identification:_identify(src/gcamp_ros2_basic) by extension 'ros'
[0.172s] Level 1:colcon.colcon_core.package_identification:_identify(src/gcamp_ros2_basic) by extensions ['cmake', 'python']
[0.172s] Level 1:colcon.colcon_core.package_identification:_identify(src/gcamp_ros2_basic) by extension 'cmake'
[0.172s] Level 1:colcon.colcon_core.package_identification:_identify(src/gcamp_ros2_basic) by extension 'python'
[0.172s] Level 1:colcon.colcon_core.package_identification:_identify(src/gcamp_ros2_basic) by extensions ['python_setup_py']
[0.172s] Level 1:colcon.colcon_core.package_identification:_identify(src/gcamp_ros2_basic) by extension 'python_setup_py'
[0.173s] Level 1:colcon.colcon_core.package_identification:_identify(src/gcamp_ros2_basic/cpp_action_pkg) by extensions ['ignore', 'ignore_ament_install']
[0.173s] Level 1:colcon.colcon_core.package_identification:_identify(src/gcamp_ros2_basic/cpp_action_pkg) by extension 'ignore'
[0.173s] Level 1:colcon.colcon_core.package_identification:_identify(src/gcamp_ros2_basic/cpp_action_pkg) by extension 'ignore_ament_install'
[0.173s] Level 1:colcon.colcon_core.package_identification:_identify(src/gcamp_ros2_basic/cpp_action_pkg) by extensions ['colcon_pkg']
[0.173s] Level 1:colcon.colcon_core.package_identification:_identify(src/gcamp_ros2_basic/cpp_action_pkg) by extension 'colcon_pkg'
[0.173s] Level 1:colcon.colcon_core.package_identification:_identify(src/gcamp_ros2_basic/cpp_action_pkg) by extensions ['colcon_meta']
[0.173s] Level 1:colcon.colcon_core.package_identification:_identify(src/gcamp_ros2_basic/cpp_action_pkg) by extension 'colcon_meta'
[0.173s] Level 1:colcon.colcon_core.package_identification:_identify(src/gcamp_ros2_basic/cpp_action_pkg) by extensions ['ros']
[0.173s] Level 1:colcon.colcon_core.package_identification:_identify(src/gcamp_ros2_basic/cpp_action_pkg) by extension 'ros'
[0.187s] DEBUG:colcon.colcon_core.package_identification:Package 'src/gcamp_ros2_basic/cpp_action_pkg' with type 'ros.ament_cmake' and name 'cpp_action_pkg'
[0.187s] Level 1:colcon.colcon_core.package_identification:_identify(src/gcamp_ros2_basic/cpp_first_pkg) by extensions ['ignore', 'ignore_ament_install']
[0.187s] Level 1:colcon.colcon_core.package_identification:_identify(src/gcamp_ros2_basic/cpp_first_pkg) by extension 'ignore'
[0.187s] Level 1:colcon.colcon_core.package_identification:_identify(src/gcamp_ros2_basic/cpp_first_pkg) by extension 'ignore_ament_install'
[0.187s] Level 1:colcon.colcon_core.package_identification:_identify(src/gcamp_ros2_basic/cpp_first_pkg) by extensions ['colcon_pkg']
[0.187s] Level 1:colcon.colcon_core.package_identification:_identify(src/gcamp_ros2_basic/cpp_first_pkg) by extension 'colcon_pkg'
[0.187s] Level 1:colcon.colcon_core.package_identification:_identify(src/gcamp_ros2_basic/cpp_first_pkg) by extensions ['colcon_meta']
[0.187s] Level 1:colcon.colcon_core.package_identification:_identify(src/gcamp_ros2_basic/cpp_first_pkg) by extension 'colcon_meta'
[0.187s] Level 1:colcon.colcon_core.package_identification:_identify(src/gcamp_ros2_basic/cpp_first_pkg) by extensions ['ros']
[0.187s] Level 1:colcon.colcon_core.package_identification:_identify(src/gcamp_ros2_basic/cpp_first_pkg) by extension 'ros'
[0.188s] DEBUG:colcon.colcon_core.package_identification:Package 'src/gcamp_ros2_basic/cpp_first_pkg' with type 'ros.ament_cmake' and name 'cpp_first_pkg'
[0.188s] Level 1:colcon.colcon_core.package_identification:_identify(src/gcamp_ros2_basic/cpp_param_pkg) by extensions ['ignore', 'ignore_ament_install']
[0.188s] Level 1:colcon.colcon_core.package_identification:_identify(src/gcamp_ros2_basic/cpp_param_pkg) by extension 'ignore'
[0.188s] Level 1:colcon.colcon_core.package_identification:_identify(src/gcamp_ros2_basic/cpp_param_pkg) by extension 'ignore_ament_install'
[0.188s] Level 1:colcon.colcon_core.package_identification:_identify(src/gcamp_ros2_basic/cpp_param_pkg) by extensions ['colcon_pkg']
[0.188s] Level 1:colcon.colcon_core.package_identification:_identify(src/gcamp_ros2_basic/cpp_param_pkg) by extension 'colcon_pkg'
[0.188s] Level 1:colcon.colcon_core.package_identification:_identify(src/gcamp_ros2_basic/cpp_param_pkg) by extensions ['colcon_meta']
[0.188s] Level 1:colcon.colcon_core.package_identification:_identify(src/gcamp_ros2_basic/cpp_param_pkg) by extension 'colcon_meta'
[0.188s] Level 1:colcon.colcon_core.package_identification:_identify(src/gcamp_ros2_basic/cpp_param_pkg) by extensions ['ros']
[0.188s] Level 1:colcon.colcon_core.package_identification:_identify(src/gcamp_ros2_basic/cpp_param_pkg) by extension 'ros'
[0.189s] DEBUG:colcon.colcon_core.package_identification:Package 'src/gcamp_ros2_basic/cpp_param_pkg' with type 'ros.ament_cmake' and name 'cpp_param_pkg'
[0.189s] Level 1:colcon.colcon_core.package_identification:_identify(src/gcamp_ros2_basic/cpp_service_pkg) by extensions ['ignore', 'ignore_ament_install']
[0.189s] Level 1:colcon.colcon_core.package_identification:_identify(src/gcamp_ros2_basic/cpp_service_pkg) by extension 'ignore'
[0.189s] Level 1:colcon.colcon_core.package_identification:_identify(src/gcamp_ros2_basic/cpp_service_pkg) by extension 'ignore_ament_install'
[0.189s] Level 1:colcon.colcon_core.package_identification:_identify(src/gcamp_ros2_basic/cpp_service_pkg) by extensions ['colcon_pkg']
[0.189s] Level 1:colcon.colcon_core.package_identification:_identify(src/gcamp_ros2_basic/cpp_service_pkg) by extension 'colcon_pkg'
[0.189s] Level 1:colcon.colcon_core.package_identification:_identify(src/gcamp_ros2_basic/cpp_service_pkg) by extensions ['colcon_meta']
[0.189s] Level 1:colcon.colcon_core.package_identification:_identify(src/gcamp_ros2_basic/cpp_service_pkg) by extension 'colcon_meta'
[0.189s] Level 1:colcon.colcon_core.package_identification:_identify(src/gcamp_ros2_basic/cpp_service_pkg) by extensions ['ros']
[0.189s] Level 1:colcon.colcon_core.package_identification:_identify(src/gcamp_ros2_basic/cpp_service_pkg) by extension 'ros'
[0.190s] DEBUG:colcon.colcon_core.package_identification:Package 'src/gcamp_ros2_basic/cpp_service_pkg' with type 'ros.ament_cmake' and name 'cpp_service_pkg'
[0.190s] Level 1:colcon.colcon_core.package_identification:_identify(src/gcamp_ros2_basic/cpp_service_tutorial) by extensions ['ignore', 'ignore_ament_install']
[0.190s] Level 1:colcon.colcon_core.package_identification:_identify(src/gcamp_ros2_basic/cpp_service_tutorial) by extension 'ignore'
[0.190s] Level 1:colcon.colcon_core.package_identification:_identify(src/gcamp_ros2_basic/cpp_service_tutorial) by extension 'ignore_ament_install'
[0.190s] Level 1:colcon.colcon_core.package_identification:_identify(src/gcamp_ros2_basic/cpp_service_tutorial) by extensions ['colcon_pkg']
[0.190s] Level 1:colcon.colcon_core.package_identification:_identify(src/gcamp_ros2_basic/cpp_service_tutorial) by extension 'colcon_pkg'
[0.190s] Level 1:colcon.colcon_core.package_identification:_identify(src/gcamp_ros2_basic/cpp_service_tutorial) by extensions ['colcon_meta']
[0.190s] Level 1:colcon.colcon_core.package_identification:_identify(src/gcamp_ros2_basic/cpp_service_tutorial) by extension 'colcon_meta'
[0.190s] Level 1:colcon.colcon_core.package_identification:_identify(src/gcamp_ros2_basic/cpp_service_tutorial) by extensions ['ros']
[0.190s] Level 1:colcon.colcon_core.package_identification:_identify(src/gcamp_ros2_basic/cpp_service_tutorial) by extension 'ros'
[0.191s] DEBUG:colcon.colcon_core.package_identification:Package 'src/gcamp_ros2_basic/cpp_service_tutorial' with type 'ros.ament_cmake' and name 'cpp_service_tutorial'
[0.191s] Level 1:colcon.colcon_core.package_identification:_identify(src/gcamp_ros2_basic/cpp_topic_pkg) by extensions ['ignore', 'ignore_ament_install']
[0.191s] Level 1:colcon.colcon_core.package_identification:_identify(src/gcamp_ros2_basic/cpp_topic_pkg) by extension 'ignore'
[0.191s] Level 1:colcon.colcon_core.package_identification:_identify(src/gcamp_ros2_basic/cpp_topic_pkg) by extension 'ignore_ament_install'
[0.191s] Level 1:colcon.colcon_core.package_identification:_identify(src/gcamp_ros2_basic/cpp_topic_pkg) by extensions ['colcon_pkg']
[0.191s] Level 1:colcon.colcon_core.package_identification:_identify(src/gcamp_ros2_basic/cpp_topic_pkg) by extension 'colcon_pkg'
[0.191s] Level 1:colcon.colcon_core.package_identification:_identify(src/gcamp_ros2_basic/cpp_topic_pkg) by extensions ['colcon_meta']
[0.191s] Level 1:colcon.colcon_core.package_identification:_identify(src/gcamp_ros2_basic/cpp_topic_pkg) by extension 'colcon_meta'
[0.191s] Level 1:colcon.colcon_core.package_identification:_identify(src/gcamp_ros2_basic/cpp_topic_pkg) by extensions ['ros']
[0.191s] Level 1:colcon.colcon_core.package_identification:_identify(src/gcamp_ros2_basic/cpp_topic_pkg) by extension 'ros'
[0.192s] DEBUG:colcon.colcon_core.package_identification:Package 'src/gcamp_ros2_basic/cpp_topic_pkg' with type 'ros.ament_cmake' and name 'cpp_topic_pkg'
[0.192s] Level 1:colcon.colcon_core.package_identification:_identify(src/gcamp_ros2_basic/custom_interfaces) by extensions ['ignore', 'ignore_ament_install']
[0.192s] Level 1:colcon.colcon_core.package_identification:_identify(src/gcamp_ros2_basic/custom_interfaces) by extension 'ignore'
[0.192s] Level 1:colcon.colcon_core.package_identification:_identify(src/gcamp_ros2_basic/custom_interfaces) by extension 'ignore_ament_install'
[0.192s] Level 1:colcon.colcon_core.package_identification:_identify(src/gcamp_ros2_basic/custom_interfaces) by extensions ['colcon_pkg']
[0.192s] Level 1:colcon.colcon_core.package_identification:_identify(src/gcamp_ros2_basic/custom_interfaces) by extension 'colcon_pkg'
[0.192s] Level 1:colcon.colcon_core.package_identification:_identify(src/gcamp_ros2_basic/custom_interfaces) by extensions ['colcon_meta']
[0.192s] Level 1:colcon.colcon_core.package_identification:_identify(src/gcamp_ros2_basic/custom_interfaces) by extension 'colcon_meta'
[0.192s] Level 1:colcon.colcon_core.package_identification:_identify(src/gcamp_ros2_basic/custom_interfaces) by extensions ['ros']
[0.192s] Level 1:colcon.colcon_core.package_identification:_identify(src/gcamp_ros2_basic/custom_interfaces) by extension 'ros'
[0.193s] DEBUG:colcon.colcon_core.package_identification:Package 'src/gcamp_ros2_basic/custom_interfaces' with type 'ros.ament_cmake' and name 'custom_interfaces'
[0.193s] Level 1:colcon.colcon_core.package_identification:_identify(src/gcamp_ros2_basic/gcamp_gazebo) by extensions ['ignore', 'ignore_ament_install']
[0.193s] Level 1:colcon.colcon_core.package_identification:_identify(src/gcamp_ros2_basic/gcamp_gazebo) by extension 'ignore'
[0.193s] Level 1:colcon.colcon_core.package_identification:_identify(src/gcamp_ros2_basic/gcamp_gazebo) by extension 'ignore_ament_install'
[0.193s] Level 1:colcon.colcon_core.package_identification:_identify(src/gcamp_ros2_basic/gcamp_gazebo) by extensions ['colcon_pkg']
[0.193s] Level 1:colcon.colcon_core.package_identification:_identify(src/gcamp_ros2_basic/gcamp_gazebo) by extension 'colcon_pkg'
[0.193s] Level 1:colcon.colcon_core.package_identification:_identify(src/gcamp_ros2_basic/gcamp_gazebo) by extensions ['colcon_meta']
[0.193s] Level 1:colcon.colcon_core.package_identification:_identify(src/gcamp_ros2_basic/gcamp_gazebo) by extension 'colcon_meta'
[0.193s] Level 1:colcon.colcon_core.package_identification:_identify(src/gcamp_ros2_basic/gcamp_gazebo) by extensions ['ros']
[0.193s] Level 1:colcon.colcon_core.package_identification:_identify(src/gcamp_ros2_basic/gcamp_gazebo) by extension 'ros'
[0.193s] DEBUG:colcon.colcon_core.package_identification:Package 'src/gcamp_ros2_basic/gcamp_gazebo' with type 'ros.ament_cmake' and name 'gcamp_gazebo'
[0.194s] Level 1:colcon.colcon_core.package_identification:_identify(src/gcamp_ros2_basic/image) by extensions ['ignore', 'ignore_ament_install']
[0.194s] Level 1:colcon.colcon_core.package_identification:_identify(src/gcamp_ros2_basic/image) by extension 'ignore'
[0.194s] Level 1:colcon.colcon_core.package_identification:_identify(src/gcamp_ros2_basic/image) by extension 'ignore_ament_install'
[0.194s] Level 1:colcon.colcon_core.package_identification:_identify(src/gcamp_ros2_basic/image) by extensions ['colcon_pkg']
[0.194s] Level 1:colcon.colcon_core.package_identification:_identify(src/gcamp_ros2_basic/image) by extension 'colcon_pkg'
[0.194s] Level 1:colcon.colcon_core.package_identification:_identify(src/gcamp_ros2_basic/image) by extensions ['colcon_meta']
[0.194s] Level 1:colcon.colcon_core.package_identification:_identify(src/gcamp_ros2_basic/image) by extension 'colcon_meta'
[0.194s] Level 1:colcon.colcon_core.package_identification:_identify(src/gcamp_ros2_basic/image) by extensions ['ros']
[0.194s] Level 1:colcon.colcon_core.package_identification:_identify(src/gcamp_ros2_basic/image) by extension 'ros'
[0.194s] Level 1:colcon.colcon_core.package_identification:_identify(src/gcamp_ros2_basic/image) by extensions ['cmake', 'python']
[0.194s] Level 1:colcon.colcon_core.package_identification:_identify(src/gcamp_ros2_basic/image) by extension 'cmake'
[0.194s] Level 1:colcon.colcon_core.package_identification:_identify(src/gcamp_ros2_basic/image) by extension 'python'
[0.194s] Level 1:colcon.colcon_core.package_identification:_identify(src/gcamp_ros2_basic/image) by extensions ['python_setup_py']
[0.194s] Level 1:colcon.colcon_core.package_identification:_identify(src/gcamp_ros2_basic/image) by extension 'python_setup_py'
[0.194s] Level 1:colcon.colcon_core.package_identification:_identify(src/gcamp_ros2_basic/py_action_pkg) by extensions ['ignore', 'ignore_ament_install']
[0.194s] Level 1:colcon.colcon_core.package_identification:_identify(src/gcamp_ros2_basic/py_action_pkg) by extension 'ignore'
[0.194s] Level 1:colcon.colcon_core.package_identification:_identify(src/gcamp_ros2_basic/py_action_pkg) by extension 'ignore_ament_install'
[0.194s] Level 1:colcon.colcon_core.package_identification:_identify(src/gcamp_ros2_basic/py_action_pkg) by extensions ['colcon_pkg']
[0.194s] Level 1:colcon.colcon_core.package_identification:_identify(src/gcamp_ros2_basic/py_action_pkg) by extension 'colcon_pkg'
[0.194s] Level 1:colcon.colcon_core.package_identification:_identify(src/gcamp_ros2_basic/py_action_pkg) by extensions ['colcon_meta']
[0.194s] Level 1:colcon.colcon_core.package_identification:_identify(src/gcamp_ros2_basic/py_action_pkg) by extension 'colcon_meta'
[0.194s] Level 1:colcon.colcon_core.package_identification:_identify(src/gcamp_ros2_basic/py_action_pkg) by extensions ['ros']
[0.194s] Level 1:colcon.colcon_core.package_identification:_identify(src/gcamp_ros2_basic/py_action_pkg) by extension 'ros'
[0.195s] DEBUG:colcon.colcon_core.package_identification:Package 'src/gcamp_ros2_basic/py_action_pkg' with type 'ros.ament_python' and name 'py_action_pkg'
[0.195s] Level 1:colcon.colcon_core.package_identification:_identify(src/gcamp_ros2_basic/py_first_pkg) by extensions ['ignore', 'ignore_ament_install']
[0.195s] Level 1:colcon.colcon_core.package_identification:_identify(src/gcamp_ros2_basic/py_first_pkg) by extension 'ignore'
[0.195s] Level 1:colcon.colcon_core.package_identification:_identify(src/gcamp_ros2_basic/py_first_pkg) by extension 'ignore_ament_install'
[0.196s] Level 1:colcon.colcon_core.package_identification:_identify(src/gcamp_ros2_basic/py_first_pkg) by extensions ['colcon_pkg']
[0.196s] Level 1:colcon.colcon_core.package_identification:_identify(src/gcamp_ros2_basic/py_first_pkg) by extension 'colcon_pkg'
[0.196s] Level 1:colcon.colcon_core.package_identification:_identify(src/gcamp_ros2_basic/py_first_pkg) by extensions ['colcon_meta']
[0.196s] Level 1:colcon.colcon_core.package_identification:_identify(src/gcamp_ros2_basic/py_first_pkg) by extension 'colcon_meta'
[0.196s] Level 1:colcon.colcon_core.package_identification:_identify(src/gcamp_ros2_basic/py_first_pkg) by extensions ['ros']
[0.196s] Level 1:colcon.colcon_core.package_identification:_identify(src/gcamp_ros2_basic/py_first_pkg) by extension 'ros'
[0.196s] DEBUG:colcon.colcon_core.package_identification:Package 'src/gcamp_ros2_basic/py_first_pkg' with type 'ros.ament_python' and name 'py_first_pkg'
[0.196s] Level 1:colcon.colcon_core.package_identification:_identify(src/gcamp_ros2_basic/py_service_pkg) by extensions ['ignore', 'ignore_ament_install']
[0.196s] Level 1:colcon.colcon_core.package_identification:_identify(src/gcamp_ros2_basic/py_service_pkg) by extension 'ignore'
[0.196s] Level 1:colcon.colcon_core.package_identification:_identify(src/gcamp_ros2_basic/py_service_pkg) by extension 'ignore_ament_install'
[0.196s] Level 1:colcon.colcon_core.package_identification:_identify(src/gcamp_ros2_basic/py_service_pkg) by extensions ['colcon_pkg']
[0.196s] Level 1:colcon.colcon_core.package_identification:_identify(src/gcamp_ros2_basic/py_service_pkg) by extension 'colcon_pkg'
[0.196s] Level 1:colcon.colcon_core.package_identification:_identify(src/gcamp_ros2_basic/py_service_pkg) by extensions ['colcon_meta']
[0.196s] Level 1:colcon.colcon_core.package_identification:_identify(src/gcamp_ros2_basic/py_service_pkg) by extension 'colcon_meta'
[0.196s] Level 1:colcon.colcon_core.package_identification:_identify(src/gcamp_ros2_basic/py_service_pkg) by extensions ['ros']
[0.196s] Level 1:colcon.colcon_core.package_identification:_identify(src/gcamp_ros2_basic/py_service_pkg) by extension 'ros'
[0.197s] DEBUG:colcon.colcon_core.package_identification:Package 'src/gcamp_ros2_basic/py_service_pkg' with type 'ros.ament_python' and name 'py_service_pkg'
[0.197s] Level 1:colcon.colcon_core.package_identification:_identify(src/gcamp_ros2_basic/py_topic_pkg) by extensions ['ignore', 'ignore_ament_install']
[0.197s] Level 1:colcon.colcon_core.package_identification:_identify(src/gcamp_ros2_basic/py_topic_pkg) by extension 'ignore'
[0.197s] Level 1:colcon.colcon_core.package_identification:_identify(src/gcamp_ros2_basic/py_topic_pkg) by extension 'ignore_ament_install'
[0.197s] Level 1:colcon.colcon_core.package_identification:_identify(src/gcamp_ros2_basic/py_topic_pkg) by extensions ['colcon_pkg']
[0.197s] Level 1:colcon.colcon_core.package_identification:_identify(src/gcamp_ros2_basic/py_topic_pkg) by extension 'colcon_pkg'
[0.197s] Level 1:colcon.colcon_core.package_identification:_identify(src/gcamp_ros2_basic/py_topic_pkg) by extensions ['colcon_meta']
[0.197s] Level 1:colcon.colcon_core.package_identification:_identify(src/gcamp_ros2_basic/py_topic_pkg) by extension 'colcon_meta'
[0.197s] Level 1:colcon.colcon_core.package_identification:_identify(src/gcamp_ros2_basic/py_topic_pkg) by extensions ['ros']
[0.197s] Level 1:colcon.colcon_core.package_identification:_identify(src/gcamp_ros2_basic/py_topic_pkg) by extension 'ros'
[0.198s] DEBUG:colcon.colcon_core.package_identification:Package 'src/gcamp_ros2_basic/py_topic_pkg' with type 'ros.ament_python' and name 'py_topic_pkg'
[0.198s] Level 1:colcon.colcon_core.package_identification:_identify(src/slam_gmapping) by extensions ['ignore', 'ignore_ament_install']
[0.198s] Level 1:colcon.colcon_core.package_identification:_identify(src/slam_gmapping) by extension 'ignore'
[0.198s] Level 1:colcon.colcon_core.package_identification:_identify(src/slam_gmapping) by extension 'ignore_ament_install'
[0.198s] Level 1:colcon.colcon_core.package_identification:_identify(src/slam_gmapping) by extensions ['colcon_pkg']
[0.198s] Level 1:colcon.colcon_core.package_identification:_identify(src/slam_gmapping) by extension 'colcon_pkg'
[0.198s] Level 1:colcon.colcon_core.package_identification:_identify(src/slam_gmapping) by extensions ['colcon_meta']
[0.198s] Level 1:colcon.colcon_core.package_identification:_identify(src/slam_gmapping) by extension 'colcon_meta'
[0.198s] Level 1:colcon.colcon_core.package_identification:_identify(src/slam_gmapping) by extensions ['ros']
[0.198s] Level 1:colcon.colcon_core.package_identification:_identify(src/slam_gmapping) by extension 'ros'
[0.198s] Level 1:colcon.colcon_core.package_identification:_identify(src/slam_gmapping) by extensions ['cmake', 'python']
[0.198s] Level 1:colcon.colcon_core.package_identification:_identify(src/slam_gmapping) by extension 'cmake'
[0.198s] Level 1:colcon.colcon_core.package_identification:_identify(src/slam_gmapping) by extension 'python'
[0.198s] Level 1:colcon.colcon_core.package_identification:_identify(src/slam_gmapping) by extensions ['python_setup_py']
[0.199s] Level 1:colcon.colcon_core.package_identification:_identify(src/slam_gmapping) by extension 'python_setup_py'
[0.199s] Level 1:colcon.colcon_core.package_identification:_identify(src/slam_gmapping/openslam_gmapping) by extensions ['ignore', 'ignore_ament_install']
[0.199s] Level 1:colcon.colcon_core.package_identification:_identify(src/slam_gmapping/openslam_gmapping) by extension 'ignore'
[0.199s] Level 1:colcon.colcon_core.package_identification:_identify(src/slam_gmapping/openslam_gmapping) by extension 'ignore_ament_install'
[0.199s] Level 1:colcon.colcon_core.package_identification:_identify(src/slam_gmapping/openslam_gmapping) by extensions ['colcon_pkg']
[0.199s] Level 1:colcon.colcon_core.package_identification:_identify(src/slam_gmapping/openslam_gmapping) by extension 'colcon_pkg'
[0.199s] Level 1:colcon.colcon_core.package_identification:_identify(src/slam_gmapping/openslam_gmapping) by extensions ['colcon_meta']
[0.199s] Level 1:colcon.colcon_core.package_identification:_identify(src/slam_gmapping/openslam_gmapping) by extension 'colcon_meta'
[0.199s] Level 1:colcon.colcon_core.package_identification:_identify(src/slam_gmapping/openslam_gmapping) by extensions ['ros']
[0.199s] Level 1:colcon.colcon_core.package_identification:_identify(src/slam_gmapping/openslam_gmapping) by extension 'ros'
[0.200s] DEBUG:colcon.colcon_core.package_identification:Package 'src/slam_gmapping/openslam_gmapping' with type 'ros.ament_cmake' and name 'openslam_gmapping'
[0.200s] Level 1:colcon.colcon_core.package_identification:_identify(src/slam_gmapping/slam_gmapping) by extensions ['ignore', 'ignore_ament_install']
[0.200s] Level 1:colcon.colcon_core.package_identification:_identify(src/slam_gmapping/slam_gmapping) by extension 'ignore'
[0.200s] Level 1:colcon.colcon_core.package_identification:_identify(src/slam_gmapping/slam_gmapping) by extension 'ignore_ament_install'
[0.200s] Level 1:colcon.colcon_core.package_identification:_identify(src/slam_gmapping/slam_gmapping) by extensions ['colcon_pkg']
[0.200s] Level 1:colcon.colcon_core.package_identification:_identify(src/slam_gmapping/slam_gmapping) by extension 'colcon_pkg'
[0.200s] Level 1:colcon.colcon_core.package_identification:_identify(src/slam_gmapping/slam_gmapping) by extensions ['colcon_meta']
[0.200s] Level 1:colcon.colcon_core.package_identification:_identify(src/slam_gmapping/slam_gmapping) by extension 'colcon_meta'
[0.200s] Level 1:colcon.colcon_core.package_identification:_identify(src/slam_gmapping/slam_gmapping) by extensions ['ros']
[0.200s] Level 1:colcon.colcon_core.package_identification:_identify(src/slam_gmapping/slam_gmapping) by extension 'ros'
[0.201s] DEBUG:colcon.colcon_core.package_identification:Package 'src/slam_gmapping/slam_gmapping' with type 'ros.ament_cmake' and name 'slam_gmapping'
[0.201s] Level 1:colcon.colcon_core.package_discovery:discover_packages(recursive) using defaults
[0.202s] Level 1:colcon.colcon_core.package_discovery:discover_packages(ignore) discover
[0.202s] Level 1:colcon.colcon_core.package_discovery:discover_packages(ignore) using defaults
[0.202s] Level 1:colcon.colcon_core.package_discovery:discover_packages(path) discover
[0.202s] Level 1:colcon.colcon_core.package_discovery:discover_packages(path) using defaults
[0.220s] Level 1:colcon.colcon_core.package_discovery:discover_packages(prefix_path) check parameters
[0.220s] Level 1:colcon.colcon_core.package_discovery:discover_packages(prefix_path) discover
[0.223s] DEBUG:colcon.colcon_installed_package_information.package_discovery:Found 14 installed packages in /home/sangjun/gcamp_ros2_ws/install
[0.224s] DEBUG:colcon.colcon_installed_package_information.package_discovery:Found 307 installed packages in /opt/ros/foxy
[0.227s] Level 1:colcon.colcon_core.package_discovery:discover_packages(prefix_path) using defaults
[0.295s] Level 5:colcon.colcon_core.verb:set package 'cpp_first_pkg' build argument 'cmake_args' from command line to 'None'
[0.295s] Level 5:colcon.colcon_core.verb:set package 'cpp_first_pkg' build argument 'cmake_target' from command line to 'None'
[0.295s] Level 5:colcon.colcon_core.verb:set package 'cpp_first_pkg' build argument 'cmake_target_skip_unavailable' from command line to 'False'
[0.295s] Level 5:colcon.colcon_core.verb:set package 'cpp_first_pkg' build argument 'cmake_clean_cache' from command line to 'False'
[0.295s] Level 5:colcon.colcon_core.verb:set package 'cpp_first_pkg' build argument 'cmake_clean_first' from command line to 'False'
[0.295s] Level 5:colcon.colcon_core.verb:set package 'cpp_first_pkg' build argument 'cmake_force_configure' from command line to 'False'
[0.295s] Level 5:colcon.colcon_core.verb:set package 'cpp_first_pkg' build argument 'ament_cmake_args' from command line to 'None'
[0.295s] Level 5:colcon.colcon_core.verb:set package 'cpp_first_pkg' build argument 'catkin_cmake_args' from command line to 'None'
[0.295s] Level 5:colcon.colcon_core.verb:set package 'cpp_first_pkg' build argument 'catkin_skip_building_tests' from command line to 'False'
[0.295s] DEBUG:colcon.colcon_core.verb:Building package 'cpp_first_pkg' with the following arguments: {'ament_cmake_args': None, 'build_base': '/home/sangjun/gcamp_ros2_ws/build/cpp_first_pkg', 'catkin_cmake_args': None, 'catkin_skip_building_tests': False, 'cmake_args': None, 'cmake_clean_cache': False, 'cmake_clean_first': False, 'cmake_force_configure': False, 'cmake_target': None, 'cmake_target_skip_unavailable': False, 'install_base': '/home/sangjun/gcamp_ros2_ws/install/cpp_first_pkg', 'merge_install': False, 'path': '/home/sangjun/gcamp_ros2_ws/src/gcamp_ros2_basic/cpp_first_pkg', 'symlink_install': True, 'test_result_base': None}
[0.296s] Level 5:colcon.colcon_core.verb:set package 'cpp_param_pkg' build argument 'cmake_args' from command line to 'None'
[0.296s] Level 5:colcon.colcon_core.verb:set package 'cpp_param_pkg' build argument 'cmake_target' from command line to 'None'
[0.296s] Level 5:colcon.colcon_core.verb:set package 'cpp_param_pkg' build argument 'cmake_target_skip_unavailable' from command line to 'False'
[0.296s] Level 5:colcon.colcon_core.verb:set package 'cpp_param_pkg' build argument 'cmake_clean_cache' from command line to 'False'
[0.296s] Level 5:colcon.colcon_core.verb:set package 'cpp_param_pkg' build argument 'cmake_clean_first' from command line to 'False'
[0.296s] Level 5:colcon.colcon_core.verb:set package 'cpp_param_pkg' build argument 'cmake_force_configure' from command line to 'False'
[0.296s] Level 5:colcon.colcon_core.verb:set package 'cpp_param_pkg' build argument 'ament_cmake_args' from command line to 'None'
[0.296s] Level 5:colcon.colcon_core.verb:set package 'cpp_param_pkg' build argument 'catkin_cmake_args' from command line to 'None'
[0.296s] Level 5:colcon.colcon_core.verb:set package 'cpp_param_pkg' build argument 'catkin_skip_building_tests' from command line to 'False'
[0.296s] DEBUG:colcon.colcon_core.verb:Building package 'cpp_param_pkg' with the following arguments: {'ament_cmake_args': None, 'build_base': '/home/sangjun/gcamp_ros2_ws/build/cpp_param_pkg', 'catkin_cmake_args': None, 'catkin_skip_building_tests': False, 'cmake_args': None, 'cmake_clean_cache': False, 'cmake_clean_first': False, 'cmake_force_configure': False, 'cmake_target': None, 'cmake_target_skip_unavailable': False, 'install_base': '/home/sangjun/gcamp_ros2_ws/install/cpp_param_pkg', 'merge_install': False, 'path': '/home/sangjun/gcamp_ros2_ws/src/gcamp_ros2_basic/cpp_param_pkg', 'symlink_install': True, 'test_result_base': None}
[0.298s] Level 5:colcon.colcon_core.verb:set package 'cpp_service_tutorial' build argument 'cmake_args' from command line to 'None'
[0.298s] Level 5:colcon.colcon_core.verb:set package 'cpp_service_tutorial' build argument 'cmake_target' from command line to 'None'
[0.298s] Level 5:colcon.colcon_core.verb:set package 'cpp_service_tutorial' build argument 'cmake_target_skip_unavailable' from command line to 'False'
[0.298s] Level 5:colcon.colcon_core.verb:set package 'cpp_service_tutorial' build argument 'cmake_clean_cache' from command line to 'False'
[0.298s] Level 5:colcon.colcon_core.verb:set package 'cpp_service_tutorial' build argument 'cmake_clean_first' from command line to 'False'
[0.298s] Level 5:colcon.colcon_core.verb:set package 'cpp_service_tutorial' build argument 'cmake_force_configure' from command line to 'False'
[0.298s] Level 5:colcon.colcon_core.verb:set package 'cpp_service_tutorial' build argument 'ament_cmake_args' from command line to 'None'
[0.298s] Level 5:colcon.colcon_core.verb:set package 'cpp_service_tutorial' build argument 'catkin_cmake_args' from command line to 'None'
[0.298s] Level 5:colcon.colcon_core.verb:set package 'cpp_service_tutorial' build argument 'catkin_skip_building_tests' from command line to 'False'
[0.298s] DEBUG:colcon.colcon_core.verb:Building package 'cpp_service_tutorial' with the following arguments: {'ament_cmake_args': None, 'build_base': '/home/sangjun/gcamp_ros2_ws/build/cpp_service_tutorial', 'catkin_cmake_args': None, 'catkin_skip_building_tests': False, 'cmake_args': None, 'cmake_clean_cache': False, 'cmake_clean_first': False, 'cmake_force_configure': False, 'cmake_target': None, 'cmake_target_skip_unavailable': False, 'install_base': '/home/sangjun/gcamp_ros2_ws/install/cpp_service_tutorial', 'merge_install': False, 'path': '/home/sangjun/gcamp_ros2_ws/src/gcamp_ros2_basic/cpp_service_tutorial', 'symlink_install': True, 'test_result_base': None}
[0.299s] Level 5:colcon.colcon_core.verb:set package 'cpp_topic_pkg' build argument 'cmake_args' from command line to 'None'
[0.299s] Level 5:colcon.colcon_core.verb:set package 'cpp_topic_pkg' build argument 'cmake_target' from command line to 'None'
[0.299s] Level 5:colcon.colcon_core.verb:set package 'cpp_topic_pkg' build argument 'cmake_target_skip_unavailable' from command line to 'False'
[0.299s] Level 5:colcon.colcon_core.verb:set package 'cpp_topic_pkg' build argument 'cmake_clean_cache' from command line to 'False'
[0.299s] Level 5:colcon.colcon_core.verb:set package 'cpp_topic_pkg' build argument 'cmake_clean_first' from command line to 'False'
[0.299s] Level 5:colcon.colcon_core.verb:set package 'cpp_topic_pkg' build argument 'cmake_force_configure' from command line to 'False'
[0.299s] Level 5:colcon.colcon_core.verb:set package 'cpp_topic_pkg' build argument 'ament_cmake_args' from command line to 'None'
[0.299s] Level 5:colcon.colcon_core.verb:set package 'cpp_topic_pkg' build argument 'catkin_cmake_args' from command line to 'None'
[0.299s] Level 5:colcon.colcon_core.verb:set package 'cpp_topic_pkg' build argument 'catkin_skip_building_tests' from command line to 'False'
[0.299s] DEBUG:colcon.colcon_core.verb:Building package 'cpp_topic_pkg' with the following arguments: {'ament_cmake_args': None, 'build_base': '/home/sangjun/gcamp_ros2_ws/build/cpp_topic_pkg', 'catkin_cmake_args': None, 'catkin_skip_building_tests': False, 'cmake_args': None, 'cmake_clean_cache': False, 'cmake_clean_first': False, 'cmake_force_configure': False, 'cmake_target': None, 'cmake_target_skip_unavailable': False, 'install_base': '/home/sangjun/gcamp_ros2_ws/install/cpp_topic_pkg', 'merge_install': False, 'path': '/home/sangjun/gcamp_ros2_ws/src/gcamp_ros2_basic/cpp_topic_pkg', 'symlink_install': True, 'test_result_base': None}
[0.300s] Level 5:colcon.colcon_core.verb:set package 'custom_interfaces' build argument 'cmake_args' from command line to 'None'
[0.300s] Level 5:colcon.colcon_core.verb:set package 'custom_interfaces' build argument 'cmake_target' from command line to 'None'
[0.300s] Level 5:colcon.colcon_core.verb:set package 'custom_interfaces' build argument 'cmake_target_skip_unavailable' from command line to 'False'
[0.300s] Level 5:colcon.colcon_core.verb:set package 'custom_interfaces' build argument 'cmake_clean_cache' from command line to 'False'
[0.300s] Level 5:colcon.colcon_core.verb:set package 'custom_interfaces' build argument 'cmake_clean_first' from command line to 'False'
[0.300s] Level 5:colcon.colcon_core.verb:set package 'custom_interfaces' build argument 'cmake_force_configure' from command line to 'False'
[0.300s] Level 5:colcon.colcon_core.verb:set package 'custom_interfaces' build argument 'ament_cmake_args' from command line to 'None'
[0.300s] Level 5:colcon.colcon_core.verb:set package 'custom_interfaces' build argument 'catkin_cmake_args' from command line to 'None'
[0.300s] Level 5:colcon.colcon_core.verb:set package 'custom_interfaces' build argument 'catkin_skip_building_tests' from command line to 'False'
[0.300s] DEBUG:colcon.colcon_core.verb:Building package 'custom_interfaces' with the following arguments: {'ament_cmake_args': None, 'build_base': '/home/sangjun/gcamp_ros2_ws/build/custom_interfaces', 'catkin_cmake_args': None, 'catkin_skip_building_tests': False, 'cmake_args': None, 'cmake_clean_cache': False, 'cmake_clean_first': False, 'cmake_force_configure': False, 'cmake_target': None, 'cmake_target_skip_unavailable': False, 'install_base': '/home/sangjun/gcamp_ros2_ws/install/custom_interfaces', 'merge_install': False, 'path': '/home/sangjun/gcamp_ros2_ws/src/gcamp_ros2_basic/custom_interfaces', 'symlink_install': True, 'test_result_base': None}
[0.301s] Level 5:colcon.colcon_core.verb:set package 'gcamp_gazebo' build argument 'cmake_args' from command line to 'None'
[0.301s] Level 5:colcon.colcon_core.verb:set package 'gcamp_gazebo' build argument 'cmake_target' from command line to 'None'
[0.301s] Level 5:colcon.colcon_core.verb:set package 'gcamp_gazebo' build argument 'cmake_target_skip_unavailable' from command line to 'False'
[0.301s] Level 5:colcon.colcon_core.verb:set package 'gcamp_gazebo' build argument 'cmake_clean_cache' from command line to 'False'
[0.301s] Level 5:colcon.colcon_core.verb:set package 'gcamp_gazebo' build argument 'cmake_clean_first' from command line to 'False'
[0.301s] Level 5:colcon.colcon_core.verb:set package 'gcamp_gazebo' build argument 'cmake_force_configure' from command line to 'False'
[0.301s] Level 5:colcon.colcon_core.verb:set package 'gcamp_gazebo' build argument 'ament_cmake_args' from command line to 'None'
[0.301s] Level 5:colcon.colcon_core.verb:set package 'gcamp_gazebo' build argument 'catkin_cmake_args' from command line to 'None'
[0.301s] Level 5:colcon.colcon_core.verb:set package 'gcamp_gazebo' build argument 'catkin_skip_building_tests' from command line to 'False'
[0.301s] DEBUG:colcon.colcon_core.verb:Building package 'gcamp_gazebo' with the following arguments: {'ament_cmake_args': None, 'build_base': '/home/sangjun/gcamp_ros2_ws/build/gcamp_gazebo', 'catkin_cmake_args': None, 'catkin_skip_building_tests': False, 'cmake_args': None, 'cmake_clean_cache': False, 'cmake_clean_first': False, 'cmake_force_configure': False, 'cmake_target': None, 'cmake_target_skip_unavailable': False, 'install_base': '/home/sangjun/gcamp_ros2_ws/install/gcamp_gazebo', 'merge_install': False, 'path': '/home/sangjun/gcamp_ros2_ws/src/gcamp_ros2_basic/gcamp_gazebo', 'symlink_install': True, 'test_result_base': None}
[0.302s] Level 5:colcon.colcon_core.verb:set package 'openslam_gmapping' build argument 'cmake_args' from command line to 'None'
[0.302s] Level 5:colcon.colcon_core.verb:set package 'openslam_gmapping' build argument 'cmake_target' from command line to 'None'
[0.302s] Level 5:colcon.colcon_core.verb:set package 'openslam_gmapping' build argument 'cmake_target_skip_unavailable' from command line to 'False'
[0.302s] Level 5:colcon.colcon_core.verb:set package 'openslam_gmapping' build argument 'cmake_clean_cache' from command line to 'False'
[0.303s] Level 5:colcon.colcon_core.verb:set package 'openslam_gmapping' build argument 'cmake_clean_first' from command line to 'False'
[0.303s] Level 5:colcon.colcon_core.verb:set package 'openslam_gmapping' build argument 'cmake_force_configure' from command line to 'False'
[0.303s] Level 5:colcon.colcon_core.verb:set package 'openslam_gmapping' build argument 'ament_cmake_args' from command line to 'None'
[0.303s] Level 5:colcon.colcon_core.verb:set package 'openslam_gmapping' build argument 'catkin_cmake_args' from command line to 'None'
[0.303s] Level 5:colcon.colcon_core.verb:set package 'openslam_gmapping' build argument 'catkin_skip_building_tests' from command line to 'False'
[0.303s] DEBUG:colcon.colcon_core.verb:Building package 'openslam_gmapping' with the following arguments: {'ament_cmake_args': None, 'build_base': '/home/sangjun/gcamp_ros2_ws/build/openslam_gmapping', 'catkin_cmake_args': None, 'catkin_skip_building_tests': False, 'cmake_args': None, 'cmake_clean_cache': False, 'cmake_clean_first': False, 'cmake_force_configure': False, 'cmake_target': None, 'cmake_target_skip_unavailable': False, 'install_base': '/home/sangjun/gcamp_ros2_ws/install/openslam_gmapping', 'merge_install': False, 'path': '/home/sangjun/gcamp_ros2_ws/src/slam_gmapping/openslam_gmapping', 'symlink_install': True, 'test_result_base': None}
[0.303s] Level 5:colcon.colcon_core.verb:set package 'py_first_pkg' build argument 'cmake_args' from command line to 'None'
[0.303s] Level 5:colcon.colcon_core.verb:set package 'py_first_pkg' build argument 'cmake_target' from command line to 'None'
[0.303s] Level 5:colcon.colcon_core.verb:set package 'py_first_pkg' build argument 'cmake_target_skip_unavailable' from command line to 'False'
[0.303s] Level 5:colcon.colcon_core.verb:set package 'py_first_pkg' build argument 'cmake_clean_cache' from command line to 'False'
[0.304s] Level 5:colcon.colcon_core.verb:set package 'py_first_pkg' build argument 'cmake_clean_first' from command line to 'False'
[0.304s] Level 5:colcon.colcon_core.verb:set package 'py_first_pkg' build argument 'cmake_force_configure' from command line to 'False'
[0.304s] Level 5:colcon.colcon_core.verb:set package 'py_first_pkg' build argument 'ament_cmake_args' from command line to 'None'
[0.304s] Level 5:colcon.colcon_core.verb:set package 'py_first_pkg' build argument 'catkin_cmake_args' from command line to 'None'
[0.304s] Level 5:colcon.colcon_core.verb:set package 'py_first_pkg' build argument 'catkin_skip_building_tests' from command line to 'False'
[0.304s] DEBUG:colcon.colcon_core.verb:Building package 'py_first_pkg' with the following arguments: {'ament_cmake_args': None, 'build_base': '/home/sangjun/gcamp_ros2_ws/build/py_first_pkg', 'catkin_cmake_args': None, 'catkin_skip_building_tests': False, 'cmake_args': None, 'cmake_clean_cache': False, 'cmake_clean_first': False, 'cmake_force_configure': False, 'cmake_target': None, 'cmake_target_skip_unavailable': False, 'install_base': '/home/sangjun/gcamp_ros2_ws/install/py_first_pkg', 'merge_install': False, 'path': '/home/sangjun/gcamp_ros2_ws/src/gcamp_ros2_basic/py_first_pkg', 'symlink_install': True, 'test_result_base': None}
[0.304s] Level 5:colcon.colcon_core.verb:set package 'py_topic_pkg' build argument 'cmake_args' from command line to 'None'
[0.304s] Level 5:colcon.colcon_core.verb:set package 'py_topic_pkg' build argument 'cmake_target' from command line to 'None'
[0.305s] Level 5:colcon.colcon_core.verb:set package 'py_topic_pkg' build argument 'cmake_target_skip_unavailable' from command line to 'False'
[0.305s] Level 5:colcon.colcon_core.verb:set package 'py_topic_pkg' build argument 'cmake_clean_cache' from command line to 'False'
[0.305s] Level 5:colcon.colcon_core.verb:set package 'py_topic_pkg' build argument 'cmake_clean_first' from command line to 'False'
[0.305s] Level 5:colcon.colcon_core.verb:set package 'py_topic_pkg' build argument 'cmake_force_configure' from command line to 'False'
[0.305s] Level 5:colcon.colcon_core.verb:set package 'py_topic_pkg' build argument 'ament_cmake_args' from command line to 'None'
[0.305s] Level 5:colcon.colcon_core.verb:set package 'py_topic_pkg' build argument 'catkin_cmake_args' from command line to 'None'
[0.305s] Level 5:colcon.colcon_core.verb:set package 'py_topic_pkg' build argument 'catkin_skip_building_tests' from command line to 'False'
[0.305s] DEBUG:colcon.colcon_core.verb:Building package 'py_topic_pkg' with the following arguments: {'ament_cmake_args': None, 'build_base': '/home/sangjun/gcamp_ros2_ws/build/py_topic_pkg', 'catkin_cmake_args': None, 'catkin_skip_building_tests': False, 'cmake_args': None, 'cmake_clean_cache': False, 'cmake_clean_first': False, 'cmake_force_configure': False, 'cmake_target': None, 'cmake_target_skip_unavailable': False, 'install_base': '/home/sangjun/gcamp_ros2_ws/install/py_topic_pkg', 'merge_install': False, 'path': '/home/sangjun/gcamp_ros2_ws/src/gcamp_ros2_basic/py_topic_pkg', 'symlink_install': True, 'test_result_base': None}
[0.306s] Level 5:colcon.colcon_core.verb:set package 'cpp_action_pkg' build argument 'cmake_args' from command line to 'None'
[0.306s] Level 5:colcon.colcon_core.verb:set package 'cpp_action_pkg' build argument 'cmake_target' from command line to 'None'
[0.306s] Level 5:colcon.colcon_core.verb:set package 'cpp_action_pkg' build argument 'cmake_target_skip_unavailable' from command line to 'False'
[0.306s] Level 5:colcon.colcon_core.verb:set package 'cpp_action_pkg' build argument 'cmake_clean_cache' from command line to 'False'
[0.306s] Level 5:colcon.colcon_core.verb:set package 'cpp_action_pkg' build argument 'cmake_clean_first' from command line to 'False'
[0.306s] Level 5:colcon.colcon_core.verb:set package 'cpp_action_pkg' build argument 'cmake_force_configure' from command line to 'False'
[0.306s] Level 5:colcon.colcon_core.verb:set package 'cpp_action_pkg' build argument 'ament_cmake_args' from command line to 'None'
[0.306s] Level 5:colcon.colcon_core.verb:set package 'cpp_action_pkg' build argument 'catkin_cmake_args' from command line to 'None'
[0.306s] Level 5:colcon.colcon_core.verb:set package 'cpp_action_pkg' build argument 'catkin_skip_building_tests' from command line to 'False'
[0.306s] DEBUG:colcon.colcon_core.verb:Building package 'cpp_action_pkg' with the following arguments: {'ament_cmake_args': None, 'build_base': '/home/sangjun/gcamp_ros2_ws/build/cpp_action_pkg', 'catkin_cmake_args': None, 'catkin_skip_building_tests': False, 'cmake_args': None, 'cmake_clean_cache': False, 'cmake_clean_first': False, 'cmake_force_configure': False, 'cmake_target': None, 'cmake_target_skip_unavailable': False, 'install_base': '/home/sangjun/gcamp_ros2_ws/install/cpp_action_pkg', 'merge_install': False, 'path': '/home/sangjun/gcamp_ros2_ws/src/gcamp_ros2_basic/cpp_action_pkg', 'symlink_install': True, 'test_result_base': None}
[0.307s] Level 5:colcon.colcon_core.verb:set package 'cpp_service_pkg' build argument 'cmake_args' from command line to 'None'
[0.307s] Level 5:colcon.colcon_core.verb:set package 'cpp_service_pkg' build argument 'cmake_target' from command line to 'None'
[0.307s] Level 5:colcon.colcon_core.verb:set package 'cpp_service_pkg' build argument 'cmake_target_skip_unavailable' from command line to 'False'
[0.307s] Level 5:colcon.colcon_core.verb:set package 'cpp_service_pkg' build argument 'cmake_clean_cache' from command line to 'False'
[0.307s] Level 5:colcon.colcon_core.verb:set package 'cpp_service_pkg' build argument 'cmake_clean_first' from command line to 'False'
[0.307s] Level 5:colcon.colcon_core.verb:set package 'cpp_service_pkg' build argument 'cmake_force_configure' from command line to 'False'
[0.307s] Level 5:colcon.colcon_core.verb:set package 'cpp_service_pkg' build argument 'ament_cmake_args' from command line to 'None'
[0.307s] Level 5:colcon.colcon_core.verb:set package 'cpp_service_pkg' build argument 'catkin_cmake_args' from command line to 'None'
[0.307s] Level 5:colcon.colcon_core.verb:set package 'cpp_service_pkg' build argument 'catkin_skip_building_tests' from command line to 'False'
[0.307s] DEBUG:colcon.colcon_core.verb:Building package 'cpp_service_pkg' with the following arguments: {'ament_cmake_args': None, 'build_base': '/home/sangjun/gcamp_ros2_ws/build/cpp_service_pkg', 'catkin_cmake_args': None, 'catkin_skip_building_tests': False, 'cmake_args': None, 'cmake_clean_cache': False, 'cmake_clean_first': False, 'cmake_force_configure': False, 'cmake_target': None, 'cmake_target_skip_unavailable': False, 'install_base': '/home/sangjun/gcamp_ros2_ws/install/cpp_service_pkg', 'merge_install': False, 'path': '/home/sangjun/gcamp_ros2_ws/src/gcamp_ros2_basic/cpp_service_pkg', 'symlink_install': True, 'test_result_base': None}
[0.308s] Level 5:colcon.colcon_core.verb:set package 'py_action_pkg' build argument 'cmake_args' from command line to 'None'
[0.308s] Level 5:colcon.colcon_core.verb:set package 'py_action_pkg' build argument 'cmake_target' from command line to 'None'
[0.308s] Level 5:colcon.colcon_core.verb:set package 'py_action_pkg' build argument 'cmake_target_skip_unavailable' from command line to 'False'
[0.308s] Level 5:colcon.colcon_core.verb:set package 'py_action_pkg' build argument 'cmake_clean_cache' from command line to 'False'
[0.308s] Level 5:colcon.colcon_core.verb:set package 'py_action_pkg' build argument 'cmake_clean_first' from command line to 'False'
[0.308s] Level 5:colcon.colcon_core.verb:set package 'py_action_pkg' build argument 'cmake_force_configure' from command line to 'False'
[0.308s] Level 5:colcon.colcon_core.verb:set package 'py_action_pkg' build argument 'ament_cmake_args' from command line to 'None'
[0.308s] Level 5:colcon.colcon_core.verb:set package 'py_action_pkg' build argument 'catkin_cmake_args' from command line to 'None'
[0.308s] Level 5:colcon.colcon_core.verb:set package 'py_action_pkg' build argument 'catkin_skip_building_tests' from command line to 'False'
[0.308s] DEBUG:colcon.colcon_core.verb:Building package 'py_action_pkg' with the following arguments: {'ament_cmake_args': None, 'build_base': '/home/sangjun/gcamp_ros2_ws/build/py_action_pkg', 'catkin_cmake_args': None, 'catkin_skip_building_tests': False, 'cmake_args': None, 'cmake_clean_cache': False, 'cmake_clean_first': False, 'cmake_force_configure': False, 'cmake_target': None, 'cmake_target_skip_unavailable': False, 'install_base': '/home/sangjun/gcamp_ros2_ws/install/py_action_pkg', 'merge_install': False, 'path': '/home/sangjun/gcamp_ros2_ws/src/gcamp_ros2_basic/py_action_pkg', 'symlink_install': True, 'test_result_base': None}
[0.309s] Level 5:colcon.colcon_core.verb:set package 'py_service_pkg' build argument 'cmake_args' from command line to 'None'
[0.309s] Level 5:colcon.colcon_core.verb:set package 'py_service_pkg' build argument 'cmake_target' from command line to 'None'
[0.309s] Level 5:colcon.colcon_core.verb:set package 'py_service_pkg' build argument 'cmake_target_skip_unavailable' from command line to 'False'
[0.309s] Level 5:colcon.colcon_core.verb:set package 'py_service_pkg' build argument 'cmake_clean_cache' from command line to 'False'
[0.309s] Level 5:colcon.colcon_core.verb:set package 'py_service_pkg' build argument 'cmake_clean_first' from command line to 'False'
[0.309s] Level 5:colcon.colcon_core.verb:set package 'py_service_pkg' build argument 'cmake_force_configure' from command line to 'False'
[0.309s] Level 5:colcon.colcon_core.verb:set package 'py_service_pkg' build argument 'ament_cmake_args' from command line to 'None'
[0.309s] Level 5:colcon.colcon_core.verb:set package 'py_service_pkg' build argument 'catkin_cmake_args' from command line to 'None'
[0.309s] Level 5:colcon.colcon_core.verb:set package 'py_service_pkg' build argument 'catkin_skip_building_tests' from command line to 'False'
[0.309s] DEBUG:colcon.colcon_core.verb:Building package 'py_service_pkg' with the following arguments: {'ament_cmake_args': None, 'build_base': '/home/sangjun/gcamp_ros2_ws/build/py_service_pkg', 'catkin_cmake_args': None, 'catkin_skip_building_tests': False, 'cmake_args': None, 'cmake_clean_cache': False, 'cmake_clean_first': False, 'cmake_force_configure': False, 'cmake_target': None, 'cmake_target_skip_unavailable': False, 'install_base': '/home/sangjun/gcamp_ros2_ws/install/py_service_pkg', 'merge_install': False, 'path': '/home/sangjun/gcamp_ros2_ws/src/gcamp_ros2_basic/py_service_pkg', 'symlink_install': True, 'test_result_base': None}
[0.310s] Level 5:colcon.colcon_core.verb:set package 'slam_gmapping' build argument 'cmake_args' from command line to 'None'
[0.310s] Level 5:colcon.colcon_core.verb:set package 'slam_gmapping' build argument 'cmake_target' from command line to 'None'
[0.310s] Level 5:colcon.colcon_core.verb:set package 'slam_gmapping' build argument 'cmake_target_skip_unavailable' from command line to 'False'
[0.310s] Level 5:colcon.colcon_core.verb:set package 'slam_gmapping' build argument 'cmake_clean_cache' from command line to 'False'
[0.310s] Level 5:colcon.colcon_core.verb:set package 'slam_gmapping' build argument 'cmake_clean_first' from command line to 'False'
[0.310s] Level 5:colcon.colcon_core.verb:set package 'slam_gmapping' build argument 'cmake_force_configure' from command line to 'False'
[0.310s] Level 5:colcon.colcon_core.verb:set package 'slam_gmapping' build argument 'ament_cmake_args' from command line to 'None'
[0.310s] Level 5:colcon.colcon_core.verb:set package 'slam_gmapping' build argument 'catkin_cmake_args' from command line to 'None'
[0.310s] Level 5:colcon.colcon_core.verb:set package 'slam_gmapping' build argument 'catkin_skip_building_tests' from command line to 'False'
[0.310s] DEBUG:colcon.colcon_core.verb:Building package 'slam_gmapping' with the following arguments: {'ament_cmake_args': None, 'build_base': '/home/sangjun/gcamp_ros2_ws/build/slam_gmapping', 'catkin_cmake_args': None, 'catkin_skip_building_tests': False, 'cmake_args': None, 'cmake_clean_cache': False, 'cmake_clean_first': False, 'cmake_force_configure': False, 'cmake_target': None, 'cmake_target_skip_unavailable': False, 'install_base': '/home/sangjun/gcamp_ros2_ws/install/slam_gmapping', 'merge_install': False, 'path': '/home/sangjun/gcamp_ros2_ws/src/slam_gmapping/slam_gmapping', 'symlink_install': True, 'test_result_base': None}
[0.311s] INFO:colcon.colcon_core.executor:Executing jobs using 'parallel' executor
[0.314s] DEBUG:colcon.colcon_parallel_executor.executor.parallel:run_until_complete
[0.314s] INFO:colcon.colcon_ros.task.ament_cmake.build:Building ROS package in '/home/sangjun/gcamp_ros2_ws/src/gcamp_ros2_basic/custom_interfaces' with build type 'ament_cmake'
[0.314s] INFO:colcon.colcon_cmake.task.cmake.build:Building CMake package in '/home/sangjun/gcamp_ros2_ws/src/gcamp_ros2_basic/custom_interfaces'
[0.318s] INFO:colcon.colcon_core.plugin_system:Skipping extension 'colcon_core.shell.bat': Not used on non-Windows systems
[0.318s] INFO:colcon.colcon_core.shell:Skip shell extension 'powershell' for command environment: Not usable outside of PowerShell
[0.318s] DEBUG:colcon.colcon_core.shell:Skip shell extension 'dsv' for command environment
[0.328s] INFO:colcon.colcon_ros.task.ament_cmake.build:Building ROS package in '/home/sangjun/gcamp_ros2_ws/src/slam_gmapping/openslam_gmapping' with build type 'ament_cmake'
[0.329s] INFO:colcon.colcon_cmake.task.cmake.build:Building CMake package in '/home/sangjun/gcamp_ros2_ws/src/slam_gmapping/openslam_gmapping'
[0.330s] INFO:colcon.colcon_core.shell:Skip shell extension 'powershell' for command environment: Not usable outside of PowerShell
[0.330s] DEBUG:colcon.colcon_core.shell:Skip shell extension 'dsv' for command environment
[0.335s] INFO:colcon.colcon_ros.task.ament_cmake.build:Building ROS package in '/home/sangjun/gcamp_ros2_ws/src/gcamp_ros2_basic/cpp_first_pkg' with build type 'ament_cmake'
[0.335s] INFO:colcon.colcon_cmake.task.cmake.build:Building CMake package in '/home/sangjun/gcamp_ros2_ws/src/gcamp_ros2_basic/cpp_first_pkg'
[0.337s] INFO:colcon.colcon_core.shell:Skip shell extension 'powershell' for command environment: Not usable outside of PowerShell
[0.337s] DEBUG:colcon.colcon_core.shell:Skip shell extension 'dsv' for command environment
[0.348s] INFO:colcon.colcon_ros.task.ament_cmake.build:Building ROS package in '/home/sangjun/gcamp_ros2_ws/src/gcamp_ros2_basic/cpp_param_pkg' with build type 'ament_cmake'
[0.348s] INFO:colcon.colcon_cmake.task.cmake.build:Building CMake package in '/home/sangjun/gcamp_ros2_ws/src/gcamp_ros2_basic/cpp_param_pkg'
[0.351s] INFO:colcon.colcon_core.shell:Skip shell extension 'powershell' for command environment: Not usable outside of PowerShell
[0.351s] DEBUG:colcon.colcon_core.shell:Skip shell extension 'dsv' for command environment
[0.357s] INFO:colcon.colcon_ros.task.ament_cmake.build:Building ROS package in '/home/sangjun/gcamp_ros2_ws/src/gcamp_ros2_basic/cpp_service_tutorial' with build type 'ament_cmake'
[0.358s] INFO:colcon.colcon_cmake.task.cmake.build:Building CMake package in '/home/sangjun/gcamp_ros2_ws/src/gcamp_ros2_basic/cpp_service_tutorial'
[0.359s] INFO:colcon.colcon_core.shell:Skip shell extension 'powershell' for command environment: Not usable outside of PowerShell
[0.359s] DEBUG:colcon.colcon_core.shell:Skip shell extension 'dsv' for command environment
[0.367s] INFO:colcon.colcon_ros.task.ament_cmake.build:Building ROS package in '/home/sangjun/gcamp_ros2_ws/src/gcamp_ros2_basic/cpp_topic_pkg' with build type 'ament_cmake'
[0.368s] INFO:colcon.colcon_cmake.task.cmake.build:Building CMake package in '/home/sangjun/gcamp_ros2_ws/src/gcamp_ros2_basic/cpp_topic_pkg'
[0.370s] INFO:colcon.colcon_core.shell:Skip shell extension 'powershell' for command environment: Not usable outside of PowerShell
[0.370s] DEBUG:colcon.colcon_core.shell:Skip shell extension 'dsv' for command environment
[0.378s] INFO:colcon.colcon_ros.task.ament_cmake.build:Building ROS package in '/home/sangjun/gcamp_ros2_ws/src/gcamp_ros2_basic/gcamp_gazebo' with build type 'ament_cmake'
[0.378s] INFO:colcon.colcon_cmake.task.cmake.build:Building CMake package in '/home/sangjun/gcamp_ros2_ws/src/gcamp_ros2_basic/gcamp_gazebo'
[0.380s] INFO:colcon.colcon_core.shell:Skip shell extension 'powershell' for command environment: Not usable outside of PowerShell
[0.380s] DEBUG:colcon.colcon_core.shell:Skip shell extension 'dsv' for command environment
[0.386s] INFO:colcon.colcon_ros.task.ament_python.build:Building ROS package in '/home/sangjun/gcamp_ros2_ws/src/gcamp_ros2_basic/py_first_pkg' with build type 'ament_python'
[0.386s] Level 1:colcon.colcon_core.shell:create_environment_hook('py_first_pkg', 'ament_prefix_path')
[0.388s] INFO:colcon.colcon_core.shell:Creating environment hook '/home/sangjun/gcamp_ros2_ws/install/py_first_pkg/share/py_first_pkg/hook/ament_prefix_path.ps1'
[0.388s] INFO:colcon.colcon_core.shell:Creating environment descriptor '/home/sangjun/gcamp_ros2_ws/install/py_first_pkg/share/py_first_pkg/hook/ament_prefix_path.dsv'
[0.389s] INFO:colcon.colcon_core.shell:Creating environment hook '/home/sangjun/gcamp_ros2_ws/install/py_first_pkg/share/py_first_pkg/hook/ament_prefix_path.sh'
[0.390s] INFO:colcon.colcon_core.shell:Skip shell extension 'powershell' for command environment: Not usable outside of PowerShell
[0.390s] DEBUG:colcon.colcon_core.shell:Skip shell extension 'dsv' for command environment
[0.401s] DEBUG:colcon.colcon_core.event_handler.log_command:Invoking command in '/home/sangjun/gcamp_ros2_ws/build/custom_interfaces': CMAKE_PREFIX_PATH=${CMAKE_PREFIX_PATH}:/home/sangjun/gcamp_ros2_ws/install/py_topic_pkg:/home/sangjun/gcamp_ros2_ws/install/py_service_pkg:/home/sangjun/gcamp_ros2_ws/install/py_first_pkg:/home/sangjun/gcamp_ros2_ws/install/py_action_pkg:/opt/ros/foxy /usr/local/bin/cmake --build /home/sangjun/gcamp_ros2_ws/build/custom_interfaces -- -j8 -l8
[0.411s] DEBUG:colcon.colcon_core.event_handler.log_command:Invoking command in '/home/sangjun/gcamp_ros2_ws/build/openslam_gmapping': CMAKE_PREFIX_PATH=${CMAKE_PREFIX_PATH}:/home/sangjun/gcamp_ros2_ws/install/py_topic_pkg:/home/sangjun/gcamp_ros2_ws/install/py_service_pkg:/home/sangjun/gcamp_ros2_ws/install/py_first_pkg:/home/sangjun/gcamp_ros2_ws/install/py_action_pkg:/opt/ros/foxy /usr/local/bin/cmake --build /home/sangjun/gcamp_ros2_ws/build/openslam_gmapping -- -j8 -l8
[0.417s] DEBUG:colcon.colcon_core.event_handler.log_command:Invoking command in '/home/sangjun/gcamp_ros2_ws/build/cpp_first_pkg': CMAKE_PREFIX_PATH=${CMAKE_PREFIX_PATH}:/home/sangjun/gcamp_ros2_ws/install/py_topic_pkg:/home/sangjun/gcamp_ros2_ws/install/py_service_pkg:/home/sangjun/gcamp_ros2_ws/install/py_first_pkg:/home/sangjun/gcamp_ros2_ws/install/py_action_pkg:/opt/ros/foxy /usr/local/bin/cmake --build /home/sangjun/gcamp_ros2_ws/build/cpp_first_pkg -- -j8 -l8
[0.422s] DEBUG:colcon.colcon_core.event_handler.log_command:Invoking command in '/home/sangjun/gcamp_ros2_ws/build/cpp_param_pkg': CMAKE_PREFIX_PATH=${CMAKE_PREFIX_PATH}:/home/sangjun/gcamp_ros2_ws/install/py_topic_pkg:/home/sangjun/gcamp_ros2_ws/install/py_service_pkg:/home/sangjun/gcamp_ros2_ws/install/py_first_pkg:/home/sangjun/gcamp_ros2_ws/install/py_action_pkg:/opt/ros/foxy /usr/local/bin/cmake --build /home/sangjun/gcamp_ros2_ws/build/cpp_param_pkg -- -j8 -l8
[0.433s] DEBUG:colcon.colcon_core.event_handler.log_command:Invoking command in '/home/sangjun/gcamp_ros2_ws/build/cpp_service_tutorial': CMAKE_PREFIX_PATH=${CMAKE_PREFIX_PATH}:/home/sangjun/gcamp_ros2_ws/install/py_topic_pkg:/home/sangjun/gcamp_ros2_ws/install/py_service_pkg:/home/sangjun/gcamp_ros2_ws/install/py_first_pkg:/home/sangjun/gcamp_ros2_ws/install/py_action_pkg:/opt/ros/foxy /usr/local/bin/cmake --build /home/sangjun/gcamp_ros2_ws/build/cpp_service_tutorial -- -j8 -l8
[0.441s] DEBUG:colcon.colcon_core.event_handler.log_command:Invoking command in '/home/sangjun/gcamp_ros2_ws/build/cpp_topic_pkg': CMAKE_PREFIX_PATH=${CMAKE_PREFIX_PATH}:/home/sangjun/gcamp_ros2_ws/install/py_topic_pkg:/home/sangjun/gcamp_ros2_ws/install/py_service_pkg:/home/sangjun/gcamp_ros2_ws/install/py_first_pkg:/home/sangjun/gcamp_ros2_ws/install/py_action_pkg:/opt/ros/foxy /usr/local/bin/cmake --build /home/sangjun/gcamp_ros2_ws/build/cpp_topic_pkg -- -j8 -l8
[0.458s] DEBUG:colcon.colcon_core.event_handler.log_command:Invoking command in '/home/sangjun/gcamp_ros2_ws/build/gcamp_gazebo': CMAKE_PREFIX_PATH=${CMAKE_PREFIX_PATH}:/home/sangjun/gcamp_ros2_ws/install/py_topic_pkg:/home/sangjun/gcamp_ros2_ws/install/py_service_pkg:/home/sangjun/gcamp_ros2_ws/install/py_first_pkg:/home/sangjun/gcamp_ros2_ws/install/py_action_pkg:/opt/ros/foxy /usr/local/bin/cmake --build /home/sangjun/gcamp_ros2_ws/build/gcamp_gazebo -- -j8 -l8
[0.703s] DEBUG:colcon.colcon_parallel_executor.executor.parallel:run_until_complete was interrupted
[0.703s] DEBUG:colcon.colcon_parallel_executor.executor.parallel:run_until_complete again
[0.719s] DEBUG:colcon.colcon_parallel_executor.executor.parallel:run_until_complete finished
[0.720s] DEBUG:colcon.colcon_parallel_executor.executor.parallel:closing loop
[0.720s] DEBUG:colcon.colcon_parallel_executor.executor.parallel:loop closed
[0.720s] DEBUG:colcon.colcon_core.event_reactor:joining thread
[0.726s] INFO:colcon.colcon_core.plugin_system:Skipping extension 'colcon_notification.desktop_notification.terminal_notifier': Not used on non-Darwin systems
[0.726s] INFO:colcon.colcon_core.plugin_system:Skipping extension 'colcon_notification.desktop_notification.win32': Not used on non-Windows systems
[0.726s] INFO:colcon.colcon_notification.desktop_notification:Sending desktop notification using 'notify2'
[0.747s] DEBUG:colcon.colcon_core.event_reactor:joined thread
[0.749s] INFO:colcon.colcon_core.shell:Creating prefix script '/home/sangjun/gcamp_ros2_ws/install/local_setup.ps1'
[0.750s] INFO:colcon.colcon_core.shell:Creating prefix util module '/home/sangjun/gcamp_ros2_ws/install/_local_setup_util_ps1.py'
[0.752s] INFO:colcon.colcon_core.shell:Creating prefix chain script '/home/sangjun/gcamp_ros2_ws/install/setup.ps1'
[0.754s] INFO:colcon.colcon_core.shell:Creating prefix script '/home/sangjun/gcamp_ros2_ws/install/local_setup.sh'
[0.754s] INFO:colcon.colcon_core.shell:Creating prefix util module '/home/sangjun/gcamp_ros2_ws/install/_local_setup_util_sh.py'
[0.754s] INFO:colcon.colcon_core.shell:Creating prefix chain script '/home/sangjun/gcamp_ros2_ws/install/setup.sh'
[0.756s] INFO:colcon.colcon_core.shell:Creating prefix script '/home/sangjun/gcamp_ros2_ws/install/local_setup.bash'
[0.757s] INFO:colcon.colcon_core.shell:Creating prefix chain script '/home/sangjun/gcamp_ros2_ws/install/setup.bash'
[0.763s] INFO:colcon.colcon_core.shell:Creating prefix script '/home/sangjun/gcamp_ros2_ws/install/local_setup.zsh'
[0.763s] INFO:colcon.colcon_core.shell:Creating prefix chain script '/home/sangjun/gcamp_ros2_ws/install/setup.zsh'
