[0.065s] Invoking command in '/home/sangjun/gcamp_ros2_ws/build/cpp_param_pkg': CMAKE_PREFIX_PATH=${CMAKE_PREFIX_PATH}:/home/sangjun/gcamp_ros2_ws/install/py_topic_pkg:/home/sangjun/gcamp_ros2_ws/install/py_service_pkg:/home/sangjun/gcamp_ros2_ws/install/py_first_pkg:/home/sangjun/gcamp_ros2_ws/install/py_action_pkg:/opt/ros/foxy /usr/local/bin/cmake --build /home/sangjun/gcamp_ros2_ws/build/cpp_param_pkg -- -j8 -l8
[0.110s] [100%] Built target param_tutorial
[0.302s] Invoked command in '/home/sangjun/gcamp_ros2_ws/build/cpp_param_pkg' returned '0': CMAKE_PREFIX_PATH=${CMAKE_PREFIX_PATH}:/home/sangjun/gcamp_ros2_ws/install/py_topic_pkg:/home/sangjun/gcamp_ros2_ws/install/py_service_pkg:/home/sangjun/gcamp_ros2_ws/install/py_first_pkg:/home/sangjun/gcamp_ros2_ws/install/py_action_pkg:/opt/ros/foxy /usr/local/bin/cmake --build /home/sangjun/gcamp_ros2_ws/build/cpp_param_pkg -- -j8 -l8
[0.343s] Invoking command in '/home/sangjun/gcamp_ros2_ws/build/cpp_param_pkg': CMAKE_PREFIX_PATH=${CMAKE_PREFIX_PATH}:/home/sangjun/gcamp_ros2_ws/install/py_topic_pkg:/home/sangjun/gcamp_ros2_ws/install/py_service_pkg:/home/sangjun/gcamp_ros2_ws/install/py_first_pkg:/home/sangjun/gcamp_ros2_ws/install/py_action_pkg:/opt/ros/foxy /usr/local/bin/cmake --install /home/sangjun/gcamp_ros2_ws/build/cpp_param_pkg
[0.352s] -- Install configuration: ""
[0.352s] -- Execute custom install script
[0.352s] -- Up-to-date symlink: /home/sangjun/gcamp_ros2_ws/install/cpp_param_pkg/lib/cpp_param_pkg/param_tutorial
[0.352s] -- Up-to-date symlink: /home/sangjun/gcamp_ros2_ws/install/cpp_param_pkg/share/ament_index/resource_index/package_run_dependencies/cpp_param_pkg
[0.354s] -- Up-to-date symlink: /home/sangjun/gcamp_ros2_ws/install/cpp_param_pkg/share/ament_index/resource_index/parent_prefix_path/cpp_param_pkg
[0.355s] -- Up-to-date symlink: /home/sangjun/gcamp_ros2_ws/install/cpp_param_pkg/share/cpp_param_pkg/environment/ament_prefix_path.sh
[0.355s] -- Up-to-date symlink: /home/sangjun/gcamp_ros2_ws/install/cpp_param_pkg/share/cpp_param_pkg/environment/ament_prefix_path.dsv
[0.356s] -- Up-to-date symlink: /home/sangjun/gcamp_ros2_ws/install/cpp_param_pkg/share/cpp_param_pkg/environment/path.sh
[0.357s] -- Up-to-date symlink: /home/sangjun/gcamp_ros2_ws/install/cpp_param_pkg/share/cpp_param_pkg/environment/path.dsv
[0.362s] -- Up-to-date symlink: /home/sangjun/gcamp_ros2_ws/install/cpp_param_pkg/share/cpp_param_pkg/local_setup.bash
[0.362s] -- Up-to-date symlink: /home/sangjun/gcamp_ros2_ws/install/cpp_param_pkg/share/cpp_param_pkg/local_setup.sh
[0.362s] -- Up-to-date symlink: /home/sangjun/gcamp_ros2_ws/install/cpp_param_pkg/share/cpp_param_pkg/local_setup.zsh
[0.362s] -- Up-to-date symlink: /home/sangjun/gcamp_ros2_ws/install/cpp_param_pkg/share/cpp_param_pkg/local_setup.dsv
[0.362s] -- Symlinking: /home/sangjun/gcamp_ros2_ws/install/cpp_param_pkg/share/cpp_param_pkg/package.dsv
[0.370s] -- Up-to-date symlink: /home/sangjun/gcamp_ros2_ws/install/cpp_param_pkg/share/ament_index/resource_index/packages/cpp_param_pkg
[0.375s] -- Up-to-date symlink: /home/sangjun/gcamp_ros2_ws/install/cpp_param_pkg/share/cpp_param_pkg/cmake/cpp_param_pkgConfig.cmake
[0.375s] -- Up-to-date symlink: /home/sangjun/gcamp_ros2_ws/install/cpp_param_pkg/share/cpp_param_pkg/cmake/cpp_param_pkgConfig-version.cmake
[0.375s] -- Up-to-date symlink: /home/sangjun/gcamp_ros2_ws/install/cpp_param_pkg/share/cpp_param_pkg/package.xml
[0.380s] Invoked command in '/home/sangjun/gcamp_ros2_ws/build/cpp_param_pkg' returned '0': CMAKE_PREFIX_PATH=${CMAKE_PREFIX_PATH}:/home/sangjun/gcamp_ros2_ws/install/py_topic_pkg:/home/sangjun/gcamp_ros2_ws/install/py_service_pkg:/home/sangjun/gcamp_ros2_ws/install/py_first_pkg:/home/sangjun/gcamp_ros2_ws/install/py_action_pkg:/opt/ros/foxy /usr/local/bin/cmake --install /home/sangjun/gcamp_ros2_ws/build/cpp_param_pkg
