[0.053s] Invoking command in '/home/sangjun/gcamp_ros2_ws/build/cpp_topic_pkg': CMAKE_PREFIX_PATH=${CMAKE_PREFIX_PATH}:/home/sangjun/gcamp_ros2_ws/install/py_topic_pkg:/home/sangjun/gcamp_ros2_ws/install/py_service_pkg:/home/sangjun/gcamp_ros2_ws/install/py_first_pkg:/home/sangjun/gcamp_ros2_ws/install/py_action_pkg:/opt/ros/foxy /usr/local/bin/cmake --build /home/sangjun/gcamp_ros2_ws/build/cpp_topic_pkg -- -j8 -l8
[0.338s] [ 12%] Built target cmd_vel_pub_node
[0.338s] [ 25%] Built target laser_sub_node
[0.338s] [ 37%] Built target parkingz_node
[0.339s] [ 50%] Built target topic_pub_node
[0.339s] [ 56%] [32mBuilding CXX object CMakeFiles/parking_node.dir/src/parking.cpp.o[0m
[0.339s] [ 68%] Built target topic_pub_oop_node
[0.339s] [ 81%] Built target topic_sub_node
[0.339s] [ 93%] Built target topic_sub_oop_node
[1.352s] [01m[K/home/sangjun/gcamp_ros2_ws/src/gcamp_ros2_basic/cpp_topic_pkg/src/parking.cpp:34:74:[m[K [01;31m[Kerror: [m[Kno matching function for call to ‘[01m[Kstd::vector<char>::vector(Initseting, const char [2])[m[K’
[1.352s]    34 | std::vector<std::vector<char>> Mapmatrix(grid, std::vector<char>(grid,"o"[01;31m[K)[m[K);
[1.353s]       |                                                                          [01;31m[K^[m[K
[1.353s] In file included from [01m[K/usr/include/c++/9/vector:67[m[K,
[1.353s]                  from [01m[K/opt/ros/foxy/include/rosidl_runtime_cpp/bounded_vector.hpp:22[m[K,
[1.353s]                  from [01m[K/opt/ros/foxy/include/geometry_msgs/msg/detail/twist__struct.hpp:8[m[K,
[1.353s]                  from [01m[K/opt/ros/foxy/include/geometry_msgs/msg/twist.hpp:7[m[K,
[1.353s]                  from [01m[K/home/sangjun/gcamp_ros2_ws/src/gcamp_ros2_basic/cpp_topic_pkg/src/parking.cpp:16[m[K:
[1.353s] [01m[K/usr/include/c++/9/bits/stl_vector.h:650:2:[m[K [01;36m[Knote: [m[Kcandidate: ‘[01m[Ktemplate<class _InputIterator, class> std::vector<_Tp, _Alloc>::vector(_InputIterator, _InputIterator, const allocator_type&)[m[K’
[1.353s]   650 |  [01;36m[Kvector[m[K(_InputIterator __first, _InputIterator __last,
[1.353s]       |  [01;36m[K^~~~~~[m[K
[1.353s] [01m[K/usr/include/c++/9/bits/stl_vector.h:650:2:[m[K [01;36m[Knote: [m[K  template argument deduction/substitution failed:
[1.353s] [01m[K/home/sangjun/gcamp_ros2_ws/src/gcamp_ros2_basic/cpp_topic_pkg/src/parking.cpp:34:74:[m[K [01;36m[Knote: [m[K  deduced conflicting types for parameter ‘[01m[K_InputIterator[m[K’ (‘[01m[KInitseting[m[K’ and ‘[01m[Kconst char*[m[K’)
[1.354s]    34 | std::vector<std::vector<char>> Mapmatrix(grid, std::vector<char>(grid,"o"[01;36m[K)[m[K);
[1.354s]       |                                                                          [01;36m[K^[m[K
[1.354s] In file included from [01m[K/usr/include/c++/9/vector:67[m[K,
[1.354s]                  from [01m[K/opt/ros/foxy/include/rosidl_runtime_cpp/bounded_vector.hpp:22[m[K,
[1.354s]                  from [01m[K/opt/ros/foxy/include/geometry_msgs/msg/detail/twist__struct.hpp:8[m[K,
[1.354s]                  from [01m[K/opt/ros/foxy/include/geometry_msgs/msg/twist.hpp:7[m[K,
[1.354s]                  from [01m[K/home/sangjun/gcamp_ros2_ws/src/gcamp_ros2_basic/cpp_topic_pkg/src/parking.cpp:16[m[K:
[1.354s] [01m[K/usr/include/c++/9/bits/stl_vector.h:622:7:[m[K [01;36m[Knote: [m[Kcandidate: ‘[01m[Kstd::vector<_Tp, _Alloc>::vector(std::initializer_list<_Tp>, const allocator_type&) [with _Tp = char; _Alloc = std::allocator<char>; std::vector<_Tp, _Alloc>::allocator_type = std::allocator<char>][m[K’
[1.354s]   622 |       [01;36m[Kvector[m[K(initializer_list<value_type> __l,
[1.354s]       |       [01;36m[K^~~~~~[m[K
[1.354s] [01m[K/usr/include/c++/9/bits/stl_vector.h:622:43:[m[K [01;36m[Knote: [m[K  no known conversion for argument 1 from ‘[01m[KInitseting[m[K’ to ‘[01m[Kstd::initializer_list<char>[m[K’
[1.354s]   622 |       vector([01;36m[Kinitializer_list<value_type> __l[m[K,
[1.355s]       |              [01;36m[K~~~~~~~~~~~~~~~~~~~~~~~~~~~~~^~~[m[K
[1.355s] [01m[K/usr/include/c++/9/bits/stl_vector.h:604:7:[m[K [01;36m[Knote: [m[Kcandidate: ‘[01m[Kstd::vector<_Tp, _Alloc>::vector(std::vector<_Tp, _Alloc>&&, const allocator_type&) [with _Tp = char; _Alloc = std::allocator<char>; std::vector<_Tp, _Alloc>::allocator_type = std::allocator<char>][m[K’
[1.355s]   604 |       [01;36m[Kvector[m[K(vector&& __rv, const allocator_type& __m)
[1.355s]       |       [01;36m[K^~~~~~[m[K
[1.355s] [01m[K/usr/include/c++/9/bits/stl_vector.h:604:23:[m[K [01;36m[Knote: [m[K  no known conversion for argument 1 from ‘[01m[KInitseting[m[K’ to ‘[01m[Kstd::vector<char>&&[m[K’
[1.355s]   604 |       vector([01;36m[Kvector&& __rv[m[K, const allocator_type& __m)
[1.355s]       |              [01;36m[K~~~~~~~~~^~~~[m[K
[1.355s] [01m[K/usr/include/c++/9/bits/stl_vector.h:586:7:[m[K [01;36m[Knote: [m[Kcandidate: ‘[01m[Kstd::vector<_Tp, _Alloc>::vector(std::vector<_Tp, _Alloc>&&, const allocator_type&, std::false_type) [with _Tp = char; _Alloc = std::allocator<char>; std::vector<_Tp, _Alloc>::allocator_type = std::allocator<char>; std::false_type = std::integral_constant<bool, false>][m[K’
[1.355s]   586 |       [01;36m[Kvector[m[K(vector&& __rv, const allocator_type& __m, false_type)
[1.355s]       |       [01;36m[K^~~~~~[m[K
[1.355s] [01m[K/usr/include/c++/9/bits/stl_vector.h:586:7:[m[K [01;36m[Knote: [m[K  candidate expects 3 arguments, 2 provided
[1.356s] [01m[K/usr/include/c++/9/bits/stl_vector.h:582:7:[m[K [01;36m[Knote: [m[Kcandidate: ‘[01m[Kstd::vector<_Tp, _Alloc>::vector(std::vector<_Tp, _Alloc>&&, const allocator_type&, std::true_type) [with _Tp = char; _Alloc = std::allocator<char>; std::vector<_Tp, _Alloc>::allocator_type = std::allocator<char>; std::true_type = std::integral_constant<bool, true>][m[K’
[1.356s]   582 |       [01;36m[Kvector[m[K(vector&& __rv, const allocator_type& __m, true_type) noexcept
[1.356s]       |       [01;36m[K^~~~~~[m[K
[1.356s] [01m[K/usr/include/c++/9/bits/stl_vector.h:582:7:[m[K [01;36m[Knote: [m[K  candidate expects 3 arguments, 2 provided
[1.356s] [01m[K/usr/include/c++/9/bits/stl_vector.h:572:7:[m[K [01;36m[Knote: [m[Kcandidate: ‘[01m[Kstd::vector<_Tp, _Alloc>::vector(const std::vector<_Tp, _Alloc>&, const allocator_type&) [with _Tp = char; _Alloc = std::allocator<char>; std::vector<_Tp, _Alloc>::allocator_type = std::allocator<char>][m[K’
[1.356s]   572 |       [01;36m[Kvector[m[K(const vector& __x, const allocator_type& __a)
[1.356s]       |       [01;36m[K^~~~~~[m[K
[1.356s] [01m[K/usr/include/c++/9/bits/stl_vector.h:572:28:[m[K [01;36m[Knote: [m[K  no known conversion for argument 1 from ‘[01m[KInitseting[m[K’ to ‘[01m[Kconst std::vector<char>&[m[K’
[1.356s]   572 |       vector([01;36m[Kconst vector& __x[m[K, const allocator_type& __a)
[1.356s]       |              [01;36m[K~~~~~~~~~~~~~~^~~[m[K
[1.356s] [01m[K/usr/include/c++/9/bits/stl_vector.h:569:7:[m[K [01;36m[Knote: [m[Kcandidate: ‘[01m[Kstd::vector<_Tp, _Alloc>::vector(std::vector<_Tp, _Alloc>&&) [with _Tp = char; _Alloc = std::allocator<char>][m[K’
[1.357s]   569 |       [01;36m[Kvector[m[K(vector&&) noexcept = default;
[1.357s]       |       [01;36m[K^~~~~~[m[K
[1.357s] [01m[K/usr/include/c++/9/bits/stl_vector.h:569:7:[m[K [01;36m[Knote: [m[K  candidate expects 1 argument, 2 provided
[1.357s] [01m[K/usr/include/c++/9/bits/stl_vector.h:550:7:[m[K [01;36m[Knote: [m[Kcandidate: ‘[01m[Kstd::vector<_Tp, _Alloc>::vector(const std::vector<_Tp, _Alloc>&) [with _Tp = char; _Alloc = std::allocator<char>][m[K’
[1.357s]   550 |       [01;36m[Kvector[m[K(const vector& __x)
[1.357s]       |       [01;36m[K^~~~~~[m[K
[1.357s] [01m[K/usr/include/c++/9/bits/stl_vector.h:550:7:[m[K [01;36m[Knote: [m[K  candidate expects 1 argument, 2 provided
[1.357s] [01m[K/usr/include/c++/9/bits/stl_vector.h:519:7:[m[K [01;36m[Knote: [m[Kcandidate: ‘[01m[Kstd::vector<_Tp, _Alloc>::vector(std::vector<_Tp, _Alloc>::size_type, const value_type&, const allocator_type&) [with _Tp = char; _Alloc = std::allocator<char>; std::vector<_Tp, _Alloc>::size_type = long unsigned int; std::vector<_Tp, _Alloc>::value_type = char; std::vector<_Tp, _Alloc>::allocator_type = std::allocator<char>][m[K’ <near match>
[1.357s]   519 |       [01;36m[Kvector[m[K(size_type __n, const value_type& __value,
[1.357s]       |       [01;36m[K^~~~~~[m[K
[1.357s] [01m[K/usr/include/c++/9/bits/stl_vector.h:519:7:[m[K [01;36m[Knote: [m[K  conversion of argument 2 would be ill-formed:
[1.358s] [01m[K/home/sangjun/gcamp_ros2_ws/src/gcamp_ros2_basic/cpp_topic_pkg/src/parking.cpp:34:71:[m[K [01;31m[Kerror: [m[Kinvalid conversion from ‘[01m[Kconst char*[m[K’ to ‘[01m[Kstd::vector<char>::value_type[m[K’ {aka ‘[01m[Kchar[m[K’} [[01;31m[K-fpermissive[m[K]
[1.358s]    34 | std::vector<std::vector<char>> Mapmatrix(grid, std::vector<char>(grid,[01;31m[K"o"[m[K));
[1.358s]       |                                                                       [01;31m[K^~~[m[K
[1.358s]       |                                                                       [01;31m[K|[m[K
[1.358s]       |                                                                       [01;31m[Kconst char*[m[K
[1.358s] In file included from [01m[K/usr/include/c++/9/vector:67[m[K,
[1.358s]                  from [01m[K/opt/ros/foxy/include/rosidl_runtime_cpp/bounded_vector.hpp:22[m[K,
[1.358s]                  from [01m[K/opt/ros/foxy/include/geometry_msgs/msg/detail/twist__struct.hpp:8[m[K,
[1.358s]                  from [01m[K/opt/ros/foxy/include/geometry_msgs/msg/twist.hpp:7[m[K,
[1.358s]                  from [01m[K/home/sangjun/gcamp_ros2_ws/src/gcamp_ros2_basic/cpp_topic_pkg/src/parking.cpp:16[m[K:
[1.358s] [01m[K/usr/include/c++/9/bits/stl_vector.h:507:7:[m[K [01;36m[Knote: [m[Kcandidate: ‘[01m[Kstd::vector<_Tp, _Alloc>::vector(std::vector<_Tp, _Alloc>::size_type, const allocator_type&) [with _Tp = char; _Alloc = std::allocator<char>; std::vector<_Tp, _Alloc>::size_type = long unsigned int; std::vector<_Tp, _Alloc>::allocator_type = std::allocator<char>][m[K’
[1.358s]   507 |       [01;36m[Kvector[m[K(size_type __n, const allocator_type& __a = allocator_type())
[1.359s]       |       [01;36m[K^~~~~~[m[K
[1.359s] [01m[K/usr/include/c++/9/bits/stl_vector.h:507:51:[m[K [01;36m[Knote: [m[K  no known conversion for argument 2 from ‘[01m[Kconst char [2][m[K’ to ‘[01m[Kconst allocator_type&[m[K’ {aka ‘[01m[Kconst std::allocator<char>&[m[K’}
[1.359s]   507 |       vector(size_type __n, [01;36m[Kconst allocator_type& __a = allocator_type()[m[K)
[1.359s]       |                             [01;36m[K~~~~~~~~~~~~~~~~~~~~~~^~~~~~~~~~~~~~~~~~~~~~[m[K
[1.359s] [01m[K/usr/include/c++/9/bits/stl_vector.h:494:7:[m[K [01;36m[Knote: [m[Kcandidate: ‘[01m[Kstd::vector<_Tp, _Alloc>::vector(const allocator_type&) [with _Tp = char; _Alloc = std::allocator<char>; std::vector<_Tp, _Alloc>::allocator_type = std::allocator<char>][m[K’
[1.359s]   494 |       [01;36m[Kvector[m[K(const allocator_type& __a) _GLIBCXX_NOEXCEPT
[1.359s]       |       [01;36m[K^~~~~~[m[K
[1.359s] [01m[K/usr/include/c++/9/bits/stl_vector.h:494:7:[m[K [01;36m[Knote: [m[K  candidate expects 1 argument, 2 provided
[1.359s] [01m[K/usr/include/c++/9/bits/stl_vector.h:484:7:[m[K [01;36m[Knote: [m[Kcandidate: ‘[01m[Kstd::vector<_Tp, _Alloc>::vector() [with _Tp = char; _Alloc = std::allocator<char>][m[K’
[1.359s]   484 |       [01;36m[Kvector[m[K() = default;
[1.359s]       |       [01;36m[K^~~~~~[m[K
[1.359s] [01m[K/usr/include/c++/9/bits/stl_vector.h:484:7:[m[K [01;36m[Knote: [m[K  candidate expects 0 arguments, 2 provided
[1.398s] [01m[K/home/sangjun/gcamp_ros2_ws/src/gcamp_ros2_basic/cpp_topic_pkg/src/parking.cpp:[m[K In member function ‘[01m[Kvoid ParkingNode::heading_scan_position(std::vector<float>&)[m[K’:
[1.398s] [01m[K/home/sangjun/gcamp_ros2_ws/src/gcamp_ros2_basic/cpp_topic_pkg/src/parking.cpp:168:51:[m[K [01;31m[Kerror: [m[Kinvalid conversion from ‘[01m[Kconst char*[m[K’ to ‘[01m[K__gnu_cxx::__alloc_traits<std::allocator<char>, char>::value_type[m[K’ {aka ‘[01m[Kchar[m[K’} [[01;31m[K-fpermissive[m[K]
[1.398s]   168 |                 Mapmatrix[x_spot[i]][y_spot[i]] = [01;31m[K"x"[m[K;
[1.399s]       |                                                   [01;31m[K^~~[m[K
[1.399s]       |                                                   [01;31m[K|[m[K
[1.399s]       |                                                   [01;31m[Kconst char*[m[K
[2.913s] make[2]: *** [CMakeFiles/parking_node.dir/build.make:76: CMakeFiles/parking_node.dir/src/parking.cpp.o] Error 1
[2.913s] make[1]: *** [CMakeFiles/Makefile2:203: CMakeFiles/parking_node.dir/all] Error 2
[2.913s] make: *** [Makefile:146: all] Error 2
[2.915s] Invoked command in '/home/sangjun/gcamp_ros2_ws/build/cpp_topic_pkg' returned '2': CMAKE_PREFIX_PATH=${CMAKE_PREFIX_PATH}:/home/sangjun/gcamp_ros2_ws/install/py_topic_pkg:/home/sangjun/gcamp_ros2_ws/install/py_service_pkg:/home/sangjun/gcamp_ros2_ws/install/py_first_pkg:/home/sangjun/gcamp_ros2_ws/install/py_action_pkg:/opt/ros/foxy /usr/local/bin/cmake --build /home/sangjun/gcamp_ros2_ws/build/cpp_topic_pkg -- -j8 -l8
