[0.099s] Invoking command in '/home/sangjun/gcamp_ros2_ws/build/cpp_first_pkg': CMAKE_PREFIX_PATH=${CMAKE_PREFIX_PATH}:/home/sangjun/gcamp_ros2_ws/install/py_topic_pkg:/home/sangjun/gcamp_ros2_ws/install/py_service_pkg:/home/sangjun/gcamp_ros2_ws/install/py_first_pkg:/home/sangjun/gcamp_ros2_ws/install/py_action_pkg:/opt/ros/foxy /usr/local/bin/cmake --build /home/sangjun/gcamp_ros2_ws/build/cpp_first_pkg -- -j8 -l8
[0.686s] [ 20%] Built target lifecycle_node
[0.686s] [ 40%] Built target simple_oop_node
[0.686s] [ 60%] Built target simple_loop_node
[0.686s] [ 80%] Built target simple_without_oop_node
[0.686s] [100%] Built target simple_node
[0.716s] Invoked command in '/home/sangjun/gcamp_ros2_ws/build/cpp_first_pkg' returned '0': CMAKE_PREFIX_PATH=${CMAKE_PREFIX_PATH}:/home/sangjun/gcamp_ros2_ws/install/py_topic_pkg:/home/sangjun/gcamp_ros2_ws/install/py_service_pkg:/home/sangjun/gcamp_ros2_ws/install/py_first_pkg:/home/sangjun/gcamp_ros2_ws/install/py_action_pkg:/opt/ros/foxy /usr/local/bin/cmake --build /home/sangjun/gcamp_ros2_ws/build/cpp_first_pkg -- -j8 -l8
[0.986s] Invoking command in '/home/sangjun/gcamp_ros2_ws/build/cpp_first_pkg': CMAKE_PREFIX_PATH=${CMAKE_PREFIX_PATH}:/home/sangjun/gcamp_ros2_ws/install/py_topic_pkg:/home/sangjun/gcamp_ros2_ws/install/py_service_pkg:/home/sangjun/gcamp_ros2_ws/install/py_first_pkg:/home/sangjun/gcamp_ros2_ws/install/py_action_pkg:/opt/ros/foxy /usr/local/bin/cmake --install /home/sangjun/gcamp_ros2_ws/build/cpp_first_pkg
[1.006s] -- Install configuration: ""
[1.007s] -- Execute custom install script
[1.007s] -- Up-to-date symlink: /home/sangjun/gcamp_ros2_ws/install/cpp_first_pkg/lib/cpp_first_pkg/lifecycle_node
[1.007s] -- Up-to-date symlink: /home/sangjun/gcamp_ros2_ws/install/cpp_first_pkg/lib/cpp_first_pkg/simple_loop_node
[1.007s] -- Up-to-date symlink: /home/sangjun/gcamp_ros2_ws/install/cpp_first_pkg/lib/cpp_first_pkg/simple_oop_node
[1.007s] -- Up-to-date symlink: /home/sangjun/gcamp_ros2_ws/install/cpp_first_pkg/lib/cpp_first_pkg/simple_without_oop_node
[1.007s] -- Up-to-date symlink: /home/sangjun/gcamp_ros2_ws/install/cpp_first_pkg/lib/cpp_first_pkg/simple_node
[1.017s] -- Up-to-date symlink: /home/sangjun/gcamp_ros2_ws/install/cpp_first_pkg/share/ament_index/resource_index/package_run_dependencies/cpp_first_pkg
[1.018s] -- Up-to-date symlink: /home/sangjun/gcamp_ros2_ws/install/cpp_first_pkg/share/ament_index/resource_index/parent_prefix_path/cpp_first_pkg
[1.018s] -- Up-to-date symlink: /home/sangjun/gcamp_ros2_ws/install/cpp_first_pkg/share/cpp_first_pkg/environment/ament_prefix_path.sh
[1.018s] -- Up-to-date symlink: /home/sangjun/gcamp_ros2_ws/install/cpp_first_pkg/share/cpp_first_pkg/environment/ament_prefix_path.dsv
[1.018s] -- Up-to-date symlink: /home/sangjun/gcamp_ros2_ws/install/cpp_first_pkg/share/cpp_first_pkg/environment/path.sh
[1.018s] -- Up-to-date symlink: /home/sangjun/gcamp_ros2_ws/install/cpp_first_pkg/share/cpp_first_pkg/environment/path.dsv
[1.018s] -- Up-to-date symlink: /home/sangjun/gcamp_ros2_ws/install/cpp_first_pkg/share/cpp_first_pkg/local_setup.bash
[1.018s] -- Up-to-date symlink: /home/sangjun/gcamp_ros2_ws/install/cpp_first_pkg/share/cpp_first_pkg/local_setup.sh
[1.018s] -- Up-to-date symlink: /home/sangjun/gcamp_ros2_ws/install/cpp_first_pkg/share/cpp_first_pkg/local_setup.zsh
[1.018s] -- Up-to-date symlink: /home/sangjun/gcamp_ros2_ws/install/cpp_first_pkg/share/cpp_first_pkg/local_setup.dsv
[1.019s] -- Symlinking: /home/sangjun/gcamp_ros2_ws/install/cpp_first_pkg/share/cpp_first_pkg/package.dsv
[1.024s] -- Up-to-date symlink: /home/sangjun/gcamp_ros2_ws/install/cpp_first_pkg/share/ament_index/resource_index/packages/cpp_first_pkg
[1.024s] -- Up-to-date symlink: /home/sangjun/gcamp_ros2_ws/install/cpp_first_pkg/share/cpp_first_pkg/cmake/cpp_first_pkgConfig.cmake
[1.024s] -- Up-to-date symlink: /home/sangjun/gcamp_ros2_ws/install/cpp_first_pkg/share/cpp_first_pkg/cmake/cpp_first_pkgConfig-version.cmake
[1.025s] -- Up-to-date symlink: /home/sangjun/gcamp_ros2_ws/install/cpp_first_pkg/share/cpp_first_pkg/package.xml
[1.025s] -- Up-to-date symlink: /home/sangjun/gcamp_ros2_ws/install/cpp_first_pkg/share/cpp_first_pkg//launch/simple_node.launch.py
[1.105s] Invoked command in '/home/sangjun/gcamp_ros2_ws/build/cpp_first_pkg' returned '0': CMAKE_PREFIX_PATH=${CMAKE_PREFIX_PATH}:/home/sangjun/gcamp_ros2_ws/install/py_topic_pkg:/home/sangjun/gcamp_ros2_ws/install/py_service_pkg:/home/sangjun/gcamp_ros2_ws/install/py_first_pkg:/home/sangjun/gcamp_ros2_ws/install/py_action_pkg:/opt/ros/foxy /usr/local/bin/cmake --install /home/sangjun/gcamp_ros2_ws/build/cpp_first_pkg
