[0.079s] Invoking command in '/home/sangjun/gcamp_ros2_ws/build/cpp_service_tutorial': /usr/local/bin/cmake --build /home/sangjun/gcamp_ros2_ws/build/cpp_service_tutorial -- -j8 -l8
[1.197s] [ 25%] Built target cpp_simple_service_dummy_server_node
[1.198s] [ 50%] Built target cpp_simple_service_client_node
[1.202s] [ 75%] Built target srv_client_node
[1.203s] [100%] Built target srv_server_node
[1.350s] Invoked command in '/home/sangjun/gcamp_ros2_ws/build/cpp_service_tutorial' returned '0': /usr/local/bin/cmake --build /home/sangjun/gcamp_ros2_ws/build/cpp_service_tutorial -- -j8 -l8
[1.419s] Invoking command in '/home/sangjun/gcamp_ros2_ws/build/cpp_service_tutorial': /usr/local/bin/cmake --install /home/sangjun/gcamp_ros2_ws/build/cpp_service_tutorial
[1.430s] -- Install configuration: ""
[1.431s] -- Execute custom install script
[1.431s] -- Up-to-date symlink: /home/sangjun/gcamp_ros2_ws/install/cpp_service_tutorial/lib/cpp_service_tutorial/cpp_simple_service_client_node
[1.431s] -- Up-to-date symlink: /home/sangjun/gcamp_ros2_ws/install/cpp_service_tutorial/lib/cpp_service_tutorial/cpp_simple_service_dummy_server_node
[1.431s] -- Up-to-date symlink: /home/sangjun/gcamp_ros2_ws/install/cpp_service_tutorial/lib/cpp_service_tutorial/srv_server_node
[1.431s] -- Up-to-date symlink: /home/sangjun/gcamp_ros2_ws/install/cpp_service_tutorial/lib/cpp_service_tutorial/srv_client_node
[1.431s] -- Up-to-date symlink: /home/sangjun/gcamp_ros2_ws/install/cpp_service_tutorial/share/ament_index/resource_index/package_run_dependencies/cpp_service_tutorial
[1.431s] -- Up-to-date symlink: /home/sangjun/gcamp_ros2_ws/install/cpp_service_tutorial/share/ament_index/resource_index/parent_prefix_path/cpp_service_tutorial
[1.431s] -- Up-to-date symlink: /home/sangjun/gcamp_ros2_ws/install/cpp_service_tutorial/share/cpp_service_tutorial/environment/ament_prefix_path.sh
[1.431s] -- Up-to-date symlink: /home/sangjun/gcamp_ros2_ws/install/cpp_service_tutorial/share/cpp_service_tutorial/environment/ament_prefix_path.dsv
[1.431s] -- Up-to-date symlink: /home/sangjun/gcamp_ros2_ws/install/cpp_service_tutorial/share/cpp_service_tutorial/environment/path.sh
[1.431s] -- Up-to-date symlink: /home/sangjun/gcamp_ros2_ws/install/cpp_service_tutorial/share/cpp_service_tutorial/environment/path.dsv
[1.431s] -- Up-to-date symlink: /home/sangjun/gcamp_ros2_ws/install/cpp_service_tutorial/share/cpp_service_tutorial/local_setup.bash
[1.432s] -- Up-to-date symlink: /home/sangjun/gcamp_ros2_ws/install/cpp_service_tutorial/share/cpp_service_tutorial/local_setup.sh
[1.432s] -- Up-to-date symlink: /home/sangjun/gcamp_ros2_ws/install/cpp_service_tutorial/share/cpp_service_tutorial/local_setup.zsh
[1.432s] -- Up-to-date symlink: /home/sangjun/gcamp_ros2_ws/install/cpp_service_tutorial/share/cpp_service_tutorial/local_setup.dsv
[1.432s] -- Symlinking: /home/sangjun/gcamp_ros2_ws/install/cpp_service_tutorial/share/cpp_service_tutorial/package.dsv
[1.433s] -- Up-to-date symlink: /home/sangjun/gcamp_ros2_ws/install/cpp_service_tutorial/share/ament_index/resource_index/packages/cpp_service_tutorial
[1.433s] -- Up-to-date symlink: /home/sangjun/gcamp_ros2_ws/install/cpp_service_tutorial/share/cpp_service_tutorial/cmake/cpp_service_tutorialConfig.cmake
[1.433s] -- Up-to-date symlink: /home/sangjun/gcamp_ros2_ws/install/cpp_service_tutorial/share/cpp_service_tutorial/cmake/cpp_service_tutorialConfig-version.cmake
[1.433s] -- Up-to-date symlink: /home/sangjun/gcamp_ros2_ws/install/cpp_service_tutorial/share/cpp_service_tutorial/package.xml
[1.618s] Invoked command in '/home/sangjun/gcamp_ros2_ws/build/cpp_service_tutorial' returned '0': /usr/local/bin/cmake --install /home/sangjun/gcamp_ros2_ws/build/cpp_service_tutorial
