[0.052s] Invoking command in '/home/sangjun/gcamp_ros2_ws/build/cpp_param_pkg': CMAKE_PREFIX_PATH=${CMAKE_PREFIX_PATH}:/opt/ros/foxy /usr/local/bin/cmake /home/sangjun/gcamp_ros2_ws/src/gcamp_ros2_basic/cpp_param_pkg -DAMENT_CMAKE_SYMLINK_INSTALL=1 -DCMAKE_INSTALL_PREFIX=/home/sangjun/gcamp_ros2_ws/install/cpp_param_pkg
[0.273s] -- The C compiler identification is GNU 9.4.0
[0.273s] -- The CXX compiler identification is GNU 9.4.0
[0.273s] -- Detecting C compiler ABI info
[0.274s] -- Detecting C compiler ABI info - done
[0.274s] -- Check for working C compiler: /usr/bin/cc - skipped
[0.274s] -- Detecting C compile features
[0.274s] -- Detecting C compile features - done
[0.274s] -- Detecting CXX compiler ABI info
[0.279s] -- Detecting CXX compiler ABI info - done
[0.286s] -- Check for working CXX compiler: /usr/bin/c++ - skipped
[0.287s] -- Detecting CXX compile features
[0.287s] -- Detecting CXX compile features - done
[0.289s] -- Found ament_cmake: 0.9.11 (/opt/ros/foxy/share/ament_cmake/cmake)
[0.311s] -- Found PythonInterp: /usr/bin/python3 (found suitable version "3.8.10", minimum required is "3") 
[0.311s] -- Using PYTHON_EXECUTABLE: /usr/bin/python3
[0.499s] -- Override CMake install command with custom implementation using symlinks instead of copying resources
[0.522s] -- Found rclcpp: 2.4.2 (/opt/ros/foxy/share/rclcpp/cmake)
[0.566s] -- Using all available rosidl_typesupport_c: rosidl_typesupport_fastrtps_c;rosidl_typesupport_introspection_c
[0.583s] -- Found rosidl_adapter: 1.3.0 (/opt/ros/foxy/share/rosidl_adapter/cmake)
[0.641s] -- Found OpenSSL: /usr/lib/x86_64-linux-gnu/libcrypto.so (found version "1.1.1f")  
[0.674s] -- Found FastRTPS: /opt/ros/foxy/include  
[0.757s] -- Using all available rosidl_typesupport_cpp: rosidl_typesupport_fastrtps_cpp;rosidl_typesupport_introspection_cpp
[0.803s] -- Found rmw_implementation_cmake: 1.0.3 (/opt/ros/foxy/share/rmw_implementation_cmake/cmake)
[0.804s] -- Using RMW implementation 'rmw_fastrtps_cpp' as default
[0.805s] -- Performing Test CMAKE_HAVE_LIBC_PTHREAD
[0.857s] -- Performing Test CMAKE_HAVE_LIBC_PTHREAD - Failed
[0.857s] -- Looking for pthread_create in pthreads
[0.909s] -- Looking for pthread_create in pthreads - not found
[0.909s] -- Looking for pthread_create in pthread
[0.959s] -- Looking for pthread_create in pthread - found
[0.960s] -- Found Threads: TRUE  
[1.119s] -- Found ament_lint_auto: 0.9.7 (/opt/ros/foxy/share/ament_lint_auto/cmake)
[1.199s] -- Added test 'copyright' to check source files copyright and LICENSE
[1.200s] -- Added test 'cppcheck' to perform static code analysis on C / C++ code
[1.200s] -- Configured cppcheck include dirs: 
[1.200s] -- Configured cppcheck exclude dirs and/or files: 
[1.201s] -- Added test 'cpplint' to check C / C++ code against the Google style
[1.201s] -- Configured cpplint exclude dirs and/or files: 
[1.201s] -- Added test 'lint_cmake' to check CMake code style
[1.202s] -- Added test 'uncrustify' to check C / C++ code style
[1.202s] -- Configured uncrustify additional arguments: 
[1.203s] -- Added test 'xmllint' to check XML markup files
[1.204s] -- Configuring done
[1.213s] -- Generating done
[1.215s] -- Build files have been written to: /home/sangjun/gcamp_ros2_ws/build/cpp_param_pkg
[1.224s] Invoked command in '/home/sangjun/gcamp_ros2_ws/build/cpp_param_pkg' returned '0': CMAKE_PREFIX_PATH=${CMAKE_PREFIX_PATH}:/opt/ros/foxy /usr/local/bin/cmake /home/sangjun/gcamp_ros2_ws/src/gcamp_ros2_basic/cpp_param_pkg -DAMENT_CMAKE_SYMLINK_INSTALL=1 -DCMAKE_INSTALL_PREFIX=/home/sangjun/gcamp_ros2_ws/install/cpp_param_pkg
[1.227s] Invoking command in '/home/sangjun/gcamp_ros2_ws/build/cpp_param_pkg': CMAKE_PREFIX_PATH=${CMAKE_PREFIX_PATH}:/opt/ros/foxy /usr/local/bin/cmake --build /home/sangjun/gcamp_ros2_ws/build/cpp_param_pkg -- -j8 -l8
[1.476s] [ 50%] [32mBuilding CXX object CMakeFiles/param_tutorial.dir/src/param_tutorial.cpp.o[0m
[4.043s] [01m[K/home/sangjun/gcamp_ros2_ws/src/gcamp_ros2_basic/cpp_param_pkg/src/param_tutorial.cpp:[m[K In constructor ‘[01m[KParamNode::ParamNode()[m[K’:
[4.044s] [01m[K/home/sangjun/gcamp_ros2_ws/src/gcamp_ros2_basic/cpp_param_pkg/src/param_tutorial.cpp:17:13:[m[K [01;35m[Kwarning: [m[Kunused variable ‘[01m[Kmy_int[m[K’ [[01;35m[K-Wunused-variable[m[K]
[4.044s]    17 |         int [01;35m[Kmy_int[m[K = int_param.as_int();
[4.044s]       |             [01;35m[K^~~~~~[m[K
[5.910s] [100%] [32m[1mLinking CXX executable param_tutorial[0m
[6.379s] [100%] Built target param_tutorial
[6.395s] Invoked command in '/home/sangjun/gcamp_ros2_ws/build/cpp_param_pkg' returned '0': CMAKE_PREFIX_PATH=${CMAKE_PREFIX_PATH}:/opt/ros/foxy /usr/local/bin/cmake --build /home/sangjun/gcamp_ros2_ws/build/cpp_param_pkg -- -j8 -l8
[6.784s] Invoking command in '/home/sangjun/gcamp_ros2_ws/build/cpp_param_pkg': CMAKE_PREFIX_PATH=${CMAKE_PREFIX_PATH}:/opt/ros/foxy /usr/local/bin/cmake --install /home/sangjun/gcamp_ros2_ws/build/cpp_param_pkg
[6.808s] -- Install configuration: ""
[6.808s] -- Execute custom install script
[6.808s] -- Symlinking: /home/sangjun/gcamp_ros2_ws/install/cpp_param_pkg/lib/cpp_param_pkg/param_tutorial
[6.808s] -- Symlinking: /home/sangjun/gcamp_ros2_ws/install/cpp_param_pkg/share/ament_index/resource_index/package_run_dependencies/cpp_param_pkg
[6.816s] -- Symlinking: /home/sangjun/gcamp_ros2_ws/install/cpp_param_pkg/share/ament_index/resource_index/parent_prefix_path/cpp_param_pkg
[6.843s] -- Symlinking: /home/sangjun/gcamp_ros2_ws/install/cpp_param_pkg/share/cpp_param_pkg/environment/ament_prefix_path.sh
[6.847s] -- Symlinking: /home/sangjun/gcamp_ros2_ws/install/cpp_param_pkg/share/cpp_param_pkg/environment/ament_prefix_path.dsv
[6.851s] -- Symlinking: /home/sangjun/gcamp_ros2_ws/install/cpp_param_pkg/share/cpp_param_pkg/environment/path.sh
[6.855s] -- Symlinking: /home/sangjun/gcamp_ros2_ws/install/cpp_param_pkg/share/cpp_param_pkg/environment/path.dsv
[6.870s] -- Symlinking: /home/sangjun/gcamp_ros2_ws/install/cpp_param_pkg/share/cpp_param_pkg/local_setup.bash
[6.904s] -- Symlinking: /home/sangjun/gcamp_ros2_ws/install/cpp_param_pkg/share/cpp_param_pkg/local_setup.sh
[6.935s] -- Symlinking: /home/sangjun/gcamp_ros2_ws/install/cpp_param_pkg/share/cpp_param_pkg/local_setup.zsh
[6.951s] -- Symlinking: /home/sangjun/gcamp_ros2_ws/install/cpp_param_pkg/share/cpp_param_pkg/local_setup.dsv
[6.968s] -- Symlinking: /home/sangjun/gcamp_ros2_ws/install/cpp_param_pkg/share/cpp_param_pkg/package.dsv
[6.991s] -- Symlinking: /home/sangjun/gcamp_ros2_ws/install/cpp_param_pkg/share/ament_index/resource_index/packages/cpp_param_pkg
[7.022s] -- Symlinking: /home/sangjun/gcamp_ros2_ws/install/cpp_param_pkg/share/cpp_param_pkg/cmake/cpp_param_pkgConfig.cmake
[7.056s] -- Symlinking: /home/sangjun/gcamp_ros2_ws/install/cpp_param_pkg/share/cpp_param_pkg/cmake/cpp_param_pkgConfig-version.cmake
[7.083s] -- Symlinking: /home/sangjun/gcamp_ros2_ws/install/cpp_param_pkg/share/cpp_param_pkg/package.xml
[7.123s] Invoked command in '/home/sangjun/gcamp_ros2_ws/build/cpp_param_pkg' returned '0': CMAKE_PREFIX_PATH=${CMAKE_PREFIX_PATH}:/opt/ros/foxy /usr/local/bin/cmake --install /home/sangjun/gcamp_ros2_ws/build/cpp_param_pkg
