[0.689s] Invoking command in '/home/sangjun/gcamp_ros2_ws/build/py_topic_pkg': PYTHONPATH=/home/sangjun/gcamp_ros2_ws/build/py_topic_pkg/prefix_override:/home/sangjun/gcamp_ros2_ws/install/py_topic_pkg/lib/python3.8/site-packages:${PYTHONPATH} /usr/bin/python3 setup.py develop --editable --build-directory /home/sangjun/gcamp_ros2_ws/build/py_topic_pkg/build --no-deps install_data
[0.879s] running develop
[0.973s] running egg_info
[0.973s] writing py_topic_pkg.egg-info/PKG-INFO
[0.973s] writing dependency_links to py_topic_pkg.egg-info/dependency_links.txt
[0.973s] writing entry points to py_topic_pkg.egg-info/entry_points.txt
[0.973s] writing requirements to py_topic_pkg.egg-info/requires.txt
[0.973s] writing top-level names to py_topic_pkg.egg-info/top_level.txt
[0.999s] reading manifest file 'py_topic_pkg.egg-info/SOURCES.txt'
[0.999s] writing manifest file 'py_topic_pkg.egg-info/SOURCES.txt'
[1.024s] running build_ext
[1.025s] Creating /home/sangjun/gcamp_ros2_ws/install/py_topic_pkg/lib/python3.8/site-packages/py-topic-pkg.egg-link (link to .)
[1.025s] Installing cmd_vel_pub_node script to /home/sangjun/gcamp_ros2_ws/install/py_topic_pkg/lib/py_topic_pkg
[1.025s] Installing endless_cmd_vel_pub_node script to /home/sangjun/gcamp_ros2_ws/install/py_topic_pkg/lib/py_topic_pkg
[1.025s] Installing laser_raw_node script to /home/sangjun/gcamp_ros2_ws/install/py_topic_pkg/lib/py_topic_pkg
[1.026s] Installing laser_sub_node script to /home/sangjun/gcamp_ros2_ws/install/py_topic_pkg/lib/py_topic_pkg
[1.026s] Installing parking_node script to /home/sangjun/gcamp_ros2_ws/install/py_topic_pkg/lib/py_topic_pkg
[1.026s] 
[1.026s] Installed /home/sangjun/gcamp_ros2_ws/build/py_topic_pkg
[1.026s] running install_data
[1.058s] Invoked command in '/home/sangjun/gcamp_ros2_ws/build/py_topic_pkg' returned '0': PYTHONPATH=/home/sangjun/gcamp_ros2_ws/build/py_topic_pkg/prefix_override:/home/sangjun/gcamp_ros2_ws/install/py_topic_pkg/lib/python3.8/site-packages:${PYTHONPATH} /usr/bin/python3 setup.py develop --editable --build-directory /home/sangjun/gcamp_ros2_ws/build/py_topic_pkg/build --no-deps install_data
