[0.086s] Invoking command in '/home/sangjun/gcamp_ros2_ws/build/cpp_first_pkg': CMAKE_PREFIX_PATH=${CMAKE_PREFIX_PATH}:/home/sangjun/gcamp_ros2_ws/install/py_topic_pkg:/home/sangjun/gcamp_ros2_ws/install/py_service_pkg:/home/sangjun/gcamp_ros2_ws/install/py_first_pkg:/home/sangjun/gcamp_ros2_ws/install/py_action_pkg:/opt/ros/foxy /usr/local/bin/cmake --build /home/sangjun/gcamp_ros2_ws/build/cpp_first_pkg -- -j8 -l8
[1.308s] [ 20%] Built target simple_loop_node
[1.309s] [ 40%] Built target lifecycle_node
[1.310s] [ 60%] Built target simple_without_oop_node
[1.311s] [ 80%] Built target simple_node
[1.312s] [100%] Built target simple_oop_node
[1.319s] Invoked command in '/home/sangjun/gcamp_ros2_ws/build/cpp_first_pkg' returned '0': CMAKE_PREFIX_PATH=${CMAKE_PREFIX_PATH}:/home/sangjun/gcamp_ros2_ws/install/py_topic_pkg:/home/sangjun/gcamp_ros2_ws/install/py_service_pkg:/home/sangjun/gcamp_ros2_ws/install/py_first_pkg:/home/sangjun/gcamp_ros2_ws/install/py_action_pkg:/opt/ros/foxy /usr/local/bin/cmake --build /home/sangjun/gcamp_ros2_ws/build/cpp_first_pkg -- -j8 -l8
[1.432s] Invoking command in '/home/sangjun/gcamp_ros2_ws/build/cpp_first_pkg': CMAKE_PREFIX_PATH=${CMAKE_PREFIX_PATH}:/home/sangjun/gcamp_ros2_ws/install/py_topic_pkg:/home/sangjun/gcamp_ros2_ws/install/py_service_pkg:/home/sangjun/gcamp_ros2_ws/install/py_first_pkg:/home/sangjun/gcamp_ros2_ws/install/py_action_pkg:/opt/ros/foxy /usr/local/bin/cmake --install /home/sangjun/gcamp_ros2_ws/build/cpp_first_pkg
[1.442s] -- Install configuration: ""
[1.442s] -- Execute custom install script
[1.459s] -- Up-to-date symlink: /home/sangjun/gcamp_ros2_ws/install/cpp_first_pkg/lib/cpp_first_pkg/lifecycle_node
[1.461s] -- Up-to-date symlink: /home/sangjun/gcamp_ros2_ws/install/cpp_first_pkg/lib/cpp_first_pkg/simple_loop_node
[1.462s] -- Up-to-date symlink: /home/sangjun/gcamp_ros2_ws/install/cpp_first_pkg/lib/cpp_first_pkg/simple_oop_node
[1.463s] -- Up-to-date symlink: /home/sangjun/gcamp_ros2_ws/install/cpp_first_pkg/lib/cpp_first_pkg/simple_without_oop_node
[1.464s] -- Up-to-date symlink: /home/sangjun/gcamp_ros2_ws/install/cpp_first_pkg/lib/cpp_first_pkg/simple_node
[1.464s] -- Up-to-date symlink: /home/sangjun/gcamp_ros2_ws/install/cpp_first_pkg/share/ament_index/resource_index/package_run_dependencies/cpp_first_pkg
[1.466s] -- Up-to-date symlink: /home/sangjun/gcamp_ros2_ws/install/cpp_first_pkg/share/ament_index/resource_index/parent_prefix_path/cpp_first_pkg
[1.466s] -- Up-to-date symlink: /home/sangjun/gcamp_ros2_ws/install/cpp_first_pkg/share/cpp_first_pkg/environment/ament_prefix_path.sh
[1.467s] -- Up-to-date symlink: /home/sangjun/gcamp_ros2_ws/install/cpp_first_pkg/share/cpp_first_pkg/environment/ament_prefix_path.dsv
[1.467s] -- Up-to-date symlink: /home/sangjun/gcamp_ros2_ws/install/cpp_first_pkg/share/cpp_first_pkg/environment/path.sh
[1.468s] -- Up-to-date symlink: /home/sangjun/gcamp_ros2_ws/install/cpp_first_pkg/share/cpp_first_pkg/environment/path.dsv
[1.468s] -- Up-to-date symlink: /home/sangjun/gcamp_ros2_ws/install/cpp_first_pkg/share/cpp_first_pkg/local_setup.bash
[1.469s] -- Up-to-date symlink: /home/sangjun/gcamp_ros2_ws/install/cpp_first_pkg/share/cpp_first_pkg/local_setup.sh
[1.482s] -- Up-to-date symlink: /home/sangjun/gcamp_ros2_ws/install/cpp_first_pkg/share/cpp_first_pkg/local_setup.zsh
[1.482s] -- Up-to-date symlink: /home/sangjun/gcamp_ros2_ws/install/cpp_first_pkg/share/cpp_first_pkg/local_setup.dsv
[1.482s] -- Symlinking: /home/sangjun/gcamp_ros2_ws/install/cpp_first_pkg/share/cpp_first_pkg/package.dsv
[1.486s] -- Up-to-date symlink: /home/sangjun/gcamp_ros2_ws/install/cpp_first_pkg/share/ament_index/resource_index/packages/cpp_first_pkg
[1.486s] -- Up-to-date symlink: /home/sangjun/gcamp_ros2_ws/install/cpp_first_pkg/share/cpp_first_pkg/cmake/cpp_first_pkgConfig.cmake
[1.487s] -- Up-to-date symlink: /home/sangjun/gcamp_ros2_ws/install/cpp_first_pkg/share/cpp_first_pkg/cmake/cpp_first_pkgConfig-version.cmake
[1.487s] -- Up-to-date symlink: /home/sangjun/gcamp_ros2_ws/install/cpp_first_pkg/share/cpp_first_pkg/package.xml
[1.716s] -- Up-to-date symlink: /home/sangjun/gcamp_ros2_ws/install/cpp_first_pkg/share/cpp_first_pkg//launch/simple_node.launch.py
[1.847s] Invoked command in '/home/sangjun/gcamp_ros2_ws/build/cpp_first_pkg' returned '0': CMAKE_PREFIX_PATH=${CMAKE_PREFIX_PATH}:/home/sangjun/gcamp_ros2_ws/install/py_topic_pkg:/home/sangjun/gcamp_ros2_ws/install/py_service_pkg:/home/sangjun/gcamp_ros2_ws/install/py_first_pkg:/home/sangjun/gcamp_ros2_ws/install/py_action_pkg:/opt/ros/foxy /usr/local/bin/cmake --install /home/sangjun/gcamp_ros2_ws/build/cpp_first_pkg
