[0.381s] Invoking command in '/home/sangjun/gcamp_ros2_ws/build/slam_gmapping': CMAKE_PREFIX_PATH=/home/sangjun/gcamp_ros2_ws/install/openslam_gmapping:/home/sangjun/gcamp_ros2_ws/install/slam_gmapping:/home/sangjun/gcamp_ros2_ws/install/gcamp_gazebo:/home/sangjun/gcamp_ros2_ws/install/cpp_service_pkg:/home/sangjun/gcamp_ros2_ws/install/cpp_action_pkg:/home/sangjun/gcamp_ros2_ws/install/custom_interfaces:/home/sangjun/gcamp_ros2_ws/install/cpp_topic_pkg:/home/sangjun/gcamp_ros2_ws/install/cpp_service_tutorial:/home/sangjun/gcamp_ros2_ws/install/cpp_param_pkg:/home/sangjun/gcamp_ros2_ws/install/cpp_first_pkg:/home/sangjun/gcamp_ros2_ws/install/py_topic_pkg:/home/sangjun/gcamp_ros2_ws/install/py_service_pkg:/home/sangjun/gcamp_ros2_ws/install/py_first_pkg:/home/sangjun/gcamp_ros2_ws/install/py_action_pkg:/opt/ros/foxy /usr/local/bin/cmake --build /home/sangjun/gcamp_ros2_ws/build/slam_gmapping -- -j8 -l8
[0.396s] [100%] Built target slam_gmapping
[0.444s] Invoked command in '/home/sangjun/gcamp_ros2_ws/build/slam_gmapping' returned '0': CMAKE_PREFIX_PATH=/home/sangjun/gcamp_ros2_ws/install/openslam_gmapping:/home/sangjun/gcamp_ros2_ws/install/slam_gmapping:/home/sangjun/gcamp_ros2_ws/install/gcamp_gazebo:/home/sangjun/gcamp_ros2_ws/install/cpp_service_pkg:/home/sangjun/gcamp_ros2_ws/install/cpp_action_pkg:/home/sangjun/gcamp_ros2_ws/install/custom_interfaces:/home/sangjun/gcamp_ros2_ws/install/cpp_topic_pkg:/home/sangjun/gcamp_ros2_ws/install/cpp_service_tutorial:/home/sangjun/gcamp_ros2_ws/install/cpp_param_pkg:/home/sangjun/gcamp_ros2_ws/install/cpp_first_pkg:/home/sangjun/gcamp_ros2_ws/install/py_topic_pkg:/home/sangjun/gcamp_ros2_ws/install/py_service_pkg:/home/sangjun/gcamp_ros2_ws/install/py_first_pkg:/home/sangjun/gcamp_ros2_ws/install/py_action_pkg:/opt/ros/foxy /usr/local/bin/cmake --build /home/sangjun/gcamp_ros2_ws/build/slam_gmapping -- -j8 -l8
[0.536s] Invoking command in '/home/sangjun/gcamp_ros2_ws/build/slam_gmapping': CMAKE_PREFIX_PATH=/home/sangjun/gcamp_ros2_ws/install/openslam_gmapping:/home/sangjun/gcamp_ros2_ws/install/slam_gmapping:/home/sangjun/gcamp_ros2_ws/install/gcamp_gazebo:/home/sangjun/gcamp_ros2_ws/install/cpp_service_pkg:/home/sangjun/gcamp_ros2_ws/install/cpp_action_pkg:/home/sangjun/gcamp_ros2_ws/install/custom_interfaces:/home/sangjun/gcamp_ros2_ws/install/cpp_topic_pkg:/home/sangjun/gcamp_ros2_ws/install/cpp_service_tutorial:/home/sangjun/gcamp_ros2_ws/install/cpp_param_pkg:/home/sangjun/gcamp_ros2_ws/install/cpp_first_pkg:/home/sangjun/gcamp_ros2_ws/install/py_topic_pkg:/home/sangjun/gcamp_ros2_ws/install/py_service_pkg:/home/sangjun/gcamp_ros2_ws/install/py_first_pkg:/home/sangjun/gcamp_ros2_ws/install/py_action_pkg:/opt/ros/foxy /usr/local/bin/cmake --install /home/sangjun/gcamp_ros2_ws/build/slam_gmapping
[0.541s] -- Install configuration: ""
[0.542s] -- Execute custom install script
[0.543s] -- Up-to-date symlink: /home/sangjun/gcamp_ros2_ws/install/slam_gmapping/lib/slam_gmapping/slam_gmapping
[0.543s] -- Up-to-date symlink: /home/sangjun/gcamp_ros2_ws/install/slam_gmapping/share/slam_gmapping/launch/slam_gmapping.launch.py
[0.543s] -- Up-to-date symlink: /home/sangjun/gcamp_ros2_ws/install/slam_gmapping/share/ament_index/resource_index/package_run_dependencies/slam_gmapping
[0.544s] -- Up-to-date symlink: /home/sangjun/gcamp_ros2_ws/install/slam_gmapping/share/ament_index/resource_index/parent_prefix_path/slam_gmapping
[0.544s] -- Up-to-date symlink: /home/sangjun/gcamp_ros2_ws/install/slam_gmapping/share/slam_gmapping/environment/ament_prefix_path.sh
[0.544s] -- Up-to-date symlink: /home/sangjun/gcamp_ros2_ws/install/slam_gmapping/share/slam_gmapping/environment/ament_prefix_path.dsv
[0.545s] -- Up-to-date symlink: /home/sangjun/gcamp_ros2_ws/install/slam_gmapping/share/slam_gmapping/environment/path.sh
[0.546s] -- Up-to-date symlink: /home/sangjun/gcamp_ros2_ws/install/slam_gmapping/share/slam_gmapping/environment/path.dsv
[0.546s] -- Up-to-date symlink: /home/sangjun/gcamp_ros2_ws/install/slam_gmapping/share/slam_gmapping/local_setup.bash
[0.546s] -- Up-to-date symlink: /home/sangjun/gcamp_ros2_ws/install/slam_gmapping/share/slam_gmapping/local_setup.sh
[0.546s] -- Up-to-date symlink: /home/sangjun/gcamp_ros2_ws/install/slam_gmapping/share/slam_gmapping/local_setup.zsh
[0.547s] -- Up-to-date symlink: /home/sangjun/gcamp_ros2_ws/install/slam_gmapping/share/slam_gmapping/local_setup.dsv
[0.547s] -- Symlinking: /home/sangjun/gcamp_ros2_ws/install/slam_gmapping/share/slam_gmapping/package.dsv
[0.551s] -- Up-to-date symlink: /home/sangjun/gcamp_ros2_ws/install/slam_gmapping/share/ament_index/resource_index/packages/slam_gmapping
[0.551s] -- Up-to-date symlink: /home/sangjun/gcamp_ros2_ws/install/slam_gmapping/share/slam_gmapping/cmake/slam_gmappingConfig.cmake
[0.551s] -- Up-to-date symlink: /home/sangjun/gcamp_ros2_ws/install/slam_gmapping/share/slam_gmapping/cmake/slam_gmappingConfig-version.cmake
[0.552s] -- Up-to-date symlink: /home/sangjun/gcamp_ros2_ws/install/slam_gmapping/share/slam_gmapping/package.xml
[0.560s] Invoked command in '/home/sangjun/gcamp_ros2_ws/build/slam_gmapping' returned '0': CMAKE_PREFIX_PATH=/home/sangjun/gcamp_ros2_ws/install/openslam_gmapping:/home/sangjun/gcamp_ros2_ws/install/slam_gmapping:/home/sangjun/gcamp_ros2_ws/install/gcamp_gazebo:/home/sangjun/gcamp_ros2_ws/install/cpp_service_pkg:/home/sangjun/gcamp_ros2_ws/install/cpp_action_pkg:/home/sangjun/gcamp_ros2_ws/install/custom_interfaces:/home/sangjun/gcamp_ros2_ws/install/cpp_topic_pkg:/home/sangjun/gcamp_ros2_ws/install/cpp_service_tutorial:/home/sangjun/gcamp_ros2_ws/install/cpp_param_pkg:/home/sangjun/gcamp_ros2_ws/install/cpp_first_pkg:/home/sangjun/gcamp_ros2_ws/install/py_topic_pkg:/home/sangjun/gcamp_ros2_ws/install/py_service_pkg:/home/sangjun/gcamp_ros2_ws/install/py_first_pkg:/home/sangjun/gcamp_ros2_ws/install/py_action_pkg:/opt/ros/foxy /usr/local/bin/cmake --install /home/sangjun/gcamp_ros2_ws/build/slam_gmapping
