[0.048s] Invoking command in '/home/sangjun/gcamp_ros2_ws/build/cpp_service_tutorial': CMAKE_PREFIX_PATH=${CMAKE_PREFIX_PATH}:/opt/ros/foxy /usr/local/bin/cmake --build /home/sangjun/gcamp_ros2_ws/build/cpp_service_tutorial -- -j8 -l8
[0.243s] [ 25%] Built target cpp_simple_service_client_node
[0.243s] [ 50%] Built target srv_server_node
[0.243s] [ 75%] Built target srv_client_node
[0.243s] [100%] Built target cpp_simple_service_dummy_server_node
[0.414s] Invoked command in '/home/sangjun/gcamp_ros2_ws/build/cpp_service_tutorial' returned '0': CMAKE_PREFIX_PATH=${CMAKE_PREFIX_PATH}:/opt/ros/foxy /usr/local/bin/cmake --build /home/sangjun/gcamp_ros2_ws/build/cpp_service_tutorial -- -j8 -l8
[0.481s] Invoking command in '/home/sangjun/gcamp_ros2_ws/build/cpp_service_tutorial': CMAKE_PREFIX_PATH=${CMAKE_PREFIX_PATH}:/opt/ros/foxy /usr/local/bin/cmake --install /home/sangjun/gcamp_ros2_ws/build/cpp_service_tutorial
[0.486s] -- Install configuration: ""
[0.486s] -- Execute custom install script
[0.486s] -- Up-to-date symlink: /home/sangjun/gcamp_ros2_ws/install/cpp_service_tutorial/lib/cpp_service_tutorial/cpp_simple_service_client_node
[0.487s] -- Up-to-date symlink: /home/sangjun/gcamp_ros2_ws/install/cpp_service_tutorial/lib/cpp_service_tutorial/cpp_simple_service_dummy_server_node
[0.487s] -- Up-to-date symlink: /home/sangjun/gcamp_ros2_ws/install/cpp_service_tutorial/lib/cpp_service_tutorial/srv_server_node
[0.487s] -- Up-to-date symlink: /home/sangjun/gcamp_ros2_ws/install/cpp_service_tutorial/lib/cpp_service_tutorial/srv_client_node
[0.487s] -- Up-to-date symlink: /home/sangjun/gcamp_ros2_ws/install/cpp_service_tutorial/share/ament_index/resource_index/package_run_dependencies/cpp_service_tutorial
[0.487s] -- Up-to-date symlink: /home/sangjun/gcamp_ros2_ws/install/cpp_service_tutorial/share/ament_index/resource_index/parent_prefix_path/cpp_service_tutorial
[0.488s] -- Up-to-date symlink: /home/sangjun/gcamp_ros2_ws/install/cpp_service_tutorial/share/cpp_service_tutorial/environment/ament_prefix_path.sh
[0.488s] -- Up-to-date symlink: /home/sangjun/gcamp_ros2_ws/install/cpp_service_tutorial/share/cpp_service_tutorial/environment/ament_prefix_path.dsv
[0.488s] -- Up-to-date symlink: /home/sangjun/gcamp_ros2_ws/install/cpp_service_tutorial/share/cpp_service_tutorial/environment/path.sh
[0.488s] -- Up-to-date symlink: /home/sangjun/gcamp_ros2_ws/install/cpp_service_tutorial/share/cpp_service_tutorial/environment/path.dsv
[0.488s] -- Up-to-date symlink: /home/sangjun/gcamp_ros2_ws/install/cpp_service_tutorial/share/cpp_service_tutorial/local_setup.bash
[0.488s] -- Up-to-date symlink: /home/sangjun/gcamp_ros2_ws/install/cpp_service_tutorial/share/cpp_service_tutorial/local_setup.sh
[0.489s] -- Up-to-date symlink: /home/sangjun/gcamp_ros2_ws/install/cpp_service_tutorial/share/cpp_service_tutorial/local_setup.zsh
[0.489s] -- Up-to-date symlink: /home/sangjun/gcamp_ros2_ws/install/cpp_service_tutorial/share/cpp_service_tutorial/local_setup.dsv
[0.489s] -- Symlinking: /home/sangjun/gcamp_ros2_ws/install/cpp_service_tutorial/share/cpp_service_tutorial/package.dsv
[0.492s] -- Up-to-date symlink: /home/sangjun/gcamp_ros2_ws/install/cpp_service_tutorial/share/ament_index/resource_index/packages/cpp_service_tutorial
[0.494s] -- Up-to-date symlink: /home/sangjun/gcamp_ros2_ws/install/cpp_service_tutorial/share/cpp_service_tutorial/cmake/cpp_service_tutorialConfig.cmake
[0.494s] -- Up-to-date symlink: /home/sangjun/gcamp_ros2_ws/install/cpp_service_tutorial/share/cpp_service_tutorial/cmake/cpp_service_tutorialConfig-version.cmake
[0.494s] -- Up-to-date symlink: /home/sangjun/gcamp_ros2_ws/install/cpp_service_tutorial/share/cpp_service_tutorial/package.xml
[0.516s] Invoked command in '/home/sangjun/gcamp_ros2_ws/build/cpp_service_tutorial' returned '0': CMAKE_PREFIX_PATH=${CMAKE_PREFIX_PATH}:/opt/ros/foxy /usr/local/bin/cmake --install /home/sangjun/gcamp_ros2_ws/build/cpp_service_tutorial
