[1.077s] Invoking command in '/home/sangjun/gcamp_ros2_ws/build/py_topic_pkg': PYTHONPATH=/home/sangjun/gcamp_ros2_ws/build/py_topic_pkg/prefix_override:/home/sangjun/gcamp_ros2_ws/install/py_topic_pkg/lib/python3.8/site-packages:${PYTHONPATH} /usr/bin/python3 setup.py develop --editable --build-directory /home/sangjun/gcamp_ros2_ws/build/py_topic_pkg/build --no-deps install_data
[1.270s] running develop
[1.363s] running egg_info
[1.363s] writing py_topic_pkg.egg-info/PKG-INFO
[1.363s] writing dependency_links to py_topic_pkg.egg-info/dependency_links.txt
[1.363s] writing entry points to py_topic_pkg.egg-info/entry_points.txt
[1.363s] writing requirements to py_topic_pkg.egg-info/requires.txt
[1.363s] writing top-level names to py_topic_pkg.egg-info/top_level.txt
[1.388s] reading manifest file 'py_topic_pkg.egg-info/SOURCES.txt'
[1.388s] writing manifest file 'py_topic_pkg.egg-info/SOURCES.txt'
[1.414s] running build_ext
[1.414s] Creating /home/sangjun/gcamp_ros2_ws/install/py_topic_pkg/lib/python3.8/site-packages/py-topic-pkg.egg-link (link to .)
[1.415s] Installing cmd_vel_pub_node script to /home/sangjun/gcamp_ros2_ws/install/py_topic_pkg/lib/py_topic_pkg
[1.415s] Installing endless_cmd_vel_pub_node script to /home/sangjun/gcamp_ros2_ws/install/py_topic_pkg/lib/py_topic_pkg
[1.415s] Installing laser_raw_node script to /home/sangjun/gcamp_ros2_ws/install/py_topic_pkg/lib/py_topic_pkg
[1.416s] Installing laser_sub_node script to /home/sangjun/gcamp_ros2_ws/install/py_topic_pkg/lib/py_topic_pkg
[1.416s] Installing parking_node script to /home/sangjun/gcamp_ros2_ws/install/py_topic_pkg/lib/py_topic_pkg
[1.416s] 
[1.416s] Installed /home/sangjun/gcamp_ros2_ws/build/py_topic_pkg
[1.416s] running install_data
[1.450s] Invoked command in '/home/sangjun/gcamp_ros2_ws/build/py_topic_pkg' returned '0': PYTHONPATH=/home/sangjun/gcamp_ros2_ws/build/py_topic_pkg/prefix_override:/home/sangjun/gcamp_ros2_ws/install/py_topic_pkg/lib/python3.8/site-packages:${PYTHONPATH} /usr/bin/python3 setup.py develop --editable --build-directory /home/sangjun/gcamp_ros2_ws/build/py_topic_pkg/build --no-deps install_data
