[1.431s] Invoking command in '/home/sangjun/gcamp_ros2_ws/build/py_topic_pkg': PYTHONPATH=/home/sangjun/gcamp_ros2_ws/build/py_topic_pkg/prefix_override:/home/sangjun/gcamp_ros2_ws/install/py_topic_pkg/lib/python3.8/site-packages:${PYTHONPATH} /usr/bin/python3 setup.py develop --editable --build-directory /home/sangjun/gcamp_ros2_ws/build/py_topic_pkg/build --no-deps install_data
[1.897s] running develop
[2.094s] running egg_info
[2.095s] writing py_topic_pkg.egg-info/PKG-INFO
[2.095s] writing dependency_links to py_topic_pkg.egg-info/dependency_links.txt
[2.095s] writing entry points to py_topic_pkg.egg-info/entry_points.txt
[2.095s] writing requirements to py_topic_pkg.egg-info/requires.txt
[2.095s] writing top-level names to py_topic_pkg.egg-info/top_level.txt
[2.137s] reading manifest file 'py_topic_pkg.egg-info/SOURCES.txt'
[2.138s] writing manifest file 'py_topic_pkg.egg-info/SOURCES.txt'
[2.186s] running build_ext
[2.189s] Creating /home/sangjun/gcamp_ros2_ws/install/py_topic_pkg/lib/python3.8/site-packages/py-topic-pkg.egg-link (link to .)
[2.190s] Installing autobot_node script to /home/sangjun/gcamp_ros2_ws/install/py_topic_pkg/lib/py_topic_pkg
[2.191s] Installing cmd_vel_pub_node script to /home/sangjun/gcamp_ros2_ws/install/py_topic_pkg/lib/py_topic_pkg
[2.191s] Installing endless_cmd_vel_pub_node script to /home/sangjun/gcamp_ros2_ws/install/py_topic_pkg/lib/py_topic_pkg
[2.191s] Installing laser_raw_node script to /home/sangjun/gcamp_ros2_ws/install/py_topic_pkg/lib/py_topic_pkg
[2.191s] Installing laser_sub_node script to /home/sangjun/gcamp_ros2_ws/install/py_topic_pkg/lib/py_topic_pkg
[2.192s] Installing parking_node script to /home/sangjun/gcamp_ros2_ws/install/py_topic_pkg/lib/py_topic_pkg
[2.192s] 
[2.192s] Installed /home/sangjun/gcamp_ros2_ws/build/py_topic_pkg
[2.192s] running install_data
[2.412s] Invoked command in '/home/sangjun/gcamp_ros2_ws/build/py_topic_pkg' returned '0': PYTHONPATH=/home/sangjun/gcamp_ros2_ws/build/py_topic_pkg/prefix_override:/home/sangjun/gcamp_ros2_ws/install/py_topic_pkg/lib/python3.8/site-packages:${PYTHONPATH} /usr/bin/python3 setup.py develop --editable --build-directory /home/sangjun/gcamp_ros2_ws/build/py_topic_pkg/build --no-deps install_data
