[0.611s] Invoking command in '/home/sangjun/gcamp_ros2_ws/build/py_topic_pkg': PYTHONPATH=/home/sangjun/gcamp_ros2_ws/build/py_topic_pkg/prefix_override:/home/sangjun/gcamp_ros2_ws/install/py_topic_pkg/lib/python3.8/site-packages:${PYTHONPATH} /usr/bin/python3 setup.py develop --editable --build-directory /home/sangjun/gcamp_ros2_ws/build/py_topic_pkg/build --no-deps install_data
[0.764s] running develop
[0.830s] running egg_info
[0.831s] writing py_topic_pkg.egg-info/PKG-INFO
[0.831s] writing dependency_links to py_topic_pkg.egg-info/dependency_links.txt
[0.831s] writing entry points to py_topic_pkg.egg-info/entry_points.txt
[0.831s] writing requirements to py_topic_pkg.egg-info/requires.txt
[0.831s] writing top-level names to py_topic_pkg.egg-info/top_level.txt
[0.856s] reading manifest file 'py_topic_pkg.egg-info/SOURCES.txt'
[0.856s] writing manifest file 'py_topic_pkg.egg-info/SOURCES.txt'
[0.881s] running build_ext
[0.882s] Creating /home/sangjun/gcamp_ros2_ws/install/py_topic_pkg/lib/python3.8/site-packages/py-topic-pkg.egg-link (link to .)
[0.883s] Installing autobot_node script to /home/sangjun/gcamp_ros2_ws/install/py_topic_pkg/lib/py_topic_pkg
[0.883s] Installing cmd_vel_pub_node script to /home/sangjun/gcamp_ros2_ws/install/py_topic_pkg/lib/py_topic_pkg
[0.883s] Installing endless_cmd_vel_pub_node script to /home/sangjun/gcamp_ros2_ws/install/py_topic_pkg/lib/py_topic_pkg
[0.883s] Installing laser_raw_node script to /home/sangjun/gcamp_ros2_ws/install/py_topic_pkg/lib/py_topic_pkg
[0.883s] Installing laser_sub_node script to /home/sangjun/gcamp_ros2_ws/install/py_topic_pkg/lib/py_topic_pkg
[0.883s] Installing parking_node script to /home/sangjun/gcamp_ros2_ws/install/py_topic_pkg/lib/py_topic_pkg
[0.884s] 
[0.884s] Installed /home/sangjun/gcamp_ros2_ws/build/py_topic_pkg
[0.884s] running install_data
[0.916s] Invoked command in '/home/sangjun/gcamp_ros2_ws/build/py_topic_pkg' returned '0': PYTHONPATH=/home/sangjun/gcamp_ros2_ws/build/py_topic_pkg/prefix_override:/home/sangjun/gcamp_ros2_ws/install/py_topic_pkg/lib/python3.8/site-packages:${PYTHONPATH} /usr/bin/python3 setup.py develop --editable --build-directory /home/sangjun/gcamp_ros2_ws/build/py_topic_pkg/build --no-deps install_data
