[0.011s] Invoking command in '/home/sangjun/gcamp_ros2_ws/build/slam_gmapping': AMENT_PREFIX_PATH=/home/sangjun/gcamp_ros2_ws/install/openslam_gmapping:${AMENT_PREFIX_PATH} CMAKE_PREFIX_PATH=/home/sangjun/gcamp_ros2_ws/install/openslam_gmapping:/home/sangjun/gcamp_ros2_ws/install/gcamp_gazebo:/home/sangjun/gcamp_ros2_ws/install/cpp_service_pkg:/home/sangjun/gcamp_ros2_ws/install/cpp_action_pkg:/home/sangjun/gcamp_ros2_ws/install/custom_interfaces:/home/sangjun/gcamp_ros2_ws/install/cpp_topic_pkg:/home/sangjun/gcamp_ros2_ws/install/cpp_service_tutorial:/home/sangjun/gcamp_ros2_ws/install/cpp_param_pkg:/home/sangjun/gcamp_ros2_ws/install/cpp_first_pkg:/home/sangjun/gcamp_ros2_ws/install/py_topic_pkg:/home/sangjun/gcamp_ros2_ws/install/py_service_pkg:/home/sangjun/gcamp_ros2_ws/install/py_first_pkg:/home/sangjun/gcamp_ros2_ws/install/py_action_pkg:/opt/ros/foxy LD_LIBRARY_PATH=/home/sangjun/gcamp_ros2_ws/install/openslam_gmapping/lib:${LD_LIBRARY_PATH} /usr/local/bin/cmake /home/sangjun/gcamp_ros2_ws/src/slam_gmapping/slam_gmapping -DAMENT_CMAKE_SYMLINK_INSTALL=1 -DCMAKE_INSTALL_PREFIX=/home/sangjun/gcamp_ros2_ws/install/slam_gmapping
[0.067s] -- The C compiler identification is GNU 9.4.0
[0.120s] -- The CXX compiler identification is GNU 9.4.0
[0.130s] -- Detecting C compiler ABI info
[0.189s] -- Detecting C compiler ABI info - done
[0.200s] -- Check for working C compiler: /usr/bin/cc - skipped
[0.200s] -- Detecting C compile features
[0.200s] -- Detecting C compile features - done
[0.203s] -- Detecting CXX compiler ABI info
[0.268s] -- Detecting CXX compiler ABI info - done
[0.278s] -- Check for working CXX compiler: /usr/bin/c++ - skipped
[0.279s] -- Detecting CXX compile features
[0.279s] -- Detecting CXX compile features - done
[0.279s] [0m -fuse-ld=lld -Wl,--disable-new-dtags[0m
[0.281s] -- Found ament_cmake: 0.9.11 (/opt/ros/foxy/share/ament_cmake/cmake)
[0.312s] -- Found PythonInterp: /usr/bin/python3 (found suitable version "3.8.10", minimum required is "3") 
[0.313s] -- Using PYTHON_EXECUTABLE: /usr/bin/python3
[0.450s] -- Override CMake install command with custom implementation using symlinks instead of copying resources
[0.482s] -- Found std_msgs: 2.0.5 (/opt/ros/foxy/share/std_msgs/cmake)
[0.510s] -- Using all available rosidl_typesupport_c: rosidl_typesupport_fastrtps_c;rosidl_typesupport_introspection_c
[0.517s] -- Found rosidl_adapter: 1.3.0 (/opt/ros/foxy/share/rosidl_adapter/cmake)
[0.585s] -- Found OpenSSL: /usr/lib/x86_64-linux-gnu/libcrypto.so (found version "1.1.1f")  
[0.615s] -- Found FastRTPS: /opt/ros/foxy/include  
[0.680s] -- Using all available rosidl_typesupport_cpp: rosidl_typesupport_fastrtps_cpp;rosidl_typesupport_introspection_cpp
[0.713s] -- Found nav_msgs: 2.0.5 (/opt/ros/foxy/share/nav_msgs/cmake)
[0.797s] -- Found tf2: 0.13.13 (/opt/ros/foxy/share/tf2/cmake)
[0.808s] -- Found tf2_ros: 0.13.13 (/opt/ros/foxy/share/tf2_ros/cmake)
[0.857s] -- Found rmw_implementation_cmake: 1.0.3 (/opt/ros/foxy/share/rmw_implementation_cmake/cmake)
[0.858s] -- Using RMW implementation 'rmw_fastrtps_cpp' as default
[0.859s] -- Performing Test CMAKE_HAVE_LIBC_PTHREAD
[0.921s] -- Performing Test CMAKE_HAVE_LIBC_PTHREAD - Failed
[0.921s] -- Looking for pthread_create in pthreads
[0.968s] -- Looking for pthread_create in pthreads - not found
[0.968s] -- Looking for pthread_create in pthread
[1.023s] -- Looking for pthread_create in pthread - found
[1.024s] -- Found Threads: TRUE  
[1.374s] -- Found tf2_geometry_msgs: 0.13.13 (/opt/ros/foxy/share/tf2_geometry_msgs/cmake)
[1.381s] -- Found eigen3_cmake_module: 0.1.1 (/opt/ros/foxy/share/eigen3_cmake_module/cmake)
[1.384s] -- Found Eigen3: TRUE (found version "3.3.7") 
[1.405s] -- Found sensor_msgs: 2.0.5 (/opt/ros/foxy/share/sensor_msgs/cmake)
[1.457s] -- Found visualization_msgs: 2.0.5 (/opt/ros/foxy/share/visualization_msgs/cmake)
[1.509s] -- Found openslam_gmapping: 0.1.2 (/home/sangjun/gcamp_ros2_ws/install/openslam_gmapping/share/openslam_gmapping/cmake)
[1.511s] -- Found ament_lint_auto: 0.9.7 (/opt/ros/foxy/share/ament_lint_auto/cmake)
[1.585s] -- Added test 'cppcheck' to perform static code analysis on C / C++ code
[1.585s] -- Configured cppcheck include dirs: /home/sangjun/gcamp_ros2_ws/src/slam_gmapping/slam_gmapping/include
[1.585s] -- Configured cppcheck exclude dirs and/or files: 
[1.586s] -- Added test 'flake8' to check Python code syntax and style conventions
[1.586s] -- Added test 'lint_cmake' to check CMake code style
[1.587s] -- Added test 'pep257' to check Python code against some of the style conventions in PEP 257
[1.587s] -- Added test 'uncrustify' to check C / C++ code style
[1.587s] -- Configured uncrustify additional arguments: 
[1.588s] -- Added test 'xmllint' to check XML markup files
[1.589s] -- Configuring done
[1.599s] -- Generating done
[1.601s] -- Build files have been written to: /home/sangjun/gcamp_ros2_ws/build/slam_gmapping
[1.608s] Invoked command in '/home/sangjun/gcamp_ros2_ws/build/slam_gmapping' returned '0': AMENT_PREFIX_PATH=/home/sangjun/gcamp_ros2_ws/install/openslam_gmapping:${AMENT_PREFIX_PATH} CMAKE_PREFIX_PATH=/home/sangjun/gcamp_ros2_ws/install/openslam_gmapping:/home/sangjun/gcamp_ros2_ws/install/gcamp_gazebo:/home/sangjun/gcamp_ros2_ws/install/cpp_service_pkg:/home/sangjun/gcamp_ros2_ws/install/cpp_action_pkg:/home/sangjun/gcamp_ros2_ws/install/custom_interfaces:/home/sangjun/gcamp_ros2_ws/install/cpp_topic_pkg:/home/sangjun/gcamp_ros2_ws/install/cpp_service_tutorial:/home/sangjun/gcamp_ros2_ws/install/cpp_param_pkg:/home/sangjun/gcamp_ros2_ws/install/cpp_first_pkg:/home/sangjun/gcamp_ros2_ws/install/py_topic_pkg:/home/sangjun/gcamp_ros2_ws/install/py_service_pkg:/home/sangjun/gcamp_ros2_ws/install/py_first_pkg:/home/sangjun/gcamp_ros2_ws/install/py_action_pkg:/opt/ros/foxy LD_LIBRARY_PATH=/home/sangjun/gcamp_ros2_ws/install/openslam_gmapping/lib:${LD_LIBRARY_PATH} /usr/local/bin/cmake /home/sangjun/gcamp_ros2_ws/src/slam_gmapping/slam_gmapping -DAMENT_CMAKE_SYMLINK_INSTALL=1 -DCMAKE_INSTALL_PREFIX=/home/sangjun/gcamp_ros2_ws/install/slam_gmapping
[1.611s] Invoking command in '/home/sangjun/gcamp_ros2_ws/build/slam_gmapping': AMENT_PREFIX_PATH=/home/sangjun/gcamp_ros2_ws/install/openslam_gmapping:${AMENT_PREFIX_PATH} CMAKE_PREFIX_PATH=/home/sangjun/gcamp_ros2_ws/install/openslam_gmapping:/home/sangjun/gcamp_ros2_ws/install/gcamp_gazebo:/home/sangjun/gcamp_ros2_ws/install/cpp_service_pkg:/home/sangjun/gcamp_ros2_ws/install/cpp_action_pkg:/home/sangjun/gcamp_ros2_ws/install/custom_interfaces:/home/sangjun/gcamp_ros2_ws/install/cpp_topic_pkg:/home/sangjun/gcamp_ros2_ws/install/cpp_service_tutorial:/home/sangjun/gcamp_ros2_ws/install/cpp_param_pkg:/home/sangjun/gcamp_ros2_ws/install/cpp_first_pkg:/home/sangjun/gcamp_ros2_ws/install/py_topic_pkg:/home/sangjun/gcamp_ros2_ws/install/py_service_pkg:/home/sangjun/gcamp_ros2_ws/install/py_first_pkg:/home/sangjun/gcamp_ros2_ws/install/py_action_pkg:/opt/ros/foxy LD_LIBRARY_PATH=/home/sangjun/gcamp_ros2_ws/install/openslam_gmapping/lib:${LD_LIBRARY_PATH} /usr/local/bin/cmake --build /home/sangjun/gcamp_ros2_ws/build/slam_gmapping -- -j8 -l8
[1.637s] [ 50%] [32mBuilding CXX object CMakeFiles/slam_gmapping.dir/src/slam_gmapping.cpp.o[0m
[2.768s] In file included from [01m[K/home/sangjun/gcamp_ros2_ws/install/openslam_gmapping/include/gmapping/gridfastslam/gridslamprocessor.h:9[m[K,
[2.768s]                  from [01m[K/home/sangjun/gcamp_ros2_ws/src/slam_gmapping/slam_gmapping/include/slam_gmapping/slam_gmapping.h:45[m[K,
[2.768s]                  from [01m[K/home/sangjun/gcamp_ros2_ws/src/slam_gmapping/slam_gmapping/src/slam_gmapping.cpp:24[m[K:
[2.768s] [01m[K/home/sangjun/gcamp_ros2_ws/install/openslam_gmapping/include/gmapping/particlefilter/particlefilter.h:[m[K In function ‘[01m[Kvoid rle(OutputIterator&, const Iterator&, const Iterator&)[m[K’:
[2.768s] [01m[K/home/sangjun/gcamp_ros2_ws/install/openslam_gmapping/include/gmapping/particlefilter/particlefilter.h:140:2:[m[K [01;35m[Kwarning: [m[Kthis ‘[01m[Kif[m[K’ clause does not guard... [[01;35m[K-Wmisleading-indentation[m[K]
[2.768s]   140 |  [01;35m[Kif[m[K (count>0)
[2.768s]       |  [01;35m[K^~[m[K
[2.768s] [01m[K/home/sangjun/gcamp_ros2_ws/install/openslam_gmapping/include/gmapping/particlefilter/particlefilter.h:142:3:[m[K [01;36m[Knote: [m[K...this statement, but the latter is misleadingly indented as if it were guarded by the ‘[01m[Kif[m[K’
[2.768s]   142 |   [01;36m[Kout[m[K++;
[2.768s]       |   [01;36m[K^~~[m[K
[2.772s] In file included from [01m[K/home/sangjun/gcamp_ros2_ws/install/openslam_gmapping/include/gmapping/gridfastslam/gridslamprocessor.h:10[m[K,
[2.772s]                  from [01m[K/home/sangjun/gcamp_ros2_ws/src/slam_gmapping/slam_gmapping/include/slam_gmapping/slam_gmapping.h:45[m[K,
[2.772s]                  from [01m[K/home/sangjun/gcamp_ros2_ws/src/slam_gmapping/slam_gmapping/src/slam_gmapping.cpp:24[m[K:
[2.772s] [01m[K/home/sangjun/gcamp_ros2_ws/install/openslam_gmapping/include/gmapping/utils/point.h:[m[K At global scope:
[2.772s] [01m[K/home/sangjun/gcamp_ros2_ws/install/openslam_gmapping/include/gmapping/utils/point.h:205:2:[m[K [01;35m[Kwarning: [m[Kextra ‘[01m[K;[m[K’ [[01;35m[K-Wpedantic[m[K]
[2.772s]   205 | }[01;35m[K;[m[K //end namespace
[2.772s]       |  [01;35m[K^[m[K
[2.773s] In file included from [01m[K/home/sangjun/gcamp_ros2_ws/install/openslam_gmapping/include/gmapping/sensor/sensor_base/sensorreading.h:4[m[K,
[2.773s]                  from [01m[K/home/sangjun/gcamp_ros2_ws/install/openslam_gmapping/include/gmapping/log/sensorlog.h:6[m[K,
[2.773s]                  from [01m[K/home/sangjun/gcamp_ros2_ws/install/openslam_gmapping/include/gmapping/gridfastslam/gridslamprocessor.h:12[m[K,
[2.773s]                  from [01m[K/home/sangjun/gcamp_ros2_ws/src/slam_gmapping/slam_gmapping/include/slam_gmapping/slam_gmapping.h:45[m[K,
[2.773s]                  from [01m[K/home/sangjun/gcamp_ros2_ws/src/slam_gmapping/slam_gmapping/src/slam_gmapping.cpp:24[m[K:
[2.773s] [01m[K/home/sangjun/gcamp_ros2_ws/install/openslam_gmapping/include/gmapping/sensor/sensor_base/sensor.h:21:2:[m[K [01;35m[Kwarning: [m[Kextra ‘[01m[K;[m[K’ [[01;35m[K-Wpedantic[m[K]
[2.773s]    21 | }[01;35m[K;[m[K //end namespace
[2.773s]       |  [01;35m[K^[m[K
[2.773s] In file included from [01m[K/home/sangjun/gcamp_ros2_ws/install/openslam_gmapping/include/gmapping/log/sensorlog.h:6[m[K,
[2.773s]                  from [01m[K/home/sangjun/gcamp_ros2_ws/install/openslam_gmapping/include/gmapping/gridfastslam/gridslamprocessor.h:12[m[K,
[2.773s]                  from [01m[K/home/sangjun/gcamp_ros2_ws/src/slam_gmapping/slam_gmapping/include/slam_gmapping/slam_gmapping.h:45[m[K,
[2.773s]                  from [01m[K/home/sangjun/gcamp_ros2_ws/src/slam_gmapping/slam_gmapping/src/slam_gmapping.cpp:24[m[K:
[2.773s] [01m[K/home/sangjun/gcamp_ros2_ws/install/openslam_gmapping/include/gmapping/sensor/sensor_base/sensorreading.h:23:2:[m[K [01;35m[Kwarning: [m[Kextra ‘[01m[K;[m[K’ [[01;35m[K-Wpedantic[m[K]
[2.774s]    23 | }[01;35m[K;[m[K //end namespace
[2.774s]       |  [01;35m[K^[m[K
[2.774s] In file included from [01m[K/home/sangjun/gcamp_ros2_ws/install/openslam_gmapping/include/gmapping/log/sensorlog.h:7[m[K,
[2.774s]                  from [01m[K/home/sangjun/gcamp_ros2_ws/install/openslam_gmapping/include/gmapping/gridfastslam/gridslamprocessor.h:12[m[K,
[2.774s]                  from [01m[K/home/sangjun/gcamp_ros2_ws/src/slam_gmapping/slam_gmapping/include/slam_gmapping/slam_gmapping.h:45[m[K,
[2.774s]                  from [01m[K/home/sangjun/gcamp_ros2_ws/src/slam_gmapping/slam_gmapping/src/slam_gmapping.cpp:24[m[K:
[2.774s] [01m[K/home/sangjun/gcamp_ros2_ws/install/openslam_gmapping/include/gmapping/sensor/sensor_odometry/odometrysensor.h:17:2:[m[K [01;35m[Kwarning: [m[Kextra ‘[01m[K;[m[K’ [[01;35m[K-Wpedantic[m[K]
[2.774s]    17 | }[01;35m[K;[m[K
[2.774s]       |  [01;35m[K^[m[K
[2.775s] In file included from [01m[K/home/sangjun/gcamp_ros2_ws/install/openslam_gmapping/include/gmapping/log/sensorlog.h:8[m[K,
[2.775s]                  from [01m[K/home/sangjun/gcamp_ros2_ws/install/openslam_gmapping/include/gmapping/gridfastslam/gridslamprocessor.h:12[m[K,
[2.775s]                  from [01m[K/home/sangjun/gcamp_ros2_ws/src/slam_gmapping/slam_gmapping/include/slam_gmapping/slam_gmapping.h:45[m[K,
[2.775s]                  from [01m[K/home/sangjun/gcamp_ros2_ws/src/slam_gmapping/slam_gmapping/src/slam_gmapping.cpp:24[m[K:
[2.775s] [01m[K/home/sangjun/gcamp_ros2_ws/install/openslam_gmapping/include/gmapping/sensor/sensor_range/rangesensor.h:33:2:[m[K [01;35m[Kwarning: [m[Kextra ‘[01m[K;[m[K’ [[01;35m[K-Wpedantic[m[K]
[2.775s]    33 | }[01;35m[K;[m[K
[2.775s]       |  [01;35m[K^[m[K
[2.775s] In file included from [01m[K/home/sangjun/gcamp_ros2_ws/install/openslam_gmapping/include/gmapping/log/sensorlog.h:9[m[K,
[2.775s]                  from [01m[K/home/sangjun/gcamp_ros2_ws/install/openslam_gmapping/include/gmapping/gridfastslam/gridslamprocessor.h:12[m[K,
[2.775s]                  from [01m[K/home/sangjun/gcamp_ros2_ws/src/slam_gmapping/slam_gmapping/include/slam_gmapping/slam_gmapping.h:45[m[K,
[2.775s]                  from [01m[K/home/sangjun/gcamp_ros2_ws/src/slam_gmapping/slam_gmapping/src/slam_gmapping.cpp:24[m[K:
[2.775s] [01m[K/home/sangjun/gcamp_ros2_ws/install/openslam_gmapping/include/gmapping/sensor/sensor_odometry/odometryreading.h:27:2:[m[K [01;35m[Kwarning: [m[Kextra ‘[01m[K;[m[K’ [[01;35m[K-Wpedantic[m[K]
[2.776s]    27 | }[01;35m[K;[m[K
[2.776s]       |  [01;35m[K^[m[K
[2.776s] In file included from [01m[K/home/sangjun/gcamp_ros2_ws/install/openslam_gmapping/include/gmapping/log/sensorlog.h:10[m[K,
[2.776s]                  from [01m[K/home/sangjun/gcamp_ros2_ws/install/openslam_gmapping/include/gmapping/gridfastslam/gridslamprocessor.h:12[m[K,
[2.776s]                  from [01m[K/home/sangjun/gcamp_ros2_ws/src/slam_gmapping/slam_gmapping/include/slam_gmapping/slam_gmapping.h:45[m[K,
[2.776s]                  from [01m[K/home/sangjun/gcamp_ros2_ws/src/slam_gmapping/slam_gmapping/src/slam_gmapping.cpp:24[m[K:
[2.776s] [01m[K/home/sangjun/gcamp_ros2_ws/install/openslam_gmapping/include/gmapping/sensor/sensor_range/rangereading.h:24:2:[m[K [01;35m[Kwarning: [m[Kextra ‘[01m[K;[m[K’ [[01;35m[K-Wpedantic[m[K]
[2.776s]    24 | }[01;35m[K;[m[K
[2.776s]       |  [01;35m[K^[m[K
[2.776s] In file included from [01m[K/home/sangjun/gcamp_ros2_ws/install/openslam_gmapping/include/gmapping/log/sensorlog.h:11[m[K,
[2.776s]                  from [01m[K/home/sangjun/gcamp_ros2_ws/install/openslam_gmapping/include/gmapping/gridfastslam/gridslamprocessor.h:12[m[K,
[2.776s]                  from [01m[K/home/sangjun/gcamp_ros2_ws/src/slam_gmapping/slam_gmapping/include/slam_gmapping/slam_gmapping.h:45[m[K,
[2.776s]                  from [01m[K/home/sangjun/gcamp_ros2_ws/src/slam_gmapping/slam_gmapping/src/slam_gmapping.cpp:24[m[K:
[2.777s] [01m[K/home/sangjun/gcamp_ros2_ws/install/openslam_gmapping/include/gmapping/log/configuration.h:15:2:[m[K [01;35m[Kwarning: [m[Kextra ‘[01m[K;[m[K’ [[01;35m[K-Wpedantic[m[K]
[2.777s]    15 | }[01;35m[K;[m[K
[2.777s]       |  [01;35m[K^[m[K
[2.777s] In file included from [01m[K/home/sangjun/gcamp_ros2_ws/install/openslam_gmapping/include/gmapping/gridfastslam/gridslamprocessor.h:12[m[K,
[2.778s]                  from [01m[K/home/sangjun/gcamp_ros2_ws/src/slam_gmapping/slam_gmapping/include/slam_gmapping/slam_gmapping.h:45[m[K,
[2.778s]                  from [01m[K/home/sangjun/gcamp_ros2_ws/src/slam_gmapping/slam_gmapping/src/slam_gmapping.cpp:24[m[K:
[2.778s] [01m[K/home/sangjun/gcamp_ros2_ws/install/openslam_gmapping/include/gmapping/log/sensorlog.h:27:2:[m[K [01;35m[Kwarning: [m[Kextra ‘[01m[K;[m[K’ [[01;35m[K-Wpedantic[m[K]
[2.778s]    27 | }[01;35m[K;[m[K
[2.778s]       |  [01;35m[K^[m[K
[2.779s] In file included from [01m[K/home/sangjun/gcamp_ros2_ws/install/openslam_gmapping/include/gmapping/grid/map.h:5[m[K,
[2.779s]                  from [01m[K/home/sangjun/gcamp_ros2_ws/install/openslam_gmapping/include/gmapping/scanmatcher/smmap.h:3[m[K,
[2.779s]                  from [01m[K/home/sangjun/gcamp_ros2_ws/install/openslam_gmapping/include/gmapping/scanmatcher/scanmatcher.h:5[m[K,
[2.780s]                  from [01m[K/home/sangjun/gcamp_ros2_ws/install/openslam_gmapping/include/gmapping/gridfastslam/gridslamprocessor.h:15[m[K,
[2.780s]                  from [01m[K/home/sangjun/gcamp_ros2_ws/src/slam_gmapping/slam_gmapping/include/slam_gmapping/slam_gmapping.h:45[m[K,
[2.780s]                  from [01m[K/home/sangjun/gcamp_ros2_ws/src/slam_gmapping/slam_gmapping/src/slam_gmapping.cpp:24[m[K:
[2.780s] [01m[K/home/sangjun/gcamp_ros2_ws/install/openslam_gmapping/include/gmapping/grid/accessstate.h:6:2:[m[K [01;35m[Kwarning: [m[Kextra ‘[01m[K;[m[K’ [[01;35m[K-Wpedantic[m[K]
[2.780s]     6 | }[01;35m[K;[m[K
[2.780s]       |  [01;35m[K^[m[K
[2.782s] In file included from [01m[K/home/sangjun/gcamp_ros2_ws/install/openslam_gmapping/include/gmapping/grid/map.h:6[m[K,
[2.782s]                  from [01m[K/home/sangjun/gcamp_ros2_ws/install/openslam_gmapping/include/gmapping/scanmatcher/smmap.h:3[m[K,
[2.782s]                  from [01m[K/home/sangjun/gcamp_ros2_ws/install/openslam_gmapping/include/gmapping/scanmatcher/scanmatcher.h:5[m[K,
[2.782s]                  from [01m[K/home/sangjun/gcamp_ros2_ws/install/openslam_gmapping/include/gmapping/gridfastslam/gridslamprocessor.h:15[m[K,
[2.782s]                  from [01m[K/home/sangjun/gcamp_ros2_ws/src/slam_gmapping/slam_gmapping/include/slam_gmapping/slam_gmapping.h:45[m[K,
[2.782s]                  from [01m[K/home/sangjun/gcamp_ros2_ws/src/slam_gmapping/slam_gmapping/src/slam_gmapping.cpp:24[m[K:
[2.782s] [01m[K/home/sangjun/gcamp_ros2_ws/install/openslam_gmapping/include/gmapping/grid/array2d.h:185:2:[m[K [01;35m[Kwarning: [m[Kextra ‘[01m[K;[m[K’ [[01;35m[K-Wpedantic[m[K]
[2.782s]   185 | }[01;35m[K;[m[K
[2.782s]       |  [01;35m[K^[m[K
[2.784s] In file included from [01m[K/home/sangjun/gcamp_ros2_ws/install/openslam_gmapping/include/gmapping/scanmatcher/smmap.h:3[m[K,
[2.784s]                  from [01m[K/home/sangjun/gcamp_ros2_ws/install/openslam_gmapping/include/gmapping/scanmatcher/scanmatcher.h:5[m[K,
[2.784s]                  from [01m[K/home/sangjun/gcamp_ros2_ws/install/openslam_gmapping/include/gmapping/gridfastslam/gridslamprocessor.h:15[m[K,
[2.784s]                  from [01m[K/home/sangjun/gcamp_ros2_ws/src/slam_gmapping/slam_gmapping/include/slam_gmapping/slam_gmapping.h:45[m[K,
[2.784s]                  from [01m[K/home/sangjun/gcamp_ros2_ws/src/slam_gmapping/slam_gmapping/src/slam_gmapping.cpp:24[m[K:
[2.784s] [01m[K/home/sangjun/gcamp_ros2_ws/install/openslam_gmapping/include/gmapping/grid/map.h:262:2:[m[K [01;35m[Kwarning: [m[Kextra ‘[01m[K;[m[K’ [[01;35m[K-Wpedantic[m[K]
[2.784s]   262 | }[01;35m[K;[m[K
[2.784s]       |  [01;35m[K^[m[K
[2.784s] In file included from [01m[K/home/sangjun/gcamp_ros2_ws/install/openslam_gmapping/include/gmapping/grid/harray2d.h:5[m[K,
[2.785s]                  from [01m[K/home/sangjun/gcamp_ros2_ws/install/openslam_gmapping/include/gmapping/scanmatcher/smmap.h:4[m[K,
[2.785s]                  from [01m[K/home/sangjun/gcamp_ros2_ws/install/openslam_gmapping/include/gmapping/scanmatcher/scanmatcher.h:5[m[K,
[2.785s]                  from [01m[K/home/sangjun/gcamp_ros2_ws/install/openslam_gmapping/include/gmapping/gridfastslam/gridslamprocessor.h:15[m[K,
[2.785s]                  from [01m[K/home/sangjun/gcamp_ros2_ws/src/slam_gmapping/slam_gmapping/include/slam_gmapping/slam_gmapping.h:45[m[K,
[2.785s]                  from [01m[K/home/sangjun/gcamp_ros2_ws/src/slam_gmapping/slam_gmapping/src/slam_gmapping.cpp:24[m[K:
[2.785s] [01m[K/home/sangjun/gcamp_ros2_ws/install/openslam_gmapping/include/gmapping/utils/autoptr.h:96:2:[m[K [01;35m[Kwarning: [m[Kextra ‘[01m[K;[m[K’ [[01;35m[K-Wpedantic[m[K]
[2.785s]    96 | }[01;35m[K;[m[K
[2.785s]       |  [01;35m[K^[m[K
[2.789s] In file included from [01m[K/home/sangjun/gcamp_ros2_ws/install/openslam_gmapping/include/gmapping/scanmatcher/smmap.h:4[m[K,
[2.789s]                  from [01m[K/home/sangjun/gcamp_ros2_ws/install/openslam_gmapping/include/gmapping/scanmatcher/scanmatcher.h:5[m[K,
[2.789s]                  from [01m[K/home/sangjun/gcamp_ros2_ws/install/openslam_gmapping/include/gmapping/gridfastslam/gridslamprocessor.h:15[m[K,
[2.789s]                  from [01m[K/home/sangjun/gcamp_ros2_ws/src/slam_gmapping/slam_gmapping/include/slam_gmapping/slam_gmapping.h:45[m[K,
[2.790s]                  from [01m[K/home/sangjun/gcamp_ros2_ws/src/slam_gmapping/slam_gmapping/src/slam_gmapping.cpp:24[m[K:
[2.790s] [01m[K/home/sangjun/gcamp_ros2_ws/install/openslam_gmapping/include/gmapping/grid/harray2d.h:197:2:[m[K [01;35m[Kwarning: [m[Kextra ‘[01m[K;[m[K’ [[01;35m[K-Wpedantic[m[K]
[2.790s]   197 | }[01;35m[K;[m[K
[2.790s]       |  [01;35m[K^[m[K
[2.791s] In file included from [01m[K/home/sangjun/gcamp_ros2_ws/install/openslam_gmapping/include/gmapping/scanmatcher/scanmatcher.h:5[m[K,
[2.791s]                  from [01m[K/home/sangjun/gcamp_ros2_ws/install/openslam_gmapping/include/gmapping/gridfastslam/gridslamprocessor.h:15[m[K,
[2.791s]                  from [01m[K/home/sangjun/gcamp_ros2_ws/src/slam_gmapping/slam_gmapping/include/slam_gmapping/slam_gmapping.h:45[m[K,
[2.791s]                  from [01m[K/home/sangjun/gcamp_ros2_ws/src/slam_gmapping/slam_gmapping/src/slam_gmapping.cpp:24[m[K:
[2.791s] [01m[K/home/sangjun/gcamp_ros2_ws/install/openslam_gmapping/include/gmapping/scanmatcher/smmap.h:52:2:[m[K [01;35m[Kwarning: [m[Kextra ‘[01m[K;[m[K’ [[01;35m[K-Wpedantic[m[K]
[2.791s]    52 | }[01;35m[K;[m[K
[2.791s]       |  [01;35m[K^[m[K
[2.792s] In file included from [01m[K/home/sangjun/gcamp_ros2_ws/install/openslam_gmapping/include/gmapping/scanmatcher/scanmatcher.h:7[m[K,
[2.792s]                  from [01m[K/home/sangjun/gcamp_ros2_ws/install/openslam_gmapping/include/gmapping/gridfastslam/gridslamprocessor.h:15[m[K,
[2.792s]                  from [01m[K/home/sangjun/gcamp_ros2_ws/src/slam_gmapping/slam_gmapping/include/slam_gmapping/slam_gmapping.h:45[m[K,
[2.792s]                  from [01m[K/home/sangjun/gcamp_ros2_ws/src/slam_gmapping/slam_gmapping/src/slam_gmapping.cpp:24[m[K:
[2.792s] [01m[K/home/sangjun/gcamp_ros2_ws/install/openslam_gmapping/include/gmapping/utils/stat.h:145:2:[m[K [01;35m[Kwarning: [m[Kextra ‘[01m[K;[m[K’ [[01;35m[K-Wpedantic[m[K]
[2.792s]   145 | }[01;35m[K;[m[K //end namespace
[2.792s]       |  [01;35m[K^[m[K
[2.799s] In file included from [01m[K/home/sangjun/gcamp_ros2_ws/install/openslam_gmapping/include/gmapping/gridfastslam/gridslamprocessor.h:15[m[K,
[2.799s]                  from [01m[K/home/sangjun/gcamp_ros2_ws/src/slam_gmapping/slam_gmapping/include/slam_gmapping/slam_gmapping.h:45[m[K,
[2.799s]                  from [01m[K/home/sangjun/gcamp_ros2_ws/src/slam_gmapping/slam_gmapping/src/slam_gmapping.cpp:24[m[K:
[2.800s] [01m[K/home/sangjun/gcamp_ros2_ws/install/openslam_gmapping/include/gmapping/scanmatcher/scanmatcher.h:250:2:[m[K [01;35m[Kwarning: [m[Kextra ‘[01m[K;[m[K’ [[01;35m[K-Wpedantic[m[K]
[2.800s]   250 | }[01;35m[K;[m[K
[2.800s]       |  [01;35m[K^[m[K
[2.800s] In file included from [01m[K/home/sangjun/gcamp_ros2_ws/install/openslam_gmapping/include/gmapping/gridfastslam/gridslamprocessor.h:16[m[K,
[2.800s]                  from [01m[K/home/sangjun/gcamp_ros2_ws/src/slam_gmapping/slam_gmapping/include/slam_gmapping/slam_gmapping.h:45[m[K,
[2.800s]                  from [01m[K/home/sangjun/gcamp_ros2_ws/src/slam_gmapping/slam_gmapping/src/slam_gmapping.cpp:24[m[K:
[2.800s] [01m[K/home/sangjun/gcamp_ros2_ws/install/openslam_gmapping/include/gmapping/gridfastslam/motionmodel.h:17:2:[m[K [01;35m[Kwarning: [m[Kextra ‘[01m[K;[m[K’ [[01;35m[K-Wpedantic[m[K]
[2.800s]    17 | }[01;35m[K;[m[K
[2.800s]       |  [01;35m[K^[m[K
[2.812s] In file included from [01m[K/home/sangjun/gcamp_ros2_ws/src/slam_gmapping/slam_gmapping/include/slam_gmapping/slam_gmapping.h:45[m[K,
[2.812s]                  from [01m[K/home/sangjun/gcamp_ros2_ws/src/slam_gmapping/slam_gmapping/src/slam_gmapping.cpp:24[m[K:
[2.812s] [01m[K/home/sangjun/gcamp_ros2_ws/install/openslam_gmapping/include/gmapping/gridfastslam/gridslamprocessor.h:335:2:[m[K [01;35m[Kwarning: [m[Kextra ‘[01m[K;[m[K’ [[01;35m[K-Wpedantic[m[K]
[2.812s]   335 | }[01;35m[K;[m[K
[2.812s]       |  [01;35m[K^[m[K
[8.166s] [100%] [32m[1mLinking CXX executable slam_gmapping[0m
[8.449s] [100%] Built target slam_gmapping
[8.453s] Invoked command in '/home/sangjun/gcamp_ros2_ws/build/slam_gmapping' returned '0': AMENT_PREFIX_PATH=/home/sangjun/gcamp_ros2_ws/install/openslam_gmapping:${AMENT_PREFIX_PATH} CMAKE_PREFIX_PATH=/home/sangjun/gcamp_ros2_ws/install/openslam_gmapping:/home/sangjun/gcamp_ros2_ws/install/gcamp_gazebo:/home/sangjun/gcamp_ros2_ws/install/cpp_service_pkg:/home/sangjun/gcamp_ros2_ws/install/cpp_action_pkg:/home/sangjun/gcamp_ros2_ws/install/custom_interfaces:/home/sangjun/gcamp_ros2_ws/install/cpp_topic_pkg:/home/sangjun/gcamp_ros2_ws/install/cpp_service_tutorial:/home/sangjun/gcamp_ros2_ws/install/cpp_param_pkg:/home/sangjun/gcamp_ros2_ws/install/cpp_first_pkg:/home/sangjun/gcamp_ros2_ws/install/py_topic_pkg:/home/sangjun/gcamp_ros2_ws/install/py_service_pkg:/home/sangjun/gcamp_ros2_ws/install/py_first_pkg:/home/sangjun/gcamp_ros2_ws/install/py_action_pkg:/opt/ros/foxy LD_LIBRARY_PATH=/home/sangjun/gcamp_ros2_ws/install/openslam_gmapping/lib:${LD_LIBRARY_PATH} /usr/local/bin/cmake --build /home/sangjun/gcamp_ros2_ws/build/slam_gmapping -- -j8 -l8
[8.470s] Invoking command in '/home/sangjun/gcamp_ros2_ws/build/slam_gmapping': AMENT_PREFIX_PATH=/home/sangjun/gcamp_ros2_ws/install/openslam_gmapping:${AMENT_PREFIX_PATH} CMAKE_PREFIX_PATH=/home/sangjun/gcamp_ros2_ws/install/openslam_gmapping:/home/sangjun/gcamp_ros2_ws/install/gcamp_gazebo:/home/sangjun/gcamp_ros2_ws/install/cpp_service_pkg:/home/sangjun/gcamp_ros2_ws/install/cpp_action_pkg:/home/sangjun/gcamp_ros2_ws/install/custom_interfaces:/home/sangjun/gcamp_ros2_ws/install/cpp_topic_pkg:/home/sangjun/gcamp_ros2_ws/install/cpp_service_tutorial:/home/sangjun/gcamp_ros2_ws/install/cpp_param_pkg:/home/sangjun/gcamp_ros2_ws/install/cpp_first_pkg:/home/sangjun/gcamp_ros2_ws/install/py_topic_pkg:/home/sangjun/gcamp_ros2_ws/install/py_service_pkg:/home/sangjun/gcamp_ros2_ws/install/py_first_pkg:/home/sangjun/gcamp_ros2_ws/install/py_action_pkg:/opt/ros/foxy LD_LIBRARY_PATH=/home/sangjun/gcamp_ros2_ws/install/openslam_gmapping/lib:${LD_LIBRARY_PATH} /usr/local/bin/cmake --install /home/sangjun/gcamp_ros2_ws/build/slam_gmapping
[8.475s] -- Install configuration: ""
[8.475s] -- Execute custom install script
[8.476s] -- Symlinking: /home/sangjun/gcamp_ros2_ws/install/slam_gmapping/lib/slam_gmapping/slam_gmapping
[8.480s] -- Symlinking: /home/sangjun/gcamp_ros2_ws/install/slam_gmapping/share/slam_gmapping/launch/slam_gmapping.launch.py
[8.484s] -- Symlinking: /home/sangjun/gcamp_ros2_ws/install/slam_gmapping/share/ament_index/resource_index/package_run_dependencies/slam_gmapping
[8.487s] -- Symlinking: /home/sangjun/gcamp_ros2_ws/install/slam_gmapping/share/ament_index/resource_index/parent_prefix_path/slam_gmapping
[8.490s] -- Symlinking: /home/sangjun/gcamp_ros2_ws/install/slam_gmapping/share/slam_gmapping/environment/ament_prefix_path.sh
[8.492s] -- Symlinking: /home/sangjun/gcamp_ros2_ws/install/slam_gmapping/share/slam_gmapping/environment/ament_prefix_path.dsv
[8.494s] -- Symlinking: /home/sangjun/gcamp_ros2_ws/install/slam_gmapping/share/slam_gmapping/environment/path.sh
[8.496s] -- Symlinking: /home/sangjun/gcamp_ros2_ws/install/slam_gmapping/share/slam_gmapping/environment/path.dsv
[8.499s] -- Symlinking: /home/sangjun/gcamp_ros2_ws/install/slam_gmapping/share/slam_gmapping/local_setup.bash
[8.502s] -- Symlinking: /home/sangjun/gcamp_ros2_ws/install/slam_gmapping/share/slam_gmapping/local_setup.sh
[8.505s] -- Symlinking: /home/sangjun/gcamp_ros2_ws/install/slam_gmapping/share/slam_gmapping/local_setup.zsh
[8.507s] -- Symlinking: /home/sangjun/gcamp_ros2_ws/install/slam_gmapping/share/slam_gmapping/local_setup.dsv
[8.510s] -- Symlinking: /home/sangjun/gcamp_ros2_ws/install/slam_gmapping/share/slam_gmapping/package.dsv
[8.514s] -- Symlinking: /home/sangjun/gcamp_ros2_ws/install/slam_gmapping/share/ament_index/resource_index/packages/slam_gmapping
[8.517s] -- Symlinking: /home/sangjun/gcamp_ros2_ws/install/slam_gmapping/share/slam_gmapping/cmake/slam_gmappingConfig.cmake
[8.520s] -- Symlinking: /home/sangjun/gcamp_ros2_ws/install/slam_gmapping/share/slam_gmapping/cmake/slam_gmappingConfig-version.cmake
[8.523s] -- Symlinking: /home/sangjun/gcamp_ros2_ws/install/slam_gmapping/share/slam_gmapping/package.xml
[8.530s] Invoked command in '/home/sangjun/gcamp_ros2_ws/build/slam_gmapping' returned '0': AMENT_PREFIX_PATH=/home/sangjun/gcamp_ros2_ws/install/openslam_gmapping:${AMENT_PREFIX_PATH} CMAKE_PREFIX_PATH=/home/sangjun/gcamp_ros2_ws/install/openslam_gmapping:/home/sangjun/gcamp_ros2_ws/install/gcamp_gazebo:/home/sangjun/gcamp_ros2_ws/install/cpp_service_pkg:/home/sangjun/gcamp_ros2_ws/install/cpp_action_pkg:/home/sangjun/gcamp_ros2_ws/install/custom_interfaces:/home/sangjun/gcamp_ros2_ws/install/cpp_topic_pkg:/home/sangjun/gcamp_ros2_ws/install/cpp_service_tutorial:/home/sangjun/gcamp_ros2_ws/install/cpp_param_pkg:/home/sangjun/gcamp_ros2_ws/install/cpp_first_pkg:/home/sangjun/gcamp_ros2_ws/install/py_topic_pkg:/home/sangjun/gcamp_ros2_ws/install/py_service_pkg:/home/sangjun/gcamp_ros2_ws/install/py_first_pkg:/home/sangjun/gcamp_ros2_ws/install/py_action_pkg:/opt/ros/foxy LD_LIBRARY_PATH=/home/sangjun/gcamp_ros2_ws/install/openslam_gmapping/lib:${LD_LIBRARY_PATH} /usr/local/bin/cmake --install /home/sangjun/gcamp_ros2_ws/build/slam_gmapping
