[0.769s] Invoking command in '/home/sangjun/gcamp_ros2_ws/build/py_action_pkg': AMENT_PREFIX_PATH=/home/sangjun/gcamp_ros2_ws/install/custom_interfaces:${AMENT_PREFIX_PATH} CMAKE_PREFIX_PATH=/home/sangjun/gcamp_ros2_ws/install/custom_interfaces:${CMAKE_PREFIX_PATH} LD_LIBRARY_PATH=/home/sangjun/gcamp_ros2_ws/install/custom_interfaces/lib:/usr/lib/x86_64-linux-gnu/gazebo-11/plugins:/opt/ros/foxy/opt/yaml_cpp_vendor/lib:/opt/ros/foxy/opt/rviz_ogre_vendor/lib:/opt/ros/foxy/lib/x86_64-linux-gnu:/opt/ros/foxy/lib:/raisim/linux/lib PYTHONPATH=/home/sangjun/gcamp_ros2_ws/build/py_action_pkg/prefix_override:/home/sangjun/gcamp_ros2_ws/install/py_action_pkg/lib/python3.8/site-packages:/home/sangjun/gcamp_ros2_ws/install/custom_interfaces/lib/python3.8/site-packages:/opt/ros/foxy/lib/python3.8/site-packages:/raisim/linux/lib /usr/bin/python3 setup.py develop --editable --build-directory /home/sangjun/gcamp_ros2_ws/build/py_action_pkg/build --no-deps install_data
[0.962s] running develop
[1.083s] running egg_info
[1.083s] creating py_action_pkg.egg-info
[1.083s] writing py_action_pkg.egg-info/PKG-INFO
[1.083s] writing dependency_links to py_action_pkg.egg-info/dependency_links.txt
[1.083s] writing entry points to py_action_pkg.egg-info/entry_points.txt
[1.083s] writing requirements to py_action_pkg.egg-info/requires.txt
[1.084s] writing top-level names to py_action_pkg.egg-info/top_level.txt
[1.084s] writing manifest file 'py_action_pkg.egg-info/SOURCES.txt'
[1.108s] reading manifest file 'py_action_pkg.egg-info/SOURCES.txt'
[1.108s] writing manifest file 'py_action_pkg.egg-info/SOURCES.txt'
[1.135s] running build_ext
[1.135s] Creating /home/sangjun/gcamp_ros2_ws/install/py_action_pkg/lib/python3.8/site-packages/site.py
[1.136s] Creating /home/sangjun/gcamp_ros2_ws/install/py_action_pkg/lib/python3.8/site-packages/py-action-pkg.egg-link (link to .)
[1.136s] Installing fibonacci_action_client script to /home/sangjun/gcamp_ros2_ws/install/py_action_pkg/lib/py_action_pkg
[1.137s] Installing fibonacci_action_client_cancel script to /home/sangjun/gcamp_ros2_ws/install/py_action_pkg/lib/py_action_pkg
[1.137s] Installing fibonacci_action_server script to /home/sangjun/gcamp_ros2_ws/install/py_action_pkg/lib/py_action_pkg
[1.137s] Installing fibonacci_action_server_cancel script to /home/sangjun/gcamp_ros2_ws/install/py_action_pkg/lib/py_action_pkg
[1.137s] Installing img_subscriber_node script to /home/sangjun/gcamp_ros2_ws/install/py_action_pkg/lib/py_action_pkg
[1.137s] Installing maze_action_client script to /home/sangjun/gcamp_ros2_ws/install/py_action_pkg/lib/py_action_pkg
[1.137s] Installing maze_action_server script to /home/sangjun/gcamp_ros2_ws/install/py_action_pkg/lib/py_action_pkg
[1.137s] Installing odom_sub_node script to /home/sangjun/gcamp_ros2_ws/install/py_action_pkg/lib/py_action_pkg
[1.137s] Installing robot_controller script to /home/sangjun/gcamp_ros2_ws/install/py_action_pkg/lib/py_action_pkg
[1.137s] 
[1.137s] Installed /home/sangjun/gcamp_ros2_ws/build/py_action_pkg
[1.138s] running install_data
[1.138s] creating /home/sangjun/gcamp_ros2_ws/install/py_action_pkg/share/ament_index
[1.138s] creating /home/sangjun/gcamp_ros2_ws/install/py_action_pkg/share/ament_index/resource_index
[1.138s] creating /home/sangjun/gcamp_ros2_ws/install/py_action_pkg/share/ament_index/resource_index/packages
[1.138s] copying resource/py_action_pkg -> /home/sangjun/gcamp_ros2_ws/install/py_action_pkg/share/ament_index/resource_index/packages
[1.138s] copying package.xml -> /home/sangjun/gcamp_ros2_ws/install/py_action_pkg/share/py_action_pkg
[1.138s] creating /home/sangjun/gcamp_ros2_ws/install/py_action_pkg/share/py_action_pkg/launch
[1.138s] copying launch/maze_action_srv.launch.py -> /home/sangjun/gcamp_ros2_ws/install/py_action_pkg/share/py_action_pkg/launch
[1.159s] Invoked command in '/home/sangjun/gcamp_ros2_ws/build/py_action_pkg' returned '0': AMENT_PREFIX_PATH=/home/sangjun/gcamp_ros2_ws/install/custom_interfaces:${AMENT_PREFIX_PATH} CMAKE_PREFIX_PATH=/home/sangjun/gcamp_ros2_ws/install/custom_interfaces:${CMAKE_PREFIX_PATH} LD_LIBRARY_PATH=/home/sangjun/gcamp_ros2_ws/install/custom_interfaces/lib:/usr/lib/x86_64-linux-gnu/gazebo-11/plugins:/opt/ros/foxy/opt/yaml_cpp_vendor/lib:/opt/ros/foxy/opt/rviz_ogre_vendor/lib:/opt/ros/foxy/lib/x86_64-linux-gnu:/opt/ros/foxy/lib:/raisim/linux/lib PYTHONPATH=/home/sangjun/gcamp_ros2_ws/build/py_action_pkg/prefix_override:/home/sangjun/gcamp_ros2_ws/install/py_action_pkg/lib/python3.8/site-packages:/home/sangjun/gcamp_ros2_ws/install/custom_interfaces/lib/python3.8/site-packages:/opt/ros/foxy/lib/python3.8/site-packages:/raisim/linux/lib /usr/bin/python3 setup.py develop --editable --build-directory /home/sangjun/gcamp_ros2_ws/build/py_action_pkg/build --no-deps install_data
