[0.832s] Invoking command in '/home/sangjun/gcamp_ros2_ws/build/py_service_pkg': CMAKE_PREFIX_PATH=/home/sangjun/gcamp_ros2_ws/install/custom_interfaces:/home/sangjun/gcamp_ros2_ws/install/slam_gmapping:/home/sangjun/gcamp_ros2_ws/install/openslam_gmapping:/home/sangjun/gcamp_ros2_ws/install/gcamp_gazebo:/home/sangjun/gcamp_ros2_ws/install/cpp_service_pkg:/home/sangjun/gcamp_ros2_ws/install/cpp_action_pkg:/home/sangjun/gcamp_ros2_ws/install/cpp_topic_pkg:/home/sangjun/gcamp_ros2_ws/install/cpp_service_tutorial:/home/sangjun/gcamp_ros2_ws/install/cpp_param_pkg:/home/sangjun/gcamp_ros2_ws/install/cpp_first_pkg LD_LIBRARY_PATH=/home/sangjun/gcamp_ros2_ws/install/custom_interfaces/lib:/home/sangjun/gcamp_ros2_ws/install/openslam_gmapping/lib:/usr/lib/x86_64-linux-gnu/gazebo-11/plugins:/opt/ros/foxy/opt/yaml_cpp_vendor/lib:/opt/ros/foxy/opt/rviz_ogre_vendor/lib:/opt/ros/foxy/lib/x86_64-linux-gnu:/opt/ros/foxy/lib:/raisim/linux/lib PYTHONPATH=/home/sangjun/gcamp_ros2_ws/build/py_service_pkg/prefix_override:/home/sangjun/gcamp_ros2_ws/install/py_service_pkg/lib/python3.8/site-packages:/home/sangjun/gcamp_ros2_ws/install/custom_interfaces/lib/python3.8/site-packages:/home/sangjun/gcamp_ros2_ws/build/py_topic_pkg:/home/sangjun/gcamp_ros2_ws/install/py_topic_pkg/lib/python3.8/site-packages:/home/sangjun/gcamp_ros2_ws/build/py_service_pkg:/home/sangjun/gcamp_ros2_ws/install/py_service_pkg/lib/python3.8/site-packages:/home/sangjun/gcamp_ros2_ws/build/py_first_pkg:/home/sangjun/gcamp_ros2_ws/install/py_first_pkg/lib/python3.8/site-packages:/home/sangjun/gcamp_ros2_ws/build/py_action_pkg:/home/sangjun/gcamp_ros2_ws/install/py_action_pkg/lib/python3.8/site-packages:/opt/ros/foxy/lib/python3.8/site-packages:/raisim/linux/lib /usr/bin/python3 setup.py develop --editable --build-directory /home/sangjun/gcamp_ros2_ws/build/py_service_pkg/build --no-deps install_data
[0.998s] running develop
[1.089s] running egg_info
[1.090s] writing py_service_pkg.egg-info/PKG-INFO
[1.090s] writing dependency_links to py_service_pkg.egg-info/dependency_links.txt
[1.090s] writing entry points to py_service_pkg.egg-info/entry_points.txt
[1.090s] writing requirements to py_service_pkg.egg-info/requires.txt
[1.090s] writing top-level names to py_service_pkg.egg-info/top_level.txt
[1.114s] reading manifest file 'py_service_pkg.egg-info/SOURCES.txt'
[1.115s] writing manifest file 'py_service_pkg.egg-info/SOURCES.txt'
[1.144s] running build_ext
[1.144s] Creating /home/sangjun/gcamp_ros2_ws/install/py_service_pkg/lib/python3.8/site-packages/py-service-pkg.egg-link (link to .)
[1.145s] Installing basic_client script to /home/sangjun/gcamp_ros2_ws/install/py_service_pkg/lib/py_service_pkg
[1.145s] Installing basic_server script to /home/sangjun/gcamp_ros2_ws/install/py_service_pkg/lib/py_service_pkg
[1.145s] Installing custom_srv_client script to /home/sangjun/gcamp_ros2_ws/install/py_service_pkg/lib/py_service_pkg
[1.145s] Installing custom_srv_server script to /home/sangjun/gcamp_ros2_ws/install/py_service_pkg/lib/py_service_pkg
[1.145s] Installing gazebo_model_spawner script to /home/sangjun/gcamp_ros2_ws/install/py_service_pkg/lib/py_service_pkg
[1.145s] Installing robot_turning_client script to /home/sangjun/gcamp_ros2_ws/install/py_service_pkg/lib/py_service_pkg
[1.145s] Installing robot_turning_server script to /home/sangjun/gcamp_ros2_ws/install/py_service_pkg/lib/py_service_pkg
[1.146s] Installing spawn_skidbot script to /home/sangjun/gcamp_ros2_ws/install/py_service_pkg/lib/py_service_pkg
[1.146s] 
[1.146s] Installed /home/sangjun/gcamp_ros2_ws/build/py_service_pkg
[1.146s] running install_data
[1.174s] Invoked command in '/home/sangjun/gcamp_ros2_ws/build/py_service_pkg' returned '0': CMAKE_PREFIX_PATH=/home/sangjun/gcamp_ros2_ws/install/custom_interfaces:/home/sangjun/gcamp_ros2_ws/install/slam_gmapping:/home/sangjun/gcamp_ros2_ws/install/openslam_gmapping:/home/sangjun/gcamp_ros2_ws/install/gcamp_gazebo:/home/sangjun/gcamp_ros2_ws/install/cpp_service_pkg:/home/sangjun/gcamp_ros2_ws/install/cpp_action_pkg:/home/sangjun/gcamp_ros2_ws/install/cpp_topic_pkg:/home/sangjun/gcamp_ros2_ws/install/cpp_service_tutorial:/home/sangjun/gcamp_ros2_ws/install/cpp_param_pkg:/home/sangjun/gcamp_ros2_ws/install/cpp_first_pkg LD_LIBRARY_PATH=/home/sangjun/gcamp_ros2_ws/install/custom_interfaces/lib:/home/sangjun/gcamp_ros2_ws/install/openslam_gmapping/lib:/usr/lib/x86_64-linux-gnu/gazebo-11/plugins:/opt/ros/foxy/opt/yaml_cpp_vendor/lib:/opt/ros/foxy/opt/rviz_ogre_vendor/lib:/opt/ros/foxy/lib/x86_64-linux-gnu:/opt/ros/foxy/lib:/raisim/linux/lib PYTHONPATH=/home/sangjun/gcamp_ros2_ws/build/py_service_pkg/prefix_override:/home/sangjun/gcamp_ros2_ws/install/py_service_pkg/lib/python3.8/site-packages:/home/sangjun/gcamp_ros2_ws/install/custom_interfaces/lib/python3.8/site-packages:/home/sangjun/gcamp_ros2_ws/build/py_topic_pkg:/home/sangjun/gcamp_ros2_ws/install/py_topic_pkg/lib/python3.8/site-packages:/home/sangjun/gcamp_ros2_ws/build/py_service_pkg:/home/sangjun/gcamp_ros2_ws/install/py_service_pkg/lib/python3.8/site-packages:/home/sangjun/gcamp_ros2_ws/build/py_first_pkg:/home/sangjun/gcamp_ros2_ws/install/py_first_pkg/lib/python3.8/site-packages:/home/sangjun/gcamp_ros2_ws/build/py_action_pkg:/home/sangjun/gcamp_ros2_ws/install/py_action_pkg/lib/python3.8/site-packages:/opt/ros/foxy/lib/python3.8/site-packages:/raisim/linux/lib /usr/bin/python3 setup.py develop --editable --build-directory /home/sangjun/gcamp_ros2_ws/build/py_service_pkg/build --no-deps install_data
