[0.099s] Invoking command in '/home/sangjun/gcamp_ros2_ws/build/cpp_topic_pkg': CMAKE_PREFIX_PATH=${CMAKE_PREFIX_PATH}:/home/sangjun/gcamp_ros2_ws/install/py_topic_pkg:/home/sangjun/gcamp_ros2_ws/install/py_service_pkg:/home/sangjun/gcamp_ros2_ws/install/py_first_pkg:/home/sangjun/gcamp_ros2_ws/install/py_action_pkg:/opt/ros/foxy /usr/local/bin/cmake --build /home/sangjun/gcamp_ros2_ws/build/cpp_topic_pkg -- -j8 -l8
[0.244s] [ 12%] Built target cmd_vel_pub_node
[0.265s] [ 25%] Built target laser_sub_node
[0.294s] [ 37%] Built target topic_sub_oop_node
[0.329s] [ 50%] Built target topic_pub_oop_node
[0.354s] [ 62%] Built target topic_sub_node
[0.369s] [ 75%] Built target topic_pub_node
[0.410s] [ 87%] Built target parkingz_node
[0.430s] [ 93%] [32mBuilding CXX object CMakeFiles/parking_node.dir/src/parking.cpp.o[0m
[9.119s] [100%] [32m[1mLinking CXX executable parking_node[0m
[9.411s] [100%] Built target parking_node
[9.415s] Invoked command in '/home/sangjun/gcamp_ros2_ws/build/cpp_topic_pkg' returned '0': CMAKE_PREFIX_PATH=${CMAKE_PREFIX_PATH}:/home/sangjun/gcamp_ros2_ws/install/py_topic_pkg:/home/sangjun/gcamp_ros2_ws/install/py_service_pkg:/home/sangjun/gcamp_ros2_ws/install/py_first_pkg:/home/sangjun/gcamp_ros2_ws/install/py_action_pkg:/opt/ros/foxy /usr/local/bin/cmake --build /home/sangjun/gcamp_ros2_ws/build/cpp_topic_pkg -- -j8 -l8
[9.449s] Invoking command in '/home/sangjun/gcamp_ros2_ws/build/cpp_topic_pkg': CMAKE_PREFIX_PATH=${CMAKE_PREFIX_PATH}:/home/sangjun/gcamp_ros2_ws/install/py_topic_pkg:/home/sangjun/gcamp_ros2_ws/install/py_service_pkg:/home/sangjun/gcamp_ros2_ws/install/py_first_pkg:/home/sangjun/gcamp_ros2_ws/install/py_action_pkg:/opt/ros/foxy /usr/local/bin/cmake --install /home/sangjun/gcamp_ros2_ws/build/cpp_topic_pkg
[9.453s] -- Install configuration: ""
[9.454s] -- Execute custom install script
[9.454s] -- Up-to-date symlink: /home/sangjun/gcamp_ros2_ws/install/cpp_topic_pkg/lib/cpp_topic_pkg/cmd_vel_pub_node
[9.455s] -- Up-to-date symlink: /home/sangjun/gcamp_ros2_ws/install/cpp_topic_pkg/lib/cpp_topic_pkg/laser_sub_node
[9.455s] -- Up-to-date symlink: /home/sangjun/gcamp_ros2_ws/install/cpp_topic_pkg/lib/cpp_topic_pkg/parking_node
[9.455s] -- Up-to-date symlink: /home/sangjun/gcamp_ros2_ws/install/cpp_topic_pkg/lib/cpp_topic_pkg/parkingz_node
[9.456s] -- Up-to-date symlink: /home/sangjun/gcamp_ros2_ws/install/cpp_topic_pkg/lib/cpp_topic_pkg/topic_pub_node
[9.456s] -- Up-to-date symlink: /home/sangjun/gcamp_ros2_ws/install/cpp_topic_pkg/lib/cpp_topic_pkg/topic_pub_oop_node
[9.457s] -- Up-to-date symlink: /home/sangjun/gcamp_ros2_ws/install/cpp_topic_pkg/lib/cpp_topic_pkg/topic_sub_node
[9.457s] -- Up-to-date symlink: /home/sangjun/gcamp_ros2_ws/install/cpp_topic_pkg/lib/cpp_topic_pkg/topic_sub_oop_node
[9.457s] -- Up-to-date symlink: /home/sangjun/gcamp_ros2_ws/install/cpp_topic_pkg/share/ament_index/resource_index/package_run_dependencies/cpp_topic_pkg
[9.457s] -- Up-to-date symlink: /home/sangjun/gcamp_ros2_ws/install/cpp_topic_pkg/share/ament_index/resource_index/parent_prefix_path/cpp_topic_pkg
[9.458s] -- Up-to-date symlink: /home/sangjun/gcamp_ros2_ws/install/cpp_topic_pkg/share/cpp_topic_pkg/environment/ament_prefix_path.sh
[9.458s] -- Up-to-date symlink: /home/sangjun/gcamp_ros2_ws/install/cpp_topic_pkg/share/cpp_topic_pkg/environment/ament_prefix_path.dsv
[9.458s] -- Up-to-date symlink: /home/sangjun/gcamp_ros2_ws/install/cpp_topic_pkg/share/cpp_topic_pkg/environment/path.sh
[9.458s] -- Up-to-date symlink: /home/sangjun/gcamp_ros2_ws/install/cpp_topic_pkg/share/cpp_topic_pkg/environment/path.dsv
[9.459s] -- Up-to-date symlink: /home/sangjun/gcamp_ros2_ws/install/cpp_topic_pkg/share/cpp_topic_pkg/local_setup.bash
[9.459s] -- Up-to-date symlink: /home/sangjun/gcamp_ros2_ws/install/cpp_topic_pkg/share/cpp_topic_pkg/local_setup.sh
[9.459s] -- Up-to-date symlink: /home/sangjun/gcamp_ros2_ws/install/cpp_topic_pkg/share/cpp_topic_pkg/local_setup.zsh
[9.460s] -- Up-to-date symlink: /home/sangjun/gcamp_ros2_ws/install/cpp_topic_pkg/share/cpp_topic_pkg/local_setup.dsv
[9.460s] -- Symlinking: /home/sangjun/gcamp_ros2_ws/install/cpp_topic_pkg/share/cpp_topic_pkg/package.dsv
[9.462s] -- Up-to-date symlink: /home/sangjun/gcamp_ros2_ws/install/cpp_topic_pkg/share/ament_index/resource_index/packages/cpp_topic_pkg
[9.462s] -- Up-to-date symlink: /home/sangjun/gcamp_ros2_ws/install/cpp_topic_pkg/share/cpp_topic_pkg/cmake/cpp_topic_pkgConfig.cmake
[9.462s] -- Up-to-date symlink: /home/sangjun/gcamp_ros2_ws/install/cpp_topic_pkg/share/cpp_topic_pkg/cmake/cpp_topic_pkgConfig-version.cmake
[9.462s] -- Up-to-date symlink: /home/sangjun/gcamp_ros2_ws/install/cpp_topic_pkg/share/cpp_topic_pkg/package.xml
[9.467s] Invoked command in '/home/sangjun/gcamp_ros2_ws/build/cpp_topic_pkg' returned '0': CMAKE_PREFIX_PATH=${CMAKE_PREFIX_PATH}:/home/sangjun/gcamp_ros2_ws/install/py_topic_pkg:/home/sangjun/gcamp_ros2_ws/install/py_service_pkg:/home/sangjun/gcamp_ros2_ws/install/py_first_pkg:/home/sangjun/gcamp_ros2_ws/install/py_action_pkg:/opt/ros/foxy /usr/local/bin/cmake --install /home/sangjun/gcamp_ros2_ws/build/cpp_topic_pkg
