[1.602s] Invoking command in '/home/sangjun/gcamp_ros2_ws/build/py_topic_pkg': PYTHONPATH=/home/sangjun/gcamp_ros2_ws/build/py_topic_pkg/prefix_override:/home/sangjun/gcamp_ros2_ws/install/py_topic_pkg/lib/python3.8/site-packages:${PYTHONPATH} /usr/bin/python3 setup.py develop --editable --build-directory /home/sangjun/gcamp_ros2_ws/build/py_topic_pkg/build --no-deps install_data
[2.024s] running develop
[2.210s] running egg_info
[2.210s] writing py_topic_pkg.egg-info/PKG-INFO
[2.210s] writing dependency_links to py_topic_pkg.egg-info/dependency_links.txt
[2.211s] writing entry points to py_topic_pkg.egg-info/entry_points.txt
[2.211s] writing requirements to py_topic_pkg.egg-info/requires.txt
[2.211s] writing top-level names to py_topic_pkg.egg-info/top_level.txt
[2.252s] reading manifest file 'py_topic_pkg.egg-info/SOURCES.txt'
[2.253s] writing manifest file 'py_topic_pkg.egg-info/SOURCES.txt'
[2.299s] running build_ext
[2.299s] Creating /home/sangjun/gcamp_ros2_ws/install/py_topic_pkg/lib/python3.8/site-packages/py-topic-pkg.egg-link (link to .)
[2.300s] Installing autobot_node script to /home/sangjun/gcamp_ros2_ws/install/py_topic_pkg/lib/py_topic_pkg
[2.300s] Installing cmd_vel_pub_node script to /home/sangjun/gcamp_ros2_ws/install/py_topic_pkg/lib/py_topic_pkg
[2.301s] Installing endless_cmd_vel_pub_node script to /home/sangjun/gcamp_ros2_ws/install/py_topic_pkg/lib/py_topic_pkg
[2.301s] Installing laser_raw_node script to /home/sangjun/gcamp_ros2_ws/install/py_topic_pkg/lib/py_topic_pkg
[2.301s] Installing laser_sub_node script to /home/sangjun/gcamp_ros2_ws/install/py_topic_pkg/lib/py_topic_pkg
[2.301s] Installing parking_node script to /home/sangjun/gcamp_ros2_ws/install/py_topic_pkg/lib/py_topic_pkg
[2.301s] 
[2.301s] Installed /home/sangjun/gcamp_ros2_ws/build/py_topic_pkg
[2.301s] running install_data
[2.475s] Invoked command in '/home/sangjun/gcamp_ros2_ws/build/py_topic_pkg' returned '0': PYTHONPATH=/home/sangjun/gcamp_ros2_ws/build/py_topic_pkg/prefix_override:/home/sangjun/gcamp_ros2_ws/install/py_topic_pkg/lib/python3.8/site-packages:${PYTHONPATH} /usr/bin/python3 setup.py develop --editable --build-directory /home/sangjun/gcamp_ros2_ws/build/py_topic_pkg/build --no-deps install_data
