[0.112s] Invoking command in '/home/sangjun/gcamp_ros2_ws/build/custom_interfaces': CMAKE_PREFIX_PATH=${CMAKE_PREFIX_PATH}:/home/sangjun/gcamp_ros2_ws/install/py_topic_pkg:/home/sangjun/gcamp_ros2_ws/install/py_service_pkg:/home/sangjun/gcamp_ros2_ws/install/py_first_pkg:/home/sangjun/gcamp_ros2_ws/install/py_action_pkg:/opt/ros/foxy /usr/local/bin/cmake --build /home/sangjun/gcamp_ros2_ws/build/custom_interfaces -- -j8 -l8
[0.705s] [ 11%] Built target custom_interfaces__rosidl_generator_c
[0.705s] [ 12%] Built target custom_interfaces__cpp
[0.705s] [ 23%] Built target custom_interfaces__rosidl_typesupport_introspection_c
[0.705s] [ 34%] Built target custom_interfaces__rosidl_typesupport_c
[0.705s] [ 57%] Built target custom_interfaces__rosidl_typesupport_cpp
[0.705s] [ 57%] Built target custom_interfaces__rosidl_typesupport_fastrtps_cpp
[0.706s] [ 68%] Built target custom_interfaces__rosidl_typesupport_fastrtps_c
[0.706s] [ 79%] Built target custom_interfaces__rosidl_typesupport_introspection_cpp
[0.706s] [ 79%] Built target custom_interfaces
[0.706s] [ 80%] Built target custom_interfaces__py
[0.706s] [ 90%] Built target custom_interfaces__python
[0.706s] [ 93%] Built target custom_interfaces__rosidl_typesupport_fastrtps_c__pyext
[0.706s] [ 96%] Built target custom_interfaces__rosidl_typesupport_introspection_c__pyext
[0.706s] [100%] Built target custom_interfaces__rosidl_typesupport_c__pyext
[0.727s] Invoked command in '/home/sangjun/gcamp_ros2_ws/build/custom_interfaces' returned '0': CMAKE_PREFIX_PATH=${CMAKE_PREFIX_PATH}:/home/sangjun/gcamp_ros2_ws/install/py_topic_pkg:/home/sangjun/gcamp_ros2_ws/install/py_service_pkg:/home/sangjun/gcamp_ros2_ws/install/py_first_pkg:/home/sangjun/gcamp_ros2_ws/install/py_action_pkg:/opt/ros/foxy /usr/local/bin/cmake --build /home/sangjun/gcamp_ros2_ws/build/custom_interfaces -- -j8 -l8
[1.685s] Invoking command in '/home/sangjun/gcamp_ros2_ws/build/custom_interfaces': CMAKE_PREFIX_PATH=${CMAKE_PREFIX_PATH}:/home/sangjun/gcamp_ros2_ws/install/py_topic_pkg:/home/sangjun/gcamp_ros2_ws/install/py_service_pkg:/home/sangjun/gcamp_ros2_ws/install/py_first_pkg:/home/sangjun/gcamp_ros2_ws/install/py_action_pkg:/opt/ros/foxy /usr/local/bin/cmake --install /home/sangjun/gcamp_ros2_ws/build/custom_interfaces
[1.708s] -- Install configuration: ""
[1.708s] -- Execute custom install script
[1.708s] -- Up-to-date symlink: /home/sangjun/gcamp_ros2_ws/install/custom_interfaces/share/ament_index/resource_index/rosidl_interfaces/custom_interfaces
[1.708s] -- Up-to-date symlink: /home/sangjun/gcamp_ros2_ws/install/custom_interfaces/include/custom_interfaces/action/detail/fibonacci__functions.h
[1.708s] -- Up-to-date symlink: /home/sangjun/gcamp_ros2_ws/install/custom_interfaces/include/custom_interfaces/action/detail/fibonacci__struct.h
[1.708s] -- Up-to-date symlink: /home/sangjun/gcamp_ros2_ws/install/custom_interfaces/include/custom_interfaces/action/detail/fibonacci__type_support.h
[1.709s] -- Up-to-date symlink: /home/sangjun/gcamp_ros2_ws/install/custom_interfaces/include/custom_interfaces/action/detail/maze__functions.h
[1.709s] -- Up-to-date symlink: /home/sangjun/gcamp_ros2_ws/install/custom_interfaces/include/custom_interfaces/action/detail/maze__struct.h
[1.709s] -- Up-to-date symlink: /home/sangjun/gcamp_ros2_ws/install/custom_interfaces/include/custom_interfaces/action/detail/maze__type_support.h
[1.709s] -- Up-to-date symlink: /home/sangjun/gcamp_ros2_ws/install/custom_interfaces/include/custom_interfaces/action/fibonacci.h
[1.709s] -- Up-to-date symlink: /home/sangjun/gcamp_ros2_ws/install/custom_interfaces/include/custom_interfaces/action/maze.h
[1.709s] -- Up-to-date symlink: /home/sangjun/gcamp_ros2_ws/install/custom_interfaces/include/custom_interfaces/msg/detail/num__functions.h
[1.709s] -- Up-to-date symlink: /home/sangjun/gcamp_ros2_ws/install/custom_interfaces/include/custom_interfaces/msg/detail/num__struct.h
[1.710s] -- Up-to-date symlink: /home/sangjun/gcamp_ros2_ws/install/custom_interfaces/include/custom_interfaces/msg/detail/num__type_support.h
[1.710s] -- Up-to-date symlink: /home/sangjun/gcamp_ros2_ws/install/custom_interfaces/include/custom_interfaces/msg/num.h
[1.713s] -- Up-to-date symlink: /home/sangjun/gcamp_ros2_ws/install/custom_interfaces/include/custom_interfaces/msg/rosidl_generator_c__visibility_control.h
[1.714s] -- Up-to-date symlink: /home/sangjun/gcamp_ros2_ws/install/custom_interfaces/include/custom_interfaces/srv/add_three_ints.h
[1.714s] -- Up-to-date symlink: /home/sangjun/gcamp_ros2_ws/install/custom_interfaces/include/custom_interfaces/srv/detail/add_three_ints__functions.h
[1.714s] -- Up-to-date symlink: /home/sangjun/gcamp_ros2_ws/install/custom_interfaces/include/custom_interfaces/srv/detail/add_three_ints__struct.h
[1.715s] -- Up-to-date symlink: /home/sangjun/gcamp_ros2_ws/install/custom_interfaces/include/custom_interfaces/srv/detail/add_three_ints__type_support.h
[1.715s] -- Up-to-date symlink: /home/sangjun/gcamp_ros2_ws/install/custom_interfaces/include/custom_interfaces/srv/detail/turning_control__functions.h
[1.715s] -- Up-to-date symlink: /home/sangjun/gcamp_ros2_ws/install/custom_interfaces/include/custom_interfaces/srv/detail/turning_control__struct.h
[1.715s] -- Up-to-date symlink: /home/sangjun/gcamp_ros2_ws/install/custom_interfaces/include/custom_interfaces/srv/detail/turning_control__type_support.h
[1.716s] -- Up-to-date symlink: /home/sangjun/gcamp_ros2_ws/install/custom_interfaces/include/custom_interfaces/srv/turning_control.h
[1.716s] -- Up-to-date symlink: /home/sangjun/gcamp_ros2_ws/install/custom_interfaces/share/custom_interfaces/environment/library_path.sh
[1.716s] -- Up-to-date symlink: /home/sangjun/gcamp_ros2_ws/install/custom_interfaces/share/custom_interfaces/environment/library_path.dsv
[1.717s] -- Up-to-date symlink: /home/sangjun/gcamp_ros2_ws/install/custom_interfaces/include/custom_interfaces/action/detail/fibonacci__rosidl_typesupport_fastrtps_c.h
[1.718s] -- Up-to-date symlink: /home/sangjun/gcamp_ros2_ws/install/custom_interfaces/include/custom_interfaces/action/detail/maze__rosidl_typesupport_fastrtps_c.h
[1.718s] -- Up-to-date symlink: /home/sangjun/gcamp_ros2_ws/install/custom_interfaces/include/custom_interfaces/msg/detail/num__rosidl_typesupport_fastrtps_c.h
[1.718s] -- Up-to-date symlink: /home/sangjun/gcamp_ros2_ws/install/custom_interfaces/include/custom_interfaces/msg/rosidl_typesupport_fastrtps_c__visibility_control.h
[1.718s] -- Up-to-date symlink: /home/sangjun/gcamp_ros2_ws/install/custom_interfaces/include/custom_interfaces/srv/detail/add_three_ints__rosidl_typesupport_fastrtps_c.h
[1.719s] -- Up-to-date symlink: /home/sangjun/gcamp_ros2_ws/install/custom_interfaces/include/custom_interfaces/srv/detail/turning_control__rosidl_typesupport_fastrtps_c.h
[1.719s] -- Up-to-date symlink: /home/sangjun/gcamp_ros2_ws/install/custom_interfaces/lib/libcustom_interfaces__rosidl_typesupport_fastrtps_c.so
[1.720s] -- Up-to-date symlink: /home/sangjun/gcamp_ros2_ws/install/custom_interfaces/include/custom_interfaces/action/detail/fibonacci__rosidl_typesupport_fastrtps_cpp.hpp
[1.721s] -- Up-to-date symlink: /home/sangjun/gcamp_ros2_ws/install/custom_interfaces/include/custom_interfaces/action/detail/maze__rosidl_typesupport_fastrtps_cpp.hpp
[1.721s] -- Up-to-date symlink: /home/sangjun/gcamp_ros2_ws/install/custom_interfaces/include/custom_interfaces/msg/detail/num__rosidl_typesupport_fastrtps_cpp.hpp
[1.721s] -- Up-to-date symlink: /home/sangjun/gcamp_ros2_ws/install/custom_interfaces/include/custom_interfaces/msg/rosidl_typesupport_fastrtps_cpp__visibility_control.h
[1.721s] -- Up-to-date symlink: /home/sangjun/gcamp_ros2_ws/install/custom_interfaces/include/custom_interfaces/srv/detail/add_three_ints__rosidl_typesupport_fastrtps_cpp.hpp
[1.722s] -- Up-to-date symlink: /home/sangjun/gcamp_ros2_ws/install/custom_interfaces/include/custom_interfaces/srv/detail/turning_control__rosidl_typesupport_fastrtps_cpp.hpp
[1.722s] -- Up-to-date symlink: /home/sangjun/gcamp_ros2_ws/install/custom_interfaces/lib/libcustom_interfaces__rosidl_typesupport_fastrtps_cpp.so
[1.723s] -- Up-to-date symlink: /home/sangjun/gcamp_ros2_ws/install/custom_interfaces/include/custom_interfaces/action/detail/fibonacci__rosidl_typesupport_introspection_c.h
[1.723s] -- Up-to-date symlink: /home/sangjun/gcamp_ros2_ws/install/custom_interfaces/include/custom_interfaces/action/detail/maze__rosidl_typesupport_introspection_c.h
[1.723s] -- Up-to-date symlink: /home/sangjun/gcamp_ros2_ws/install/custom_interfaces/include/custom_interfaces/msg/detail/num__rosidl_typesupport_introspection_c.h
[1.724s] -- Up-to-date symlink: /home/sangjun/gcamp_ros2_ws/install/custom_interfaces/include/custom_interfaces/msg/rosidl_typesupport_introspection_c__visibility_control.h
[1.724s] -- Up-to-date symlink: /home/sangjun/gcamp_ros2_ws/install/custom_interfaces/include/custom_interfaces/srv/detail/add_three_ints__rosidl_typesupport_introspection_c.h
[1.724s] -- Up-to-date symlink: /home/sangjun/gcamp_ros2_ws/install/custom_interfaces/include/custom_interfaces/srv/detail/turning_control__rosidl_typesupport_introspection_c.h
[1.725s] -- Up-to-date symlink: /home/sangjun/gcamp_ros2_ws/install/custom_interfaces/include/custom_interfaces/action/detail/fibonacci__builder.hpp
[1.725s] -- Up-to-date symlink: /home/sangjun/gcamp_ros2_ws/install/custom_interfaces/include/custom_interfaces/action/detail/fibonacci__struct.hpp
[1.726s] -- Up-to-date symlink: /home/sangjun/gcamp_ros2_ws/install/custom_interfaces/include/custom_interfaces/action/detail/fibonacci__traits.hpp
[1.726s] -- Up-to-date symlink: /home/sangjun/gcamp_ros2_ws/install/custom_interfaces/include/custom_interfaces/action/detail/maze__builder.hpp
[1.726s] -- Up-to-date symlink: /home/sangjun/gcamp_ros2_ws/install/custom_interfaces/include/custom_interfaces/action/detail/maze__struct.hpp
[1.731s] -- Up-to-date symlink: /home/sangjun/gcamp_ros2_ws/install/custom_interfaces/include/custom_interfaces/action/detail/maze__traits.hpp
[1.731s] -- Up-to-date symlink: /home/sangjun/gcamp_ros2_ws/install/custom_interfaces/include/custom_interfaces/action/fibonacci.hpp
[1.734s] -- Up-to-date symlink: /home/sangjun/gcamp_ros2_ws/install/custom_interfaces/include/custom_interfaces/action/maze.hpp
[1.735s] -- Up-to-date symlink: /home/sangjun/gcamp_ros2_ws/install/custom_interfaces/include/custom_interfaces/msg/detail/num__builder.hpp
[1.735s] -- Up-to-date symlink: /home/sangjun/gcamp_ros2_ws/install/custom_interfaces/include/custom_interfaces/msg/detail/num__struct.hpp
[1.735s] -- Up-to-date symlink: /home/sangjun/gcamp_ros2_ws/install/custom_interfaces/include/custom_interfaces/msg/detail/num__traits.hpp
[1.735s] -- Up-to-date symlink: /home/sangjun/gcamp_ros2_ws/install/custom_interfaces/include/custom_interfaces/msg/num.hpp
[1.736s] -- Up-to-date symlink: /home/sangjun/gcamp_ros2_ws/install/custom_interfaces/include/custom_interfaces/srv/add_three_ints.hpp
[1.736s] -- Up-to-date symlink: /home/sangjun/gcamp_ros2_ws/install/custom_interfaces/include/custom_interfaces/srv/detail/add_three_ints__builder.hpp
[1.736s] -- Up-to-date symlink: /home/sangjun/gcamp_ros2_ws/install/custom_interfaces/include/custom_interfaces/srv/detail/add_three_ints__struct.hpp
[1.737s] -- Up-to-date symlink: /home/sangjun/gcamp_ros2_ws/install/custom_interfaces/include/custom_interfaces/srv/detail/add_three_ints__traits.hpp
[1.737s] -- Up-to-date symlink: /home/sangjun/gcamp_ros2_ws/install/custom_interfaces/include/custom_interfaces/srv/detail/turning_control__builder.hpp
[1.737s] -- Up-to-date symlink: /home/sangjun/gcamp_ros2_ws/install/custom_interfaces/include/custom_interfaces/srv/detail/turning_control__struct.hpp
[1.738s] -- Up-to-date symlink: /home/sangjun/gcamp_ros2_ws/install/custom_interfaces/include/custom_interfaces/srv/detail/turning_control__traits.hpp
[1.738s] -- Up-to-date symlink: /home/sangjun/gcamp_ros2_ws/install/custom_interfaces/include/custom_interfaces/srv/turning_control.hpp
[1.739s] -- Up-to-date symlink: /home/sangjun/gcamp_ros2_ws/install/custom_interfaces/include/custom_interfaces/action/detail/fibonacci__rosidl_typesupport_introspection_cpp.hpp
[1.739s] -- Up-to-date symlink: /home/sangjun/gcamp_ros2_ws/install/custom_interfaces/include/custom_interfaces/action/detail/maze__rosidl_typesupport_introspection_cpp.hpp
[1.739s] -- Up-to-date symlink: /home/sangjun/gcamp_ros2_ws/install/custom_interfaces/include/custom_interfaces/msg/detail/num__rosidl_typesupport_introspection_cpp.hpp
[1.739s] -- Up-to-date symlink: /home/sangjun/gcamp_ros2_ws/install/custom_interfaces/include/custom_interfaces/srv/detail/add_three_ints__rosidl_typesupport_introspection_cpp.hpp
[1.740s] -- Up-to-date symlink: /home/sangjun/gcamp_ros2_ws/install/custom_interfaces/include/custom_interfaces/srv/detail/turning_control__rosidl_typesupport_introspection_cpp.hpp
[1.740s] -- Up-to-date symlink: /home/sangjun/gcamp_ros2_ws/install/custom_interfaces/share/custom_interfaces/environment/pythonpath.sh
[1.740s] -- Up-to-date symlink: /home/sangjun/gcamp_ros2_ws/install/custom_interfaces/share/custom_interfaces/environment/pythonpath.dsv
[1.741s] -- Up-to-date symlink: /home/sangjun/gcamp_ros2_ws/install/custom_interfaces/lib/python3.8/site-packages/custom_interfaces/__init__.py
[1.742s] -- Up-to-date symlink: /home/sangjun/gcamp_ros2_ws/install/custom_interfaces/lib/python3.8/site-packages/custom_interfaces/msg/__init__.py
[1.742s] -- Up-to-date symlink: /home/sangjun/gcamp_ros2_ws/install/custom_interfaces/lib/python3.8/site-packages/custom_interfaces/msg/_num.py
[1.742s] -- Up-to-date symlink: /home/sangjun/gcamp_ros2_ws/install/custom_interfaces/lib/python3.8/site-packages/custom_interfaces/srv/__init__.py
[1.743s] -- Up-to-date symlink: /home/sangjun/gcamp_ros2_ws/install/custom_interfaces/lib/python3.8/site-packages/custom_interfaces/srv/_add_three_ints.py
[1.743s] -- Up-to-date symlink: /home/sangjun/gcamp_ros2_ws/install/custom_interfaces/lib/python3.8/site-packages/custom_interfaces/srv/_turning_control.py
[1.744s] -- Up-to-date symlink: /home/sangjun/gcamp_ros2_ws/install/custom_interfaces/lib/python3.8/site-packages/custom_interfaces/action/__init__.py
[1.744s] -- Up-to-date symlink: /home/sangjun/gcamp_ros2_ws/install/custom_interfaces/lib/python3.8/site-packages/custom_interfaces/action/_fibonacci.py
[1.744s] -- Up-to-date symlink: /home/sangjun/gcamp_ros2_ws/install/custom_interfaces/lib/python3.8/site-packages/custom_interfaces/action/_maze.py
[1.745s] -- Up-to-date symlink: /home/sangjun/gcamp_ros2_ws/install/custom_interfaces/lib/python3.8/site-packages/custom_interfaces/custom_interfaces_s__rosidl_typesupport_fastrtps_c.cpython-38-x86_64-linux-gnu.so
[1.745s] -- Up-to-date symlink: /home/sangjun/gcamp_ros2_ws/install/custom_interfaces/lib/python3.8/site-packages/custom_interfaces/custom_interfaces_s__rosidl_typesupport_introspection_c.cpython-38-x86_64-linux-gnu.so
[1.746s] -- Up-to-date symlink: /home/sangjun/gcamp_ros2_ws/install/custom_interfaces/lib/python3.8/site-packages/custom_interfaces/custom_interfaces_s__rosidl_typesupport_c.cpython-38-x86_64-linux-gnu.so
[1.746s] -- Up-to-date symlink: /home/sangjun/gcamp_ros2_ws/install/custom_interfaces/lib/libcustom_interfaces__python.so
[1.746s] -- Up-to-date symlink: /home/sangjun/gcamp_ros2_ws/install/custom_interfaces/share/custom_interfaces/msg/Num.idl
[1.747s] -- Up-to-date symlink: /home/sangjun/gcamp_ros2_ws/install/custom_interfaces/share/custom_interfaces/srv/AddThreeInts.idl
[1.747s] -- Up-to-date symlink: /home/sangjun/gcamp_ros2_ws/install/custom_interfaces/share/custom_interfaces/srv/TurningControl.idl
[1.747s] -- Up-to-date symlink: /home/sangjun/gcamp_ros2_ws/install/custom_interfaces/share/custom_interfaces/action/Fibonacci.idl
[1.748s] -- Up-to-date symlink: /home/sangjun/gcamp_ros2_ws/install/custom_interfaces/share/custom_interfaces/action/Maze.idl
[1.748s] -- Up-to-date symlink: /home/sangjun/gcamp_ros2_ws/install/custom_interfaces/share/custom_interfaces/msg/Num.msg
[1.748s] -- Up-to-date symlink: /home/sangjun/gcamp_ros2_ws/install/custom_interfaces/share/custom_interfaces/srv/AddThreeInts.srv
[1.749s] -- Up-to-date symlink: /home/sangjun/gcamp_ros2_ws/install/custom_interfaces/share/custom_interfaces/srv/AddThreeInts_Request.msg
[1.749s] -- Up-to-date symlink: /home/sangjun/gcamp_ros2_ws/install/custom_interfaces/share/custom_interfaces/srv/AddThreeInts_Response.msg
[1.749s] -- Up-to-date symlink: /home/sangjun/gcamp_ros2_ws/install/custom_interfaces/share/custom_interfaces/srv/TurningControl.srv
[1.750s] -- Up-to-date symlink: /home/sangjun/gcamp_ros2_ws/install/custom_interfaces/share/custom_interfaces/srv/TurningControl_Request.msg
[1.750s] -- Up-to-date symlink: /home/sangjun/gcamp_ros2_ws/install/custom_interfaces/share/custom_interfaces/srv/TurningControl_Response.msg
[1.750s] -- Up-to-date symlink: /home/sangjun/gcamp_ros2_ws/install/custom_interfaces/share/custom_interfaces/action/Fibonacci.action
[1.752s] -- Up-to-date symlink: /home/sangjun/gcamp_ros2_ws/install/custom_interfaces/share/custom_interfaces/action/Maze.action
[1.753s] -- Up-to-date symlink: /home/sangjun/gcamp_ros2_ws/install/custom_interfaces/share/ament_index/resource_index/package_run_dependencies/custom_interfaces
[1.753s] -- Up-to-date symlink: /home/sangjun/gcamp_ros2_ws/install/custom_interfaces/share/ament_index/resource_index/parent_prefix_path/custom_interfaces
[1.753s] -- Up-to-date symlink: /home/sangjun/gcamp_ros2_ws/install/custom_interfaces/share/custom_interfaces/environment/ament_prefix_path.sh
[1.754s] -- Up-to-date symlink: /home/sangjun/gcamp_ros2_ws/install/custom_interfaces/share/custom_interfaces/environment/ament_prefix_path.dsv
[1.754s] -- Up-to-date symlink: /home/sangjun/gcamp_ros2_ws/install/custom_interfaces/share/custom_interfaces/environment/path.sh
[1.754s] -- Up-to-date symlink: /home/sangjun/gcamp_ros2_ws/install/custom_interfaces/share/custom_interfaces/environment/path.dsv
[1.755s] -- Up-to-date symlink: /home/sangjun/gcamp_ros2_ws/install/custom_interfaces/share/custom_interfaces/local_setup.bash
[1.755s] -- Up-to-date symlink: /home/sangjun/gcamp_ros2_ws/install/custom_interfaces/share/custom_interfaces/local_setup.sh
[1.755s] -- Up-to-date symlink: /home/sangjun/gcamp_ros2_ws/install/custom_interfaces/share/custom_interfaces/local_setup.zsh
[1.756s] -- Up-to-date symlink: /home/sangjun/gcamp_ros2_ws/install/custom_interfaces/share/custom_interfaces/local_setup.dsv
[1.756s] -- Symlinking: /home/sangjun/gcamp_ros2_ws/install/custom_interfaces/share/custom_interfaces/package.dsv
[1.762s] -- Up-to-date symlink: /home/sangjun/gcamp_ros2_ws/install/custom_interfaces/share/ament_index/resource_index/packages/custom_interfaces
[1.764s] -- Up-to-date symlink: /home/sangjun/gcamp_ros2_ws/install/custom_interfaces/share/custom_interfaces/cmake/rosidl_cmake-extras.cmake
[1.768s] -- Up-to-date symlink: /home/sangjun/gcamp_ros2_ws/install/custom_interfaces/share/custom_interfaces/cmake/ament_cmake_export_dependencies-extras.cmake
[1.769s] -- Up-to-date symlink: /home/sangjun/gcamp_ros2_ws/install/custom_interfaces/share/custom_interfaces/cmake/ament_cmake_export_libraries-extras.cmake
[1.769s] -- Up-to-date symlink: /home/sangjun/gcamp_ros2_ws/install/custom_interfaces/share/custom_interfaces/cmake/ament_cmake_export_targets-extras.cmake
[1.769s] -- Up-to-date symlink: /home/sangjun/gcamp_ros2_ws/install/custom_interfaces/share/custom_interfaces/cmake/ament_cmake_export_include_directories-extras.cmake
[1.769s] -- Up-to-date symlink: /home/sangjun/gcamp_ros2_ws/install/custom_interfaces/share/custom_interfaces/cmake/rosidl_cmake_export_typesupport_libraries-extras.cmake
[1.770s] -- Up-to-date symlink: /home/sangjun/gcamp_ros2_ws/install/custom_interfaces/share/custom_interfaces/cmake/rosidl_cmake_export_typesupport_targets-extras.cmake
[1.770s] -- Up-to-date symlink: /home/sangjun/gcamp_ros2_ws/install/custom_interfaces/share/custom_interfaces/cmake/custom_interfacesConfig.cmake
[1.770s] -- Up-to-date symlink: /home/sangjun/gcamp_ros2_ws/install/custom_interfaces/share/custom_interfaces/cmake/custom_interfacesConfig-version.cmake
[1.770s] -- Up-to-date symlink: /home/sangjun/gcamp_ros2_ws/install/custom_interfaces/share/custom_interfaces/package.xml
[1.771s] -- Up-to-date: /home/sangjun/gcamp_ros2_ws/install/custom_interfaces/lib/libcustom_interfaces__rosidl_generator_c.so
[1.771s] -- Up-to-date: /home/sangjun/gcamp_ros2_ws/install/custom_interfaces/lib/libcustom_interfaces__rosidl_typesupport_introspection_c.so
[1.772s] -- Up-to-date: /home/sangjun/gcamp_ros2_ws/install/custom_interfaces/lib/libcustom_interfaces__rosidl_typesupport_c.so
[1.772s] -- Up-to-date: /home/sangjun/gcamp_ros2_ws/install/custom_interfaces/lib/libcustom_interfaces__rosidl_typesupport_introspection_cpp.so
[1.772s] -- Up-to-date: /home/sangjun/gcamp_ros2_ws/install/custom_interfaces/lib/libcustom_interfaces__rosidl_typesupport_cpp.so
[1.843s] -- Up-to-date: /home/sangjun/gcamp_ros2_ws/install/custom_interfaces/share/custom_interfaces/cmake/custom_interfaces__rosidl_generator_cExport.cmake
[1.843s] -- Up-to-date: /home/sangjun/gcamp_ros2_ws/install/custom_interfaces/share/custom_interfaces/cmake/custom_interfaces__rosidl_generator_cExport-noconfig.cmake
[1.843s] -- Up-to-date: /home/sangjun/gcamp_ros2_ws/install/custom_interfaces/share/custom_interfaces/cmake/custom_interfaces__rosidl_typesupport_introspection_cExport.cmake
[1.843s] -- Up-to-date: /home/sangjun/gcamp_ros2_ws/install/custom_interfaces/share/custom_interfaces/cmake/custom_interfaces__rosidl_typesupport_introspection_cExport-noconfig.cmake
[1.843s] -- Up-to-date: /home/sangjun/gcamp_ros2_ws/install/custom_interfaces/share/custom_interfaces/cmake/custom_interfaces__rosidl_typesupport_cExport.cmake
[1.844s] -- Up-to-date: /home/sangjun/gcamp_ros2_ws/install/custom_interfaces/share/custom_interfaces/cmake/custom_interfaces__rosidl_typesupport_cExport-noconfig.cmake
[1.844s] -- Up-to-date: /home/sangjun/gcamp_ros2_ws/install/custom_interfaces/share/custom_interfaces/cmake/custom_interfaces__rosidl_generator_cppExport.cmake
[1.844s] -- Up-to-date: /home/sangjun/gcamp_ros2_ws/install/custom_interfaces/share/custom_interfaces/cmake/custom_interfaces__rosidl_typesupport_introspection_cppExport.cmake
[1.844s] -- Up-to-date: /home/sangjun/gcamp_ros2_ws/install/custom_interfaces/share/custom_interfaces/cmake/custom_interfaces__rosidl_typesupport_introspection_cppExport-noconfig.cmake
[1.844s] -- Up-to-date: /home/sangjun/gcamp_ros2_ws/install/custom_interfaces/share/custom_interfaces/cmake/custom_interfaces__rosidl_typesupport_cppExport.cmake
[1.844s] -- Up-to-date: /home/sangjun/gcamp_ros2_ws/install/custom_interfaces/share/custom_interfaces/cmake/custom_interfaces__rosidl_typesupport_cppExport-noconfig.cmake
[1.856s] Invoked command in '/home/sangjun/gcamp_ros2_ws/build/custom_interfaces' returned '0': CMAKE_PREFIX_PATH=${CMAKE_PREFIX_PATH}:/home/sangjun/gcamp_ros2_ws/install/py_topic_pkg:/home/sangjun/gcamp_ros2_ws/install/py_service_pkg:/home/sangjun/gcamp_ros2_ws/install/py_first_pkg:/home/sangjun/gcamp_ros2_ws/install/py_action_pkg:/opt/ros/foxy /usr/local/bin/cmake --install /home/sangjun/gcamp_ros2_ws/build/custom_interfaces
