[0.056s] Invoking command in '/home/sangjun/gcamp_ros2_ws/build/custom_interfaces': CMAKE_PREFIX_PATH=${CMAKE_PREFIX_PATH}:/opt/ros/foxy /usr/local/bin/cmake /home/sangjun/gcamp_ros2_ws/src/gcamp_ros2_basic/custom_interfaces -DAMENT_CMAKE_SYMLINK_INSTALL=1 -DCMAKE_INSTALL_PREFIX=/home/sangjun/gcamp_ros2_ws/install/custom_interfaces
[0.280s] -- The C compiler identification is GNU 9.4.0
[0.280s] -- The CXX compiler identification is GNU 9.4.0
[0.280s] -- Detecting C compiler ABI info
[0.280s] -- Detecting C compiler ABI info - done
[0.280s] -- Check for working C compiler: /usr/bin/cc - skipped
[0.280s] -- Detecting C compile features
[0.281s] -- Detecting C compile features - done
[0.282s] -- Detecting CXX compiler ABI info
[0.286s] -- Detecting CXX compiler ABI info - done
[0.292s] -- Check for working CXX compiler: /usr/bin/c++ - skipped
[0.292s] -- Detecting CXX compile features
[0.293s] -- Detecting CXX compile features - done
[0.295s] -- Found ament_cmake: 0.9.11 (/opt/ros/foxy/share/ament_cmake/cmake)
[0.319s] -- Found PythonInterp: /usr/bin/python3 (found suitable version "3.8.10", minimum required is "3") 
[0.319s] -- Using PYTHON_EXECUTABLE: /usr/bin/python3
[0.502s] -- Override CMake install command with custom implementation using symlinks instead of copying resources
[0.528s] -- Found rosidl_default_generators: 1.0.1 (/opt/ros/foxy/share/rosidl_default_generators/cmake)
[0.529s] -- Using all available rosidl_typesupport_c: rosidl_typesupport_fastrtps_c;rosidl_typesupport_introspection_c
[0.536s] -- Found rosidl_adapter: 1.3.0 (/opt/ros/foxy/share/rosidl_adapter/cmake)
[0.633s] -- Found OpenSSL: /usr/lib/x86_64-linux-gnu/libcrypto.so (found version "1.1.1f")  
[0.663s] -- Found FastRTPS: /opt/ros/foxy/include  
[0.744s] -- Using all available rosidl_typesupport_cpp: rosidl_typesupport_fastrtps_cpp;rosidl_typesupport_introspection_cpp
[0.793s] -- Found PythonInterp: /usr/bin/python3 (found version "3.8.10") 
[1.006s] -- Found ament_cmake_ros: 0.9.2 (/opt/ros/foxy/share/ament_cmake_ros/cmake)
[1.147s] -- Using all available rosidl_typesupport_c: rosidl_typesupport_fastrtps_c;rosidl_typesupport_introspection_c
[1.183s] -- Using all available rosidl_typesupport_cpp: rosidl_typesupport_fastrtps_cpp;rosidl_typesupport_introspection_cpp
[1.207s] -- Found PythonInterp: /usr/bin/python3 (found suitable version "3.8.10", minimum required is "3.5") 
[1.208s] -- Found python_cmake_module: 0.8.1 (/opt/ros/foxy/share/python_cmake_module/cmake)
[1.241s] -- Found PythonLibs: /usr/lib/x86_64-linux-gnu/libpython3.8.so (found suitable version "3.8.10", minimum required is "3.5") 
[1.241s] -- Using PYTHON_EXECUTABLE: /usr/bin/python3
[1.241s] -- Using PYTHON_INCLUDE_DIRS: /usr/include/python3.8
[1.241s] -- Using PYTHON_LIBRARIES: /usr/lib/x86_64-linux-gnu/libpython3.8.so
[1.266s] -- Found PythonExtra: .so  
[1.348s] -- Found ament_lint_auto: 0.9.7 (/opt/ros/foxy/share/ament_lint_auto/cmake)
[1.374s] -- Added test 'copyright' to check source files copyright and LICENSE
[1.376s] -- Added test 'lint_cmake' to check CMake code style
[1.378s] -- Added test 'xmllint' to check XML markup files
[1.382s] -- Configuring done
[1.460s] -- Generating done
[1.464s] -- Build files have been written to: /home/sangjun/gcamp_ros2_ws/build/custom_interfaces
[1.489s] Invoked command in '/home/sangjun/gcamp_ros2_ws/build/custom_interfaces' returned '0': CMAKE_PREFIX_PATH=${CMAKE_PREFIX_PATH}:/opt/ros/foxy /usr/local/bin/cmake /home/sangjun/gcamp_ros2_ws/src/gcamp_ros2_basic/custom_interfaces -DAMENT_CMAKE_SYMLINK_INSTALL=1 -DCMAKE_INSTALL_PREFIX=/home/sangjun/gcamp_ros2_ws/install/custom_interfaces
[1.492s] Invoking command in '/home/sangjun/gcamp_ros2_ws/build/custom_interfaces': CMAKE_PREFIX_PATH=${CMAKE_PREFIX_PATH}:/opt/ros/foxy /usr/local/bin/cmake --build /home/sangjun/gcamp_ros2_ws/build/custom_interfaces -- -j8 -l8
[1.546s] [  1%] [34m[1mGenerating C++ code for ROS interfaces[0m
[1.550s] [  3%] [34m[1mGenerating C code for ROS interfaces[0m
[3.707s] [  3%] Built target custom_interfaces__cpp
[3.772s] [  4%] [34m[1mGenerating C++ type support dispatch for ROS interfaces[0m
[3.786s] [  6%] [34m[1mGenerating C++ type support for eProsima Fast-RTPS[0m
[3.815s] [  7%] [34m[1mGenerating C++ introspection for ROS interfaces[0m
[4.057s] [  9%] [32mBuilding C object CMakeFiles/custom_interfaces__rosidl_generator_c.dir/rosidl_generator_c/custom_interfaces/msg/detail/num__functions.c.o[0m
[4.078s] [ 11%] [32mBuilding C object CMakeFiles/custom_interfaces__rosidl_generator_c.dir/rosidl_generator_c/custom_interfaces/srv/detail/add_three_ints__functions.c.o[0m
[4.103s] [ 12%] [32mBuilding C object CMakeFiles/custom_interfaces__rosidl_generator_c.dir/rosidl_generator_c/custom_interfaces/srv/detail/turning_control__functions.c.o[0m
[4.171s] [ 14%] [32mBuilding C object CMakeFiles/custom_interfaces__rosidl_generator_c.dir/rosidl_generator_c/custom_interfaces/action/detail/fibonacci__functions.c.o[0m
[4.206s] [ 15%] [32mBuilding C object CMakeFiles/custom_interfaces__rosidl_generator_c.dir/rosidl_generator_c/custom_interfaces/action/detail/maze__functions.c.o[0m
[4.635s] [ 17%] [32m[1mLinking C shared library libcustom_interfaces__rosidl_generator_c.so[0m
[4.799s] [ 17%] Built target custom_interfaces__rosidl_generator_c
[4.863s] [ 19%] [34m[1mGenerating C introspection for ROS interfaces[0m
[4.871s] [ 20%] [34m[1mGenerating C type support dispatch for ROS interfaces[0m
[5.271s] [ 22%] [32mBuilding CXX object CMakeFiles/custom_interfaces__rosidl_typesupport_cpp.dir/rosidl_typesupport_cpp/custom_interfaces/msg/num__type_support.cpp.o[0m
[5.279s] [ 23%] [32mBuilding CXX object CMakeFiles/custom_interfaces__rosidl_typesupport_cpp.dir/rosidl_typesupport_cpp/custom_interfaces/srv/add_three_ints__type_support.cpp.o[0m
[5.315s] [ 25%] [32mBuilding CXX object CMakeFiles/custom_interfaces__rosidl_typesupport_cpp.dir/rosidl_typesupport_cpp/custom_interfaces/srv/turning_control__type_support.cpp.o[0m
[5.412s] [ 26%] [32mBuilding CXX object CMakeFiles/custom_interfaces__rosidl_typesupport_cpp.dir/rosidl_typesupport_cpp/custom_interfaces/action/fibonacci__type_support.cpp.o[0m
[5.827s] [ 28%] [32mBuilding CXX object CMakeFiles/custom_interfaces__rosidl_typesupport_introspection_cpp.dir/rosidl_typesupport_introspection_cpp/custom_interfaces/msg/detail/num__type_support.cpp.o[0m
[6.043s] [ 30%] [32mBuilding CXX object CMakeFiles/custom_interfaces__rosidl_typesupport_fastrtps_cpp.dir/rosidl_typesupport_fastrtps_cpp/custom_interfaces/msg/detail/dds_fastrtps/num__type_support.cpp.o[0m
[6.251s] [ 31%] [32mBuilding CXX object CMakeFiles/custom_interfaces__rosidl_typesupport_c.dir/rosidl_typesupport_c/custom_interfaces/msg/num__type_support.cpp.o[0m
[6.360s] [ 33%] [32mBuilding CXX object CMakeFiles/custom_interfaces__rosidl_typesupport_introspection_cpp.dir/rosidl_typesupport_introspection_cpp/custom_interfaces/srv/detail/add_three_ints__type_support.cpp.o[0m
[6.363s] [ 34%] [32mBuilding CXX object CMakeFiles/custom_interfaces__rosidl_typesupport_c.dir/rosidl_typesupport_c/custom_interfaces/srv/add_three_ints__type_support.cpp.o[0m
[6.375s] [ 36%] [32mBuilding CXX object CMakeFiles/custom_interfaces__rosidl_typesupport_introspection_cpp.dir/rosidl_typesupport_introspection_cpp/custom_interfaces/srv/detail/turning_control__type_support.cpp.o[0m
[6.385s] [ 38%] [32mBuilding CXX object CMakeFiles/custom_interfaces__rosidl_typesupport_cpp.dir/rosidl_typesupport_cpp/custom_interfaces/action/maze__type_support.cpp.o[0m
[6.441s] [ 39%] [32mBuilding CXX object CMakeFiles/custom_interfaces__rosidl_typesupport_c.dir/rosidl_typesupport_c/custom_interfaces/srv/turning_control__type_support.cpp.o[0m
[6.530s] [ 41%] [32mBuilding CXX object CMakeFiles/custom_interfaces__rosidl_typesupport_c.dir/rosidl_typesupport_c/custom_interfaces/action/fibonacci__type_support.cpp.o[0m
[6.531s] [ 42%] [32mBuilding CXX object CMakeFiles/custom_interfaces__rosidl_typesupport_introspection_cpp.dir/rosidl_typesupport_introspection_cpp/custom_interfaces/action/detail/fibonacci__type_support.cpp.o[0m
[6.676s] [ 44%] [32mBuilding CXX object CMakeFiles/custom_interfaces__rosidl_typesupport_c.dir/rosidl_typesupport_c/custom_interfaces/action/maze__type_support.cpp.o[0m
[6.835s] [ 46%] [32m[1mLinking CXX shared library libcustom_interfaces__rosidl_typesupport_c.so[0m
[6.880s] [ 47%] [32m[1mLinking CXX shared library libcustom_interfaces__rosidl_typesupport_cpp.so[0m
[6.881s] [ 49%] [32mBuilding CXX object CMakeFiles/custom_interfaces__rosidl_typesupport_introspection_cpp.dir/rosidl_typesupport_introspection_cpp/custom_interfaces/action/detail/maze__type_support.cpp.o[0m
[6.984s] [ 49%] Built target custom_interfaces__rosidl_typesupport_c
[7.016s] [ 50%] [32mBuilding CXX object CMakeFiles/custom_interfaces__rosidl_typesupport_fastrtps_cpp.dir/rosidl_typesupport_fastrtps_cpp/custom_interfaces/srv/detail/dds_fastrtps/add_three_ints__type_support.cpp.o[0m
[7.069s] [ 50%] Built target custom_interfaces__rosidl_typesupport_cpp
[7.104s] [ 52%] [32mBuilding CXX object CMakeFiles/custom_interfaces__rosidl_typesupport_fastrtps_cpp.dir/rosidl_typesupport_fastrtps_cpp/custom_interfaces/srv/detail/dds_fastrtps/turning_control__type_support.cpp.o[0m
[7.231s] [ 53%] [32mBuilding CXX object CMakeFiles/custom_interfaces__rosidl_typesupport_fastrtps_cpp.dir/rosidl_typesupport_fastrtps_cpp/custom_interfaces/action/detail/dds_fastrtps/fibonacci__type_support.cpp.o[0m
[7.362s] [ 55%] [32mBuilding CXX object CMakeFiles/custom_interfaces__rosidl_typesupport_fastrtps_cpp.dir/rosidl_typesupport_fastrtps_cpp/custom_interfaces/action/detail/dds_fastrtps/maze__type_support.cpp.o[0m
[7.438s] [ 57%] [32mBuilding C object CMakeFiles/custom_interfaces__rosidl_typesupport_introspection_c.dir/rosidl_typesupport_introspection_c/custom_interfaces/msg/detail/num__type_support.c.o[0m
[7.443s] [ 58%] [32mBuilding C object CMakeFiles/custom_interfaces__rosidl_typesupport_introspection_c.dir/rosidl_typesupport_introspection_c/custom_interfaces/srv/detail/add_three_ints__type_support.c.o[0m
[7.564s] [ 60%] [32mBuilding C object CMakeFiles/custom_interfaces__rosidl_typesupport_introspection_c.dir/rosidl_typesupport_introspection_c/custom_interfaces/srv/detail/turning_control__type_support.c.o[0m
[7.659s] [ 61%] [32mBuilding C object CMakeFiles/custom_interfaces__rosidl_typesupport_introspection_c.dir/rosidl_typesupport_introspection_c/custom_interfaces/action/detail/fibonacci__type_support.c.o[0m
[7.725s] [ 63%] [32mBuilding C object CMakeFiles/custom_interfaces__rosidl_typesupport_introspection_c.dir/rosidl_typesupport_introspection_c/custom_interfaces/action/detail/maze__type_support.c.o[0m
[7.868s] [ 65%] [32m[1mLinking C shared library libcustom_interfaces__rosidl_typesupport_introspection_c.so[0m
[8.004s] [ 65%] Built target custom_interfaces__rosidl_typesupport_introspection_c
[8.214s] [ 66%] [32m[1mLinking CXX shared library libcustom_interfaces__rosidl_typesupport_introspection_cpp.so[0m
[8.523s] [ 66%] Built target custom_interfaces__rosidl_typesupport_introspection_cpp
[8.543s] [ 68%] [32m[1mLinking CXX shared library libcustom_interfaces__rosidl_typesupport_fastrtps_cpp.so[0m
[8.817s] [ 68%] Built target custom_interfaces__rosidl_typesupport_fastrtps_cpp
[8.867s] [ 69%] [34m[1mGenerating C type support for eProsima Fast-RTPS[0m
[9.697s] [ 73%] [32mBuilding CXX object CMakeFiles/custom_interfaces__rosidl_typesupport_fastrtps_c.dir/rosidl_typesupport_fastrtps_c/custom_interfaces/srv/detail/turning_control__type_support_c.cpp.o[0m
[9.697s] [ 73%] [32mBuilding CXX object CMakeFiles/custom_interfaces__rosidl_typesupport_fastrtps_c.dir/rosidl_typesupport_fastrtps_c/custom_interfaces/msg/detail/num__type_support_c.cpp.o[0m
[9.698s] [ 74%] [32mBuilding CXX object CMakeFiles/custom_interfaces__rosidl_typesupport_fastrtps_c.dir/rosidl_typesupport_fastrtps_c/custom_interfaces/action/detail/fibonacci__type_support_c.cpp.o[0m
[9.700s] [ 76%] [32mBuilding CXX object CMakeFiles/custom_interfaces__rosidl_typesupport_fastrtps_c.dir/rosidl_typesupport_fastrtps_c/custom_interfaces/action/detail/maze__type_support_c.cpp.o[0m
[9.700s] [ 77%] [32mBuilding CXX object CMakeFiles/custom_interfaces__rosidl_typesupport_fastrtps_c.dir/rosidl_typesupport_fastrtps_c/custom_interfaces/srv/detail/add_three_ints__type_support_c.cpp.o[0m
[10.217s] [ 79%] [32m[1mLinking CXX shared library libcustom_interfaces__rosidl_typesupport_fastrtps_c.so[0m
[10.299s] [ 79%] Built target custom_interfaces__rosidl_typesupport_fastrtps_c
[10.307s] [ 79%] Built target custom_interfaces
[10.316s] [ 80%] [34m[1mGenerating Python code for ROS interfaces[0m
[11.701s] [ 80%] Built target custom_interfaces__py
[11.711s] [ 82%] [32mBuilding C object CMakeFiles/custom_interfaces__python.dir/rosidl_generator_py/custom_interfaces/action/_fibonacci_s.c.o[0m
[11.711s] [ 84%] [32mBuilding C object CMakeFiles/custom_interfaces__python.dir/rosidl_generator_py/custom_interfaces/msg/_num_s.c.o[0m
[11.711s] [ 85%] [32mBuilding C object CMakeFiles/custom_interfaces__python.dir/rosidl_generator_py/custom_interfaces/srv/_add_three_ints_s.c.o[0m
[11.711s] [ 87%] [32mBuilding C object CMakeFiles/custom_interfaces__python.dir/rosidl_generator_py/custom_interfaces/srv/_turning_control_s.c.o[0m
[11.712s] [ 88%] [32mBuilding C object CMakeFiles/custom_interfaces__python.dir/rosidl_generator_py/custom_interfaces/action/_maze_s.c.o[0m
[11.855s] [ 90%] [32m[1mLinking C shared library rosidl_generator_py/custom_interfaces/libcustom_interfaces__python.so[0m
[11.885s] [ 90%] Built target custom_interfaces__python
[11.890s] [ 92%] [32mBuilding C object CMakeFiles/custom_interfaces__rosidl_typesupport_c__pyext.dir/rosidl_generator_py/custom_interfaces/_custom_interfaces_s.ep.rosidl_typesupport_c.c.o[0m
[11.893s] [ 93%] [32mBuilding C object CMakeFiles/custom_interfaces__rosidl_typesupport_introspection_c__pyext.dir/rosidl_generator_py/custom_interfaces/_custom_interfaces_s.ep.rosidl_typesupport_introspection_c.c.o[0m
[11.894s] [ 95%] [32mBuilding C object CMakeFiles/custom_interfaces__rosidl_typesupport_fastrtps_c__pyext.dir/rosidl_generator_py/custom_interfaces/_custom_interfaces_s.ep.rosidl_typesupport_fastrtps_c.c.o[0m
[12.000s] [ 96%] [32m[1mLinking C shared library rosidl_generator_py/custom_interfaces/custom_interfaces_s__rosidl_typesupport_c.cpython-38-x86_64-linux-gnu.so[0m
[12.005s] [ 98%] [32m[1mLinking CXX shared library rosidl_generator_py/custom_interfaces/custom_interfaces_s__rosidl_typesupport_fastrtps_c.cpython-38-x86_64-linux-gnu.so[0m
[12.012s] [100%] [32m[1mLinking C shared library rosidl_generator_py/custom_interfaces/custom_interfaces_s__rosidl_typesupport_introspection_c.cpython-38-x86_64-linux-gnu.so[0m
[12.018s] [100%] Built target custom_interfaces__rosidl_typesupport_c__pyext
[12.037s] [100%] Built target custom_interfaces__rosidl_typesupport_introspection_c__pyext
[12.047s] [100%] Built target custom_interfaces__rosidl_typesupport_fastrtps_c__pyext
[12.053s] Invoked command in '/home/sangjun/gcamp_ros2_ws/build/custom_interfaces' returned '0': CMAKE_PREFIX_PATH=${CMAKE_PREFIX_PATH}:/opt/ros/foxy /usr/local/bin/cmake --build /home/sangjun/gcamp_ros2_ws/build/custom_interfaces -- -j8 -l8
[12.117s] Invoking command in '/home/sangjun/gcamp_ros2_ws/build/custom_interfaces': CMAKE_PREFIX_PATH=${CMAKE_PREFIX_PATH}:/opt/ros/foxy /usr/local/bin/cmake --install /home/sangjun/gcamp_ros2_ws/build/custom_interfaces
[12.120s] -- Install configuration: ""
[12.122s] -- Execute custom install script
[12.122s] -- Symlinking: /home/sangjun/gcamp_ros2_ws/install/custom_interfaces/share/ament_index/resource_index/rosidl_interfaces/custom_interfaces
[12.126s] -- Symlinking: /home/sangjun/gcamp_ros2_ws/install/custom_interfaces/include/custom_interfaces/action/detail/fibonacci__functions.h
[12.128s] -- Symlinking: /home/sangjun/gcamp_ros2_ws/install/custom_interfaces/include/custom_interfaces/action/detail/fibonacci__struct.h
[12.131s] -- Symlinking: /home/sangjun/gcamp_ros2_ws/install/custom_interfaces/include/custom_interfaces/action/detail/fibonacci__type_support.h
[12.134s] -- Symlinking: /home/sangjun/gcamp_ros2_ws/install/custom_interfaces/include/custom_interfaces/action/detail/maze__functions.h
[12.136s] -- Symlinking: /home/sangjun/gcamp_ros2_ws/install/custom_interfaces/include/custom_interfaces/action/detail/maze__struct.h
[12.138s] -- Symlinking: /home/sangjun/gcamp_ros2_ws/install/custom_interfaces/include/custom_interfaces/action/detail/maze__type_support.h
[12.140s] -- Symlinking: /home/sangjun/gcamp_ros2_ws/install/custom_interfaces/include/custom_interfaces/action/fibonacci.h
[12.143s] -- Symlinking: /home/sangjun/gcamp_ros2_ws/install/custom_interfaces/include/custom_interfaces/action/maze.h
[12.147s] -- Symlinking: /home/sangjun/gcamp_ros2_ws/install/custom_interfaces/include/custom_interfaces/msg/detail/num__functions.h
[12.149s] -- Symlinking: /home/sangjun/gcamp_ros2_ws/install/custom_interfaces/include/custom_interfaces/msg/detail/num__struct.h
[12.152s] -- Symlinking: /home/sangjun/gcamp_ros2_ws/install/custom_interfaces/include/custom_interfaces/msg/detail/num__type_support.h
[12.155s] -- Symlinking: /home/sangjun/gcamp_ros2_ws/install/custom_interfaces/include/custom_interfaces/msg/num.h
[12.158s] -- Symlinking: /home/sangjun/gcamp_ros2_ws/install/custom_interfaces/include/custom_interfaces/msg/rosidl_generator_c__visibility_control.h
[12.160s] -- Symlinking: /home/sangjun/gcamp_ros2_ws/install/custom_interfaces/include/custom_interfaces/srv/add_three_ints.h
[12.163s] -- Symlinking: /home/sangjun/gcamp_ros2_ws/install/custom_interfaces/include/custom_interfaces/srv/detail/add_three_ints__functions.h
[12.165s] -- Symlinking: /home/sangjun/gcamp_ros2_ws/install/custom_interfaces/include/custom_interfaces/srv/detail/add_three_ints__struct.h
[12.168s] -- Symlinking: /home/sangjun/gcamp_ros2_ws/install/custom_interfaces/include/custom_interfaces/srv/detail/add_three_ints__type_support.h
[12.171s] -- Symlinking: /home/sangjun/gcamp_ros2_ws/install/custom_interfaces/include/custom_interfaces/srv/detail/turning_control__functions.h
[12.173s] -- Symlinking: /home/sangjun/gcamp_ros2_ws/install/custom_interfaces/include/custom_interfaces/srv/detail/turning_control__struct.h
[12.176s] -- Symlinking: /home/sangjun/gcamp_ros2_ws/install/custom_interfaces/include/custom_interfaces/srv/detail/turning_control__type_support.h
[12.179s] -- Symlinking: /home/sangjun/gcamp_ros2_ws/install/custom_interfaces/include/custom_interfaces/srv/turning_control.h
[12.181s] -- Symlinking: /home/sangjun/gcamp_ros2_ws/install/custom_interfaces/share/custom_interfaces/environment/library_path.sh
[12.184s] -- Symlinking: /home/sangjun/gcamp_ros2_ws/install/custom_interfaces/share/custom_interfaces/environment/library_path.dsv
[12.187s] -- Symlinking: /home/sangjun/gcamp_ros2_ws/install/custom_interfaces/include/custom_interfaces/action/detail/fibonacci__rosidl_typesupport_fastrtps_c.h
[12.189s] -- Symlinking: /home/sangjun/gcamp_ros2_ws/install/custom_interfaces/include/custom_interfaces/action/detail/maze__rosidl_typesupport_fastrtps_c.h
[12.191s] -- Symlinking: /home/sangjun/gcamp_ros2_ws/install/custom_interfaces/include/custom_interfaces/msg/detail/num__rosidl_typesupport_fastrtps_c.h
[12.193s] -- Symlinking: /home/sangjun/gcamp_ros2_ws/install/custom_interfaces/include/custom_interfaces/msg/rosidl_typesupport_fastrtps_c__visibility_control.h
[12.194s] -- Symlinking: /home/sangjun/gcamp_ros2_ws/install/custom_interfaces/include/custom_interfaces/srv/detail/add_three_ints__rosidl_typesupport_fastrtps_c.h
[12.196s] -- Symlinking: /home/sangjun/gcamp_ros2_ws/install/custom_interfaces/include/custom_interfaces/srv/detail/turning_control__rosidl_typesupport_fastrtps_c.h
[12.198s] -- Symlinking: /home/sangjun/gcamp_ros2_ws/install/custom_interfaces/lib/libcustom_interfaces__rosidl_typesupport_fastrtps_c.so
[12.200s] -- Symlinking: /home/sangjun/gcamp_ros2_ws/install/custom_interfaces/include/custom_interfaces/action/detail/fibonacci__rosidl_typesupport_fastrtps_cpp.hpp
[12.202s] -- Symlinking: /home/sangjun/gcamp_ros2_ws/install/custom_interfaces/include/custom_interfaces/action/detail/maze__rosidl_typesupport_fastrtps_cpp.hpp
[12.204s] -- Symlinking: /home/sangjun/gcamp_ros2_ws/install/custom_interfaces/include/custom_interfaces/msg/detail/num__rosidl_typesupport_fastrtps_cpp.hpp
[12.206s] -- Symlinking: /home/sangjun/gcamp_ros2_ws/install/custom_interfaces/include/custom_interfaces/msg/rosidl_typesupport_fastrtps_cpp__visibility_control.h
[12.207s] -- Symlinking: /home/sangjun/gcamp_ros2_ws/install/custom_interfaces/include/custom_interfaces/srv/detail/add_three_ints__rosidl_typesupport_fastrtps_cpp.hpp
[12.209s] -- Symlinking: /home/sangjun/gcamp_ros2_ws/install/custom_interfaces/include/custom_interfaces/srv/detail/turning_control__rosidl_typesupport_fastrtps_cpp.hpp
[12.211s] -- Symlinking: /home/sangjun/gcamp_ros2_ws/install/custom_interfaces/lib/libcustom_interfaces__rosidl_typesupport_fastrtps_cpp.so
[12.213s] -- Symlinking: /home/sangjun/gcamp_ros2_ws/install/custom_interfaces/include/custom_interfaces/action/detail/fibonacci__rosidl_typesupport_introspection_c.h
[12.215s] -- Symlinking: /home/sangjun/gcamp_ros2_ws/install/custom_interfaces/include/custom_interfaces/action/detail/maze__rosidl_typesupport_introspection_c.h
[12.216s] -- Symlinking: /home/sangjun/gcamp_ros2_ws/install/custom_interfaces/include/custom_interfaces/msg/detail/num__rosidl_typesupport_introspection_c.h
[12.218s] -- Symlinking: /home/sangjun/gcamp_ros2_ws/install/custom_interfaces/include/custom_interfaces/msg/rosidl_typesupport_introspection_c__visibility_control.h
[12.220s] -- Symlinking: /home/sangjun/gcamp_ros2_ws/install/custom_interfaces/include/custom_interfaces/srv/detail/add_three_ints__rosidl_typesupport_introspection_c.h
[12.222s] -- Symlinking: /home/sangjun/gcamp_ros2_ws/install/custom_interfaces/include/custom_interfaces/srv/detail/turning_control__rosidl_typesupport_introspection_c.h
[12.224s] -- Symlinking: /home/sangjun/gcamp_ros2_ws/install/custom_interfaces/include/custom_interfaces/action/detail/fibonacci__builder.hpp
[12.226s] -- Symlinking: /home/sangjun/gcamp_ros2_ws/install/custom_interfaces/include/custom_interfaces/action/detail/fibonacci__struct.hpp
[12.228s] -- Symlinking: /home/sangjun/gcamp_ros2_ws/install/custom_interfaces/include/custom_interfaces/action/detail/fibonacci__traits.hpp
[12.231s] -- Symlinking: /home/sangjun/gcamp_ros2_ws/install/custom_interfaces/include/custom_interfaces/action/detail/maze__builder.hpp
[12.233s] -- Symlinking: /home/sangjun/gcamp_ros2_ws/install/custom_interfaces/include/custom_interfaces/action/detail/maze__struct.hpp
[12.235s] -- Symlinking: /home/sangjun/gcamp_ros2_ws/install/custom_interfaces/include/custom_interfaces/action/detail/maze__traits.hpp
[12.237s] -- Symlinking: /home/sangjun/gcamp_ros2_ws/install/custom_interfaces/include/custom_interfaces/action/fibonacci.hpp
[12.238s] -- Symlinking: /home/sangjun/gcamp_ros2_ws/install/custom_interfaces/include/custom_interfaces/action/maze.hpp
[12.240s] -- Symlinking: /home/sangjun/gcamp_ros2_ws/install/custom_interfaces/include/custom_interfaces/msg/detail/num__builder.hpp
[12.242s] -- Symlinking: /home/sangjun/gcamp_ros2_ws/install/custom_interfaces/include/custom_interfaces/msg/detail/num__struct.hpp
[12.244s] -- Symlinking: /home/sangjun/gcamp_ros2_ws/install/custom_interfaces/include/custom_interfaces/msg/detail/num__traits.hpp
[12.245s] -- Symlinking: /home/sangjun/gcamp_ros2_ws/install/custom_interfaces/include/custom_interfaces/msg/num.hpp
[12.248s] -- Symlinking: /home/sangjun/gcamp_ros2_ws/install/custom_interfaces/include/custom_interfaces/srv/add_three_ints.hpp
[12.251s] -- Symlinking: /home/sangjun/gcamp_ros2_ws/install/custom_interfaces/include/custom_interfaces/srv/detail/add_three_ints__builder.hpp
[12.255s] -- Symlinking: /home/sangjun/gcamp_ros2_ws/install/custom_interfaces/include/custom_interfaces/srv/detail/add_three_ints__struct.hpp
[12.258s] -- Symlinking: /home/sangjun/gcamp_ros2_ws/install/custom_interfaces/include/custom_interfaces/srv/detail/add_three_ints__traits.hpp
[12.260s] -- Symlinking: /home/sangjun/gcamp_ros2_ws/install/custom_interfaces/include/custom_interfaces/srv/detail/turning_control__builder.hpp
[12.263s] -- Symlinking: /home/sangjun/gcamp_ros2_ws/install/custom_interfaces/include/custom_interfaces/srv/detail/turning_control__struct.hpp
[12.265s] -- Symlinking: /home/sangjun/gcamp_ros2_ws/install/custom_interfaces/include/custom_interfaces/srv/detail/turning_control__traits.hpp
[12.268s] -- Symlinking: /home/sangjun/gcamp_ros2_ws/install/custom_interfaces/include/custom_interfaces/srv/turning_control.hpp
[12.271s] -- Symlinking: /home/sangjun/gcamp_ros2_ws/install/custom_interfaces/include/custom_interfaces/action/detail/fibonacci__rosidl_typesupport_introspection_cpp.hpp
[12.274s] -- Symlinking: /home/sangjun/gcamp_ros2_ws/install/custom_interfaces/include/custom_interfaces/action/detail/maze__rosidl_typesupport_introspection_cpp.hpp
[12.276s] -- Symlinking: /home/sangjun/gcamp_ros2_ws/install/custom_interfaces/include/custom_interfaces/msg/detail/num__rosidl_typesupport_introspection_cpp.hpp
[12.279s] -- Symlinking: /home/sangjun/gcamp_ros2_ws/install/custom_interfaces/include/custom_interfaces/srv/detail/add_three_ints__rosidl_typesupport_introspection_cpp.hpp
[12.281s] -- Symlinking: /home/sangjun/gcamp_ros2_ws/install/custom_interfaces/include/custom_interfaces/srv/detail/turning_control__rosidl_typesupport_introspection_cpp.hpp
[12.283s] -- Symlinking: /home/sangjun/gcamp_ros2_ws/install/custom_interfaces/share/custom_interfaces/environment/pythonpath.sh
[12.287s] -- Symlinking: /home/sangjun/gcamp_ros2_ws/install/custom_interfaces/share/custom_interfaces/environment/pythonpath.dsv
[12.289s] -- Symlinking: /home/sangjun/gcamp_ros2_ws/install/custom_interfaces/lib/python3.8/site-packages/custom_interfaces/__init__.py
[12.291s] -- Symlinking: /home/sangjun/gcamp_ros2_ws/install/custom_interfaces/lib/python3.8/site-packages/custom_interfaces/msg/__init__.py
[12.294s] -- Symlinking: /home/sangjun/gcamp_ros2_ws/install/custom_interfaces/lib/python3.8/site-packages/custom_interfaces/msg/_num.py
[12.297s] -- Symlinking: /home/sangjun/gcamp_ros2_ws/install/custom_interfaces/lib/python3.8/site-packages/custom_interfaces/srv/__init__.py
[12.299s] -- Symlinking: /home/sangjun/gcamp_ros2_ws/install/custom_interfaces/lib/python3.8/site-packages/custom_interfaces/srv/_add_three_ints.py
[12.302s] -- Symlinking: /home/sangjun/gcamp_ros2_ws/install/custom_interfaces/lib/python3.8/site-packages/custom_interfaces/srv/_turning_control.py
[12.304s] -- Symlinking: /home/sangjun/gcamp_ros2_ws/install/custom_interfaces/lib/python3.8/site-packages/custom_interfaces/action/__init__.py
[12.306s] -- Symlinking: /home/sangjun/gcamp_ros2_ws/install/custom_interfaces/lib/python3.8/site-packages/custom_interfaces/action/_fibonacci.py
[12.308s] -- Symlinking: /home/sangjun/gcamp_ros2_ws/install/custom_interfaces/lib/python3.8/site-packages/custom_interfaces/action/_maze.py
[12.310s] -- Symlinking: /home/sangjun/gcamp_ros2_ws/install/custom_interfaces/lib/python3.8/site-packages/custom_interfaces/custom_interfaces_s__rosidl_typesupport_fastrtps_c.cpython-38-x86_64-linux-gnu.so
[12.312s] -- Symlinking: /home/sangjun/gcamp_ros2_ws/install/custom_interfaces/lib/python3.8/site-packages/custom_interfaces/custom_interfaces_s__rosidl_typesupport_introspection_c.cpython-38-x86_64-linux-gnu.so
[12.314s] -- Symlinking: /home/sangjun/gcamp_ros2_ws/install/custom_interfaces/lib/python3.8/site-packages/custom_interfaces/custom_interfaces_s__rosidl_typesupport_c.cpython-38-x86_64-linux-gnu.so
[12.316s] -- Symlinking: /home/sangjun/gcamp_ros2_ws/install/custom_interfaces/lib/libcustom_interfaces__python.so
[12.318s] -- Symlinking: /home/sangjun/gcamp_ros2_ws/install/custom_interfaces/share/custom_interfaces/msg/Num.idl
[12.319s] -- Symlinking: /home/sangjun/gcamp_ros2_ws/install/custom_interfaces/share/custom_interfaces/srv/AddThreeInts.idl
[12.321s] -- Symlinking: /home/sangjun/gcamp_ros2_ws/install/custom_interfaces/share/custom_interfaces/srv/TurningControl.idl
[12.323s] -- Symlinking: /home/sangjun/gcamp_ros2_ws/install/custom_interfaces/share/custom_interfaces/action/Fibonacci.idl
[12.325s] -- Symlinking: /home/sangjun/gcamp_ros2_ws/install/custom_interfaces/share/custom_interfaces/action/Maze.idl
[12.326s] -- Symlinking: /home/sangjun/gcamp_ros2_ws/install/custom_interfaces/share/custom_interfaces/msg/Num.msg
[12.328s] -- Symlinking: /home/sangjun/gcamp_ros2_ws/install/custom_interfaces/share/custom_interfaces/srv/AddThreeInts.srv
[12.330s] -- Symlinking: /home/sangjun/gcamp_ros2_ws/install/custom_interfaces/share/custom_interfaces/srv/AddThreeInts_Request.msg
[12.332s] -- Symlinking: /home/sangjun/gcamp_ros2_ws/install/custom_interfaces/share/custom_interfaces/srv/AddThreeInts_Response.msg
[12.334s] -- Symlinking: /home/sangjun/gcamp_ros2_ws/install/custom_interfaces/share/custom_interfaces/srv/TurningControl.srv
[12.335s] -- Symlinking: /home/sangjun/gcamp_ros2_ws/install/custom_interfaces/share/custom_interfaces/srv/TurningControl_Request.msg
[12.337s] -- Symlinking: /home/sangjun/gcamp_ros2_ws/install/custom_interfaces/share/custom_interfaces/srv/TurningControl_Response.msg
[12.339s] -- Symlinking: /home/sangjun/gcamp_ros2_ws/install/custom_interfaces/share/custom_interfaces/action/Fibonacci.action
[12.341s] -- Symlinking: /home/sangjun/gcamp_ros2_ws/install/custom_interfaces/share/custom_interfaces/action/Maze.action
[12.343s] -- Symlinking: /home/sangjun/gcamp_ros2_ws/install/custom_interfaces/share/ament_index/resource_index/package_run_dependencies/custom_interfaces
[12.344s] -- Symlinking: /home/sangjun/gcamp_ros2_ws/install/custom_interfaces/share/ament_index/resource_index/parent_prefix_path/custom_interfaces
[12.346s] -- Symlinking: /home/sangjun/gcamp_ros2_ws/install/custom_interfaces/share/custom_interfaces/environment/ament_prefix_path.sh
[12.348s] -- Symlinking: /home/sangjun/gcamp_ros2_ws/install/custom_interfaces/share/custom_interfaces/environment/ament_prefix_path.dsv
[12.351s] -- Symlinking: /home/sangjun/gcamp_ros2_ws/install/custom_interfaces/share/custom_interfaces/environment/path.sh
[12.353s] -- Symlinking: /home/sangjun/gcamp_ros2_ws/install/custom_interfaces/share/custom_interfaces/environment/path.dsv
[12.355s] -- Symlinking: /home/sangjun/gcamp_ros2_ws/install/custom_interfaces/share/custom_interfaces/local_setup.bash
[12.358s] -- Symlinking: /home/sangjun/gcamp_ros2_ws/install/custom_interfaces/share/custom_interfaces/local_setup.sh
[12.361s] -- Symlinking: /home/sangjun/gcamp_ros2_ws/install/custom_interfaces/share/custom_interfaces/local_setup.zsh
[12.364s] -- Symlinking: /home/sangjun/gcamp_ros2_ws/install/custom_interfaces/share/custom_interfaces/local_setup.dsv
[12.366s] -- Symlinking: /home/sangjun/gcamp_ros2_ws/install/custom_interfaces/share/custom_interfaces/package.dsv
[12.368s] -- Symlinking: /home/sangjun/gcamp_ros2_ws/install/custom_interfaces/share/ament_index/resource_index/packages/custom_interfaces
[12.369s] -- Symlinking: /home/sangjun/gcamp_ros2_ws/install/custom_interfaces/share/custom_interfaces/cmake/rosidl_cmake-extras.cmake
[12.371s] -- Symlinking: /home/sangjun/gcamp_ros2_ws/install/custom_interfaces/share/custom_interfaces/cmake/ament_cmake_export_dependencies-extras.cmake
[12.373s] -- Symlinking: /home/sangjun/gcamp_ros2_ws/install/custom_interfaces/share/custom_interfaces/cmake/ament_cmake_export_libraries-extras.cmake
[12.375s] -- Symlinking: /home/sangjun/gcamp_ros2_ws/install/custom_interfaces/share/custom_interfaces/cmake/ament_cmake_export_targets-extras.cmake
[12.377s] -- Symlinking: /home/sangjun/gcamp_ros2_ws/install/custom_interfaces/share/custom_interfaces/cmake/ament_cmake_export_include_directories-extras.cmake
[12.378s] -- Symlinking: /home/sangjun/gcamp_ros2_ws/install/custom_interfaces/share/custom_interfaces/cmake/rosidl_cmake_export_typesupport_libraries-extras.cmake
[12.380s] -- Symlinking: /home/sangjun/gcamp_ros2_ws/install/custom_interfaces/share/custom_interfaces/cmake/rosidl_cmake_export_typesupport_targets-extras.cmake
[12.382s] -- Symlinking: /home/sangjun/gcamp_ros2_ws/install/custom_interfaces/share/custom_interfaces/cmake/custom_interfacesConfig.cmake
[12.384s] -- Symlinking: /home/sangjun/gcamp_ros2_ws/install/custom_interfaces/share/custom_interfaces/cmake/custom_interfacesConfig-version.cmake
[12.386s] -- Symlinking: /home/sangjun/gcamp_ros2_ws/install/custom_interfaces/share/custom_interfaces/package.xml
[12.387s] -- Installing: /home/sangjun/gcamp_ros2_ws/install/custom_interfaces/lib/libcustom_interfaces__rosidl_generator_c.so
[12.388s] -- Set runtime path of "/home/sangjun/gcamp_ros2_ws/install/custom_interfaces/lib/libcustom_interfaces__rosidl_generator_c.so" to ""
[12.388s] -- Installing: /home/sangjun/gcamp_ros2_ws/install/custom_interfaces/lib/libcustom_interfaces__rosidl_typesupport_introspection_c.so
[12.388s] -- Set runtime path of "/home/sangjun/gcamp_ros2_ws/install/custom_interfaces/lib/libcustom_interfaces__rosidl_typesupport_introspection_c.so" to ""
[12.388s] -- Installing: /home/sangjun/gcamp_ros2_ws/install/custom_interfaces/lib/libcustom_interfaces__rosidl_typesupport_c.so
[12.389s] -- Set runtime path of "/home/sangjun/gcamp_ros2_ws/install/custom_interfaces/lib/libcustom_interfaces__rosidl_typesupport_c.so" to ""
[12.389s] -- Installing: /home/sangjun/gcamp_ros2_ws/install/custom_interfaces/lib/libcustom_interfaces__rosidl_typesupport_introspection_cpp.so
[12.389s] -- Set runtime path of "/home/sangjun/gcamp_ros2_ws/install/custom_interfaces/lib/libcustom_interfaces__rosidl_typesupport_introspection_cpp.so" to ""
[12.389s] -- Installing: /home/sangjun/gcamp_ros2_ws/install/custom_interfaces/lib/libcustom_interfaces__rosidl_typesupport_cpp.so
[12.390s] -- Set runtime path of "/home/sangjun/gcamp_ros2_ws/install/custom_interfaces/lib/libcustom_interfaces__rosidl_typesupport_cpp.so" to ""
[12.413s] Compiling '/home/sangjun/gcamp_ros2_ws/install/custom_interfaces/lib/python3.8/site-packages/custom_interfaces/__init__.py'...
[12.417s] -- Installing: /home/sangjun/gcamp_ros2_ws/install/custom_interfaces/share/custom_interfaces/cmake/custom_interfaces__rosidl_generator_cExport.cmake
[12.417s] -- Installing: /home/sangjun/gcamp_ros2_ws/install/custom_interfaces/share/custom_interfaces/cmake/custom_interfaces__rosidl_generator_cExport-noconfig.cmake
[12.417s] -- Installing: /home/sangjun/gcamp_ros2_ws/install/custom_interfaces/share/custom_interfaces/cmake/custom_interfaces__rosidl_typesupport_introspection_cExport.cmake
[12.417s] -- Installing: /home/sangjun/gcamp_ros2_ws/install/custom_interfaces/share/custom_interfaces/cmake/custom_interfaces__rosidl_typesupport_introspection_cExport-noconfig.cmake
[12.418s] -- Installing: /home/sangjun/gcamp_ros2_ws/install/custom_interfaces/share/custom_interfaces/cmake/custom_interfaces__rosidl_typesupport_cExport.cmake
[12.418s] -- Installing: /home/sangjun/gcamp_ros2_ws/install/custom_interfaces/share/custom_interfaces/cmake/custom_interfaces__rosidl_typesupport_cExport-noconfig.cmake
[12.418s] -- Installing: /home/sangjun/gcamp_ros2_ws/install/custom_interfaces/share/custom_interfaces/cmake/custom_interfaces__rosidl_generator_cppExport.cmake
[12.418s] -- Installing: /home/sangjun/gcamp_ros2_ws/install/custom_interfaces/share/custom_interfaces/cmake/custom_interfaces__rosidl_typesupport_introspection_cppExport.cmake
[12.418s] -- Installing: /home/sangjun/gcamp_ros2_ws/install/custom_interfaces/share/custom_interfaces/cmake/custom_interfaces__rosidl_typesupport_introspection_cppExport-noconfig.cmake
[12.419s] -- Installing: /home/sangjun/gcamp_ros2_ws/install/custom_interfaces/share/custom_interfaces/cmake/custom_interfaces__rosidl_typesupport_cppExport.cmake
[12.419s] -- Installing: /home/sangjun/gcamp_ros2_ws/install/custom_interfaces/share/custom_interfaces/cmake/custom_interfaces__rosidl_typesupport_cppExport-noconfig.cmake
[12.423s] Invoked command in '/home/sangjun/gcamp_ros2_ws/build/custom_interfaces' returned '0': CMAKE_PREFIX_PATH=${CMAKE_PREFIX_PATH}:/opt/ros/foxy /usr/local/bin/cmake --install /home/sangjun/gcamp_ros2_ws/build/custom_interfaces
