[0.062s] Invoking command in '/home/sangjun/gcamp_ros2_ws/build/cpp_topic_pkg': CMAKE_PREFIX_PATH=${CMAKE_PREFIX_PATH}:/home/sangjun/gcamp_ros2_ws/install/py_topic_pkg:/home/sangjun/gcamp_ros2_ws/install/py_service_pkg:/home/sangjun/gcamp_ros2_ws/install/py_first_pkg:/home/sangjun/gcamp_ros2_ws/install/py_action_pkg:/opt/ros/foxy /usr/local/bin/cmake --build /home/sangjun/gcamp_ros2_ws/build/cpp_topic_pkg -- -j8 -l8
[0.275s] [ 12%] Built target cmd_vel_pub_node
[0.275s] [ 25%] Built target laser_sub_node
[0.275s] [ 31%] [32mBuilding CXX object CMakeFiles/parking_node.dir/src/parking.cpp.o[0m
[0.275s] [ 43%] Built target parkingz_node
[0.275s] [ 56%] Built target topic_pub_node
[0.275s] [ 75%] Built target topic_pub_oop_node
[0.275s] [ 81%] Built target topic_sub_node
[0.275s] [ 93%] Built target topic_sub_oop_node
[1.280s] [01m[K/home/sangjun/gcamp_ros2_ws/src/gcamp_ros2_basic/cpp_topic_pkg/src/parking.cpp:191:1:[m[K [01;31m[Kerror: [m[Kexpected ‘[01m[K}[m[K’ at end of input
[1.280s]   191 | [01;31m[K}[m[K
[1.280s]       | [01;31m[K^[m[K
[1.280s] [01m[K/home/sangjun/gcamp_ros2_ws/src/gcamp_ros2_basic/cpp_topic_pkg/src/parking.cpp:32:41:[m[K [01;36m[Knote: [m[Kto match this ‘[01m[K{[m[K’
[1.280s]    32 | class ParkingNode : public rclcpp::Node [01;36m[K{[m[K
[1.280s]       |                                         [01;36m[K^[m[K
[1.305s] [01m[K/home/sangjun/gcamp_ros2_ws/src/gcamp_ros2_basic/cpp_topic_pkg/src/parking.cpp:191:1:[m[K [01;31m[Kerror: [m[Kexpected unqualified-id at end of input
[1.306s]   191 | [01;31m[K}[m[K
[1.306s]       | [01;31m[K^[m[K
[2.833s] make[2]: *** [CMakeFiles/parking_node.dir/build.make:76: CMakeFiles/parking_node.dir/src/parking.cpp.o] Error 1
[2.833s] make[1]: *** [CMakeFiles/Makefile2:203: CMakeFiles/parking_node.dir/all] Error 2
[2.834s] make: *** [Makefile:146: all] Error 2
[2.835s] Invoked command in '/home/sangjun/gcamp_ros2_ws/build/cpp_topic_pkg' returned '2': CMAKE_PREFIX_PATH=${CMAKE_PREFIX_PATH}:/home/sangjun/gcamp_ros2_ws/install/py_topic_pkg:/home/sangjun/gcamp_ros2_ws/install/py_service_pkg:/home/sangjun/gcamp_ros2_ws/install/py_first_pkg:/home/sangjun/gcamp_ros2_ws/install/py_action_pkg:/opt/ros/foxy /usr/local/bin/cmake --build /home/sangjun/gcamp_ros2_ws/build/cpp_topic_pkg -- -j8 -l8
