[0.061s] Invoking command in '/home/sangjun/gcamp_ros2_ws/build/cpp_topic_pkg': CMAKE_PREFIX_PATH=${CMAKE_PREFIX_PATH}:/home/sangjun/gcamp_ros2_ws/install/py_topic_pkg:/home/sangjun/gcamp_ros2_ws/install/py_service_pkg:/home/sangjun/gcamp_ros2_ws/install/py_first_pkg:/home/sangjun/gcamp_ros2_ws/install/py_action_pkg:/opt/ros/foxy /usr/local/bin/cmake --build /home/sangjun/gcamp_ros2_ws/build/cpp_topic_pkg -- -j8 -l8
[0.416s] [  6%] [32mBuilding CXX object CMakeFiles/parking_node.dir/src/parking.cpp.o[0m
[0.416s] [ 18%] Built target parkingz_node
[0.416s] [ 31%] Built target cmd_vel_pub_node
[0.416s] [ 43%] Built target laser_sub_node
[0.416s] [ 56%] Built target topic_sub_oop_node
[0.416s] [ 68%] Built target topic_pub_oop_node
[0.416s] [ 81%] Built target topic_sub_node
[0.416s] [ 93%] Built target topic_pub_node
[7.847s] [100%] [32m[1mLinking CXX executable parking_node[0m
[8.132s] [100%] Built target parking_node
[8.138s] Invoked command in '/home/sangjun/gcamp_ros2_ws/build/cpp_topic_pkg' returned '0': CMAKE_PREFIX_PATH=${CMAKE_PREFIX_PATH}:/home/sangjun/gcamp_ros2_ws/install/py_topic_pkg:/home/sangjun/gcamp_ros2_ws/install/py_service_pkg:/home/sangjun/gcamp_ros2_ws/install/py_first_pkg:/home/sangjun/gcamp_ros2_ws/install/py_action_pkg:/opt/ros/foxy /usr/local/bin/cmake --build /home/sangjun/gcamp_ros2_ws/build/cpp_topic_pkg -- -j8 -l8
[8.166s] Invoking command in '/home/sangjun/gcamp_ros2_ws/build/cpp_topic_pkg': CMAKE_PREFIX_PATH=${CMAKE_PREFIX_PATH}:/home/sangjun/gcamp_ros2_ws/install/py_topic_pkg:/home/sangjun/gcamp_ros2_ws/install/py_service_pkg:/home/sangjun/gcamp_ros2_ws/install/py_first_pkg:/home/sangjun/gcamp_ros2_ws/install/py_action_pkg:/opt/ros/foxy /usr/local/bin/cmake --install /home/sangjun/gcamp_ros2_ws/build/cpp_topic_pkg
[8.169s] -- Install configuration: ""
[8.170s] -- Execute custom install script
[8.170s] -- Up-to-date symlink: /home/sangjun/gcamp_ros2_ws/install/cpp_topic_pkg/lib/cpp_topic_pkg/cmd_vel_pub_node
[8.170s] -- Up-to-date symlink: /home/sangjun/gcamp_ros2_ws/install/cpp_topic_pkg/lib/cpp_topic_pkg/laser_sub_node
[8.171s] -- Up-to-date symlink: /home/sangjun/gcamp_ros2_ws/install/cpp_topic_pkg/lib/cpp_topic_pkg/parking_node
[8.171s] -- Up-to-date symlink: /home/sangjun/gcamp_ros2_ws/install/cpp_topic_pkg/lib/cpp_topic_pkg/parkingz_node
[8.171s] -- Up-to-date symlink: /home/sangjun/gcamp_ros2_ws/install/cpp_topic_pkg/lib/cpp_topic_pkg/topic_pub_node
[8.171s] -- Up-to-date symlink: /home/sangjun/gcamp_ros2_ws/install/cpp_topic_pkg/lib/cpp_topic_pkg/topic_pub_oop_node
[8.172s] -- Up-to-date symlink: /home/sangjun/gcamp_ros2_ws/install/cpp_topic_pkg/lib/cpp_topic_pkg/topic_sub_node
[8.172s] -- Up-to-date symlink: /home/sangjun/gcamp_ros2_ws/install/cpp_topic_pkg/lib/cpp_topic_pkg/topic_sub_oop_node
[8.172s] -- Up-to-date symlink: /home/sangjun/gcamp_ros2_ws/install/cpp_topic_pkg/share/ament_index/resource_index/package_run_dependencies/cpp_topic_pkg
[8.172s] -- Up-to-date symlink: /home/sangjun/gcamp_ros2_ws/install/cpp_topic_pkg/share/ament_index/resource_index/parent_prefix_path/cpp_topic_pkg
[8.173s] -- Up-to-date symlink: /home/sangjun/gcamp_ros2_ws/install/cpp_topic_pkg/share/cpp_topic_pkg/environment/ament_prefix_path.sh
[8.173s] -- Up-to-date symlink: /home/sangjun/gcamp_ros2_ws/install/cpp_topic_pkg/share/cpp_topic_pkg/environment/ament_prefix_path.dsv
[8.173s] -- Up-to-date symlink: /home/sangjun/gcamp_ros2_ws/install/cpp_topic_pkg/share/cpp_topic_pkg/environment/path.sh
[8.173s] -- Up-to-date symlink: /home/sangjun/gcamp_ros2_ws/install/cpp_topic_pkg/share/cpp_topic_pkg/environment/path.dsv
[8.173s] -- Up-to-date symlink: /home/sangjun/gcamp_ros2_ws/install/cpp_topic_pkg/share/cpp_topic_pkg/local_setup.bash
[8.174s] -- Up-to-date symlink: /home/sangjun/gcamp_ros2_ws/install/cpp_topic_pkg/share/cpp_topic_pkg/local_setup.sh
[8.174s] -- Up-to-date symlink: /home/sangjun/gcamp_ros2_ws/install/cpp_topic_pkg/share/cpp_topic_pkg/local_setup.zsh
[8.174s] -- Up-to-date symlink: /home/sangjun/gcamp_ros2_ws/install/cpp_topic_pkg/share/cpp_topic_pkg/local_setup.dsv
[8.174s] -- Symlinking: /home/sangjun/gcamp_ros2_ws/install/cpp_topic_pkg/share/cpp_topic_pkg/package.dsv
[8.177s] -- Up-to-date symlink: /home/sangjun/gcamp_ros2_ws/install/cpp_topic_pkg/share/ament_index/resource_index/packages/cpp_topic_pkg
[8.178s] -- Up-to-date symlink: /home/sangjun/gcamp_ros2_ws/install/cpp_topic_pkg/share/cpp_topic_pkg/cmake/cpp_topic_pkgConfig.cmake
[8.178s] -- Up-to-date symlink: /home/sangjun/gcamp_ros2_ws/install/cpp_topic_pkg/share/cpp_topic_pkg/cmake/cpp_topic_pkgConfig-version.cmake
[8.178s] -- Up-to-date symlink: /home/sangjun/gcamp_ros2_ws/install/cpp_topic_pkg/share/cpp_topic_pkg/package.xml
[8.181s] Invoked command in '/home/sangjun/gcamp_ros2_ws/build/cpp_topic_pkg' returned '0': CMAKE_PREFIX_PATH=${CMAKE_PREFIX_PATH}:/home/sangjun/gcamp_ros2_ws/install/py_topic_pkg:/home/sangjun/gcamp_ros2_ws/install/py_service_pkg:/home/sangjun/gcamp_ros2_ws/install/py_first_pkg:/home/sangjun/gcamp_ros2_ws/install/py_action_pkg:/opt/ros/foxy /usr/local/bin/cmake --install /home/sangjun/gcamp_ros2_ws/build/cpp_topic_pkg
