[2.694s] Invoking command in '/home/sangjun/gcamp_ros2_ws/build/py_topic_pkg': PYTHONPATH=/home/sangjun/gcamp_ros2_ws/build/py_topic_pkg/prefix_override:/home/sangjun/gcamp_ros2_ws/install/py_topic_pkg/lib/python3.8/site-packages:${PYTHONPATH} /usr/bin/python3 setup.py develop --editable --build-directory /home/sangjun/gcamp_ros2_ws/build/py_topic_pkg/build --no-deps install_data
[2.945s] running develop
[3.080s] running egg_info
[3.080s] writing py_topic_pkg.egg-info/PKG-INFO
[3.080s] writing dependency_links to py_topic_pkg.egg-info/dependency_links.txt
[3.080s] writing entry points to py_topic_pkg.egg-info/entry_points.txt
[3.080s] writing requirements to py_topic_pkg.egg-info/requires.txt
[3.080s] writing top-level names to py_topic_pkg.egg-info/top_level.txt
[3.111s] reading manifest file 'py_topic_pkg.egg-info/SOURCES.txt'
[3.111s] writing manifest file 'py_topic_pkg.egg-info/SOURCES.txt'
[3.136s] running build_ext
[3.137s] Creating /home/sangjun/gcamp_ros2_ws/install/py_topic_pkg/lib/python3.8/site-packages/py-topic-pkg.egg-link (link to .)
[3.137s] Installing cmd_vel_pub_node script to /home/sangjun/gcamp_ros2_ws/install/py_topic_pkg/lib/py_topic_pkg
[3.137s] Installing endless_cmd_vel_pub_node script to /home/sangjun/gcamp_ros2_ws/install/py_topic_pkg/lib/py_topic_pkg
[3.137s] Installing laser_raw_node script to /home/sangjun/gcamp_ros2_ws/install/py_topic_pkg/lib/py_topic_pkg
[3.137s] Installing laser_sub_node script to /home/sangjun/gcamp_ros2_ws/install/py_topic_pkg/lib/py_topic_pkg
[3.138s] Installing parking_node script to /home/sangjun/gcamp_ros2_ws/install/py_topic_pkg/lib/py_topic_pkg
[3.138s] 
[3.138s] Installed /home/sangjun/gcamp_ros2_ws/build/py_topic_pkg
[3.138s] running install_data
[3.158s] Invoked command in '/home/sangjun/gcamp_ros2_ws/build/py_topic_pkg' returned '0': PYTHONPATH=/home/sangjun/gcamp_ros2_ws/build/py_topic_pkg/prefix_override:/home/sangjun/gcamp_ros2_ws/install/py_topic_pkg/lib/python3.8/site-packages:${PYTHONPATH} /usr/bin/python3 setup.py develop --editable --build-directory /home/sangjun/gcamp_ros2_ws/build/py_topic_pkg/build --no-deps install_data
