-- The C compiler identification is GNU 9.4.0
-- The CXX compiler identification is GNU 9.4.0
-- Detecting C compiler ABI info
-- Detecting C compiler ABI info - done
-- Check for working C compiler: /usr/bin/cc - skipped
-- Detecting C compile features
-- Detecting C compile features - done
-- Detecting CXX compiler ABI info
-- Detecting CXX compiler ABI info - done
-- Check for working CXX compiler: /usr/bin/c++ - skipped
-- Detecting CXX compile features
-- Detecting CXX compile features - done
-- Found ament_cmake: 0.9.11 (/opt/ros/foxy/share/ament_cmake/cmake)
-- Found PythonInterp: /usr/bin/python3 (found suitable version "3.8.10", minimum required is "3") 
-- Using PYTHON_EXECUTABLE: /usr/bin/python3
-- Override CMake install command with custom implementation using symlinks instead of copying resources
-- Configuring done
-- Generating done
-- Build files have been written to: /home/sangjun/gcamp_ros2_ws/build/openslam_gmapping
[  4%] [32mBuilding CXX object utils/CMakeFiles/utils.dir/movement.cpp.o[0m
[  9%] [32mBuilding CXX object utils/CMakeFiles/utils.dir/stat.cpp.o[0m
[ 13%] [32mBuilding CXX object sensor/sensor_base/CMakeFiles/sensor_base.dir/sensorreading.cpp.o[0m
[ 18%] [32mBuilding CXX object sensor/sensor_base/CMakeFiles/sensor_base.dir/sensor.cpp.o[0m
[ 22%] [32m[1mLinking CXX static library libsensor_base.a[0m
[ 22%] Built target sensor_base
[ 27%] [32m[1mLinking CXX static library libutils.a[0m
[ 36%] [32mBuilding CXX object sensor/sensor_odometry/CMakeFiles/sensor_odometry.dir/odometryreading.cpp.o[0m
[ 36%] [32mBuilding CXX object sensor/sensor_range/CMakeFiles/sensor_range.dir/rangereading.cpp.o[0m
[ 40%] [32mBuilding CXX object sensor/sensor_odometry/CMakeFiles/sensor_odometry.dir/odometrysensor.cpp.o[0m
[ 45%] [32mBuilding CXX object sensor/sensor_range/CMakeFiles/sensor_range.dir/rangesensor.cpp.o[0m
[ 45%] Built target utils
[ 50%] [32m[1mLinking CXX static library libsensor_odometry.a[0m
[ 50%] Built target sensor_odometry
[ 54%] [32m[1mLinking CXX static library libsensor_range.a[0m
[ 54%] Built target sensor_range
[ 63%] [32mBuilding CXX object scanmatcher/CMakeFiles/scanmatcher.dir/eig3.cpp.o[0m
[ 63%] [32mBuilding CXX object scanmatcher/CMakeFiles/scanmatcher.dir/scanmatcher.cpp.o[0m
[ 68%] [32mBuilding CXX object scanmatcher/CMakeFiles/scanmatcher.dir/smmap.cpp.o[0m
[ 72%] [32mBuilding CXX object scanmatcher/CMakeFiles/scanmatcher.dir/scanmatcherprocessor.cpp.o[0m
[ 77%] [32m[1mLinking CXX static library libscanmatcher.a[0m
[ 77%] Built target scanmatcher
[ 86%] [32mBuilding CXX object gridfastslam/CMakeFiles/gridfastslam.dir/gfsreader.cpp.o[0m
[ 86%] [32mBuilding CXX object gridfastslam/CMakeFiles/gridfastslam.dir/gridslamprocessor.cpp.o[0m
[ 90%] [32mBuilding CXX object gridfastslam/CMakeFiles/gridfastslam.dir/gridslamprocessor_tree.cpp.o[0m
[ 95%] [32mBuilding CXX object gridfastslam/CMakeFiles/gridfastslam.dir/motionmodel.cpp.o[0m
[100%] [32m[1mLinking CXX static library libgridfastslam.a[0m
[100%] Built target gridfastslam
-- Install configuration: ""
-- Execute custom install script
-- Symlinking: /home/sangjun/gcamp_ros2_ws/install/openslam_gmapping/lib/libgridfastslam.a
-- Symlinking: /home/sangjun/gcamp_ros2_ws/install/openslam_gmapping/lib/libscanmatcher.a
-- Symlinking: /home/sangjun/gcamp_ros2_ws/install/openslam_gmapping/lib/libsensor_base.a
-- Symlinking: /home/sangjun/gcamp_ros2_ws/install/openslam_gmapping/share/openslam_gmapping/environment/library_path.sh
-- Symlinking: /home/sangjun/gcamp_ros2_ws/install/openslam_gmapping/share/openslam_gmapping/environment/library_path.dsv
-- Up-to-date symlink: /home/sangjun/gcamp_ros2_ws/install/openslam_gmapping/share/openslam_gmapping/environment/library_path.sh
-- Up-to-date symlink: /home/sangjun/gcamp_ros2_ws/install/openslam_gmapping/share/openslam_gmapping/environment/library_path.dsv
-- Symlinking: /home/sangjun/gcamp_ros2_ws/install/openslam_gmapping/lib/libsensor_odometry.a
-- Symlinking: /home/sangjun/gcamp_ros2_ws/install/openslam_gmapping/lib/libsensor_range.a
-- Symlinking: /home/sangjun/gcamp_ros2_ws/install/openslam_gmapping/lib/libutils.a
-- Up-to-date symlink: /home/sangjun/gcamp_ros2_ws/install/openslam_gmapping/share/openslam_gmapping/environment/library_path.sh
-- Up-to-date symlink: /home/sangjun/gcamp_ros2_ws/install/openslam_gmapping/share/openslam_gmapping/environment/library_path.dsv
-- Up-to-date symlink: /home/sangjun/gcamp_ros2_ws/install/openslam_gmapping/share/openslam_gmapping/environment/library_path.sh
-- Up-to-date symlink: /home/sangjun/gcamp_ros2_ws/install/openslam_gmapping/share/openslam_gmapping/environment/library_path.dsv
-- Symlinking: /home/sangjun/gcamp_ros2_ws/install/openslam_gmapping/include//gmapping/grid/accessstate.h
-- Symlinking: /home/sangjun/gcamp_ros2_ws/install/openslam_gmapping/include//gmapping/grid/array2d.h
-- Symlinking: /home/sangjun/gcamp_ros2_ws/install/openslam_gmapping/include//gmapping/grid/harray2d.h
-- Symlinking: /home/sangjun/gcamp_ros2_ws/install/openslam_gmapping/include//gmapping/grid/map.h
-- Symlinking: /home/sangjun/gcamp_ros2_ws/install/openslam_gmapping/include//gmapping/gridfastslam/gridslamprocessor.h
-- Symlinking: /home/sangjun/gcamp_ros2_ws/install/openslam_gmapping/include//gmapping/gridfastslam/gridslamprocessor.hxx
-- Symlinking: /home/sangjun/gcamp_ros2_ws/install/openslam_gmapping/include//gmapping/gridfastslam/motionmodel.h
-- Symlinking: /home/sangjun/gcamp_ros2_ws/install/openslam_gmapping/include//gmapping/log/configuration.h
-- Symlinking: /home/sangjun/gcamp_ros2_ws/install/openslam_gmapping/include//gmapping/log/sensorlog.h
-- Symlinking: /home/sangjun/gcamp_ros2_ws/install/openslam_gmapping/include//gmapping/particlefilter/particlefilter.h
-- Symlinking: /home/sangjun/gcamp_ros2_ws/install/openslam_gmapping/include//gmapping/scanmatcher/icp.h
-- Symlinking: /home/sangjun/gcamp_ros2_ws/install/openslam_gmapping/include//gmapping/scanmatcher/scanmatcher.h
-- Symlinking: /home/sangjun/gcamp_ros2_ws/install/openslam_gmapping/include//gmapping/scanmatcher/smmap.h
-- Symlinking: /home/sangjun/gcamp_ros2_ws/install/openslam_gmapping/include//gmapping/sensor/sensor_base/sensor.h
-- Symlinking: /home/sangjun/gcamp_ros2_ws/install/openslam_gmapping/include//gmapping/sensor/sensor_base/sensorreading.h
-- Symlinking: /home/sangjun/gcamp_ros2_ws/install/openslam_gmapping/include//gmapping/sensor/sensor_odometry/odometryreading.h
-- Symlinking: /home/sangjun/gcamp_ros2_ws/install/openslam_gmapping/include//gmapping/sensor/sensor_odometry/odometrysensor.h
-- Symlinking: /home/sangjun/gcamp_ros2_ws/install/openslam_gmapping/include//gmapping/sensor/sensor_range/rangereading.h
-- Symlinking: /home/sangjun/gcamp_ros2_ws/install/openslam_gmapping/include//gmapping/sensor/sensor_range/rangesensor.h
-- Symlinking: /home/sangjun/gcamp_ros2_ws/install/openslam_gmapping/include//gmapping/utils/autoptr.h
-- Symlinking: /home/sangjun/gcamp_ros2_ws/install/openslam_gmapping/include//gmapping/utils/commandline.h
-- Symlinking: /home/sangjun/gcamp_ros2_ws/install/openslam_gmapping/include//gmapping/utils/gvalues.h
-- Symlinking: /home/sangjun/gcamp_ros2_ws/install/openslam_gmapping/include//gmapping/utils/macro_params.h
-- Symlinking: /home/sangjun/gcamp_ros2_ws/install/openslam_gmapping/include//gmapping/utils/point.h
-- Symlinking: /home/sangjun/gcamp_ros2_ws/install/openslam_gmapping/include//gmapping/utils/stat.h
-- Symlinking: /home/sangjun/gcamp_ros2_ws/install/openslam_gmapping/share/ament_index/resource_index/package_run_dependencies/openslam_gmapping
-- Symlinking: /home/sangjun/gcamp_ros2_ws/install/openslam_gmapping/share/ament_index/resource_index/parent_prefix_path/openslam_gmapping
-- Symlinking: /home/sangjun/gcamp_ros2_ws/install/openslam_gmapping/share/openslam_gmapping/environment/ament_prefix_path.sh
-- Symlinking: /home/sangjun/gcamp_ros2_ws/install/openslam_gmapping/share/openslam_gmapping/environment/ament_prefix_path.dsv
-- Symlinking: /home/sangjun/gcamp_ros2_ws/install/openslam_gmapping/share/openslam_gmapping/environment/path.sh
-- Symlinking: /home/sangjun/gcamp_ros2_ws/install/openslam_gmapping/share/openslam_gmapping/environment/path.dsv
-- Symlinking: /home/sangjun/gcamp_ros2_ws/install/openslam_gmapping/share/openslam_gmapping/local_setup.bash
-- Symlinking: /home/sangjun/gcamp_ros2_ws/install/openslam_gmapping/share/openslam_gmapping/local_setup.sh
-- Symlinking: /home/sangjun/gcamp_ros2_ws/install/openslam_gmapping/share/openslam_gmapping/local_setup.zsh
-- Symlinking: /home/sangjun/gcamp_ros2_ws/install/openslam_gmapping/share/openslam_gmapping/local_setup.dsv
-- Symlinking: /home/sangjun/gcamp_ros2_ws/install/openslam_gmapping/share/openslam_gmapping/package.dsv
-- Symlinking: /home/sangjun/gcamp_ros2_ws/install/openslam_gmapping/share/ament_index/resource_index/packages/openslam_gmapping
-- Symlinking: /home/sangjun/gcamp_ros2_ws/install/openslam_gmapping/share/openslam_gmapping/cmake/ament_cmake_export_libraries-extras.cmake
-- Symlinking: /home/sangjun/gcamp_ros2_ws/install/openslam_gmapping/share/openslam_gmapping/cmake/ament_cmake_export_include_directories-extras.cmake
-- Symlinking: /home/sangjun/gcamp_ros2_ws/install/openslam_gmapping/share/openslam_gmapping/cmake/openslam_gmappingConfig.cmake
-- Symlinking: /home/sangjun/gcamp_ros2_ws/install/openslam_gmapping/share/openslam_gmapping/cmake/openslam_gmappingConfig-version.cmake
-- Symlinking: /home/sangjun/gcamp_ros2_ws/install/openslam_gmapping/share/openslam_gmapping/package.xml
