[0.062s] Invoking command in '/home/sangjun/gcamp_ros2_ws/build/openslam_gmapping': CMAKE_PREFIX_PATH=${CMAKE_PREFIX_PATH}:/home/sangjun/gcamp_ros2_ws/install/py_topic_pkg:/home/sangjun/gcamp_ros2_ws/install/py_service_pkg:/home/sangjun/gcamp_ros2_ws/install/py_first_pkg:/home/sangjun/gcamp_ros2_ws/install/py_action_pkg:/opt/ros/foxy /usr/local/bin/cmake /home/sangjun/gcamp_ros2_ws/src/slam_gmapping/openslam_gmapping -DAMENT_CMAKE_SYMLINK_INSTALL=1 -DCMAKE_INSTALL_PREFIX=/home/sangjun/gcamp_ros2_ws/install/openslam_gmapping
[0.121s] -- The C compiler identification is GNU 9.4.0
[0.179s] -- The CXX compiler identification is GNU 9.4.0
[0.188s] -- Detecting C compiler ABI info
[0.242s] -- Detecting C compiler ABI info - done
[0.253s] -- Check for working C compiler: /usr/bin/cc - skipped
[0.253s] -- Detecting C compile features
[0.253s] -- Detecting C compile features - done
[0.256s] -- Detecting CXX compiler ABI info
[0.317s] -- Detecting CXX compiler ABI info - done
[0.330s] -- Check for working CXX compiler: /usr/bin/c++ - skipped
[0.330s] -- Detecting CXX compile features
[0.331s] -- Detecting CXX compile features - done
[0.334s] -- Found ament_cmake: 0.9.11 (/opt/ros/foxy/share/ament_cmake/cmake)
[0.373s] -- Found PythonInterp: /usr/bin/python3 (found suitable version "3.8.10", minimum required is "3") 
[0.373s] -- Using PYTHON_EXECUTABLE: /usr/bin/python3
[0.532s] -- Override CMake install command with custom implementation using symlinks instead of copying resources
[0.631s] -- Configuring done
[0.645s] -- Generating done
[0.646s] -- Build files have been written to: /home/sangjun/gcamp_ros2_ws/build/openslam_gmapping
[0.788s] Invoked command in '/home/sangjun/gcamp_ros2_ws/build/openslam_gmapping' returned '0': CMAKE_PREFIX_PATH=${CMAKE_PREFIX_PATH}:/home/sangjun/gcamp_ros2_ws/install/py_topic_pkg:/home/sangjun/gcamp_ros2_ws/install/py_service_pkg:/home/sangjun/gcamp_ros2_ws/install/py_first_pkg:/home/sangjun/gcamp_ros2_ws/install/py_action_pkg:/opt/ros/foxy /usr/local/bin/cmake /home/sangjun/gcamp_ros2_ws/src/slam_gmapping/openslam_gmapping -DAMENT_CMAKE_SYMLINK_INSTALL=1 -DCMAKE_INSTALL_PREFIX=/home/sangjun/gcamp_ros2_ws/install/openslam_gmapping
[0.790s] Invoking command in '/home/sangjun/gcamp_ros2_ws/build/openslam_gmapping': CMAKE_PREFIX_PATH=${CMAKE_PREFIX_PATH}:/home/sangjun/gcamp_ros2_ws/install/py_topic_pkg:/home/sangjun/gcamp_ros2_ws/install/py_service_pkg:/home/sangjun/gcamp_ros2_ws/install/py_first_pkg:/home/sangjun/gcamp_ros2_ws/install/py_action_pkg:/opt/ros/foxy /usr/local/bin/cmake --build /home/sangjun/gcamp_ros2_ws/build/openslam_gmapping -- -j8 -l8
[0.810s] [  4%] [32mBuilding CXX object utils/CMakeFiles/utils.dir/movement.cpp.o[0m
[0.811s] [  9%] [32mBuilding CXX object utils/CMakeFiles/utils.dir/stat.cpp.o[0m
[0.814s] [ 13%] [32mBuilding CXX object sensor/sensor_base/CMakeFiles/sensor_base.dir/sensorreading.cpp.o[0m
[0.816s] [ 18%] [32mBuilding CXX object sensor/sensor_base/CMakeFiles/sensor_base.dir/sensor.cpp.o[0m
[1.126s] [ 22%] [32m[1mLinking CXX static library libsensor_base.a[0m
[1.207s] [ 22%] Built target sensor_base
[1.209s] [ 27%] [32m[1mLinking CXX static library libutils.a[0m
[1.217s] [ 36%] [32mBuilding CXX object sensor/sensor_odometry/CMakeFiles/sensor_odometry.dir/odometryreading.cpp.o[0m
[1.217s] [ 36%] [32mBuilding CXX object sensor/sensor_range/CMakeFiles/sensor_range.dir/rangereading.cpp.o[0m
[1.217s] [ 40%] [32mBuilding CXX object sensor/sensor_odometry/CMakeFiles/sensor_odometry.dir/odometrysensor.cpp.o[0m
[1.219s] [ 45%] [32mBuilding CXX object sensor/sensor_range/CMakeFiles/sensor_range.dir/rangesensor.cpp.o[0m
[1.250s] [ 45%] Built target utils
[1.601s] [ 50%] [32m[1mLinking CXX static library libsensor_odometry.a[0m
[1.637s] [ 50%] Built target sensor_odometry
[1.701s] [ 54%] [32m[1mLinking CXX static library libsensor_range.a[0m
[1.715s] [ 54%] Built target sensor_range
[1.723s] [ 63%] [32mBuilding CXX object scanmatcher/CMakeFiles/scanmatcher.dir/eig3.cpp.o[0m
[1.723s] [ 63%] [32mBuilding CXX object scanmatcher/CMakeFiles/scanmatcher.dir/scanmatcher.cpp.o[0m
[1.726s] [ 68%] [32mBuilding CXX object scanmatcher/CMakeFiles/scanmatcher.dir/smmap.cpp.o[0m
[1.729s] [ 72%] [32mBuilding CXX object scanmatcher/CMakeFiles/scanmatcher.dir/scanmatcherprocessor.cpp.o[0m
[2.948s] [ 77%] [32m[1mLinking CXX static library libscanmatcher.a[0m
[2.966s] [ 77%] Built target scanmatcher
[2.975s] [ 86%] [32mBuilding CXX object gridfastslam/CMakeFiles/gridfastslam.dir/gfsreader.cpp.o[0m
[2.975s] [ 86%] [32mBuilding CXX object gridfastslam/CMakeFiles/gridfastslam.dir/gridslamprocessor.cpp.o[0m
[2.975s] [ 90%] [32mBuilding CXX object gridfastslam/CMakeFiles/gridfastslam.dir/gridslamprocessor_tree.cpp.o[0m
[2.977s] [ 95%] [32mBuilding CXX object gridfastslam/CMakeFiles/gridfastslam.dir/motionmodel.cpp.o[0m
[4.157s] [100%] [32m[1mLinking CXX static library libgridfastslam.a[0m
[4.175s] [100%] Built target gridfastslam
[4.179s] Invoked command in '/home/sangjun/gcamp_ros2_ws/build/openslam_gmapping' returned '0': CMAKE_PREFIX_PATH=${CMAKE_PREFIX_PATH}:/home/sangjun/gcamp_ros2_ws/install/py_topic_pkg:/home/sangjun/gcamp_ros2_ws/install/py_service_pkg:/home/sangjun/gcamp_ros2_ws/install/py_first_pkg:/home/sangjun/gcamp_ros2_ws/install/py_action_pkg:/opt/ros/foxy /usr/local/bin/cmake --build /home/sangjun/gcamp_ros2_ws/build/openslam_gmapping -- -j8 -l8
[4.199s] Invoking command in '/home/sangjun/gcamp_ros2_ws/build/openslam_gmapping': CMAKE_PREFIX_PATH=${CMAKE_PREFIX_PATH}:/home/sangjun/gcamp_ros2_ws/install/py_topic_pkg:/home/sangjun/gcamp_ros2_ws/install/py_service_pkg:/home/sangjun/gcamp_ros2_ws/install/py_first_pkg:/home/sangjun/gcamp_ros2_ws/install/py_action_pkg:/opt/ros/foxy /usr/local/bin/cmake --install /home/sangjun/gcamp_ros2_ws/build/openslam_gmapping
[4.201s] -- Install configuration: ""
[4.202s] -- Execute custom install script
[4.202s] -- Symlinking: /home/sangjun/gcamp_ros2_ws/install/openslam_gmapping/lib/libgridfastslam.a
[4.205s] -- Symlinking: /home/sangjun/gcamp_ros2_ws/install/openslam_gmapping/lib/libscanmatcher.a
[4.209s] -- Symlinking: /home/sangjun/gcamp_ros2_ws/install/openslam_gmapping/lib/libsensor_base.a
[4.211s] -- Symlinking: /home/sangjun/gcamp_ros2_ws/install/openslam_gmapping/share/openslam_gmapping/environment/library_path.sh
[4.214s] -- Symlinking: /home/sangjun/gcamp_ros2_ws/install/openslam_gmapping/share/openslam_gmapping/environment/library_path.dsv
[4.216s] -- Up-to-date symlink: /home/sangjun/gcamp_ros2_ws/install/openslam_gmapping/share/openslam_gmapping/environment/library_path.sh
[4.216s] -- Up-to-date symlink: /home/sangjun/gcamp_ros2_ws/install/openslam_gmapping/share/openslam_gmapping/environment/library_path.dsv
[4.217s] -- Symlinking: /home/sangjun/gcamp_ros2_ws/install/openslam_gmapping/lib/libsensor_odometry.a
[4.219s] -- Symlinking: /home/sangjun/gcamp_ros2_ws/install/openslam_gmapping/lib/libsensor_range.a
[4.221s] -- Symlinking: /home/sangjun/gcamp_ros2_ws/install/openslam_gmapping/lib/libutils.a
[4.224s] -- Up-to-date symlink: /home/sangjun/gcamp_ros2_ws/install/openslam_gmapping/share/openslam_gmapping/environment/library_path.sh
[4.225s] -- Up-to-date symlink: /home/sangjun/gcamp_ros2_ws/install/openslam_gmapping/share/openslam_gmapping/environment/library_path.dsv
[4.225s] -- Up-to-date symlink: /home/sangjun/gcamp_ros2_ws/install/openslam_gmapping/share/openslam_gmapping/environment/library_path.sh
[4.225s] -- Up-to-date symlink: /home/sangjun/gcamp_ros2_ws/install/openslam_gmapping/share/openslam_gmapping/environment/library_path.dsv
[4.226s] -- Symlinking: /home/sangjun/gcamp_ros2_ws/install/openslam_gmapping/include//gmapping/grid/accessstate.h
[4.229s] -- Symlinking: /home/sangjun/gcamp_ros2_ws/install/openslam_gmapping/include//gmapping/grid/array2d.h
[4.232s] -- Symlinking: /home/sangjun/gcamp_ros2_ws/install/openslam_gmapping/include//gmapping/grid/harray2d.h
[4.235s] -- Symlinking: /home/sangjun/gcamp_ros2_ws/install/openslam_gmapping/include//gmapping/grid/map.h
[4.238s] -- Symlinking: /home/sangjun/gcamp_ros2_ws/install/openslam_gmapping/include//gmapping/gridfastslam/gridslamprocessor.h
[4.241s] -- Symlinking: /home/sangjun/gcamp_ros2_ws/install/openslam_gmapping/include//gmapping/gridfastslam/gridslamprocessor.hxx
[4.243s] -- Symlinking: /home/sangjun/gcamp_ros2_ws/install/openslam_gmapping/include//gmapping/gridfastslam/motionmodel.h
[4.246s] -- Symlinking: /home/sangjun/gcamp_ros2_ws/install/openslam_gmapping/include//gmapping/log/configuration.h
[4.250s] -- Symlinking: /home/sangjun/gcamp_ros2_ws/install/openslam_gmapping/include//gmapping/log/sensorlog.h
[4.253s] -- Symlinking: /home/sangjun/gcamp_ros2_ws/install/openslam_gmapping/include//gmapping/particlefilter/particlefilter.h
[4.257s] -- Symlinking: /home/sangjun/gcamp_ros2_ws/install/openslam_gmapping/include//gmapping/scanmatcher/icp.h
[4.260s] -- Symlinking: /home/sangjun/gcamp_ros2_ws/install/openslam_gmapping/include//gmapping/scanmatcher/scanmatcher.h
[4.263s] -- Symlinking: /home/sangjun/gcamp_ros2_ws/install/openslam_gmapping/include//gmapping/scanmatcher/smmap.h
[4.266s] -- Symlinking: /home/sangjun/gcamp_ros2_ws/install/openslam_gmapping/include//gmapping/sensor/sensor_base/sensor.h
[4.270s] -- Symlinking: /home/sangjun/gcamp_ros2_ws/install/openslam_gmapping/include//gmapping/sensor/sensor_base/sensorreading.h
[4.272s] -- Symlinking: /home/sangjun/gcamp_ros2_ws/install/openslam_gmapping/include//gmapping/sensor/sensor_odometry/odometryreading.h
[4.275s] -- Symlinking: /home/sangjun/gcamp_ros2_ws/install/openslam_gmapping/include//gmapping/sensor/sensor_odometry/odometrysensor.h
[4.277s] -- Symlinking: /home/sangjun/gcamp_ros2_ws/install/openslam_gmapping/include//gmapping/sensor/sensor_range/rangereading.h
[4.280s] -- Symlinking: /home/sangjun/gcamp_ros2_ws/install/openslam_gmapping/include//gmapping/sensor/sensor_range/rangesensor.h
[4.283s] -- Symlinking: /home/sangjun/gcamp_ros2_ws/install/openslam_gmapping/include//gmapping/utils/autoptr.h
[4.286s] -- Symlinking: /home/sangjun/gcamp_ros2_ws/install/openslam_gmapping/include//gmapping/utils/commandline.h
[4.289s] -- Symlinking: /home/sangjun/gcamp_ros2_ws/install/openslam_gmapping/include//gmapping/utils/gvalues.h
[4.292s] -- Symlinking: /home/sangjun/gcamp_ros2_ws/install/openslam_gmapping/include//gmapping/utils/macro_params.h
[4.294s] -- Symlinking: /home/sangjun/gcamp_ros2_ws/install/openslam_gmapping/include//gmapping/utils/point.h
[4.297s] -- Symlinking: /home/sangjun/gcamp_ros2_ws/install/openslam_gmapping/include//gmapping/utils/stat.h
[4.300s] -- Symlinking: /home/sangjun/gcamp_ros2_ws/install/openslam_gmapping/share/ament_index/resource_index/package_run_dependencies/openslam_gmapping
[4.303s] -- Symlinking: /home/sangjun/gcamp_ros2_ws/install/openslam_gmapping/share/ament_index/resource_index/parent_prefix_path/openslam_gmapping
[4.305s] -- Symlinking: /home/sangjun/gcamp_ros2_ws/install/openslam_gmapping/share/openslam_gmapping/environment/ament_prefix_path.sh
[4.307s] -- Symlinking: /home/sangjun/gcamp_ros2_ws/install/openslam_gmapping/share/openslam_gmapping/environment/ament_prefix_path.dsv
[4.309s] -- Symlinking: /home/sangjun/gcamp_ros2_ws/install/openslam_gmapping/share/openslam_gmapping/environment/path.sh
[4.310s] -- Symlinking: /home/sangjun/gcamp_ros2_ws/install/openslam_gmapping/share/openslam_gmapping/environment/path.dsv
[4.312s] -- Symlinking: /home/sangjun/gcamp_ros2_ws/install/openslam_gmapping/share/openslam_gmapping/local_setup.bash
[4.314s] -- Symlinking: /home/sangjun/gcamp_ros2_ws/install/openslam_gmapping/share/openslam_gmapping/local_setup.sh
[4.318s] -- Symlinking: /home/sangjun/gcamp_ros2_ws/install/openslam_gmapping/share/openslam_gmapping/local_setup.zsh
[4.321s] -- Symlinking: /home/sangjun/gcamp_ros2_ws/install/openslam_gmapping/share/openslam_gmapping/local_setup.dsv
[4.324s] -- Symlinking: /home/sangjun/gcamp_ros2_ws/install/openslam_gmapping/share/openslam_gmapping/package.dsv
[4.328s] -- Symlinking: /home/sangjun/gcamp_ros2_ws/install/openslam_gmapping/share/ament_index/resource_index/packages/openslam_gmapping
[4.332s] -- Symlinking: /home/sangjun/gcamp_ros2_ws/install/openslam_gmapping/share/openslam_gmapping/cmake/ament_cmake_export_libraries-extras.cmake
[4.334s] -- Symlinking: /home/sangjun/gcamp_ros2_ws/install/openslam_gmapping/share/openslam_gmapping/cmake/ament_cmake_export_include_directories-extras.cmake
[4.336s] -- Symlinking: /home/sangjun/gcamp_ros2_ws/install/openslam_gmapping/share/openslam_gmapping/cmake/openslam_gmappingConfig.cmake
[4.338s] -- Symlinking: /home/sangjun/gcamp_ros2_ws/install/openslam_gmapping/share/openslam_gmapping/cmake/openslam_gmappingConfig-version.cmake
[4.339s] -- Symlinking: /home/sangjun/gcamp_ros2_ws/install/openslam_gmapping/share/openslam_gmapping/package.xml
[4.348s] Invoked command in '/home/sangjun/gcamp_ros2_ws/build/openslam_gmapping' returned '0': CMAKE_PREFIX_PATH=${CMAKE_PREFIX_PATH}:/home/sangjun/gcamp_ros2_ws/install/py_topic_pkg:/home/sangjun/gcamp_ros2_ws/install/py_service_pkg:/home/sangjun/gcamp_ros2_ws/install/py_first_pkg:/home/sangjun/gcamp_ros2_ws/install/py_action_pkg:/opt/ros/foxy /usr/local/bin/cmake --install /home/sangjun/gcamp_ros2_ws/build/openslam_gmapping
