[0.718s] Invoking command in '/home/sangjun/gcamp_ros2_ws/build/py_action_pkg': AMENT_PREFIX_PATH=/home/sangjun/gcamp_ros2_ws/install/custom_interfaces CMAKE_PREFIX_PATH=/home/sangjun/gcamp_ros2_ws/install/custom_interfaces LD_LIBRARY_PATH=/home/sangjun/gcamp_ros2_ws/install/custom_interfaces/lib${LD_LIBRARY_PATH} PYTHONPATH=/home/sangjun/gcamp_ros2_ws/build/py_action_pkg/prefix_override:/home/sangjun/gcamp_ros2_ws/install/py_action_pkg/lib/python3.8/site-packages:/home/sangjun/gcamp_ros2_ws/install/custom_interfaces/lib/python3.8/site-packages${PYTHONPATH} /usr/bin/python3 setup.py develop --editable --build-directory /home/sangjun/gcamp_ros2_ws/build/py_action_pkg/build --no-deps install_data
[0.848s] running develop
[0.913s] running egg_info
[0.913s] writing py_action_pkg.egg-info/PKG-INFO
[0.913s] writing dependency_links to py_action_pkg.egg-info/dependency_links.txt
[0.914s] writing entry points to py_action_pkg.egg-info/entry_points.txt
[0.914s] writing requirements to py_action_pkg.egg-info/requires.txt
[0.914s] writing top-level names to py_action_pkg.egg-info/top_level.txt
[0.937s] reading manifest file 'py_action_pkg.egg-info/SOURCES.txt'
[0.937s] writing manifest file 'py_action_pkg.egg-info/SOURCES.txt'
[0.960s] running build_ext
[0.960s] Creating /home/sangjun/gcamp_ros2_ws/install/py_action_pkg/lib/python3.8/site-packages/py-action-pkg.egg-link (link to .)
[0.961s] Installing fibonacci_action_client script to /home/sangjun/gcamp_ros2_ws/install/py_action_pkg/lib/py_action_pkg
[0.961s] Installing fibonacci_action_client_cancel script to /home/sangjun/gcamp_ros2_ws/install/py_action_pkg/lib/py_action_pkg
[0.961s] Installing fibonacci_action_server script to /home/sangjun/gcamp_ros2_ws/install/py_action_pkg/lib/py_action_pkg
[0.961s] Installing fibonacci_action_server_cancel script to /home/sangjun/gcamp_ros2_ws/install/py_action_pkg/lib/py_action_pkg
[0.961s] Installing img_subscriber_node script to /home/sangjun/gcamp_ros2_ws/install/py_action_pkg/lib/py_action_pkg
[0.961s] Installing maze_action_client script to /home/sangjun/gcamp_ros2_ws/install/py_action_pkg/lib/py_action_pkg
[0.961s] Installing maze_action_server script to /home/sangjun/gcamp_ros2_ws/install/py_action_pkg/lib/py_action_pkg
[0.961s] Installing odom_sub_node script to /home/sangjun/gcamp_ros2_ws/install/py_action_pkg/lib/py_action_pkg
[0.961s] Installing robot_controller script to /home/sangjun/gcamp_ros2_ws/install/py_action_pkg/lib/py_action_pkg
[0.962s] 
[0.962s] Installed /home/sangjun/gcamp_ros2_ws/build/py_action_pkg
[0.962s] running install_data
[0.984s] Invoked command in '/home/sangjun/gcamp_ros2_ws/build/py_action_pkg' returned '0': AMENT_PREFIX_PATH=/home/sangjun/gcamp_ros2_ws/install/custom_interfaces CMAKE_PREFIX_PATH=/home/sangjun/gcamp_ros2_ws/install/custom_interfaces LD_LIBRARY_PATH=/home/sangjun/gcamp_ros2_ws/install/custom_interfaces/lib${LD_LIBRARY_PATH} PYTHONPATH=/home/sangjun/gcamp_ros2_ws/build/py_action_pkg/prefix_override:/home/sangjun/gcamp_ros2_ws/install/py_action_pkg/lib/python3.8/site-packages:/home/sangjun/gcamp_ros2_ws/install/custom_interfaces/lib/python3.8/site-packages${PYTHONPATH} /usr/bin/python3 setup.py develop --editable --build-directory /home/sangjun/gcamp_ros2_ws/build/py_action_pkg/build --no-deps install_data
