[0.138s] Invoking command in '/home/sangjun/gcamp_ros2_ws/build/cpp_service_tutorial': CMAKE_PREFIX_PATH=${CMAKE_PREFIX_PATH}:/home/sangjun/gcamp_ros2_ws/install/py_topic_pkg:/home/sangjun/gcamp_ros2_ws/install/py_service_pkg:/home/sangjun/gcamp_ros2_ws/install/py_first_pkg:/home/sangjun/gcamp_ros2_ws/install/py_action_pkg:/opt/ros/foxy /usr/local/bin/cmake --build /home/sangjun/gcamp_ros2_ws/build/cpp_service_tutorial -- -j8 -l8
[1.297s] [ 25%] Built target srv_server_node
[1.297s] [ 75%] Built target cpp_simple_service_client_node
[1.297s] [ 75%] Built target cpp_simple_service_dummy_server_node
[1.298s] [100%] Built target srv_client_node
[1.305s] Invoked command in '/home/sangjun/gcamp_ros2_ws/build/cpp_service_tutorial' returned '0': CMAKE_PREFIX_PATH=${CMAKE_PREFIX_PATH}:/home/sangjun/gcamp_ros2_ws/install/py_topic_pkg:/home/sangjun/gcamp_ros2_ws/install/py_service_pkg:/home/sangjun/gcamp_ros2_ws/install/py_first_pkg:/home/sangjun/gcamp_ros2_ws/install/py_action_pkg:/opt/ros/foxy /usr/local/bin/cmake --build /home/sangjun/gcamp_ros2_ws/build/cpp_service_tutorial -- -j8 -l8
[1.423s] Invoking command in '/home/sangjun/gcamp_ros2_ws/build/cpp_service_tutorial': CMAKE_PREFIX_PATH=${CMAKE_PREFIX_PATH}:/home/sangjun/gcamp_ros2_ws/install/py_topic_pkg:/home/sangjun/gcamp_ros2_ws/install/py_service_pkg:/home/sangjun/gcamp_ros2_ws/install/py_first_pkg:/home/sangjun/gcamp_ros2_ws/install/py_action_pkg:/opt/ros/foxy /usr/local/bin/cmake --install /home/sangjun/gcamp_ros2_ws/build/cpp_service_tutorial
[1.431s] -- Install configuration: ""
[1.431s] -- Execute custom install script
[1.448s] -- Up-to-date symlink: /home/sangjun/gcamp_ros2_ws/install/cpp_service_tutorial/lib/cpp_service_tutorial/cpp_simple_service_client_node
[1.450s] -- Up-to-date symlink: /home/sangjun/gcamp_ros2_ws/install/cpp_service_tutorial/lib/cpp_service_tutorial/cpp_simple_service_dummy_server_node
[1.451s] -- Up-to-date symlink: /home/sangjun/gcamp_ros2_ws/install/cpp_service_tutorial/lib/cpp_service_tutorial/srv_server_node
[1.452s] -- Up-to-date symlink: /home/sangjun/gcamp_ros2_ws/install/cpp_service_tutorial/lib/cpp_service_tutorial/srv_client_node
[1.452s] -- Up-to-date symlink: /home/sangjun/gcamp_ros2_ws/install/cpp_service_tutorial/share/ament_index/resource_index/package_run_dependencies/cpp_service_tutorial
[1.453s] -- Up-to-date symlink: /home/sangjun/gcamp_ros2_ws/install/cpp_service_tutorial/share/ament_index/resource_index/parent_prefix_path/cpp_service_tutorial
[1.454s] -- Up-to-date symlink: /home/sangjun/gcamp_ros2_ws/install/cpp_service_tutorial/share/cpp_service_tutorial/environment/ament_prefix_path.sh
[1.454s] -- Up-to-date symlink: /home/sangjun/gcamp_ros2_ws/install/cpp_service_tutorial/share/cpp_service_tutorial/environment/ament_prefix_path.dsv
[1.455s] -- Up-to-date symlink: /home/sangjun/gcamp_ros2_ws/install/cpp_service_tutorial/share/cpp_service_tutorial/environment/path.sh
[1.455s] -- Up-to-date symlink: /home/sangjun/gcamp_ros2_ws/install/cpp_service_tutorial/share/cpp_service_tutorial/environment/path.dsv
[1.456s] -- Up-to-date symlink: /home/sangjun/gcamp_ros2_ws/install/cpp_service_tutorial/share/cpp_service_tutorial/local_setup.bash
[1.472s] -- Up-to-date symlink: /home/sangjun/gcamp_ros2_ws/install/cpp_service_tutorial/share/cpp_service_tutorial/local_setup.sh
[1.472s] -- Up-to-date symlink: /home/sangjun/gcamp_ros2_ws/install/cpp_service_tutorial/share/cpp_service_tutorial/local_setup.zsh
[1.473s] -- Up-to-date symlink: /home/sangjun/gcamp_ros2_ws/install/cpp_service_tutorial/share/cpp_service_tutorial/local_setup.dsv
[1.473s] -- Symlinking: /home/sangjun/gcamp_ros2_ws/install/cpp_service_tutorial/share/cpp_service_tutorial/package.dsv
[1.478s] -- Up-to-date symlink: /home/sangjun/gcamp_ros2_ws/install/cpp_service_tutorial/share/ament_index/resource_index/packages/cpp_service_tutorial
[1.479s] -- Up-to-date symlink: /home/sangjun/gcamp_ros2_ws/install/cpp_service_tutorial/share/cpp_service_tutorial/cmake/cpp_service_tutorialConfig.cmake
[1.481s] -- Up-to-date symlink: /home/sangjun/gcamp_ros2_ws/install/cpp_service_tutorial/share/cpp_service_tutorial/cmake/cpp_service_tutorialConfig-version.cmake
[1.481s] -- Up-to-date symlink: /home/sangjun/gcamp_ros2_ws/install/cpp_service_tutorial/share/cpp_service_tutorial/package.xml
[1.484s] Invoked command in '/home/sangjun/gcamp_ros2_ws/build/cpp_service_tutorial' returned '0': CMAKE_PREFIX_PATH=${CMAKE_PREFIX_PATH}:/home/sangjun/gcamp_ros2_ws/install/py_topic_pkg:/home/sangjun/gcamp_ros2_ws/install/py_service_pkg:/home/sangjun/gcamp_ros2_ws/install/py_first_pkg:/home/sangjun/gcamp_ros2_ws/install/py_action_pkg:/opt/ros/foxy /usr/local/bin/cmake --install /home/sangjun/gcamp_ros2_ws/build/cpp_service_tutorial
