[0.110s] DEBUG:colcon:Command line arguments: ['/usr/bin/colcon', 'build', '--symlink-install']
[0.110s] DEBUG:colcon:Parsed command line arguments: Namespace(allow_overriding=[], ament_cmake_args=None, base_paths=['.'], build_base='build', catkin_cmake_args=None, catkin_skip_building_tests=False, cmake_args=None, cmake_clean_cache=False, cmake_clean_first=False, cmake_force_configure=False, cmake_target=None, cmake_target_skip_unavailable=False, continue_on_error=False, event_handlers=None, executor='parallel', ignore_user_meta=False, install_base='install', log_base=None, log_level=None, main=<bound method BuildVerb.main of <colcon_core.verb.build.BuildVerb object at 0x7f527b5c5490>>, merge_install=False, metas=['./colcon.meta'], packages_above=None, packages_above_and_dependencies=None, packages_above_depth=None, packages_end=None, packages_ignore=None, packages_ignore_regex=None, packages_select=None, packages_select_build_failed=False, packages_select_by_dep=None, packages_select_regex=None, packages_select_test_failures=False, packages_skip=None, packages_skip_build_finished=False, packages_skip_by_dep=None, packages_skip_regex=None, packages_skip_test_passed=False, packages_skip_up_to=None, packages_start=None, packages_up_to=None, packages_up_to_regex=None, parallel_workers=8, paths=None, symlink_install=True, test_result_base=None, verb_extension=<colcon_core.verb.build.BuildVerb object at 0x7f527b5c5490>, verb_name='build', verb_parser=<colcon_defaults.argument_parser.defaults.DefaultArgumentsDecorator object at 0x7f527b5c59d0>)
[0.126s] Level 1:colcon.colcon_core.package_discovery:discover_packages(colcon_meta) check parameters
[0.126s] Level 1:colcon.colcon_core.package_discovery:discover_packages(recursive) check parameters
[0.126s] Level 1:colcon.colcon_core.package_discovery:discover_packages(ignore) check parameters
[0.126s] Level 1:colcon.colcon_core.package_discovery:discover_packages(path) check parameters
[0.126s] Level 1:colcon.colcon_core.package_discovery:discover_packages(colcon_meta) discover
[0.126s] Level 1:colcon.colcon_core.package_discovery:discover_packages(recursive) discover
[0.126s] INFO:colcon.colcon_core.package_discovery:Crawling recursively for packages in '/home/sangjun/gcamp_ros2_ws'
[0.126s] Level 1:colcon.colcon_core.package_identification:_identify(.) by extensions ['ignore', 'ignore_ament_install']
[0.126s] Level 1:colcon.colcon_core.package_identification:_identify(.) by extension 'ignore'
[0.126s] Level 1:colcon.colcon_core.package_identification:_identify(.) by extension 'ignore_ament_install'
[0.126s] Level 1:colcon.colcon_core.package_identification:_identify(.) by extensions ['colcon_pkg']
[0.126s] Level 1:colcon.colcon_core.package_identification:_identify(.) by extension 'colcon_pkg'
[0.126s] Level 1:colcon.colcon_core.package_identification:_identify(.) by extensions ['colcon_meta']
[0.126s] Level 1:colcon.colcon_core.package_identification:_identify(.) by extension 'colcon_meta'
[0.126s] Level 1:colcon.colcon_core.package_identification:_identify(.) by extensions ['ros']
[0.126s] Level 1:colcon.colcon_core.package_identification:_identify(.) by extension 'ros'
[0.134s] Level 1:colcon.colcon_core.package_identification:_identify(.) by extensions ['cmake', 'python']
[0.134s] Level 1:colcon.colcon_core.package_identification:_identify(.) by extension 'cmake'
[0.134s] Level 1:colcon.colcon_core.package_identification:_identify(.) by extension 'python'
[0.134s] Level 1:colcon.colcon_core.package_identification:_identify(.) by extensions ['python_setup_py']
[0.134s] Level 1:colcon.colcon_core.package_identification:_identify(.) by extension 'python_setup_py'
[0.134s] Level 1:colcon.colcon_core.package_identification:_identify(build) by extensions ['ignore', 'ignore_ament_install']
[0.134s] Level 1:colcon.colcon_core.package_identification:_identify(build) by extension 'ignore'
[0.134s] Level 1:colcon.colcon_core.package_identification:_identify(build) ignored
[0.134s] Level 1:colcon.colcon_core.package_identification:_identify(install) by extensions ['ignore', 'ignore_ament_install']
[0.134s] Level 1:colcon.colcon_core.package_identification:_identify(install) by extension 'ignore'
[0.134s] Level 1:colcon.colcon_core.package_identification:_identify(install) ignored
[0.135s] Level 1:colcon.colcon_core.package_identification:_identify(log) by extensions ['ignore', 'ignore_ament_install']
[0.135s] Level 1:colcon.colcon_core.package_identification:_identify(log) by extension 'ignore'
[0.135s] Level 1:colcon.colcon_core.package_identification:_identify(log) ignored
[0.135s] Level 1:colcon.colcon_core.package_identification:_identify(src) by extensions ['ignore', 'ignore_ament_install']
[0.135s] Level 1:colcon.colcon_core.package_identification:_identify(src) by extension 'ignore'
[0.135s] Level 1:colcon.colcon_core.package_identification:_identify(src) by extension 'ignore_ament_install'
[0.135s] Level 1:colcon.colcon_core.package_identification:_identify(src) by extensions ['colcon_pkg']
[0.135s] Level 1:colcon.colcon_core.package_identification:_identify(src) by extension 'colcon_pkg'
[0.135s] Level 1:colcon.colcon_core.package_identification:_identify(src) by extensions ['colcon_meta']
[0.135s] Level 1:colcon.colcon_core.package_identification:_identify(src) by extension 'colcon_meta'
[0.135s] Level 1:colcon.colcon_core.package_identification:_identify(src) by extensions ['ros']
[0.135s] Level 1:colcon.colcon_core.package_identification:_identify(src) by extension 'ros'
[0.135s] Level 1:colcon.colcon_core.package_identification:_identify(src) by extensions ['cmake', 'python']
[0.135s] Level 1:colcon.colcon_core.package_identification:_identify(src) by extension 'cmake'
[0.135s] Level 1:colcon.colcon_core.package_identification:_identify(src) by extension 'python'
[0.135s] Level 1:colcon.colcon_core.package_identification:_identify(src) by extensions ['python_setup_py']
[0.135s] Level 1:colcon.colcon_core.package_identification:_identify(src) by extension 'python_setup_py'
[0.135s] Level 1:colcon.colcon_core.package_identification:_identify(src/gcamp_ros2_basic) by extensions ['ignore', 'ignore_ament_install']
[0.135s] Level 1:colcon.colcon_core.package_identification:_identify(src/gcamp_ros2_basic) by extension 'ignore'
[0.135s] Level 1:colcon.colcon_core.package_identification:_identify(src/gcamp_ros2_basic) by extension 'ignore_ament_install'
[0.135s] Level 1:colcon.colcon_core.package_identification:_identify(src/gcamp_ros2_basic) by extensions ['colcon_pkg']
[0.135s] Level 1:colcon.colcon_core.package_identification:_identify(src/gcamp_ros2_basic) by extension 'colcon_pkg'
[0.135s] Level 1:colcon.colcon_core.package_identification:_identify(src/gcamp_ros2_basic) by extensions ['colcon_meta']
[0.135s] Level 1:colcon.colcon_core.package_identification:_identify(src/gcamp_ros2_basic) by extension 'colcon_meta'
[0.135s] Level 1:colcon.colcon_core.package_identification:_identify(src/gcamp_ros2_basic) by extensions ['ros']
[0.135s] Level 1:colcon.colcon_core.package_identification:_identify(src/gcamp_ros2_basic) by extension 'ros'
[0.136s] Level 1:colcon.colcon_core.package_identification:_identify(src/gcamp_ros2_basic) by extensions ['cmake', 'python']
[0.136s] Level 1:colcon.colcon_core.package_identification:_identify(src/gcamp_ros2_basic) by extension 'cmake'
[0.136s] Level 1:colcon.colcon_core.package_identification:_identify(src/gcamp_ros2_basic) by extension 'python'
[0.136s] Level 1:colcon.colcon_core.package_identification:_identify(src/gcamp_ros2_basic) by extensions ['python_setup_py']
[0.136s] Level 1:colcon.colcon_core.package_identification:_identify(src/gcamp_ros2_basic) by extension 'python_setup_py'
[0.136s] Level 1:colcon.colcon_core.package_identification:_identify(src/gcamp_ros2_basic/cpp_action_pkg) by extensions ['ignore', 'ignore_ament_install']
[0.136s] Level 1:colcon.colcon_core.package_identification:_identify(src/gcamp_ros2_basic/cpp_action_pkg) by extension 'ignore'
[0.136s] Level 1:colcon.colcon_core.package_identification:_identify(src/gcamp_ros2_basic/cpp_action_pkg) by extension 'ignore_ament_install'
[0.136s] Level 1:colcon.colcon_core.package_identification:_identify(src/gcamp_ros2_basic/cpp_action_pkg) by extensions ['colcon_pkg']
[0.136s] Level 1:colcon.colcon_core.package_identification:_identify(src/gcamp_ros2_basic/cpp_action_pkg) by extension 'colcon_pkg'
[0.136s] Level 1:colcon.colcon_core.package_identification:_identify(src/gcamp_ros2_basic/cpp_action_pkg) by extensions ['colcon_meta']
[0.136s] Level 1:colcon.colcon_core.package_identification:_identify(src/gcamp_ros2_basic/cpp_action_pkg) by extension 'colcon_meta'
[0.136s] Level 1:colcon.colcon_core.package_identification:_identify(src/gcamp_ros2_basic/cpp_action_pkg) by extensions ['ros']
[0.136s] Level 1:colcon.colcon_core.package_identification:_identify(src/gcamp_ros2_basic/cpp_action_pkg) by extension 'ros'
[0.146s] DEBUG:colcon.colcon_core.package_identification:Package 'src/gcamp_ros2_basic/cpp_action_pkg' with type 'ros.ament_cmake' and name 'cpp_action_pkg'
[0.146s] Level 1:colcon.colcon_core.package_identification:_identify(src/gcamp_ros2_basic/cpp_first_pkg) by extensions ['ignore', 'ignore_ament_install']
[0.146s] Level 1:colcon.colcon_core.package_identification:_identify(src/gcamp_ros2_basic/cpp_first_pkg) by extension 'ignore'
[0.146s] Level 1:colcon.colcon_core.package_identification:_identify(src/gcamp_ros2_basic/cpp_first_pkg) by extension 'ignore_ament_install'
[0.147s] Level 1:colcon.colcon_core.package_identification:_identify(src/gcamp_ros2_basic/cpp_first_pkg) by extensions ['colcon_pkg']
[0.147s] Level 1:colcon.colcon_core.package_identification:_identify(src/gcamp_ros2_basic/cpp_first_pkg) by extension 'colcon_pkg'
[0.147s] Level 1:colcon.colcon_core.package_identification:_identify(src/gcamp_ros2_basic/cpp_first_pkg) by extensions ['colcon_meta']
[0.147s] Level 1:colcon.colcon_core.package_identification:_identify(src/gcamp_ros2_basic/cpp_first_pkg) by extension 'colcon_meta'
[0.147s] Level 1:colcon.colcon_core.package_identification:_identify(src/gcamp_ros2_basic/cpp_first_pkg) by extensions ['ros']
[0.147s] Level 1:colcon.colcon_core.package_identification:_identify(src/gcamp_ros2_basic/cpp_first_pkg) by extension 'ros'
[0.147s] DEBUG:colcon.colcon_core.package_identification:Package 'src/gcamp_ros2_basic/cpp_first_pkg' with type 'ros.ament_cmake' and name 'cpp_first_pkg'
[0.147s] Level 1:colcon.colcon_core.package_identification:_identify(src/gcamp_ros2_basic/cpp_param_pkg) by extensions ['ignore', 'ignore_ament_install']
[0.147s] Level 1:colcon.colcon_core.package_identification:_identify(src/gcamp_ros2_basic/cpp_param_pkg) by extension 'ignore'
[0.147s] Level 1:colcon.colcon_core.package_identification:_identify(src/gcamp_ros2_basic/cpp_param_pkg) by extension 'ignore_ament_install'
[0.147s] Level 1:colcon.colcon_core.package_identification:_identify(src/gcamp_ros2_basic/cpp_param_pkg) by extensions ['colcon_pkg']
[0.147s] Level 1:colcon.colcon_core.package_identification:_identify(src/gcamp_ros2_basic/cpp_param_pkg) by extension 'colcon_pkg'
[0.147s] Level 1:colcon.colcon_core.package_identification:_identify(src/gcamp_ros2_basic/cpp_param_pkg) by extensions ['colcon_meta']
[0.147s] Level 1:colcon.colcon_core.package_identification:_identify(src/gcamp_ros2_basic/cpp_param_pkg) by extension 'colcon_meta'
[0.147s] Level 1:colcon.colcon_core.package_identification:_identify(src/gcamp_ros2_basic/cpp_param_pkg) by extensions ['ros']
[0.147s] Level 1:colcon.colcon_core.package_identification:_identify(src/gcamp_ros2_basic/cpp_param_pkg) by extension 'ros'
[0.148s] DEBUG:colcon.colcon_core.package_identification:Package 'src/gcamp_ros2_basic/cpp_param_pkg' with type 'ros.ament_cmake' and name 'cpp_param_pkg'
[0.148s] Level 1:colcon.colcon_core.package_identification:_identify(src/gcamp_ros2_basic/cpp_service_pkg) by extensions ['ignore', 'ignore_ament_install']
[0.148s] Level 1:colcon.colcon_core.package_identification:_identify(src/gcamp_ros2_basic/cpp_service_pkg) by extension 'ignore'
[0.148s] Level 1:colcon.colcon_core.package_identification:_identify(src/gcamp_ros2_basic/cpp_service_pkg) by extension 'ignore_ament_install'
[0.148s] Level 1:colcon.colcon_core.package_identification:_identify(src/gcamp_ros2_basic/cpp_service_pkg) by extensions ['colcon_pkg']
[0.148s] Level 1:colcon.colcon_core.package_identification:_identify(src/gcamp_ros2_basic/cpp_service_pkg) by extension 'colcon_pkg'
[0.148s] Level 1:colcon.colcon_core.package_identification:_identify(src/gcamp_ros2_basic/cpp_service_pkg) by extensions ['colcon_meta']
[0.148s] Level 1:colcon.colcon_core.package_identification:_identify(src/gcamp_ros2_basic/cpp_service_pkg) by extension 'colcon_meta'
[0.148s] Level 1:colcon.colcon_core.package_identification:_identify(src/gcamp_ros2_basic/cpp_service_pkg) by extensions ['ros']
[0.148s] Level 1:colcon.colcon_core.package_identification:_identify(src/gcamp_ros2_basic/cpp_service_pkg) by extension 'ros'
[0.149s] DEBUG:colcon.colcon_core.package_identification:Package 'src/gcamp_ros2_basic/cpp_service_pkg' with type 'ros.ament_cmake' and name 'cpp_service_pkg'
[0.149s] Level 1:colcon.colcon_core.package_identification:_identify(src/gcamp_ros2_basic/cpp_service_tutorial) by extensions ['ignore', 'ignore_ament_install']
[0.149s] Level 1:colcon.colcon_core.package_identification:_identify(src/gcamp_ros2_basic/cpp_service_tutorial) by extension 'ignore'
[0.149s] Level 1:colcon.colcon_core.package_identification:_identify(src/gcamp_ros2_basic/cpp_service_tutorial) by extension 'ignore_ament_install'
[0.149s] Level 1:colcon.colcon_core.package_identification:_identify(src/gcamp_ros2_basic/cpp_service_tutorial) by extensions ['colcon_pkg']
[0.149s] Level 1:colcon.colcon_core.package_identification:_identify(src/gcamp_ros2_basic/cpp_service_tutorial) by extension 'colcon_pkg'
[0.149s] Level 1:colcon.colcon_core.package_identification:_identify(src/gcamp_ros2_basic/cpp_service_tutorial) by extensions ['colcon_meta']
[0.149s] Level 1:colcon.colcon_core.package_identification:_identify(src/gcamp_ros2_basic/cpp_service_tutorial) by extension 'colcon_meta'
[0.149s] Level 1:colcon.colcon_core.package_identification:_identify(src/gcamp_ros2_basic/cpp_service_tutorial) by extensions ['ros']
[0.149s] Level 1:colcon.colcon_core.package_identification:_identify(src/gcamp_ros2_basic/cpp_service_tutorial) by extension 'ros'
[0.149s] DEBUG:colcon.colcon_core.package_identification:Package 'src/gcamp_ros2_basic/cpp_service_tutorial' with type 'ros.ament_cmake' and name 'cpp_service_tutorial'
[0.150s] Level 1:colcon.colcon_core.package_identification:_identify(src/gcamp_ros2_basic/cpp_topic_pkg) by extensions ['ignore', 'ignore_ament_install']
[0.150s] Level 1:colcon.colcon_core.package_identification:_identify(src/gcamp_ros2_basic/cpp_topic_pkg) by extension 'ignore'
[0.150s] Level 1:colcon.colcon_core.package_identification:_identify(src/gcamp_ros2_basic/cpp_topic_pkg) by extension 'ignore_ament_install'
[0.150s] Level 1:colcon.colcon_core.package_identification:_identify(src/gcamp_ros2_basic/cpp_topic_pkg) by extensions ['colcon_pkg']
[0.150s] Level 1:colcon.colcon_core.package_identification:_identify(src/gcamp_ros2_basic/cpp_topic_pkg) by extension 'colcon_pkg'
[0.150s] Level 1:colcon.colcon_core.package_identification:_identify(src/gcamp_ros2_basic/cpp_topic_pkg) by extensions ['colcon_meta']
[0.150s] Level 1:colcon.colcon_core.package_identification:_identify(src/gcamp_ros2_basic/cpp_topic_pkg) by extension 'colcon_meta'
[0.150s] Level 1:colcon.colcon_core.package_identification:_identify(src/gcamp_ros2_basic/cpp_topic_pkg) by extensions ['ros']
[0.150s] Level 1:colcon.colcon_core.package_identification:_identify(src/gcamp_ros2_basic/cpp_topic_pkg) by extension 'ros'
[0.150s] DEBUG:colcon.colcon_core.package_identification:Package 'src/gcamp_ros2_basic/cpp_topic_pkg' with type 'ros.ament_cmake' and name 'cpp_topic_pkg'
[0.150s] Level 1:colcon.colcon_core.package_identification:_identify(src/gcamp_ros2_basic/custom_interfaces) by extensions ['ignore', 'ignore_ament_install']
[0.150s] Level 1:colcon.colcon_core.package_identification:_identify(src/gcamp_ros2_basic/custom_interfaces) by extension 'ignore'
[0.151s] Level 1:colcon.colcon_core.package_identification:_identify(src/gcamp_ros2_basic/custom_interfaces) by extension 'ignore_ament_install'
[0.151s] Level 1:colcon.colcon_core.package_identification:_identify(src/gcamp_ros2_basic/custom_interfaces) by extensions ['colcon_pkg']
[0.151s] Level 1:colcon.colcon_core.package_identification:_identify(src/gcamp_ros2_basic/custom_interfaces) by extension 'colcon_pkg'
[0.151s] Level 1:colcon.colcon_core.package_identification:_identify(src/gcamp_ros2_basic/custom_interfaces) by extensions ['colcon_meta']
[0.151s] Level 1:colcon.colcon_core.package_identification:_identify(src/gcamp_ros2_basic/custom_interfaces) by extension 'colcon_meta'
[0.151s] Level 1:colcon.colcon_core.package_identification:_identify(src/gcamp_ros2_basic/custom_interfaces) by extensions ['ros']
[0.151s] Level 1:colcon.colcon_core.package_identification:_identify(src/gcamp_ros2_basic/custom_interfaces) by extension 'ros'
[0.151s] DEBUG:colcon.colcon_core.package_identification:Package 'src/gcamp_ros2_basic/custom_interfaces' with type 'ros.ament_cmake' and name 'custom_interfaces'
[0.151s] Level 1:colcon.colcon_core.package_identification:_identify(src/gcamp_ros2_basic/gcamp_gazebo) by extensions ['ignore', 'ignore_ament_install']
[0.151s] Level 1:colcon.colcon_core.package_identification:_identify(src/gcamp_ros2_basic/gcamp_gazebo) by extension 'ignore'
[0.151s] Level 1:colcon.colcon_core.package_identification:_identify(src/gcamp_ros2_basic/gcamp_gazebo) by extension 'ignore_ament_install'
[0.151s] Level 1:colcon.colcon_core.package_identification:_identify(src/gcamp_ros2_basic/gcamp_gazebo) by extensions ['colcon_pkg']
[0.151s] Level 1:colcon.colcon_core.package_identification:_identify(src/gcamp_ros2_basic/gcamp_gazebo) by extension 'colcon_pkg'
[0.151s] Level 1:colcon.colcon_core.package_identification:_identify(src/gcamp_ros2_basic/gcamp_gazebo) by extensions ['colcon_meta']
[0.151s] Level 1:colcon.colcon_core.package_identification:_identify(src/gcamp_ros2_basic/gcamp_gazebo) by extension 'colcon_meta'
[0.151s] Level 1:colcon.colcon_core.package_identification:_identify(src/gcamp_ros2_basic/gcamp_gazebo) by extensions ['ros']
[0.151s] Level 1:colcon.colcon_core.package_identification:_identify(src/gcamp_ros2_basic/gcamp_gazebo) by extension 'ros'
[0.152s] DEBUG:colcon.colcon_core.package_identification:Package 'src/gcamp_ros2_basic/gcamp_gazebo' with type 'ros.ament_cmake' and name 'gcamp_gazebo'
[0.152s] Level 1:colcon.colcon_core.package_identification:_identify(src/gcamp_ros2_basic/image) by extensions ['ignore', 'ignore_ament_install']
[0.152s] Level 1:colcon.colcon_core.package_identification:_identify(src/gcamp_ros2_basic/image) by extension 'ignore'
[0.152s] Level 1:colcon.colcon_core.package_identification:_identify(src/gcamp_ros2_basic/image) by extension 'ignore_ament_install'
[0.152s] Level 1:colcon.colcon_core.package_identification:_identify(src/gcamp_ros2_basic/image) by extensions ['colcon_pkg']
[0.152s] Level 1:colcon.colcon_core.package_identification:_identify(src/gcamp_ros2_basic/image) by extension 'colcon_pkg'
[0.152s] Level 1:colcon.colcon_core.package_identification:_identify(src/gcamp_ros2_basic/image) by extensions ['colcon_meta']
[0.152s] Level 1:colcon.colcon_core.package_identification:_identify(src/gcamp_ros2_basic/image) by extension 'colcon_meta'
[0.152s] Level 1:colcon.colcon_core.package_identification:_identify(src/gcamp_ros2_basic/image) by extensions ['ros']
[0.152s] Level 1:colcon.colcon_core.package_identification:_identify(src/gcamp_ros2_basic/image) by extension 'ros'
[0.152s] Level 1:colcon.colcon_core.package_identification:_identify(src/gcamp_ros2_basic/image) by extensions ['cmake', 'python']
[0.152s] Level 1:colcon.colcon_core.package_identification:_identify(src/gcamp_ros2_basic/image) by extension 'cmake'
[0.152s] Level 1:colcon.colcon_core.package_identification:_identify(src/gcamp_ros2_basic/image) by extension 'python'
[0.152s] Level 1:colcon.colcon_core.package_identification:_identify(src/gcamp_ros2_basic/image) by extensions ['python_setup_py']
[0.152s] Level 1:colcon.colcon_core.package_identification:_identify(src/gcamp_ros2_basic/image) by extension 'python_setup_py'
[0.152s] Level 1:colcon.colcon_core.package_identification:_identify(src/gcamp_ros2_basic/py_action_pkg) by extensions ['ignore', 'ignore_ament_install']
[0.152s] Level 1:colcon.colcon_core.package_identification:_identify(src/gcamp_ros2_basic/py_action_pkg) by extension 'ignore'
[0.152s] Level 1:colcon.colcon_core.package_identification:_identify(src/gcamp_ros2_basic/py_action_pkg) by extension 'ignore_ament_install'
[0.153s] Level 1:colcon.colcon_core.package_identification:_identify(src/gcamp_ros2_basic/py_action_pkg) by extensions ['colcon_pkg']
[0.153s] Level 1:colcon.colcon_core.package_identification:_identify(src/gcamp_ros2_basic/py_action_pkg) by extension 'colcon_pkg'
[0.153s] Level 1:colcon.colcon_core.package_identification:_identify(src/gcamp_ros2_basic/py_action_pkg) by extensions ['colcon_meta']
[0.153s] Level 1:colcon.colcon_core.package_identification:_identify(src/gcamp_ros2_basic/py_action_pkg) by extension 'colcon_meta'
[0.153s] Level 1:colcon.colcon_core.package_identification:_identify(src/gcamp_ros2_basic/py_action_pkg) by extensions ['ros']
[0.153s] Level 1:colcon.colcon_core.package_identification:_identify(src/gcamp_ros2_basic/py_action_pkg) by extension 'ros'
[0.153s] DEBUG:colcon.colcon_core.package_identification:Package 'src/gcamp_ros2_basic/py_action_pkg' with type 'ros.ament_python' and name 'py_action_pkg'
[0.153s] Level 1:colcon.colcon_core.package_identification:_identify(src/gcamp_ros2_basic/py_first_pkg) by extensions ['ignore', 'ignore_ament_install']
[0.154s] Level 1:colcon.colcon_core.package_identification:_identify(src/gcamp_ros2_basic/py_first_pkg) by extension 'ignore'
[0.154s] Level 1:colcon.colcon_core.package_identification:_identify(src/gcamp_ros2_basic/py_first_pkg) by extension 'ignore_ament_install'
[0.154s] Level 1:colcon.colcon_core.package_identification:_identify(src/gcamp_ros2_basic/py_first_pkg) by extensions ['colcon_pkg']
[0.154s] Level 1:colcon.colcon_core.package_identification:_identify(src/gcamp_ros2_basic/py_first_pkg) by extension 'colcon_pkg'
[0.154s] Level 1:colcon.colcon_core.package_identification:_identify(src/gcamp_ros2_basic/py_first_pkg) by extensions ['colcon_meta']
[0.154s] Level 1:colcon.colcon_core.package_identification:_identify(src/gcamp_ros2_basic/py_first_pkg) by extension 'colcon_meta'
[0.154s] Level 1:colcon.colcon_core.package_identification:_identify(src/gcamp_ros2_basic/py_first_pkg) by extensions ['ros']
[0.154s] Level 1:colcon.colcon_core.package_identification:_identify(src/gcamp_ros2_basic/py_first_pkg) by extension 'ros'
[0.154s] DEBUG:colcon.colcon_core.package_identification:Package 'src/gcamp_ros2_basic/py_first_pkg' with type 'ros.ament_python' and name 'py_first_pkg'
[0.154s] Level 1:colcon.colcon_core.package_identification:_identify(src/gcamp_ros2_basic/py_service_pkg) by extensions ['ignore', 'ignore_ament_install']
[0.154s] Level 1:colcon.colcon_core.package_identification:_identify(src/gcamp_ros2_basic/py_service_pkg) by extension 'ignore'
[0.154s] Level 1:colcon.colcon_core.package_identification:_identify(src/gcamp_ros2_basic/py_service_pkg) by extension 'ignore_ament_install'
[0.154s] Level 1:colcon.colcon_core.package_identification:_identify(src/gcamp_ros2_basic/py_service_pkg) by extensions ['colcon_pkg']
[0.154s] Level 1:colcon.colcon_core.package_identification:_identify(src/gcamp_ros2_basic/py_service_pkg) by extension 'colcon_pkg'
[0.154s] Level 1:colcon.colcon_core.package_identification:_identify(src/gcamp_ros2_basic/py_service_pkg) by extensions ['colcon_meta']
[0.154s] Level 1:colcon.colcon_core.package_identification:_identify(src/gcamp_ros2_basic/py_service_pkg) by extension 'colcon_meta'
[0.154s] Level 1:colcon.colcon_core.package_identification:_identify(src/gcamp_ros2_basic/py_service_pkg) by extensions ['ros']
[0.154s] Level 1:colcon.colcon_core.package_identification:_identify(src/gcamp_ros2_basic/py_service_pkg) by extension 'ros'
[0.155s] DEBUG:colcon.colcon_core.package_identification:Package 'src/gcamp_ros2_basic/py_service_pkg' with type 'ros.ament_python' and name 'py_service_pkg'
[0.155s] Level 1:colcon.colcon_core.package_identification:_identify(src/gcamp_ros2_basic/py_topic_pkg) by extensions ['ignore', 'ignore_ament_install']
[0.155s] Level 1:colcon.colcon_core.package_identification:_identify(src/gcamp_ros2_basic/py_topic_pkg) by extension 'ignore'
[0.155s] Level 1:colcon.colcon_core.package_identification:_identify(src/gcamp_ros2_basic/py_topic_pkg) by extension 'ignore_ament_install'
[0.155s] Level 1:colcon.colcon_core.package_identification:_identify(src/gcamp_ros2_basic/py_topic_pkg) by extensions ['colcon_pkg']
[0.155s] Level 1:colcon.colcon_core.package_identification:_identify(src/gcamp_ros2_basic/py_topic_pkg) by extension 'colcon_pkg'
[0.155s] Level 1:colcon.colcon_core.package_identification:_identify(src/gcamp_ros2_basic/py_topic_pkg) by extensions ['colcon_meta']
[0.155s] Level 1:colcon.colcon_core.package_identification:_identify(src/gcamp_ros2_basic/py_topic_pkg) by extension 'colcon_meta'
[0.155s] Level 1:colcon.colcon_core.package_identification:_identify(src/gcamp_ros2_basic/py_topic_pkg) by extensions ['ros']
[0.155s] Level 1:colcon.colcon_core.package_identification:_identify(src/gcamp_ros2_basic/py_topic_pkg) by extension 'ros'
[0.156s] DEBUG:colcon.colcon_core.package_identification:Package 'src/gcamp_ros2_basic/py_topic_pkg' with type 'ros.ament_python' and name 'py_topic_pkg'
[0.156s] Level 1:colcon.colcon_core.package_identification:_identify(src/slam_gmapping) by extensions ['ignore', 'ignore_ament_install']
[0.156s] Level 1:colcon.colcon_core.package_identification:_identify(src/slam_gmapping) by extension 'ignore'
[0.156s] Level 1:colcon.colcon_core.package_identification:_identify(src/slam_gmapping) by extension 'ignore_ament_install'
[0.156s] Level 1:colcon.colcon_core.package_identification:_identify(src/slam_gmapping) by extensions ['colcon_pkg']
[0.156s] Level 1:colcon.colcon_core.package_identification:_identify(src/slam_gmapping) by extension 'colcon_pkg'
[0.156s] Level 1:colcon.colcon_core.package_identification:_identify(src/slam_gmapping) by extensions ['colcon_meta']
[0.156s] Level 1:colcon.colcon_core.package_identification:_identify(src/slam_gmapping) by extension 'colcon_meta'
[0.156s] Level 1:colcon.colcon_core.package_identification:_identify(src/slam_gmapping) by extensions ['ros']
[0.156s] Level 1:colcon.colcon_core.package_identification:_identify(src/slam_gmapping) by extension 'ros'
[0.156s] Level 1:colcon.colcon_core.package_identification:_identify(src/slam_gmapping) by extensions ['cmake', 'python']
[0.156s] Level 1:colcon.colcon_core.package_identification:_identify(src/slam_gmapping) by extension 'cmake'
[0.156s] Level 1:colcon.colcon_core.package_identification:_identify(src/slam_gmapping) by extension 'python'
[0.156s] Level 1:colcon.colcon_core.package_identification:_identify(src/slam_gmapping) by extensions ['python_setup_py']
[0.156s] Level 1:colcon.colcon_core.package_identification:_identify(src/slam_gmapping) by extension 'python_setup_py'
[0.156s] Level 1:colcon.colcon_core.package_identification:_identify(src/slam_gmapping/openslam_gmapping) by extensions ['ignore', 'ignore_ament_install']
[0.156s] Level 1:colcon.colcon_core.package_identification:_identify(src/slam_gmapping/openslam_gmapping) by extension 'ignore'
[0.156s] Level 1:colcon.colcon_core.package_identification:_identify(src/slam_gmapping/openslam_gmapping) by extension 'ignore_ament_install'
[0.156s] Level 1:colcon.colcon_core.package_identification:_identify(src/slam_gmapping/openslam_gmapping) by extensions ['colcon_pkg']
[0.156s] Level 1:colcon.colcon_core.package_identification:_identify(src/slam_gmapping/openslam_gmapping) by extension 'colcon_pkg'
[0.157s] Level 1:colcon.colcon_core.package_identification:_identify(src/slam_gmapping/openslam_gmapping) by extensions ['colcon_meta']
[0.157s] Level 1:colcon.colcon_core.package_identification:_identify(src/slam_gmapping/openslam_gmapping) by extension 'colcon_meta'
[0.157s] Level 1:colcon.colcon_core.package_identification:_identify(src/slam_gmapping/openslam_gmapping) by extensions ['ros']
[0.157s] Level 1:colcon.colcon_core.package_identification:_identify(src/slam_gmapping/openslam_gmapping) by extension 'ros'
[0.157s] DEBUG:colcon.colcon_core.package_identification:Package 'src/slam_gmapping/openslam_gmapping' with type 'ros.ament_cmake' and name 'openslam_gmapping'
[0.157s] Level 1:colcon.colcon_core.package_identification:_identify(src/slam_gmapping/slam_gmapping) by extensions ['ignore', 'ignore_ament_install']
[0.157s] Level 1:colcon.colcon_core.package_identification:_identify(src/slam_gmapping/slam_gmapping) by extension 'ignore'
[0.157s] Level 1:colcon.colcon_core.package_identification:_identify(src/slam_gmapping/slam_gmapping) by extension 'ignore_ament_install'
[0.157s] Level 1:colcon.colcon_core.package_identification:_identify(src/slam_gmapping/slam_gmapping) by extensions ['colcon_pkg']
[0.157s] Level 1:colcon.colcon_core.package_identification:_identify(src/slam_gmapping/slam_gmapping) by extension 'colcon_pkg'
[0.157s] Level 1:colcon.colcon_core.package_identification:_identify(src/slam_gmapping/slam_gmapping) by extensions ['colcon_meta']
[0.157s] Level 1:colcon.colcon_core.package_identification:_identify(src/slam_gmapping/slam_gmapping) by extension 'colcon_meta'
[0.157s] Level 1:colcon.colcon_core.package_identification:_identify(src/slam_gmapping/slam_gmapping) by extensions ['ros']
[0.157s] Level 1:colcon.colcon_core.package_identification:_identify(src/slam_gmapping/slam_gmapping) by extension 'ros'
[0.158s] DEBUG:colcon.colcon_core.package_identification:Package 'src/slam_gmapping/slam_gmapping' with type 'ros.ament_cmake' and name 'slam_gmapping'
[0.158s] Level 1:colcon.colcon_core.package_discovery:discover_packages(recursive) using defaults
[0.158s] Level 1:colcon.colcon_core.package_discovery:discover_packages(ignore) discover
[0.158s] Level 1:colcon.colcon_core.package_discovery:discover_packages(ignore) using defaults
[0.158s] Level 1:colcon.colcon_core.package_discovery:discover_packages(path) discover
[0.158s] Level 1:colcon.colcon_core.package_discovery:discover_packages(path) using defaults
[0.175s] Level 1:colcon.colcon_core.package_discovery:discover_packages(prefix_path) check parameters
[0.175s] Level 1:colcon.colcon_core.package_discovery:discover_packages(prefix_path) discover
[0.178s] DEBUG:colcon.colcon_installed_package_information.package_discovery:Found 14 installed packages in /home/sangjun/gcamp_ros2_ws/install
[0.179s] DEBUG:colcon.colcon_installed_package_information.package_discovery:Found 307 installed packages in /opt/ros/foxy
[0.181s] Level 1:colcon.colcon_core.package_discovery:discover_packages(prefix_path) using defaults
[0.235s] Level 5:colcon.colcon_core.verb:set package 'cpp_first_pkg' build argument 'cmake_args' from command line to 'None'
[0.235s] Level 5:colcon.colcon_core.verb:set package 'cpp_first_pkg' build argument 'cmake_target' from command line to 'None'
[0.235s] Level 5:colcon.colcon_core.verb:set package 'cpp_first_pkg' build argument 'cmake_target_skip_unavailable' from command line to 'False'
[0.235s] Level 5:colcon.colcon_core.verb:set package 'cpp_first_pkg' build argument 'cmake_clean_cache' from command line to 'False'
[0.235s] Level 5:colcon.colcon_core.verb:set package 'cpp_first_pkg' build argument 'cmake_clean_first' from command line to 'False'
[0.235s] Level 5:colcon.colcon_core.verb:set package 'cpp_first_pkg' build argument 'cmake_force_configure' from command line to 'False'
[0.235s] Level 5:colcon.colcon_core.verb:set package 'cpp_first_pkg' build argument 'ament_cmake_args' from command line to 'None'
[0.235s] Level 5:colcon.colcon_core.verb:set package 'cpp_first_pkg' build argument 'catkin_cmake_args' from command line to 'None'
[0.235s] Level 5:colcon.colcon_core.verb:set package 'cpp_first_pkg' build argument 'catkin_skip_building_tests' from command line to 'False'
[0.236s] DEBUG:colcon.colcon_core.verb:Building package 'cpp_first_pkg' with the following arguments: {'ament_cmake_args': None, 'build_base': '/home/sangjun/gcamp_ros2_ws/build/cpp_first_pkg', 'catkin_cmake_args': None, 'catkin_skip_building_tests': False, 'cmake_args': None, 'cmake_clean_cache': False, 'cmake_clean_first': False, 'cmake_force_configure': False, 'cmake_target': None, 'cmake_target_skip_unavailable': False, 'install_base': '/home/sangjun/gcamp_ros2_ws/install/cpp_first_pkg', 'merge_install': False, 'path': '/home/sangjun/gcamp_ros2_ws/src/gcamp_ros2_basic/cpp_first_pkg', 'symlink_install': True, 'test_result_base': None}
[0.236s] Level 5:colcon.colcon_core.verb:set package 'cpp_param_pkg' build argument 'cmake_args' from command line to 'None'
[0.236s] Level 5:colcon.colcon_core.verb:set package 'cpp_param_pkg' build argument 'cmake_target' from command line to 'None'
[0.236s] Level 5:colcon.colcon_core.verb:set package 'cpp_param_pkg' build argument 'cmake_target_skip_unavailable' from command line to 'False'
[0.236s] Level 5:colcon.colcon_core.verb:set package 'cpp_param_pkg' build argument 'cmake_clean_cache' from command line to 'False'
[0.236s] Level 5:colcon.colcon_core.verb:set package 'cpp_param_pkg' build argument 'cmake_clean_first' from command line to 'False'
[0.236s] Level 5:colcon.colcon_core.verb:set package 'cpp_param_pkg' build argument 'cmake_force_configure' from command line to 'False'
[0.236s] Level 5:colcon.colcon_core.verb:set package 'cpp_param_pkg' build argument 'ament_cmake_args' from command line to 'None'
[0.236s] Level 5:colcon.colcon_core.verb:set package 'cpp_param_pkg' build argument 'catkin_cmake_args' from command line to 'None'
[0.236s] Level 5:colcon.colcon_core.verb:set package 'cpp_param_pkg' build argument 'catkin_skip_building_tests' from command line to 'False'
[0.236s] DEBUG:colcon.colcon_core.verb:Building package 'cpp_param_pkg' with the following arguments: {'ament_cmake_args': None, 'build_base': '/home/sangjun/gcamp_ros2_ws/build/cpp_param_pkg', 'catkin_cmake_args': None, 'catkin_skip_building_tests': False, 'cmake_args': None, 'cmake_clean_cache': False, 'cmake_clean_first': False, 'cmake_force_configure': False, 'cmake_target': None, 'cmake_target_skip_unavailable': False, 'install_base': '/home/sangjun/gcamp_ros2_ws/install/cpp_param_pkg', 'merge_install': False, 'path': '/home/sangjun/gcamp_ros2_ws/src/gcamp_ros2_basic/cpp_param_pkg', 'symlink_install': True, 'test_result_base': None}
[0.237s] Level 5:colcon.colcon_core.verb:set package 'cpp_service_tutorial' build argument 'cmake_args' from command line to 'None'
[0.237s] Level 5:colcon.colcon_core.verb:set package 'cpp_service_tutorial' build argument 'cmake_target' from command line to 'None'
[0.237s] Level 5:colcon.colcon_core.verb:set package 'cpp_service_tutorial' build argument 'cmake_target_skip_unavailable' from command line to 'False'
[0.237s] Level 5:colcon.colcon_core.verb:set package 'cpp_service_tutorial' build argument 'cmake_clean_cache' from command line to 'False'
[0.237s] Level 5:colcon.colcon_core.verb:set package 'cpp_service_tutorial' build argument 'cmake_clean_first' from command line to 'False'
[0.237s] Level 5:colcon.colcon_core.verb:set package 'cpp_service_tutorial' build argument 'cmake_force_configure' from command line to 'False'
[0.237s] Level 5:colcon.colcon_core.verb:set package 'cpp_service_tutorial' build argument 'ament_cmake_args' from command line to 'None'
[0.237s] Level 5:colcon.colcon_core.verb:set package 'cpp_service_tutorial' build argument 'catkin_cmake_args' from command line to 'None'
[0.237s] Level 5:colcon.colcon_core.verb:set package 'cpp_service_tutorial' build argument 'catkin_skip_building_tests' from command line to 'False'
[0.237s] DEBUG:colcon.colcon_core.verb:Building package 'cpp_service_tutorial' with the following arguments: {'ament_cmake_args': None, 'build_base': '/home/sangjun/gcamp_ros2_ws/build/cpp_service_tutorial', 'catkin_cmake_args': None, 'catkin_skip_building_tests': False, 'cmake_args': None, 'cmake_clean_cache': False, 'cmake_clean_first': False, 'cmake_force_configure': False, 'cmake_target': None, 'cmake_target_skip_unavailable': False, 'install_base': '/home/sangjun/gcamp_ros2_ws/install/cpp_service_tutorial', 'merge_install': False, 'path': '/home/sangjun/gcamp_ros2_ws/src/gcamp_ros2_basic/cpp_service_tutorial', 'symlink_install': True, 'test_result_base': None}
[0.238s] Level 5:colcon.colcon_core.verb:set package 'cpp_topic_pkg' build argument 'cmake_args' from command line to 'None'
[0.238s] Level 5:colcon.colcon_core.verb:set package 'cpp_topic_pkg' build argument 'cmake_target' from command line to 'None'
[0.238s] Level 5:colcon.colcon_core.verb:set package 'cpp_topic_pkg' build argument 'cmake_target_skip_unavailable' from command line to 'False'
[0.238s] Level 5:colcon.colcon_core.verb:set package 'cpp_topic_pkg' build argument 'cmake_clean_cache' from command line to 'False'
[0.238s] Level 5:colcon.colcon_core.verb:set package 'cpp_topic_pkg' build argument 'cmake_clean_first' from command line to 'False'
[0.238s] Level 5:colcon.colcon_core.verb:set package 'cpp_topic_pkg' build argument 'cmake_force_configure' from command line to 'False'
[0.238s] Level 5:colcon.colcon_core.verb:set package 'cpp_topic_pkg' build argument 'ament_cmake_args' from command line to 'None'
[0.238s] Level 5:colcon.colcon_core.verb:set package 'cpp_topic_pkg' build argument 'catkin_cmake_args' from command line to 'None'
[0.238s] Level 5:colcon.colcon_core.verb:set package 'cpp_topic_pkg' build argument 'catkin_skip_building_tests' from command line to 'False'
[0.238s] DEBUG:colcon.colcon_core.verb:Building package 'cpp_topic_pkg' with the following arguments: {'ament_cmake_args': None, 'build_base': '/home/sangjun/gcamp_ros2_ws/build/cpp_topic_pkg', 'catkin_cmake_args': None, 'catkin_skip_building_tests': False, 'cmake_args': None, 'cmake_clean_cache': False, 'cmake_clean_first': False, 'cmake_force_configure': False, 'cmake_target': None, 'cmake_target_skip_unavailable': False, 'install_base': '/home/sangjun/gcamp_ros2_ws/install/cpp_topic_pkg', 'merge_install': False, 'path': '/home/sangjun/gcamp_ros2_ws/src/gcamp_ros2_basic/cpp_topic_pkg', 'symlink_install': True, 'test_result_base': None}
[0.239s] Level 5:colcon.colcon_core.verb:set package 'custom_interfaces' build argument 'cmake_args' from command line to 'None'
[0.239s] Level 5:colcon.colcon_core.verb:set package 'custom_interfaces' build argument 'cmake_target' from command line to 'None'
[0.239s] Level 5:colcon.colcon_core.verb:set package 'custom_interfaces' build argument 'cmake_target_skip_unavailable' from command line to 'False'
[0.239s] Level 5:colcon.colcon_core.verb:set package 'custom_interfaces' build argument 'cmake_clean_cache' from command line to 'False'
[0.239s] Level 5:colcon.colcon_core.verb:set package 'custom_interfaces' build argument 'cmake_clean_first' from command line to 'False'
[0.239s] Level 5:colcon.colcon_core.verb:set package 'custom_interfaces' build argument 'cmake_force_configure' from command line to 'False'
[0.239s] Level 5:colcon.colcon_core.verb:set package 'custom_interfaces' build argument 'ament_cmake_args' from command line to 'None'
[0.239s] Level 5:colcon.colcon_core.verb:set package 'custom_interfaces' build argument 'catkin_cmake_args' from command line to 'None'
[0.239s] Level 5:colcon.colcon_core.verb:set package 'custom_interfaces' build argument 'catkin_skip_building_tests' from command line to 'False'
[0.239s] DEBUG:colcon.colcon_core.verb:Building package 'custom_interfaces' with the following arguments: {'ament_cmake_args': None, 'build_base': '/home/sangjun/gcamp_ros2_ws/build/custom_interfaces', 'catkin_cmake_args': None, 'catkin_skip_building_tests': False, 'cmake_args': None, 'cmake_clean_cache': False, 'cmake_clean_first': False, 'cmake_force_configure': False, 'cmake_target': None, 'cmake_target_skip_unavailable': False, 'install_base': '/home/sangjun/gcamp_ros2_ws/install/custom_interfaces', 'merge_install': False, 'path': '/home/sangjun/gcamp_ros2_ws/src/gcamp_ros2_basic/custom_interfaces', 'symlink_install': True, 'test_result_base': None}
[0.240s] Level 5:colcon.colcon_core.verb:set package 'gcamp_gazebo' build argument 'cmake_args' from command line to 'None'
[0.240s] Level 5:colcon.colcon_core.verb:set package 'gcamp_gazebo' build argument 'cmake_target' from command line to 'None'
[0.240s] Level 5:colcon.colcon_core.verb:set package 'gcamp_gazebo' build argument 'cmake_target_skip_unavailable' from command line to 'False'
[0.240s] Level 5:colcon.colcon_core.verb:set package 'gcamp_gazebo' build argument 'cmake_clean_cache' from command line to 'False'
[0.240s] Level 5:colcon.colcon_core.verb:set package 'gcamp_gazebo' build argument 'cmake_clean_first' from command line to 'False'
[0.240s] Level 5:colcon.colcon_core.verb:set package 'gcamp_gazebo' build argument 'cmake_force_configure' from command line to 'False'
[0.240s] Level 5:colcon.colcon_core.verb:set package 'gcamp_gazebo' build argument 'ament_cmake_args' from command line to 'None'
[0.240s] Level 5:colcon.colcon_core.verb:set package 'gcamp_gazebo' build argument 'catkin_cmake_args' from command line to 'None'
[0.240s] Level 5:colcon.colcon_core.verb:set package 'gcamp_gazebo' build argument 'catkin_skip_building_tests' from command line to 'False'
[0.240s] DEBUG:colcon.colcon_core.verb:Building package 'gcamp_gazebo' with the following arguments: {'ament_cmake_args': None, 'build_base': '/home/sangjun/gcamp_ros2_ws/build/gcamp_gazebo', 'catkin_cmake_args': None, 'catkin_skip_building_tests': False, 'cmake_args': None, 'cmake_clean_cache': False, 'cmake_clean_first': False, 'cmake_force_configure': False, 'cmake_target': None, 'cmake_target_skip_unavailable': False, 'install_base': '/home/sangjun/gcamp_ros2_ws/install/gcamp_gazebo', 'merge_install': False, 'path': '/home/sangjun/gcamp_ros2_ws/src/gcamp_ros2_basic/gcamp_gazebo', 'symlink_install': True, 'test_result_base': None}
[0.241s] Level 5:colcon.colcon_core.verb:set package 'openslam_gmapping' build argument 'cmake_args' from command line to 'None'
[0.241s] Level 5:colcon.colcon_core.verb:set package 'openslam_gmapping' build argument 'cmake_target' from command line to 'None'
[0.241s] Level 5:colcon.colcon_core.verb:set package 'openslam_gmapping' build argument 'cmake_target_skip_unavailable' from command line to 'False'
[0.241s] Level 5:colcon.colcon_core.verb:set package 'openslam_gmapping' build argument 'cmake_clean_cache' from command line to 'False'
[0.241s] Level 5:colcon.colcon_core.verb:set package 'openslam_gmapping' build argument 'cmake_clean_first' from command line to 'False'
[0.241s] Level 5:colcon.colcon_core.verb:set package 'openslam_gmapping' build argument 'cmake_force_configure' from command line to 'False'
[0.241s] Level 5:colcon.colcon_core.verb:set package 'openslam_gmapping' build argument 'ament_cmake_args' from command line to 'None'
[0.241s] Level 5:colcon.colcon_core.verb:set package 'openslam_gmapping' build argument 'catkin_cmake_args' from command line to 'None'
[0.241s] Level 5:colcon.colcon_core.verb:set package 'openslam_gmapping' build argument 'catkin_skip_building_tests' from command line to 'False'
[0.241s] DEBUG:colcon.colcon_core.verb:Building package 'openslam_gmapping' with the following arguments: {'ament_cmake_args': None, 'build_base': '/home/sangjun/gcamp_ros2_ws/build/openslam_gmapping', 'catkin_cmake_args': None, 'catkin_skip_building_tests': False, 'cmake_args': None, 'cmake_clean_cache': False, 'cmake_clean_first': False, 'cmake_force_configure': False, 'cmake_target': None, 'cmake_target_skip_unavailable': False, 'install_base': '/home/sangjun/gcamp_ros2_ws/install/openslam_gmapping', 'merge_install': False, 'path': '/home/sangjun/gcamp_ros2_ws/src/slam_gmapping/openslam_gmapping', 'symlink_install': True, 'test_result_base': None}
[0.242s] Level 5:colcon.colcon_core.verb:set package 'py_first_pkg' build argument 'cmake_args' from command line to 'None'
[0.242s] Level 5:colcon.colcon_core.verb:set package 'py_first_pkg' build argument 'cmake_target' from command line to 'None'
[0.242s] Level 5:colcon.colcon_core.verb:set package 'py_first_pkg' build argument 'cmake_target_skip_unavailable' from command line to 'False'
[0.242s] Level 5:colcon.colcon_core.verb:set package 'py_first_pkg' build argument 'cmake_clean_cache' from command line to 'False'
[0.242s] Level 5:colcon.colcon_core.verb:set package 'py_first_pkg' build argument 'cmake_clean_first' from command line to 'False'
[0.242s] Level 5:colcon.colcon_core.verb:set package 'py_first_pkg' build argument 'cmake_force_configure' from command line to 'False'
[0.242s] Level 5:colcon.colcon_core.verb:set package 'py_first_pkg' build argument 'ament_cmake_args' from command line to 'None'
[0.242s] Level 5:colcon.colcon_core.verb:set package 'py_first_pkg' build argument 'catkin_cmake_args' from command line to 'None'
[0.242s] Level 5:colcon.colcon_core.verb:set package 'py_first_pkg' build argument 'catkin_skip_building_tests' from command line to 'False'
[0.242s] DEBUG:colcon.colcon_core.verb:Building package 'py_first_pkg' with the following arguments: {'ament_cmake_args': None, 'build_base': '/home/sangjun/gcamp_ros2_ws/build/py_first_pkg', 'catkin_cmake_args': None, 'catkin_skip_building_tests': False, 'cmake_args': None, 'cmake_clean_cache': False, 'cmake_clean_first': False, 'cmake_force_configure': False, 'cmake_target': None, 'cmake_target_skip_unavailable': False, 'install_base': '/home/sangjun/gcamp_ros2_ws/install/py_first_pkg', 'merge_install': False, 'path': '/home/sangjun/gcamp_ros2_ws/src/gcamp_ros2_basic/py_first_pkg', 'symlink_install': True, 'test_result_base': None}
[0.242s] Level 5:colcon.colcon_core.verb:set package 'py_topic_pkg' build argument 'cmake_args' from command line to 'None'
[0.242s] Level 5:colcon.colcon_core.verb:set package 'py_topic_pkg' build argument 'cmake_target' from command line to 'None'
[0.242s] Level 5:colcon.colcon_core.verb:set package 'py_topic_pkg' build argument 'cmake_target_skip_unavailable' from command line to 'False'
[0.242s] Level 5:colcon.colcon_core.verb:set package 'py_topic_pkg' build argument 'cmake_clean_cache' from command line to 'False'
[0.242s] Level 5:colcon.colcon_core.verb:set package 'py_topic_pkg' build argument 'cmake_clean_first' from command line to 'False'
[0.242s] Level 5:colcon.colcon_core.verb:set package 'py_topic_pkg' build argument 'cmake_force_configure' from command line to 'False'
[0.243s] Level 5:colcon.colcon_core.verb:set package 'py_topic_pkg' build argument 'ament_cmake_args' from command line to 'None'
[0.243s] Level 5:colcon.colcon_core.verb:set package 'py_topic_pkg' build argument 'catkin_cmake_args' from command line to 'None'
[0.243s] Level 5:colcon.colcon_core.verb:set package 'py_topic_pkg' build argument 'catkin_skip_building_tests' from command line to 'False'
[0.243s] DEBUG:colcon.colcon_core.verb:Building package 'py_topic_pkg' with the following arguments: {'ament_cmake_args': None, 'build_base': '/home/sangjun/gcamp_ros2_ws/build/py_topic_pkg', 'catkin_cmake_args': None, 'catkin_skip_building_tests': False, 'cmake_args': None, 'cmake_clean_cache': False, 'cmake_clean_first': False, 'cmake_force_configure': False, 'cmake_target': None, 'cmake_target_skip_unavailable': False, 'install_base': '/home/sangjun/gcamp_ros2_ws/install/py_topic_pkg', 'merge_install': False, 'path': '/home/sangjun/gcamp_ros2_ws/src/gcamp_ros2_basic/py_topic_pkg', 'symlink_install': True, 'test_result_base': None}
[0.243s] Level 5:colcon.colcon_core.verb:set package 'cpp_action_pkg' build argument 'cmake_args' from command line to 'None'
[0.243s] Level 5:colcon.colcon_core.verb:set package 'cpp_action_pkg' build argument 'cmake_target' from command line to 'None'
[0.243s] Level 5:colcon.colcon_core.verb:set package 'cpp_action_pkg' build argument 'cmake_target_skip_unavailable' from command line to 'False'
[0.243s] Level 5:colcon.colcon_core.verb:set package 'cpp_action_pkg' build argument 'cmake_clean_cache' from command line to 'False'
[0.243s] Level 5:colcon.colcon_core.verb:set package 'cpp_action_pkg' build argument 'cmake_clean_first' from command line to 'False'
[0.243s] Level 5:colcon.colcon_core.verb:set package 'cpp_action_pkg' build argument 'cmake_force_configure' from command line to 'False'
[0.243s] Level 5:colcon.colcon_core.verb:set package 'cpp_action_pkg' build argument 'ament_cmake_args' from command line to 'None'
[0.243s] Level 5:colcon.colcon_core.verb:set package 'cpp_action_pkg' build argument 'catkin_cmake_args' from command line to 'None'
[0.243s] Level 5:colcon.colcon_core.verb:set package 'cpp_action_pkg' build argument 'catkin_skip_building_tests' from command line to 'False'
[0.243s] DEBUG:colcon.colcon_core.verb:Building package 'cpp_action_pkg' with the following arguments: {'ament_cmake_args': None, 'build_base': '/home/sangjun/gcamp_ros2_ws/build/cpp_action_pkg', 'catkin_cmake_args': None, 'catkin_skip_building_tests': False, 'cmake_args': None, 'cmake_clean_cache': False, 'cmake_clean_first': False, 'cmake_force_configure': False, 'cmake_target': None, 'cmake_target_skip_unavailable': False, 'install_base': '/home/sangjun/gcamp_ros2_ws/install/cpp_action_pkg', 'merge_install': False, 'path': '/home/sangjun/gcamp_ros2_ws/src/gcamp_ros2_basic/cpp_action_pkg', 'symlink_install': True, 'test_result_base': None}
[0.244s] Level 5:colcon.colcon_core.verb:set package 'cpp_service_pkg' build argument 'cmake_args' from command line to 'None'
[0.244s] Level 5:colcon.colcon_core.verb:set package 'cpp_service_pkg' build argument 'cmake_target' from command line to 'None'
[0.244s] Level 5:colcon.colcon_core.verb:set package 'cpp_service_pkg' build argument 'cmake_target_skip_unavailable' from command line to 'False'
[0.244s] Level 5:colcon.colcon_core.verb:set package 'cpp_service_pkg' build argument 'cmake_clean_cache' from command line to 'False'
[0.244s] Level 5:colcon.colcon_core.verb:set package 'cpp_service_pkg' build argument 'cmake_clean_first' from command line to 'False'
[0.244s] Level 5:colcon.colcon_core.verb:set package 'cpp_service_pkg' build argument 'cmake_force_configure' from command line to 'False'
[0.244s] Level 5:colcon.colcon_core.verb:set package 'cpp_service_pkg' build argument 'ament_cmake_args' from command line to 'None'
[0.244s] Level 5:colcon.colcon_core.verb:set package 'cpp_service_pkg' build argument 'catkin_cmake_args' from command line to 'None'
[0.244s] Level 5:colcon.colcon_core.verb:set package 'cpp_service_pkg' build argument 'catkin_skip_building_tests' from command line to 'False'
[0.244s] DEBUG:colcon.colcon_core.verb:Building package 'cpp_service_pkg' with the following arguments: {'ament_cmake_args': None, 'build_base': '/home/sangjun/gcamp_ros2_ws/build/cpp_service_pkg', 'catkin_cmake_args': None, 'catkin_skip_building_tests': False, 'cmake_args': None, 'cmake_clean_cache': False, 'cmake_clean_first': False, 'cmake_force_configure': False, 'cmake_target': None, 'cmake_target_skip_unavailable': False, 'install_base': '/home/sangjun/gcamp_ros2_ws/install/cpp_service_pkg', 'merge_install': False, 'path': '/home/sangjun/gcamp_ros2_ws/src/gcamp_ros2_basic/cpp_service_pkg', 'symlink_install': True, 'test_result_base': None}
[0.245s] Level 5:colcon.colcon_core.verb:set package 'py_action_pkg' build argument 'cmake_args' from command line to 'None'
[0.245s] Level 5:colcon.colcon_core.verb:set package 'py_action_pkg' build argument 'cmake_target' from command line to 'None'
[0.245s] Level 5:colcon.colcon_core.verb:set package 'py_action_pkg' build argument 'cmake_target_skip_unavailable' from command line to 'False'
[0.245s] Level 5:colcon.colcon_core.verb:set package 'py_action_pkg' build argument 'cmake_clean_cache' from command line to 'False'
[0.245s] Level 5:colcon.colcon_core.verb:set package 'py_action_pkg' build argument 'cmake_clean_first' from command line to 'False'
[0.245s] Level 5:colcon.colcon_core.verb:set package 'py_action_pkg' build argument 'cmake_force_configure' from command line to 'False'
[0.245s] Level 5:colcon.colcon_core.verb:set package 'py_action_pkg' build argument 'ament_cmake_args' from command line to 'None'
[0.245s] Level 5:colcon.colcon_core.verb:set package 'py_action_pkg' build argument 'catkin_cmake_args' from command line to 'None'
[0.245s] Level 5:colcon.colcon_core.verb:set package 'py_action_pkg' build argument 'catkin_skip_building_tests' from command line to 'False'
[0.245s] DEBUG:colcon.colcon_core.verb:Building package 'py_action_pkg' with the following arguments: {'ament_cmake_args': None, 'build_base': '/home/sangjun/gcamp_ros2_ws/build/py_action_pkg', 'catkin_cmake_args': None, 'catkin_skip_building_tests': False, 'cmake_args': None, 'cmake_clean_cache': False, 'cmake_clean_first': False, 'cmake_force_configure': False, 'cmake_target': None, 'cmake_target_skip_unavailable': False, 'install_base': '/home/sangjun/gcamp_ros2_ws/install/py_action_pkg', 'merge_install': False, 'path': '/home/sangjun/gcamp_ros2_ws/src/gcamp_ros2_basic/py_action_pkg', 'symlink_install': True, 'test_result_base': None}
[0.246s] Level 5:colcon.colcon_core.verb:set package 'py_service_pkg' build argument 'cmake_args' from command line to 'None'
[0.246s] Level 5:colcon.colcon_core.verb:set package 'py_service_pkg' build argument 'cmake_target' from command line to 'None'
[0.246s] Level 5:colcon.colcon_core.verb:set package 'py_service_pkg' build argument 'cmake_target_skip_unavailable' from command line to 'False'
[0.246s] Level 5:colcon.colcon_core.verb:set package 'py_service_pkg' build argument 'cmake_clean_cache' from command line to 'False'
[0.246s] Level 5:colcon.colcon_core.verb:set package 'py_service_pkg' build argument 'cmake_clean_first' from command line to 'False'
[0.246s] Level 5:colcon.colcon_core.verb:set package 'py_service_pkg' build argument 'cmake_force_configure' from command line to 'False'
[0.246s] Level 5:colcon.colcon_core.verb:set package 'py_service_pkg' build argument 'ament_cmake_args' from command line to 'None'
[0.246s] Level 5:colcon.colcon_core.verb:set package 'py_service_pkg' build argument 'catkin_cmake_args' from command line to 'None'
[0.246s] Level 5:colcon.colcon_core.verb:set package 'py_service_pkg' build argument 'catkin_skip_building_tests' from command line to 'False'
[0.246s] DEBUG:colcon.colcon_core.verb:Building package 'py_service_pkg' with the following arguments: {'ament_cmake_args': None, 'build_base': '/home/sangjun/gcamp_ros2_ws/build/py_service_pkg', 'catkin_cmake_args': None, 'catkin_skip_building_tests': False, 'cmake_args': None, 'cmake_clean_cache': False, 'cmake_clean_first': False, 'cmake_force_configure': False, 'cmake_target': None, 'cmake_target_skip_unavailable': False, 'install_base': '/home/sangjun/gcamp_ros2_ws/install/py_service_pkg', 'merge_install': False, 'path': '/home/sangjun/gcamp_ros2_ws/src/gcamp_ros2_basic/py_service_pkg', 'symlink_install': True, 'test_result_base': None}
[0.247s] Level 5:colcon.colcon_core.verb:set package 'slam_gmapping' build argument 'cmake_args' from command line to 'None'
[0.247s] Level 5:colcon.colcon_core.verb:set package 'slam_gmapping' build argument 'cmake_target' from command line to 'None'
[0.247s] Level 5:colcon.colcon_core.verb:set package 'slam_gmapping' build argument 'cmake_target_skip_unavailable' from command line to 'False'
[0.247s] Level 5:colcon.colcon_core.verb:set package 'slam_gmapping' build argument 'cmake_clean_cache' from command line to 'False'
[0.247s] Level 5:colcon.colcon_core.verb:set package 'slam_gmapping' build argument 'cmake_clean_first' from command line to 'False'
[0.247s] Level 5:colcon.colcon_core.verb:set package 'slam_gmapping' build argument 'cmake_force_configure' from command line to 'False'
[0.247s] Level 5:colcon.colcon_core.verb:set package 'slam_gmapping' build argument 'ament_cmake_args' from command line to 'None'
[0.247s] Level 5:colcon.colcon_core.verb:set package 'slam_gmapping' build argument 'catkin_cmake_args' from command line to 'None'
[0.247s] Level 5:colcon.colcon_core.verb:set package 'slam_gmapping' build argument 'catkin_skip_building_tests' from command line to 'False'
[0.247s] DEBUG:colcon.colcon_core.verb:Building package 'slam_gmapping' with the following arguments: {'ament_cmake_args': None, 'build_base': '/home/sangjun/gcamp_ros2_ws/build/slam_gmapping', 'catkin_cmake_args': None, 'catkin_skip_building_tests': False, 'cmake_args': None, 'cmake_clean_cache': False, 'cmake_clean_first': False, 'cmake_force_configure': False, 'cmake_target': None, 'cmake_target_skip_unavailable': False, 'install_base': '/home/sangjun/gcamp_ros2_ws/install/slam_gmapping', 'merge_install': False, 'path': '/home/sangjun/gcamp_ros2_ws/src/slam_gmapping/slam_gmapping', 'symlink_install': True, 'test_result_base': None}
[0.247s] INFO:colcon.colcon_core.executor:Executing jobs using 'parallel' executor
[0.250s] DEBUG:colcon.colcon_parallel_executor.executor.parallel:run_until_complete
[0.250s] INFO:colcon.colcon_ros.task.ament_cmake.build:Building ROS package in '/home/sangjun/gcamp_ros2_ws/src/gcamp_ros2_basic/custom_interfaces' with build type 'ament_cmake'
[0.250s] INFO:colcon.colcon_cmake.task.cmake.build:Building CMake package in '/home/sangjun/gcamp_ros2_ws/src/gcamp_ros2_basic/custom_interfaces'
[0.254s] INFO:colcon.colcon_core.plugin_system:Skipping extension 'colcon_core.shell.bat': Not used on non-Windows systems
[0.254s] INFO:colcon.colcon_core.shell:Skip shell extension 'powershell' for command environment: Not usable outside of PowerShell
[0.254s] DEBUG:colcon.colcon_core.shell:Skip shell extension 'dsv' for command environment
[0.259s] INFO:colcon.colcon_ros.task.ament_cmake.build:Building ROS package in '/home/sangjun/gcamp_ros2_ws/src/slam_gmapping/openslam_gmapping' with build type 'ament_cmake'
[0.259s] INFO:colcon.colcon_cmake.task.cmake.build:Building CMake package in '/home/sangjun/gcamp_ros2_ws/src/slam_gmapping/openslam_gmapping'
[0.260s] INFO:colcon.colcon_core.shell:Skip shell extension 'powershell' for command environment: Not usable outside of PowerShell
[0.260s] DEBUG:colcon.colcon_core.shell:Skip shell extension 'dsv' for command environment
[0.265s] INFO:colcon.colcon_ros.task.ament_cmake.build:Building ROS package in '/home/sangjun/gcamp_ros2_ws/src/gcamp_ros2_basic/cpp_first_pkg' with build type 'ament_cmake'
[0.265s] INFO:colcon.colcon_cmake.task.cmake.build:Building CMake package in '/home/sangjun/gcamp_ros2_ws/src/gcamp_ros2_basic/cpp_first_pkg'
[0.267s] INFO:colcon.colcon_core.shell:Skip shell extension 'powershell' for command environment: Not usable outside of PowerShell
[0.267s] DEBUG:colcon.colcon_core.shell:Skip shell extension 'dsv' for command environment
[0.272s] INFO:colcon.colcon_ros.task.ament_cmake.build:Building ROS package in '/home/sangjun/gcamp_ros2_ws/src/gcamp_ros2_basic/cpp_param_pkg' with build type 'ament_cmake'
[0.272s] INFO:colcon.colcon_cmake.task.cmake.build:Building CMake package in '/home/sangjun/gcamp_ros2_ws/src/gcamp_ros2_basic/cpp_param_pkg'
[0.273s] INFO:colcon.colcon_core.shell:Skip shell extension 'powershell' for command environment: Not usable outside of PowerShell
[0.273s] DEBUG:colcon.colcon_core.shell:Skip shell extension 'dsv' for command environment
[0.278s] INFO:colcon.colcon_ros.task.ament_cmake.build:Building ROS package in '/home/sangjun/gcamp_ros2_ws/src/gcamp_ros2_basic/cpp_service_tutorial' with build type 'ament_cmake'
[0.279s] INFO:colcon.colcon_cmake.task.cmake.build:Building CMake package in '/home/sangjun/gcamp_ros2_ws/src/gcamp_ros2_basic/cpp_service_tutorial'
[0.280s] INFO:colcon.colcon_core.shell:Skip shell extension 'powershell' for command environment: Not usable outside of PowerShell
[0.280s] DEBUG:colcon.colcon_core.shell:Skip shell extension 'dsv' for command environment
[0.285s] INFO:colcon.colcon_ros.task.ament_cmake.build:Building ROS package in '/home/sangjun/gcamp_ros2_ws/src/gcamp_ros2_basic/cpp_topic_pkg' with build type 'ament_cmake'
[0.285s] INFO:colcon.colcon_cmake.task.cmake.build:Building CMake package in '/home/sangjun/gcamp_ros2_ws/src/gcamp_ros2_basic/cpp_topic_pkg'
[0.286s] INFO:colcon.colcon_core.shell:Skip shell extension 'powershell' for command environment: Not usable outside of PowerShell
[0.286s] DEBUG:colcon.colcon_core.shell:Skip shell extension 'dsv' for command environment
[0.291s] INFO:colcon.colcon_ros.task.ament_cmake.build:Building ROS package in '/home/sangjun/gcamp_ros2_ws/src/gcamp_ros2_basic/gcamp_gazebo' with build type 'ament_cmake'
[0.291s] INFO:colcon.colcon_cmake.task.cmake.build:Building CMake package in '/home/sangjun/gcamp_ros2_ws/src/gcamp_ros2_basic/gcamp_gazebo'
[0.292s] INFO:colcon.colcon_core.shell:Skip shell extension 'powershell' for command environment: Not usable outside of PowerShell
[0.292s] DEBUG:colcon.colcon_core.shell:Skip shell extension 'dsv' for command environment
[0.296s] INFO:colcon.colcon_ros.task.ament_python.build:Building ROS package in '/home/sangjun/gcamp_ros2_ws/src/gcamp_ros2_basic/py_first_pkg' with build type 'ament_python'
[0.297s] Level 1:colcon.colcon_core.shell:create_environment_hook('py_first_pkg', 'ament_prefix_path')
[0.298s] INFO:colcon.colcon_core.shell:Creating environment hook '/home/sangjun/gcamp_ros2_ws/install/py_first_pkg/share/py_first_pkg/hook/ament_prefix_path.ps1'
[0.299s] INFO:colcon.colcon_core.shell:Creating environment descriptor '/home/sangjun/gcamp_ros2_ws/install/py_first_pkg/share/py_first_pkg/hook/ament_prefix_path.dsv'
[0.300s] INFO:colcon.colcon_core.shell:Creating environment hook '/home/sangjun/gcamp_ros2_ws/install/py_first_pkg/share/py_first_pkg/hook/ament_prefix_path.sh'
[0.303s] INFO:colcon.colcon_core.shell:Skip shell extension 'powershell' for command environment: Not usable outside of PowerShell
[0.303s] DEBUG:colcon.colcon_core.shell:Skip shell extension 'dsv' for command environment
[0.314s] DEBUG:colcon.colcon_core.event_handler.log_command:Invoking command in '/home/sangjun/gcamp_ros2_ws/build/custom_interfaces': CMAKE_PREFIX_PATH=${CMAKE_PREFIX_PATH}:/home/sangjun/gcamp_ros2_ws/install/py_topic_pkg:/home/sangjun/gcamp_ros2_ws/install/py_service_pkg:/home/sangjun/gcamp_ros2_ws/install/py_first_pkg:/home/sangjun/gcamp_ros2_ws/install/py_action_pkg:/opt/ros/foxy /usr/local/bin/cmake --build /home/sangjun/gcamp_ros2_ws/build/custom_interfaces -- -j8 -l8
[0.317s] DEBUG:colcon.colcon_core.event_handler.log_command:Invoking command in '/home/sangjun/gcamp_ros2_ws/build/openslam_gmapping': CMAKE_PREFIX_PATH=${CMAKE_PREFIX_PATH}:/home/sangjun/gcamp_ros2_ws/install/py_topic_pkg:/home/sangjun/gcamp_ros2_ws/install/py_service_pkg:/home/sangjun/gcamp_ros2_ws/install/py_first_pkg:/home/sangjun/gcamp_ros2_ws/install/py_action_pkg:/opt/ros/foxy /usr/local/bin/cmake --build /home/sangjun/gcamp_ros2_ws/build/openslam_gmapping -- -j8 -l8
[0.320s] DEBUG:colcon.colcon_core.event_handler.log_command:Invoking command in '/home/sangjun/gcamp_ros2_ws/build/cpp_first_pkg': CMAKE_PREFIX_PATH=${CMAKE_PREFIX_PATH}:/home/sangjun/gcamp_ros2_ws/install/py_topic_pkg:/home/sangjun/gcamp_ros2_ws/install/py_service_pkg:/home/sangjun/gcamp_ros2_ws/install/py_first_pkg:/home/sangjun/gcamp_ros2_ws/install/py_action_pkg:/opt/ros/foxy /usr/local/bin/cmake --build /home/sangjun/gcamp_ros2_ws/build/cpp_first_pkg -- -j8 -l8
[0.326s] DEBUG:colcon.colcon_core.event_handler.log_command:Invoking command in '/home/sangjun/gcamp_ros2_ws/build/cpp_param_pkg': CMAKE_PREFIX_PATH=${CMAKE_PREFIX_PATH}:/home/sangjun/gcamp_ros2_ws/install/py_topic_pkg:/home/sangjun/gcamp_ros2_ws/install/py_service_pkg:/home/sangjun/gcamp_ros2_ws/install/py_first_pkg:/home/sangjun/gcamp_ros2_ws/install/py_action_pkg:/opt/ros/foxy /usr/local/bin/cmake --build /home/sangjun/gcamp_ros2_ws/build/cpp_param_pkg -- -j8 -l8
[0.332s] DEBUG:colcon.colcon_core.event_handler.log_command:Invoking command in '/home/sangjun/gcamp_ros2_ws/build/cpp_service_tutorial': CMAKE_PREFIX_PATH=${CMAKE_PREFIX_PATH}:/home/sangjun/gcamp_ros2_ws/install/py_topic_pkg:/home/sangjun/gcamp_ros2_ws/install/py_service_pkg:/home/sangjun/gcamp_ros2_ws/install/py_first_pkg:/home/sangjun/gcamp_ros2_ws/install/py_action_pkg:/opt/ros/foxy /usr/local/bin/cmake --build /home/sangjun/gcamp_ros2_ws/build/cpp_service_tutorial -- -j8 -l8
[0.337s] DEBUG:colcon.colcon_core.event_handler.log_command:Invoking command in '/home/sangjun/gcamp_ros2_ws/build/cpp_topic_pkg': CMAKE_PREFIX_PATH=${CMAKE_PREFIX_PATH}:/home/sangjun/gcamp_ros2_ws/install/py_topic_pkg:/home/sangjun/gcamp_ros2_ws/install/py_service_pkg:/home/sangjun/gcamp_ros2_ws/install/py_first_pkg:/home/sangjun/gcamp_ros2_ws/install/py_action_pkg:/opt/ros/foxy /usr/local/bin/cmake --build /home/sangjun/gcamp_ros2_ws/build/cpp_topic_pkg -- -j8 -l8
[0.341s] DEBUG:colcon.colcon_core.event_handler.log_command:Invoking command in '/home/sangjun/gcamp_ros2_ws/build/gcamp_gazebo': CMAKE_PREFIX_PATH=${CMAKE_PREFIX_PATH}:/home/sangjun/gcamp_ros2_ws/install/py_topic_pkg:/home/sangjun/gcamp_ros2_ws/install/py_service_pkg:/home/sangjun/gcamp_ros2_ws/install/py_first_pkg:/home/sangjun/gcamp_ros2_ws/install/py_action_pkg:/opt/ros/foxy /usr/local/bin/cmake --build /home/sangjun/gcamp_ros2_ws/build/gcamp_gazebo -- -j8 -l8
[0.551s] INFO:colcon.colcon_core.task.python.build:Building Python package in '/home/sangjun/gcamp_ros2_ws/src/gcamp_ros2_basic/py_first_pkg'
[0.554s] INFO:colcon.colcon_core.shell:Skip shell extension 'powershell' for command environment: Not usable outside of PowerShell
[0.554s] DEBUG:colcon.colcon_core.shell:Skip shell extension 'dsv' for command environment
[0.564s] DEBUG:colcon.colcon_core.event_handler.log_command:Invoked command in '/home/sangjun/gcamp_ros2_ws/build/cpp_first_pkg' returned '0': CMAKE_PREFIX_PATH=${CMAKE_PREFIX_PATH}:/home/sangjun/gcamp_ros2_ws/install/py_topic_pkg:/home/sangjun/gcamp_ros2_ws/install/py_service_pkg:/home/sangjun/gcamp_ros2_ws/install/py_first_pkg:/home/sangjun/gcamp_ros2_ws/install/py_action_pkg:/opt/ros/foxy /usr/local/bin/cmake --build /home/sangjun/gcamp_ros2_ws/build/cpp_first_pkg -- -j8 -l8
[0.567s] DEBUG:colcon.colcon_core.event_handler.log_command:Invoked command in '/home/sangjun/gcamp_ros2_ws/build/cpp_param_pkg' returned '0': CMAKE_PREFIX_PATH=${CMAKE_PREFIX_PATH}:/home/sangjun/gcamp_ros2_ws/install/py_topic_pkg:/home/sangjun/gcamp_ros2_ws/install/py_service_pkg:/home/sangjun/gcamp_ros2_ws/install/py_first_pkg:/home/sangjun/gcamp_ros2_ws/install/py_action_pkg:/opt/ros/foxy /usr/local/bin/cmake --build /home/sangjun/gcamp_ros2_ws/build/cpp_param_pkg -- -j8 -l8
[0.570s] DEBUG:colcon.colcon_core.event_handler.log_command:Invoked command in '/home/sangjun/gcamp_ros2_ws/build/gcamp_gazebo' returned '0': CMAKE_PREFIX_PATH=${CMAKE_PREFIX_PATH}:/home/sangjun/gcamp_ros2_ws/install/py_topic_pkg:/home/sangjun/gcamp_ros2_ws/install/py_service_pkg:/home/sangjun/gcamp_ros2_ws/install/py_first_pkg:/home/sangjun/gcamp_ros2_ws/install/py_action_pkg:/opt/ros/foxy /usr/local/bin/cmake --build /home/sangjun/gcamp_ros2_ws/build/gcamp_gazebo -- -j8 -l8
[0.574s] DEBUG:colcon.colcon_core.event_handler.log_command:Invoked command in '/home/sangjun/gcamp_ros2_ws/build/cpp_service_tutorial' returned '0': CMAKE_PREFIX_PATH=${CMAKE_PREFIX_PATH}:/home/sangjun/gcamp_ros2_ws/install/py_topic_pkg:/home/sangjun/gcamp_ros2_ws/install/py_service_pkg:/home/sangjun/gcamp_ros2_ws/install/py_first_pkg:/home/sangjun/gcamp_ros2_ws/install/py_action_pkg:/opt/ros/foxy /usr/local/bin/cmake --build /home/sangjun/gcamp_ros2_ws/build/cpp_service_tutorial -- -j8 -l8
[0.576s] DEBUG:colcon.colcon_core.event_handler.log_command:Invoked command in '/home/sangjun/gcamp_ros2_ws/build/cpp_topic_pkg' returned '0': CMAKE_PREFIX_PATH=${CMAKE_PREFIX_PATH}:/home/sangjun/gcamp_ros2_ws/install/py_topic_pkg:/home/sangjun/gcamp_ros2_ws/install/py_service_pkg:/home/sangjun/gcamp_ros2_ws/install/py_first_pkg:/home/sangjun/gcamp_ros2_ws/install/py_action_pkg:/opt/ros/foxy /usr/local/bin/cmake --build /home/sangjun/gcamp_ros2_ws/build/cpp_topic_pkg -- -j8 -l8
[0.582s] DEBUG:colcon.colcon_core.event_handler.log_command:Invoked command in '/home/sangjun/gcamp_ros2_ws/build/openslam_gmapping' returned '0': CMAKE_PREFIX_PATH=${CMAKE_PREFIX_PATH}:/home/sangjun/gcamp_ros2_ws/install/py_topic_pkg:/home/sangjun/gcamp_ros2_ws/install/py_service_pkg:/home/sangjun/gcamp_ros2_ws/install/py_first_pkg:/home/sangjun/gcamp_ros2_ws/install/py_action_pkg:/opt/ros/foxy /usr/local/bin/cmake --build /home/sangjun/gcamp_ros2_ws/build/openslam_gmapping -- -j8 -l8
[0.585s] DEBUG:colcon.colcon_core.event_handler.log_command:Invoked command in '/home/sangjun/gcamp_ros2_ws/build/custom_interfaces' returned '0': CMAKE_PREFIX_PATH=${CMAKE_PREFIX_PATH}:/home/sangjun/gcamp_ros2_ws/install/py_topic_pkg:/home/sangjun/gcamp_ros2_ws/install/py_service_pkg:/home/sangjun/gcamp_ros2_ws/install/py_first_pkg:/home/sangjun/gcamp_ros2_ws/install/py_action_pkg:/opt/ros/foxy /usr/local/bin/cmake --build /home/sangjun/gcamp_ros2_ws/build/custom_interfaces -- -j8 -l8
[0.598s] DEBUG:colcon.colcon_core.event_handler.log_command:Invoking command in '/home/sangjun/gcamp_ros2_ws/build/cpp_param_pkg': CMAKE_PREFIX_PATH=${CMAKE_PREFIX_PATH}:/home/sangjun/gcamp_ros2_ws/install/py_topic_pkg:/home/sangjun/gcamp_ros2_ws/install/py_service_pkg:/home/sangjun/gcamp_ros2_ws/install/py_first_pkg:/home/sangjun/gcamp_ros2_ws/install/py_action_pkg:/opt/ros/foxy /usr/local/bin/cmake --install /home/sangjun/gcamp_ros2_ws/build/cpp_param_pkg
[0.601s] DEBUG:colcon.colcon_core.event_handler.log_command:Invoking command in '/home/sangjun/gcamp_ros2_ws/build/cpp_first_pkg': CMAKE_PREFIX_PATH=${CMAKE_PREFIX_PATH}:/home/sangjun/gcamp_ros2_ws/install/py_topic_pkg:/home/sangjun/gcamp_ros2_ws/install/py_service_pkg:/home/sangjun/gcamp_ros2_ws/install/py_first_pkg:/home/sangjun/gcamp_ros2_ws/install/py_action_pkg:/opt/ros/foxy /usr/local/bin/cmake --install /home/sangjun/gcamp_ros2_ws/build/cpp_first_pkg
[0.606s] DEBUG:colcon.colcon_core.event_handler.log_command:Invoking command in '/home/sangjun/gcamp_ros2_ws/build/gcamp_gazebo': CMAKE_PREFIX_PATH=${CMAKE_PREFIX_PATH}:/home/sangjun/gcamp_ros2_ws/install/py_topic_pkg:/home/sangjun/gcamp_ros2_ws/install/py_service_pkg:/home/sangjun/gcamp_ros2_ws/install/py_first_pkg:/home/sangjun/gcamp_ros2_ws/install/py_action_pkg:/opt/ros/foxy /usr/local/bin/cmake --install /home/sangjun/gcamp_ros2_ws/build/gcamp_gazebo
[0.620s] DEBUG:colcon.colcon_core.event_handler.log_command:Invoking command in '/home/sangjun/gcamp_ros2_ws/build/cpp_service_tutorial': CMAKE_PREFIX_PATH=${CMAKE_PREFIX_PATH}:/home/sangjun/gcamp_ros2_ws/install/py_topic_pkg:/home/sangjun/gcamp_ros2_ws/install/py_service_pkg:/home/sangjun/gcamp_ros2_ws/install/py_first_pkg:/home/sangjun/gcamp_ros2_ws/install/py_action_pkg:/opt/ros/foxy /usr/local/bin/cmake --install /home/sangjun/gcamp_ros2_ws/build/cpp_service_tutorial
[0.623s] DEBUG:colcon.colcon_core.event_handler.log_command:Invoking command in '/home/sangjun/gcamp_ros2_ws/build/openslam_gmapping': CMAKE_PREFIX_PATH=${CMAKE_PREFIX_PATH}:/home/sangjun/gcamp_ros2_ws/install/py_topic_pkg:/home/sangjun/gcamp_ros2_ws/install/py_service_pkg:/home/sangjun/gcamp_ros2_ws/install/py_first_pkg:/home/sangjun/gcamp_ros2_ws/install/py_action_pkg:/opt/ros/foxy /usr/local/bin/cmake --install /home/sangjun/gcamp_ros2_ws/build/openslam_gmapping
[0.625s] DEBUG:colcon.colcon_core.event_handler.log_command:Invoking command in '/home/sangjun/gcamp_ros2_ws/build/cpp_topic_pkg': CMAKE_PREFIX_PATH=${CMAKE_PREFIX_PATH}:/home/sangjun/gcamp_ros2_ws/install/py_topic_pkg:/home/sangjun/gcamp_ros2_ws/install/py_service_pkg:/home/sangjun/gcamp_ros2_ws/install/py_first_pkg:/home/sangjun/gcamp_ros2_ws/install/py_action_pkg:/opt/ros/foxy /usr/local/bin/cmake --install /home/sangjun/gcamp_ros2_ws/build/cpp_topic_pkg
[0.626s] Level 1:colcon.colcon_core.environment:create_environment_scripts_only(cpp_param_pkg)
[0.634s] Level 1:colcon.colcon_core.environment:checking '/home/sangjun/gcamp_ros2_ws/install/cpp_param_pkg' for CMake module files
[0.636s] DEBUG:colcon.colcon_core.event_handler.log_command:Invoked command in '/home/sangjun/gcamp_ros2_ws/build/cpp_param_pkg' returned '0': CMAKE_PREFIX_PATH=${CMAKE_PREFIX_PATH}:/home/sangjun/gcamp_ros2_ws/install/py_topic_pkg:/home/sangjun/gcamp_ros2_ws/install/py_service_pkg:/home/sangjun/gcamp_ros2_ws/install/py_first_pkg:/home/sangjun/gcamp_ros2_ws/install/py_action_pkg:/opt/ros/foxy /usr/local/bin/cmake --install /home/sangjun/gcamp_ros2_ws/build/cpp_param_pkg
[0.637s] Level 1:colcon.colcon_core.environment:checking '/home/sangjun/gcamp_ros2_ws/install/cpp_param_pkg' for CMake config files
[0.637s] Level 1:colcon.colcon_core.shell:create_environment_hook('cpp_param_pkg', 'cmake_prefix_path')
[0.639s] INFO:colcon.colcon_core.shell:Creating environment hook '/home/sangjun/gcamp_ros2_ws/install/cpp_param_pkg/share/cpp_param_pkg/hook/cmake_prefix_path.ps1'
[0.640s] INFO:colcon.colcon_core.shell:Creating environment descriptor '/home/sangjun/gcamp_ros2_ws/install/cpp_param_pkg/share/cpp_param_pkg/hook/cmake_prefix_path.dsv'
[0.640s] INFO:colcon.colcon_core.shell:Creating environment hook '/home/sangjun/gcamp_ros2_ws/install/cpp_param_pkg/share/cpp_param_pkg/hook/cmake_prefix_path.sh'
[0.641s] Level 1:colcon.colcon_core.environment:checking '/home/sangjun/gcamp_ros2_ws/install/cpp_param_pkg/lib'
[0.641s] Level 1:colcon.colcon_core.environment:checking '/home/sangjun/gcamp_ros2_ws/install/cpp_param_pkg/bin'
[0.641s] Level 1:colcon.colcon_core.environment:checking '/home/sangjun/gcamp_ros2_ws/install/cpp_param_pkg/lib/pkgconfig/cpp_param_pkg.pc'
[0.641s] Level 1:colcon.colcon_core.environment:checking '/home/sangjun/gcamp_ros2_ws/install/cpp_param_pkg/lib/python3.8/site-packages'
[0.641s] Level 1:colcon.colcon_core.environment:checking '/home/sangjun/gcamp_ros2_ws/install/cpp_param_pkg/bin'
[0.643s] INFO:colcon.colcon_core.shell:Creating package script '/home/sangjun/gcamp_ros2_ws/install/cpp_param_pkg/share/cpp_param_pkg/package.ps1'
[0.643s] INFO:colcon.colcon_core.shell:Creating package descriptor '/home/sangjun/gcamp_ros2_ws/install/cpp_param_pkg/share/cpp_param_pkg/package.dsv'
[0.643s] INFO:colcon.colcon_core.shell:Creating package script '/home/sangjun/gcamp_ros2_ws/install/cpp_param_pkg/share/cpp_param_pkg/package.sh'
[0.644s] INFO:colcon.colcon_core.shell:Creating package script '/home/sangjun/gcamp_ros2_ws/install/cpp_param_pkg/share/cpp_param_pkg/package.bash'
[0.644s] INFO:colcon.colcon_core.shell:Creating package script '/home/sangjun/gcamp_ros2_ws/install/cpp_param_pkg/share/cpp_param_pkg/package.zsh'
[0.645s] Level 1:colcon.colcon_core.environment:create_file_with_runtime_dependencies(/home/sangjun/gcamp_ros2_ws/install/cpp_param_pkg/share/colcon-core/packages/cpp_param_pkg)
[0.648s] Level 1:colcon.colcon_core.environment:create_environment_scripts_only(cpp_first_pkg)
[0.651s] Level 1:colcon.colcon_core.environment:checking '/home/sangjun/gcamp_ros2_ws/install/cpp_first_pkg' for CMake module files
[0.653s] DEBUG:colcon.colcon_core.event_handler.log_command:Invoked command in '/home/sangjun/gcamp_ros2_ws/build/cpp_first_pkg' returned '0': CMAKE_PREFIX_PATH=${CMAKE_PREFIX_PATH}:/home/sangjun/gcamp_ros2_ws/install/py_topic_pkg:/home/sangjun/gcamp_ros2_ws/install/py_service_pkg:/home/sangjun/gcamp_ros2_ws/install/py_first_pkg:/home/sangjun/gcamp_ros2_ws/install/py_action_pkg:/opt/ros/foxy /usr/local/bin/cmake --install /home/sangjun/gcamp_ros2_ws/build/cpp_first_pkg
[0.653s] Level 1:colcon.colcon_core.environment:checking '/home/sangjun/gcamp_ros2_ws/install/cpp_first_pkg' for CMake config files
[0.654s] Level 1:colcon.colcon_core.shell:create_environment_hook('cpp_first_pkg', 'cmake_prefix_path')
[0.655s] INFO:colcon.colcon_core.shell:Creating environment hook '/home/sangjun/gcamp_ros2_ws/install/cpp_first_pkg/share/cpp_first_pkg/hook/cmake_prefix_path.ps1'
[0.656s] INFO:colcon.colcon_core.shell:Creating environment descriptor '/home/sangjun/gcamp_ros2_ws/install/cpp_first_pkg/share/cpp_first_pkg/hook/cmake_prefix_path.dsv'
[0.656s] INFO:colcon.colcon_core.shell:Creating environment hook '/home/sangjun/gcamp_ros2_ws/install/cpp_first_pkg/share/cpp_first_pkg/hook/cmake_prefix_path.sh'
[0.657s] Level 1:colcon.colcon_core.environment:checking '/home/sangjun/gcamp_ros2_ws/install/cpp_first_pkg/lib'
[0.657s] Level 1:colcon.colcon_core.environment:checking '/home/sangjun/gcamp_ros2_ws/install/cpp_first_pkg/bin'
[0.657s] Level 1:colcon.colcon_core.environment:checking '/home/sangjun/gcamp_ros2_ws/install/cpp_first_pkg/lib/pkgconfig/cpp_first_pkg.pc'
[0.657s] Level 1:colcon.colcon_core.environment:checking '/home/sangjun/gcamp_ros2_ws/install/cpp_first_pkg/lib/python3.8/site-packages'
[0.657s] Level 1:colcon.colcon_core.environment:checking '/home/sangjun/gcamp_ros2_ws/install/cpp_first_pkg/bin'
[0.659s] INFO:colcon.colcon_core.shell:Creating package script '/home/sangjun/gcamp_ros2_ws/install/cpp_first_pkg/share/cpp_first_pkg/package.ps1'
[0.660s] INFO:colcon.colcon_core.shell:Creating package descriptor '/home/sangjun/gcamp_ros2_ws/install/cpp_first_pkg/share/cpp_first_pkg/package.dsv'
[0.660s] INFO:colcon.colcon_core.shell:Creating package script '/home/sangjun/gcamp_ros2_ws/install/cpp_first_pkg/share/cpp_first_pkg/package.sh'
[0.660s] INFO:colcon.colcon_core.shell:Creating package script '/home/sangjun/gcamp_ros2_ws/install/cpp_first_pkg/share/cpp_first_pkg/package.bash'
[0.661s] INFO:colcon.colcon_core.shell:Creating package script '/home/sangjun/gcamp_ros2_ws/install/cpp_first_pkg/share/cpp_first_pkg/package.zsh'
[0.661s] Level 1:colcon.colcon_core.environment:create_file_with_runtime_dependencies(/home/sangjun/gcamp_ros2_ws/install/cpp_first_pkg/share/colcon-core/packages/cpp_first_pkg)
[0.664s] Level 1:colcon.colcon_core.environment:create_environment_scripts_only(cpp_service_tutorial)
[0.667s] Level 1:colcon.colcon_core.environment:checking '/home/sangjun/gcamp_ros2_ws/install/cpp_service_tutorial' for CMake module files
[0.668s] DEBUG:colcon.colcon_core.event_handler.log_command:Invoked command in '/home/sangjun/gcamp_ros2_ws/build/cpp_service_tutorial' returned '0': CMAKE_PREFIX_PATH=${CMAKE_PREFIX_PATH}:/home/sangjun/gcamp_ros2_ws/install/py_topic_pkg:/home/sangjun/gcamp_ros2_ws/install/py_service_pkg:/home/sangjun/gcamp_ros2_ws/install/py_first_pkg:/home/sangjun/gcamp_ros2_ws/install/py_action_pkg:/opt/ros/foxy /usr/local/bin/cmake --install /home/sangjun/gcamp_ros2_ws/build/cpp_service_tutorial
[0.668s] Level 1:colcon.colcon_core.environment:checking '/home/sangjun/gcamp_ros2_ws/install/cpp_service_tutorial' for CMake config files
[0.669s] Level 1:colcon.colcon_core.shell:create_environment_hook('cpp_service_tutorial', 'cmake_prefix_path')
[0.670s] INFO:colcon.colcon_core.shell:Creating environment hook '/home/sangjun/gcamp_ros2_ws/install/cpp_service_tutorial/share/cpp_service_tutorial/hook/cmake_prefix_path.ps1'
[0.671s] INFO:colcon.colcon_core.shell:Creating environment descriptor '/home/sangjun/gcamp_ros2_ws/install/cpp_service_tutorial/share/cpp_service_tutorial/hook/cmake_prefix_path.dsv'
[0.671s] INFO:colcon.colcon_core.shell:Creating environment hook '/home/sangjun/gcamp_ros2_ws/install/cpp_service_tutorial/share/cpp_service_tutorial/hook/cmake_prefix_path.sh'
[0.672s] Level 1:colcon.colcon_core.environment:checking '/home/sangjun/gcamp_ros2_ws/install/cpp_service_tutorial/lib'
[0.672s] Level 1:colcon.colcon_core.environment:checking '/home/sangjun/gcamp_ros2_ws/install/cpp_service_tutorial/bin'
[0.672s] Level 1:colcon.colcon_core.environment:checking '/home/sangjun/gcamp_ros2_ws/install/cpp_service_tutorial/lib/pkgconfig/cpp_service_tutorial.pc'
[0.672s] Level 1:colcon.colcon_core.environment:checking '/home/sangjun/gcamp_ros2_ws/install/cpp_service_tutorial/lib/python3.8/site-packages'
[0.672s] Level 1:colcon.colcon_core.environment:checking '/home/sangjun/gcamp_ros2_ws/install/cpp_service_tutorial/bin'
[0.674s] INFO:colcon.colcon_core.shell:Creating package script '/home/sangjun/gcamp_ros2_ws/install/cpp_service_tutorial/share/cpp_service_tutorial/package.ps1'
[0.675s] INFO:colcon.colcon_core.shell:Creating package descriptor '/home/sangjun/gcamp_ros2_ws/install/cpp_service_tutorial/share/cpp_service_tutorial/package.dsv'
[0.675s] INFO:colcon.colcon_core.shell:Creating package script '/home/sangjun/gcamp_ros2_ws/install/cpp_service_tutorial/share/cpp_service_tutorial/package.sh'
[0.675s] INFO:colcon.colcon_core.shell:Creating package script '/home/sangjun/gcamp_ros2_ws/install/cpp_service_tutorial/share/cpp_service_tutorial/package.bash'
[0.676s] INFO:colcon.colcon_core.shell:Creating package script '/home/sangjun/gcamp_ros2_ws/install/cpp_service_tutorial/share/cpp_service_tutorial/package.zsh'
[0.676s] Level 1:colcon.colcon_core.environment:create_file_with_runtime_dependencies(/home/sangjun/gcamp_ros2_ws/install/cpp_service_tutorial/share/colcon-core/packages/cpp_service_tutorial)
[0.678s] Level 1:colcon.colcon_core.environment:create_environment_scripts_only(gcamp_gazebo)
[0.679s] DEBUG:colcon.colcon_core.event_handler.log_command:Invoked command in '/home/sangjun/gcamp_ros2_ws/build/gcamp_gazebo' returned '0': CMAKE_PREFIX_PATH=${CMAKE_PREFIX_PATH}:/home/sangjun/gcamp_ros2_ws/install/py_topic_pkg:/home/sangjun/gcamp_ros2_ws/install/py_service_pkg:/home/sangjun/gcamp_ros2_ws/install/py_first_pkg:/home/sangjun/gcamp_ros2_ws/install/py_action_pkg:/opt/ros/foxy /usr/local/bin/cmake --install /home/sangjun/gcamp_ros2_ws/build/gcamp_gazebo
[0.682s] Level 1:colcon.colcon_core.environment:checking '/home/sangjun/gcamp_ros2_ws/install/gcamp_gazebo' for CMake module files
[0.682s] Level 1:colcon.colcon_core.environment:checking '/home/sangjun/gcamp_ros2_ws/install/gcamp_gazebo' for CMake config files
[0.683s] Level 1:colcon.colcon_core.shell:create_environment_hook('gcamp_gazebo', 'cmake_prefix_path')
[0.685s] INFO:colcon.colcon_core.shell:Creating environment hook '/home/sangjun/gcamp_ros2_ws/install/gcamp_gazebo/share/gcamp_gazebo/hook/cmake_prefix_path.ps1'
[0.685s] INFO:colcon.colcon_core.shell:Creating environment descriptor '/home/sangjun/gcamp_ros2_ws/install/gcamp_gazebo/share/gcamp_gazebo/hook/cmake_prefix_path.dsv'
[0.685s] INFO:colcon.colcon_core.shell:Creating environment hook '/home/sangjun/gcamp_ros2_ws/install/gcamp_gazebo/share/gcamp_gazebo/hook/cmake_prefix_path.sh'
[0.686s] Level 1:colcon.colcon_core.environment:checking '/home/sangjun/gcamp_ros2_ws/install/gcamp_gazebo/bin'
[0.686s] Level 1:colcon.colcon_core.environment:checking '/home/sangjun/gcamp_ros2_ws/install/gcamp_gazebo/lib/pkgconfig/gcamp_gazebo.pc'
[0.686s] Level 1:colcon.colcon_core.environment:checking '/home/sangjun/gcamp_ros2_ws/install/gcamp_gazebo/lib/python3.8/site-packages'
[0.686s] Level 1:colcon.colcon_core.environment:checking '/home/sangjun/gcamp_ros2_ws/install/gcamp_gazebo/bin'
[0.688s] INFO:colcon.colcon_core.shell:Creating package script '/home/sangjun/gcamp_ros2_ws/install/gcamp_gazebo/share/gcamp_gazebo/package.ps1'
[0.689s] INFO:colcon.colcon_core.shell:Creating package descriptor '/home/sangjun/gcamp_ros2_ws/install/gcamp_gazebo/share/gcamp_gazebo/package.dsv'
[0.689s] INFO:colcon.colcon_core.shell:Creating package script '/home/sangjun/gcamp_ros2_ws/install/gcamp_gazebo/share/gcamp_gazebo/package.sh'
[0.690s] INFO:colcon.colcon_core.shell:Creating package script '/home/sangjun/gcamp_ros2_ws/install/gcamp_gazebo/share/gcamp_gazebo/package.bash'
[0.690s] INFO:colcon.colcon_core.shell:Creating package script '/home/sangjun/gcamp_ros2_ws/install/gcamp_gazebo/share/gcamp_gazebo/package.zsh'
[0.690s] Level 1:colcon.colcon_core.environment:create_file_with_runtime_dependencies(/home/sangjun/gcamp_ros2_ws/install/gcamp_gazebo/share/colcon-core/packages/gcamp_gazebo)
[0.693s] Level 1:colcon.colcon_core.environment:create_environment_scripts_only(cpp_topic_pkg)
[0.696s] Level 1:colcon.colcon_core.environment:checking '/home/sangjun/gcamp_ros2_ws/install/cpp_topic_pkg' for CMake module files
[0.697s] DEBUG:colcon.colcon_core.event_handler.log_command:Invoked command in '/home/sangjun/gcamp_ros2_ws/build/cpp_topic_pkg' returned '0': CMAKE_PREFIX_PATH=${CMAKE_PREFIX_PATH}:/home/sangjun/gcamp_ros2_ws/install/py_topic_pkg:/home/sangjun/gcamp_ros2_ws/install/py_service_pkg:/home/sangjun/gcamp_ros2_ws/install/py_first_pkg:/home/sangjun/gcamp_ros2_ws/install/py_action_pkg:/opt/ros/foxy /usr/local/bin/cmake --install /home/sangjun/gcamp_ros2_ws/build/cpp_topic_pkg
[0.697s] Level 1:colcon.colcon_core.environment:checking '/home/sangjun/gcamp_ros2_ws/install/cpp_topic_pkg' for CMake config files
[0.698s] Level 1:colcon.colcon_core.shell:create_environment_hook('cpp_topic_pkg', 'cmake_prefix_path')
[0.699s] INFO:colcon.colcon_core.shell:Creating environment hook '/home/sangjun/gcamp_ros2_ws/install/cpp_topic_pkg/share/cpp_topic_pkg/hook/cmake_prefix_path.ps1'
[0.700s] INFO:colcon.colcon_core.shell:Creating environment descriptor '/home/sangjun/gcamp_ros2_ws/install/cpp_topic_pkg/share/cpp_topic_pkg/hook/cmake_prefix_path.dsv'
[0.700s] INFO:colcon.colcon_core.shell:Creating environment hook '/home/sangjun/gcamp_ros2_ws/install/cpp_topic_pkg/share/cpp_topic_pkg/hook/cmake_prefix_path.sh'
[0.701s] Level 1:colcon.colcon_core.environment:checking '/home/sangjun/gcamp_ros2_ws/install/cpp_topic_pkg/lib'
[0.701s] Level 1:colcon.colcon_core.environment:checking '/home/sangjun/gcamp_ros2_ws/install/cpp_topic_pkg/bin'
[0.701s] Level 1:colcon.colcon_core.environment:checking '/home/sangjun/gcamp_ros2_ws/install/cpp_topic_pkg/lib/pkgconfig/cpp_topic_pkg.pc'
[0.702s] Level 1:colcon.colcon_core.environment:checking '/home/sangjun/gcamp_ros2_ws/install/cpp_topic_pkg/lib/python3.8/site-packages'
[0.702s] Level 1:colcon.colcon_core.environment:checking '/home/sangjun/gcamp_ros2_ws/install/cpp_topic_pkg/bin'
[0.704s] INFO:colcon.colcon_core.shell:Creating package script '/home/sangjun/gcamp_ros2_ws/install/cpp_topic_pkg/share/cpp_topic_pkg/package.ps1'
[0.705s] INFO:colcon.colcon_core.shell:Creating package descriptor '/home/sangjun/gcamp_ros2_ws/install/cpp_topic_pkg/share/cpp_topic_pkg/package.dsv'
[0.705s] INFO:colcon.colcon_core.shell:Creating package script '/home/sangjun/gcamp_ros2_ws/install/cpp_topic_pkg/share/cpp_topic_pkg/package.sh'
[0.706s] INFO:colcon.colcon_core.shell:Creating package script '/home/sangjun/gcamp_ros2_ws/install/cpp_topic_pkg/share/cpp_topic_pkg/package.bash'
[0.706s] INFO:colcon.colcon_core.shell:Creating package script '/home/sangjun/gcamp_ros2_ws/install/cpp_topic_pkg/share/cpp_topic_pkg/package.zsh'
[0.706s] Level 1:colcon.colcon_core.environment:create_file_with_runtime_dependencies(/home/sangjun/gcamp_ros2_ws/install/cpp_topic_pkg/share/colcon-core/packages/cpp_topic_pkg)
[0.708s] Level 1:colcon.colcon_core.environment:create_environment_scripts_only(openslam_gmapping)
[0.710s] Level 1:colcon.colcon_core.environment:checking '/home/sangjun/gcamp_ros2_ws/install/openslam_gmapping' for CMake module files
[0.711s] DEBUG:colcon.colcon_core.event_handler.log_command:Invoked command in '/home/sangjun/gcamp_ros2_ws/build/openslam_gmapping' returned '0': CMAKE_PREFIX_PATH=${CMAKE_PREFIX_PATH}:/home/sangjun/gcamp_ros2_ws/install/py_topic_pkg:/home/sangjun/gcamp_ros2_ws/install/py_service_pkg:/home/sangjun/gcamp_ros2_ws/install/py_first_pkg:/home/sangjun/gcamp_ros2_ws/install/py_action_pkg:/opt/ros/foxy /usr/local/bin/cmake --install /home/sangjun/gcamp_ros2_ws/build/openslam_gmapping
[0.712s] Level 1:colcon.colcon_core.environment:checking '/home/sangjun/gcamp_ros2_ws/install/openslam_gmapping' for CMake config files
[0.712s] Level 1:colcon.colcon_core.shell:create_environment_hook('openslam_gmapping', 'cmake_prefix_path')
[0.714s] INFO:colcon.colcon_core.shell:Creating environment hook '/home/sangjun/gcamp_ros2_ws/install/openslam_gmapping/share/openslam_gmapping/hook/cmake_prefix_path.ps1'
[0.715s] INFO:colcon.colcon_core.shell:Creating environment descriptor '/home/sangjun/gcamp_ros2_ws/install/openslam_gmapping/share/openslam_gmapping/hook/cmake_prefix_path.dsv'
[0.715s] INFO:colcon.colcon_core.shell:Creating environment hook '/home/sangjun/gcamp_ros2_ws/install/openslam_gmapping/share/openslam_gmapping/hook/cmake_prefix_path.sh'
[0.715s] Level 1:colcon.colcon_core.environment:checking '/home/sangjun/gcamp_ros2_ws/install/openslam_gmapping/lib'
[0.715s] Level 1:colcon.colcon_core.environment:checking '/home/sangjun/gcamp_ros2_ws/install/openslam_gmapping/bin'
[0.716s] Level 1:colcon.colcon_core.environment:checking '/home/sangjun/gcamp_ros2_ws/install/openslam_gmapping/lib/pkgconfig/openslam_gmapping.pc'
[0.716s] Level 1:colcon.colcon_core.environment:checking '/home/sangjun/gcamp_ros2_ws/install/openslam_gmapping/lib/python3.8/site-packages'
[0.716s] Level 1:colcon.colcon_core.environment:checking '/home/sangjun/gcamp_ros2_ws/install/openslam_gmapping/bin'
[0.718s] INFO:colcon.colcon_core.shell:Creating package script '/home/sangjun/gcamp_ros2_ws/install/openslam_gmapping/share/openslam_gmapping/package.ps1'
[0.718s] INFO:colcon.colcon_core.shell:Creating package descriptor '/home/sangjun/gcamp_ros2_ws/install/openslam_gmapping/share/openslam_gmapping/package.dsv'
[0.719s] INFO:colcon.colcon_core.shell:Creating package script '/home/sangjun/gcamp_ros2_ws/install/openslam_gmapping/share/openslam_gmapping/package.sh'
[0.719s] INFO:colcon.colcon_core.shell:Creating package script '/home/sangjun/gcamp_ros2_ws/install/openslam_gmapping/share/openslam_gmapping/package.bash'
[0.719s] INFO:colcon.colcon_core.shell:Creating package script '/home/sangjun/gcamp_ros2_ws/install/openslam_gmapping/share/openslam_gmapping/package.zsh'
[0.720s] Level 1:colcon.colcon_core.environment:create_file_with_runtime_dependencies(/home/sangjun/gcamp_ros2_ws/install/openslam_gmapping/share/colcon-core/packages/openslam_gmapping)
[0.725s] Level 1:colcon.colcon_core.environment:create_environment_scripts_only(cpp_param_pkg)
[0.728s] Level 1:colcon.colcon_core.environment:checking '/home/sangjun/gcamp_ros2_ws/install/cpp_param_pkg' for CMake module files
[0.728s] Level 1:colcon.colcon_core.environment:checking '/home/sangjun/gcamp_ros2_ws/install/cpp_param_pkg' for CMake config files
[0.728s] Level 1:colcon.colcon_core.shell:create_environment_hook('cpp_param_pkg', 'cmake_prefix_path')
[0.730s] INFO:colcon.colcon_core.shell:Creating environment hook '/home/sangjun/gcamp_ros2_ws/install/cpp_param_pkg/share/cpp_param_pkg/hook/cmake_prefix_path.ps1'
[0.731s] INFO:colcon.colcon_core.shell:Creating environment descriptor '/home/sangjun/gcamp_ros2_ws/install/cpp_param_pkg/share/cpp_param_pkg/hook/cmake_prefix_path.dsv'
[0.731s] INFO:colcon.colcon_core.shell:Creating environment hook '/home/sangjun/gcamp_ros2_ws/install/cpp_param_pkg/share/cpp_param_pkg/hook/cmake_prefix_path.sh'
[0.731s] Level 1:colcon.colcon_core.environment:checking '/home/sangjun/gcamp_ros2_ws/install/cpp_param_pkg/lib'
[0.731s] Level 1:colcon.colcon_core.environment:checking '/home/sangjun/gcamp_ros2_ws/install/cpp_param_pkg/bin'
[0.731s] Level 1:colcon.colcon_core.environment:checking '/home/sangjun/gcamp_ros2_ws/install/cpp_param_pkg/lib/pkgconfig/cpp_param_pkg.pc'
[0.732s] Level 1:colcon.colcon_core.environment:checking '/home/sangjun/gcamp_ros2_ws/install/cpp_param_pkg/lib/python3.8/site-packages'
[0.732s] Level 1:colcon.colcon_core.environment:checking '/home/sangjun/gcamp_ros2_ws/install/cpp_param_pkg/bin'
[0.734s] INFO:colcon.colcon_core.shell:Creating package script '/home/sangjun/gcamp_ros2_ws/install/cpp_param_pkg/share/cpp_param_pkg/package.ps1'
[0.734s] INFO:colcon.colcon_core.shell:Creating package descriptor '/home/sangjun/gcamp_ros2_ws/install/cpp_param_pkg/share/cpp_param_pkg/package.dsv'
[0.734s] INFO:colcon.colcon_core.shell:Creating package script '/home/sangjun/gcamp_ros2_ws/install/cpp_param_pkg/share/cpp_param_pkg/package.sh'
[0.735s] INFO:colcon.colcon_core.shell:Creating package script '/home/sangjun/gcamp_ros2_ws/install/cpp_param_pkg/share/cpp_param_pkg/package.bash'
[0.735s] INFO:colcon.colcon_core.shell:Creating package script '/home/sangjun/gcamp_ros2_ws/install/cpp_param_pkg/share/cpp_param_pkg/package.zsh'
[0.736s] Level 1:colcon.colcon_core.environment:create_file_with_runtime_dependencies(/home/sangjun/gcamp_ros2_ws/install/cpp_param_pkg/share/colcon-core/packages/cpp_param_pkg)
[0.738s] Level 1:colcon.colcon_core.environment:create_environment_scripts_only(cpp_first_pkg)
[0.741s] Level 1:colcon.colcon_core.environment:checking '/home/sangjun/gcamp_ros2_ws/install/cpp_first_pkg' for CMake module files
[0.742s] Level 1:colcon.colcon_core.environment:checking '/home/sangjun/gcamp_ros2_ws/install/cpp_first_pkg' for CMake config files
[0.742s] Level 1:colcon.colcon_core.shell:create_environment_hook('cpp_first_pkg', 'cmake_prefix_path')
[0.744s] INFO:colcon.colcon_core.shell:Creating environment hook '/home/sangjun/gcamp_ros2_ws/install/cpp_first_pkg/share/cpp_first_pkg/hook/cmake_prefix_path.ps1'
[0.744s] INFO:colcon.colcon_core.shell:Creating environment descriptor '/home/sangjun/gcamp_ros2_ws/install/cpp_first_pkg/share/cpp_first_pkg/hook/cmake_prefix_path.dsv'
[0.744s] INFO:colcon.colcon_core.shell:Creating environment hook '/home/sangjun/gcamp_ros2_ws/install/cpp_first_pkg/share/cpp_first_pkg/hook/cmake_prefix_path.sh'
[0.745s] Level 1:colcon.colcon_core.environment:checking '/home/sangjun/gcamp_ros2_ws/install/cpp_first_pkg/lib'
[0.745s] Level 1:colcon.colcon_core.environment:checking '/home/sangjun/gcamp_ros2_ws/install/cpp_first_pkg/bin'
[0.745s] Level 1:colcon.colcon_core.environment:checking '/home/sangjun/gcamp_ros2_ws/install/cpp_first_pkg/lib/pkgconfig/cpp_first_pkg.pc'
[0.745s] Level 1:colcon.colcon_core.environment:checking '/home/sangjun/gcamp_ros2_ws/install/cpp_first_pkg/lib/python3.8/site-packages'
[0.745s] Level 1:colcon.colcon_core.environment:checking '/home/sangjun/gcamp_ros2_ws/install/cpp_first_pkg/bin'
[0.747s] INFO:colcon.colcon_core.shell:Creating package script '/home/sangjun/gcamp_ros2_ws/install/cpp_first_pkg/share/cpp_first_pkg/package.ps1'
[0.748s] INFO:colcon.colcon_core.shell:Creating package descriptor '/home/sangjun/gcamp_ros2_ws/install/cpp_first_pkg/share/cpp_first_pkg/package.dsv'
[0.748s] INFO:colcon.colcon_core.shell:Creating package script '/home/sangjun/gcamp_ros2_ws/install/cpp_first_pkg/share/cpp_first_pkg/package.sh'
[0.748s] INFO:colcon.colcon_core.shell:Creating package script '/home/sangjun/gcamp_ros2_ws/install/cpp_first_pkg/share/cpp_first_pkg/package.bash'
[0.749s] INFO:colcon.colcon_core.shell:Creating package script '/home/sangjun/gcamp_ros2_ws/install/cpp_first_pkg/share/cpp_first_pkg/package.zsh'
[0.749s] Level 1:colcon.colcon_core.environment:create_file_with_runtime_dependencies(/home/sangjun/gcamp_ros2_ws/install/cpp_first_pkg/share/colcon-core/packages/cpp_first_pkg)
[0.754s] DEBUG:colcon.colcon_core.event_handler.log_command:Invoking command in '/home/sangjun/gcamp_ros2_ws/build/custom_interfaces': CMAKE_PREFIX_PATH=${CMAKE_PREFIX_PATH}:/home/sangjun/gcamp_ros2_ws/install/py_topic_pkg:/home/sangjun/gcamp_ros2_ws/install/py_service_pkg:/home/sangjun/gcamp_ros2_ws/install/py_first_pkg:/home/sangjun/gcamp_ros2_ws/install/py_action_pkg:/opt/ros/foxy /usr/local/bin/cmake --install /home/sangjun/gcamp_ros2_ws/build/custom_interfaces
[0.754s] INFO:colcon.colcon_ros.task.ament_python.build:Building ROS package in '/home/sangjun/gcamp_ros2_ws/src/gcamp_ros2_basic/py_topic_pkg' with build type 'ament_python'
[0.755s] Level 1:colcon.colcon_core.shell:create_environment_hook('py_topic_pkg', 'ament_prefix_path')
[0.757s] INFO:colcon.colcon_core.shell:Creating environment hook '/home/sangjun/gcamp_ros2_ws/install/py_topic_pkg/share/py_topic_pkg/hook/ament_prefix_path.ps1'
[0.757s] INFO:colcon.colcon_core.shell:Creating environment descriptor '/home/sangjun/gcamp_ros2_ws/install/py_topic_pkg/share/py_topic_pkg/hook/ament_prefix_path.dsv'
[0.758s] INFO:colcon.colcon_core.shell:Creating environment hook '/home/sangjun/gcamp_ros2_ws/install/py_topic_pkg/share/py_topic_pkg/hook/ament_prefix_path.sh'
[0.759s] INFO:colcon.colcon_core.shell:Skip shell extension 'powershell' for command environment: Not usable outside of PowerShell
[0.759s] DEBUG:colcon.colcon_core.shell:Skip shell extension 'dsv' for command environment
[0.766s] DEBUG:colcon.colcon_parallel_executor.executor.parallel:run_until_complete was interrupted
[0.767s] DEBUG:colcon.colcon_parallel_executor.executor.parallel:run_until_complete again
[0.840s] DEBUG:colcon.colcon_parallel_executor.executor.parallel:run_until_complete finished
[0.840s] DEBUG:colcon.colcon_parallel_executor.executor.parallel:closing loop
[0.840s] DEBUG:colcon.colcon_parallel_executor.executor.parallel:loop closed
[0.840s] DEBUG:colcon.colcon_core.event_reactor:joining thread
[0.848s] INFO:colcon.colcon_core.plugin_system:Skipping extension 'colcon_notification.desktop_notification.terminal_notifier': Not used on non-Darwin systems
[0.848s] INFO:colcon.colcon_core.plugin_system:Skipping extension 'colcon_notification.desktop_notification.win32': Not used on non-Windows systems
[0.848s] INFO:colcon.colcon_notification.desktop_notification:Sending desktop notification using 'notify2'
[0.860s] DEBUG:colcon.colcon_core.event_reactor:joined thread
[0.862s] INFO:colcon.colcon_core.shell:Creating prefix script '/home/sangjun/gcamp_ros2_ws/install/local_setup.ps1'
[0.863s] INFO:colcon.colcon_core.shell:Creating prefix util module '/home/sangjun/gcamp_ros2_ws/install/_local_setup_util_ps1.py'
[0.864s] INFO:colcon.colcon_core.shell:Creating prefix chain script '/home/sangjun/gcamp_ros2_ws/install/setup.ps1'
[0.866s] INFO:colcon.colcon_core.shell:Creating prefix script '/home/sangjun/gcamp_ros2_ws/install/local_setup.sh'
[0.866s] INFO:colcon.colcon_core.shell:Creating prefix util module '/home/sangjun/gcamp_ros2_ws/install/_local_setup_util_sh.py'
[0.867s] INFO:colcon.colcon_core.shell:Creating prefix chain script '/home/sangjun/gcamp_ros2_ws/install/setup.sh'
[0.869s] INFO:colcon.colcon_core.shell:Creating prefix script '/home/sangjun/gcamp_ros2_ws/install/local_setup.bash'
[0.869s] INFO:colcon.colcon_core.shell:Creating prefix chain script '/home/sangjun/gcamp_ros2_ws/install/setup.bash'
[0.871s] INFO:colcon.colcon_core.shell:Creating prefix script '/home/sangjun/gcamp_ros2_ws/install/local_setup.zsh'
[0.872s] INFO:colcon.colcon_core.shell:Creating prefix chain script '/home/sangjun/gcamp_ros2_ws/install/setup.zsh'
