[0.021s] Invoking command in '/home/sangjun/gcamp_ros2_ws/build/cpp_action_pkg': AMENT_PREFIX_PATH=/home/sangjun/gcamp_ros2_ws/install/custom_interfaces CMAKE_PREFIX_PATH=/home/sangjun/gcamp_ros2_ws/install/custom_interfaces LD_LIBRARY_PATH=/home/sangjun/gcamp_ros2_ws/install/custom_interfaces/lib${LD_LIBRARY_PATH} PYTHONPATH=/home/sangjun/gcamp_ros2_ws/install/custom_interfaces/lib/python3.8/site-packages${PYTHONPATH} /usr/local/bin/cmake --build /home/sangjun/gcamp_ros2_ws/build/cpp_action_pkg -- -j8 -l8
[0.166s] [ 25%] Built target fibonacci_action_server_node
[0.166s] [ 50%] Built target fibonacci_action_client_oop_node
[0.166s] [ 75%] Built target fibonacci_action_client_node
[0.166s] [100%] Built target fibonacci_action_server_oop_node
[0.167s] Invoked command in '/home/sangjun/gcamp_ros2_ws/build/cpp_action_pkg' returned '0': AMENT_PREFIX_PATH=/home/sangjun/gcamp_ros2_ws/install/custom_interfaces CMAKE_PREFIX_PATH=/home/sangjun/gcamp_ros2_ws/install/custom_interfaces LD_LIBRARY_PATH=/home/sangjun/gcamp_ros2_ws/install/custom_interfaces/lib${LD_LIBRARY_PATH} PYTHONPATH=/home/sangjun/gcamp_ros2_ws/install/custom_interfaces/lib/python3.8/site-packages${PYTHONPATH} /usr/local/bin/cmake --build /home/sangjun/gcamp_ros2_ws/build/cpp_action_pkg -- -j8 -l8
[0.324s] Invoking command in '/home/sangjun/gcamp_ros2_ws/build/cpp_action_pkg': AMENT_PREFIX_PATH=/home/sangjun/gcamp_ros2_ws/install/custom_interfaces CMAKE_PREFIX_PATH=/home/sangjun/gcamp_ros2_ws/install/custom_interfaces LD_LIBRARY_PATH=/home/sangjun/gcamp_ros2_ws/install/custom_interfaces/lib${LD_LIBRARY_PATH} PYTHONPATH=/home/sangjun/gcamp_ros2_ws/install/custom_interfaces/lib/python3.8/site-packages${PYTHONPATH} /usr/local/bin/cmake --install /home/sangjun/gcamp_ros2_ws/build/cpp_action_pkg
[0.332s] -- Install configuration: ""
[0.332s] -- Execute custom install script
[0.332s] -- Up-to-date symlink: /home/sangjun/gcamp_ros2_ws/install/cpp_action_pkg/lib/cpp_action_pkg/fibonacci_action_client_node
[0.334s] -- Up-to-date symlink: /home/sangjun/gcamp_ros2_ws/install/cpp_action_pkg/lib/cpp_action_pkg/fibonacci_action_client_oop_node
[0.334s] -- Up-to-date symlink: /home/sangjun/gcamp_ros2_ws/install/cpp_action_pkg/lib/cpp_action_pkg/fibonacci_action_server_node
[0.335s] -- Up-to-date symlink: /home/sangjun/gcamp_ros2_ws/install/cpp_action_pkg/lib/cpp_action_pkg/fibonacci_action_server_oop_node
[0.335s] -- Up-to-date symlink: /home/sangjun/gcamp_ros2_ws/install/cpp_action_pkg/share/ament_index/resource_index/package_run_dependencies/cpp_action_pkg
[0.338s] -- Up-to-date symlink: /home/sangjun/gcamp_ros2_ws/install/cpp_action_pkg/share/ament_index/resource_index/parent_prefix_path/cpp_action_pkg
[0.338s] -- Up-to-date symlink: /home/sangjun/gcamp_ros2_ws/install/cpp_action_pkg/share/cpp_action_pkg/environment/ament_prefix_path.sh
[0.338s] -- Up-to-date symlink: /home/sangjun/gcamp_ros2_ws/install/cpp_action_pkg/share/cpp_action_pkg/environment/ament_prefix_path.dsv
[0.338s] -- Up-to-date symlink: /home/sangjun/gcamp_ros2_ws/install/cpp_action_pkg/share/cpp_action_pkg/environment/path.sh
[0.338s] -- Up-to-date symlink: /home/sangjun/gcamp_ros2_ws/install/cpp_action_pkg/share/cpp_action_pkg/environment/path.dsv
[0.338s] -- Up-to-date symlink: /home/sangjun/gcamp_ros2_ws/install/cpp_action_pkg/share/cpp_action_pkg/local_setup.bash
[0.339s] -- Up-to-date symlink: /home/sangjun/gcamp_ros2_ws/install/cpp_action_pkg/share/cpp_action_pkg/local_setup.sh
[0.339s] -- Up-to-date symlink: /home/sangjun/gcamp_ros2_ws/install/cpp_action_pkg/share/cpp_action_pkg/local_setup.zsh
[0.339s] -- Up-to-date symlink: /home/sangjun/gcamp_ros2_ws/install/cpp_action_pkg/share/cpp_action_pkg/local_setup.dsv
[0.339s] -- Symlinking: /home/sangjun/gcamp_ros2_ws/install/cpp_action_pkg/share/cpp_action_pkg/package.dsv
[0.339s] -- Up-to-date symlink: /home/sangjun/gcamp_ros2_ws/install/cpp_action_pkg/share/ament_index/resource_index/packages/cpp_action_pkg
[0.339s] -- Up-to-date symlink: /home/sangjun/gcamp_ros2_ws/install/cpp_action_pkg/share/cpp_action_pkg/cmake/cpp_action_pkgConfig.cmake
[0.339s] -- Up-to-date symlink: /home/sangjun/gcamp_ros2_ws/install/cpp_action_pkg/share/cpp_action_pkg/cmake/cpp_action_pkgConfig-version.cmake
[0.339s] -- Up-to-date symlink: /home/sangjun/gcamp_ros2_ws/install/cpp_action_pkg/share/cpp_action_pkg/package.xml
[0.343s] Invoked command in '/home/sangjun/gcamp_ros2_ws/build/cpp_action_pkg' returned '0': AMENT_PREFIX_PATH=/home/sangjun/gcamp_ros2_ws/install/custom_interfaces CMAKE_PREFIX_PATH=/home/sangjun/gcamp_ros2_ws/install/custom_interfaces LD_LIBRARY_PATH=/home/sangjun/gcamp_ros2_ws/install/custom_interfaces/lib${LD_LIBRARY_PATH} PYTHONPATH=/home/sangjun/gcamp_ros2_ws/install/custom_interfaces/lib/python3.8/site-packages${PYTHONPATH} /usr/local/bin/cmake --install /home/sangjun/gcamp_ros2_ws/build/cpp_action_pkg
